[2025-04-25T06:53:46.070+0000] {taskinstance.py:1956} INFO - Dependencies all met for dep_context=non-requeueable deps ti=<TaskInstance: my_dag.read_Data manual__2025-04-25T06:53:44.296128+00:00 [queued]>
[2025-04-25T06:53:46.077+0000] {taskinstance.py:1956} INFO - Dependencies all met for dep_context=requeueable deps ti=<TaskInstance: my_dag.read_Data manual__2025-04-25T06:53:44.296128+00:00 [queued]>
[2025-04-25T06:53:46.078+0000] {taskinstance.py:2170} INFO - Starting attempt 1 of 1
[2025-04-25T06:53:46.092+0000] {taskinstance.py:2191} INFO - Executing <Task(SparkSubmitOperator): read_Data> on 2025-04-25 06:53:44.296128+00:00
[2025-04-25T06:53:46.099+0000] {standard_task_runner.py:60} INFO - Started process 168 to run task
[2025-04-25T06:53:46.102+0000] {standard_task_runner.py:87} INFO - Running: ['***', 'tasks', 'run', 'my_dag', 'read_Data', 'manual__2025-04-25T06:53:44.296128+00:00', '--job-id', '4', '--raw', '--subdir', 'DAGS_FOLDER/mydag.py', '--cfg-path', '/tmp/tmptc7uf372']
[2025-04-25T06:53:46.105+0000] {standard_task_runner.py:88} INFO - Job 4: Subtask read_Data
[2025-04-25T06:53:46.152+0000] {task_command.py:423} INFO - Running <TaskInstance: my_dag.read_Data manual__2025-04-25T06:53:44.296128+00:00 [running]> on host 8f416ae2c250
[2025-04-25T06:53:46.221+0000] {taskinstance.py:2480} INFO - Exporting env vars: AIRFLOW_CTX_DAG_OWNER='***' AIRFLOW_CTX_DAG_ID='my_dag' AIRFLOW_CTX_TASK_ID='read_Data' AIRFLOW_CTX_EXECUTION_DATE='2025-04-25T06:53:44.296128+00:00' AIRFLOW_CTX_TRY_NUMBER='1' AIRFLOW_CTX_DAG_RUN_ID='manual__2025-04-25T06:53:44.296128+00:00'
[2025-04-25T06:53:46.231+0000] {base.py:83} INFO - Using connection ID 'my_spark_conn' for task execution.
[2025-04-25T06:53:46.232+0000] {spark_submit.py:327} ERROR - Failed to decode base64 keytab: Incorrect padding
[2025-04-25T06:53:46.233+0000] {spark_submit.py:304} INFO - Could not load connection string my_spark_conn, defaulting to spark://spark-master:7077
[2025-04-25T06:53:46.235+0000] {spark_submit.py:473} INFO - Spark-Submit cmd: spark-submit --master spark://spark-master:7077 --name arrow-spark --verbose --deploy-mode client ./include/scripts/read.py
[2025-04-25T06:53:47.261+0000] {spark_submit.py:634} INFO - Using properties file: null
[2025-04-25T06:53:47.357+0000] {spark_submit.py:634} INFO - Parsed arguments:
[2025-04-25T06:53:47.357+0000] {spark_submit.py:634} INFO - master                  spark://spark-master:7077
[2025-04-25T06:53:47.358+0000] {spark_submit.py:634} INFO - remote                  null
[2025-04-25T06:53:47.358+0000] {spark_submit.py:634} INFO - deployMode              client
[2025-04-25T06:53:47.358+0000] {spark_submit.py:634} INFO - executorMemory          null
[2025-04-25T06:53:47.359+0000] {spark_submit.py:634} INFO - executorCores           null
[2025-04-25T06:53:47.359+0000] {spark_submit.py:634} INFO - totalExecutorCores      null
[2025-04-25T06:53:47.359+0000] {spark_submit.py:634} INFO - propertiesFile          null
[2025-04-25T06:53:47.360+0000] {spark_submit.py:634} INFO - driverMemory            null
[2025-04-25T06:53:47.360+0000] {spark_submit.py:634} INFO - driverCores             null
[2025-04-25T06:53:47.360+0000] {spark_submit.py:634} INFO - driverExtraClassPath    null
[2025-04-25T06:53:47.361+0000] {spark_submit.py:634} INFO - driverExtraLibraryPath  null
[2025-04-25T06:53:47.361+0000] {spark_submit.py:634} INFO - driverExtraJavaOptions  null
[2025-04-25T06:53:47.361+0000] {spark_submit.py:634} INFO - supervise               false
[2025-04-25T06:53:47.361+0000] {spark_submit.py:634} INFO - queue                   null
[2025-04-25T06:53:47.362+0000] {spark_submit.py:634} INFO - numExecutors            null
[2025-04-25T06:53:47.362+0000] {spark_submit.py:634} INFO - files                   null
[2025-04-25T06:53:47.362+0000] {spark_submit.py:634} INFO - pyFiles                 null
[2025-04-25T06:53:47.363+0000] {spark_submit.py:634} INFO - archives                null
[2025-04-25T06:53:47.363+0000] {spark_submit.py:634} INFO - mainClass               null
[2025-04-25T06:53:47.363+0000] {spark_submit.py:634} INFO - primaryResource         file:/opt/***/include/scripts/read.py
[2025-04-25T06:53:47.364+0000] {spark_submit.py:634} INFO - name                    arrow-spark
[2025-04-25T06:53:47.364+0000] {spark_submit.py:634} INFO - childArgs               []
[2025-04-25T06:53:47.364+0000] {spark_submit.py:634} INFO - jars                    null
[2025-04-25T06:53:47.365+0000] {spark_submit.py:634} INFO - packages                null
[2025-04-25T06:53:47.365+0000] {spark_submit.py:634} INFO - packagesExclusions      null
[2025-04-25T06:53:47.365+0000] {spark_submit.py:634} INFO - repositories            null
[2025-04-25T06:53:47.366+0000] {spark_submit.py:634} INFO - verbose                 true
[2025-04-25T06:53:47.366+0000] {spark_submit.py:634} INFO - 
[2025-04-25T06:53:47.367+0000] {spark_submit.py:634} INFO - Spark properties used, including those specified through
[2025-04-25T06:53:47.367+0000] {spark_submit.py:634} INFO - --conf and those from the properties file null:
[2025-04-25T06:53:47.367+0000] {spark_submit.py:634} INFO - 
[2025-04-25T06:53:47.367+0000] {spark_submit.py:634} INFO - 
[2025-04-25T06:53:47.368+0000] {spark_submit.py:634} INFO - 
[2025-04-25T06:53:47.565+0000] {spark_submit.py:634} INFO - Main class:
[2025-04-25T06:53:47.566+0000] {spark_submit.py:634} INFO - org.apache.spark.deploy.PythonRunner
[2025-04-25T06:53:47.566+0000] {spark_submit.py:634} INFO - Arguments:
[2025-04-25T06:53:47.566+0000] {spark_submit.py:634} INFO - file:/opt/***/include/scripts/read.py
[2025-04-25T06:53:47.567+0000] {spark_submit.py:634} INFO - null
[2025-04-25T06:53:47.569+0000] {spark_submit.py:634} INFO - Spark config:
[2025-04-25T06:53:47.569+0000] {spark_submit.py:634} INFO - (spark.app.name,arrow-spark)
[2025-04-25T06:53:47.569+0000] {spark_submit.py:634} INFO - (spark.app.submitTime,1745564027550)
[2025-04-25T06:53:47.570+0000] {spark_submit.py:634} INFO - (spark.master,spark://spark-master:7077)
[2025-04-25T06:53:47.570+0000] {spark_submit.py:634} INFO - (spark.submit.deployMode,client)
[2025-04-25T06:53:47.570+0000] {spark_submit.py:634} INFO - (spark.submit.pyFiles,)
[2025-04-25T06:53:47.571+0000] {spark_submit.py:634} INFO - Classpath elements:
[2025-04-25T06:53:47.571+0000] {spark_submit.py:634} INFO - 
[2025-04-25T06:53:47.571+0000] {spark_submit.py:634} INFO - 
[2025-04-25T06:53:47.572+0000] {spark_submit.py:634} INFO - 
[2025-04-25T06:53:48.382+0000] {spark_submit.py:634} INFO - 25/04/25 06:53:48 INFO SparkContext: Running Spark version 3.5.5
[2025-04-25T06:53:48.384+0000] {spark_submit.py:634} INFO - 25/04/25 06:53:48 INFO SparkContext: OS info Linux, 5.15.167.4-microsoft-standard-WSL2, amd64
[2025-04-25T06:53:48.384+0000] {spark_submit.py:634} INFO - 25/04/25 06:53:48 INFO SparkContext: Java version 17.0.14
[2025-04-25T06:53:48.430+0000] {spark_submit.py:634} INFO - 25/04/25 06:53:48 WARN NativeCodeLoader: Unable to load native-hadoop library for your platform... using builtin-java classes where applicable
[2025-04-25T06:53:48.503+0000] {spark_submit.py:634} INFO - 25/04/25 06:53:48 INFO ResourceUtils: ==============================================================
[2025-04-25T06:53:48.504+0000] {spark_submit.py:634} INFO - 25/04/25 06:53:48 INFO ResourceUtils: No custom resources configured for spark.driver.
[2025-04-25T06:53:48.505+0000] {spark_submit.py:634} INFO - 25/04/25 06:53:48 INFO ResourceUtils: ==============================================================
[2025-04-25T06:53:48.505+0000] {spark_submit.py:634} INFO - 25/04/25 06:53:48 INFO SparkContext: Submitted application: PySpark Example
[2025-04-25T06:53:48.522+0000] {spark_submit.py:634} INFO - 25/04/25 06:53:48 INFO ResourceProfile: Default ResourceProfile created, executor resources: Map(memory -> name: memory, amount: 1024, script: , vendor: , offHeap -> name: offHeap, amount: 0, script: , vendor: ), task resources: Map(cpus -> name: cpus, amount: 1.0)
[2025-04-25T06:53:48.529+0000] {spark_submit.py:634} INFO - 25/04/25 06:53:48 INFO ResourceProfile: Limiting resource is cpu
[2025-04-25T06:53:48.531+0000] {spark_submit.py:634} INFO - 25/04/25 06:53:48 INFO ResourceProfileManager: Added ResourceProfile id: 0
[2025-04-25T06:53:48.599+0000] {spark_submit.py:634} INFO - 25/04/25 06:53:48 INFO SecurityManager: Changing view acls to: ***
[2025-04-25T06:53:48.600+0000] {spark_submit.py:634} INFO - 25/04/25 06:53:48 INFO SecurityManager: Changing modify acls to: ***
[2025-04-25T06:53:48.601+0000] {spark_submit.py:634} INFO - 25/04/25 06:53:48 INFO SecurityManager: Changing view acls groups to:
[2025-04-25T06:53:48.601+0000] {spark_submit.py:634} INFO - 25/04/25 06:53:48 INFO SecurityManager: Changing modify acls groups to:
[2025-04-25T06:53:48.602+0000] {spark_submit.py:634} INFO - 25/04/25 06:53:48 INFO SecurityManager: SecurityManager: authentication disabled; ui acls disabled; users with view permissions: ***; groups with view permissions: EMPTY; users with modify permissions: ***; groups with modify permissions: EMPTY
[2025-04-25T06:53:48.802+0000] {spark_submit.py:634} INFO - 25/04/25 06:53:48 INFO Utils: Successfully started service 'sparkDriver' on port 40209.
[2025-04-25T06:53:48.832+0000] {spark_submit.py:634} INFO - 25/04/25 06:53:48 INFO SparkEnv: Registering MapOutputTracker
[2025-04-25T06:53:48.870+0000] {spark_submit.py:634} INFO - 25/04/25 06:53:48 INFO SparkEnv: Registering BlockManagerMaster
[2025-04-25T06:53:48.890+0000] {spark_submit.py:634} INFO - 25/04/25 06:53:48 INFO BlockManagerMasterEndpoint: Using org.apache.spark.storage.DefaultTopologyMapper for getting topology information
[2025-04-25T06:53:48.891+0000] {spark_submit.py:634} INFO - 25/04/25 06:53:48 INFO BlockManagerMasterEndpoint: BlockManagerMasterEndpoint up
[2025-04-25T06:53:48.895+0000] {spark_submit.py:634} INFO - 25/04/25 06:53:48 INFO SparkEnv: Registering BlockManagerMasterHeartbeat
[2025-04-25T06:53:48.918+0000] {spark_submit.py:634} INFO - 25/04/25 06:53:48 INFO DiskBlockManager: Created local directory at /tmp/blockmgr-19388263-3514-4139-a513-ffb6ec16d7b3
[2025-04-25T06:53:48.931+0000] {spark_submit.py:634} INFO - 25/04/25 06:53:48 INFO MemoryStore: MemoryStore started with capacity 434.4 MiB
[2025-04-25T06:53:48.951+0000] {spark_submit.py:634} INFO - 25/04/25 06:53:48 INFO SparkEnv: Registering OutputCommitCoordinator
[2025-04-25T06:53:49.072+0000] {spark_submit.py:634} INFO - 25/04/25 06:53:49 INFO JettyUtils: Start Jetty 0.0.0.0:4040 for SparkUI
[2025-04-25T06:53:49.131+0000] {spark_submit.py:634} INFO - 25/04/25 06:53:49 INFO Utils: Successfully started service 'SparkUI' on port 4040.
[2025-04-25T06:53:49.245+0000] {spark_submit.py:634} INFO - 25/04/25 06:53:49 INFO StandaloneAppClient$ClientEndpoint: Connecting to master spark://spark-master:7077...
[2025-04-25T06:53:53.240+0000] {spark_submit.py:634} INFO - 25/04/25 06:53:53 WARN TransportClientFactory: DNS resolution failed for spark-master/<unresolved>:7077 took 3981 ms
[2025-04-25T06:53:53.265+0000] {spark_submit.py:634} INFO - 25/04/25 06:53:53 WARN StandaloneAppClient$ClientEndpoint: Failed to connect to master spark-master:7077
[2025-04-25T06:53:53.265+0000] {spark_submit.py:634} INFO - org.apache.spark.SparkException: Exception thrown in awaitResult:
[2025-04-25T06:53:53.266+0000] {spark_submit.py:634} INFO - at org.apache.spark.util.SparkThreadUtils$.awaitResult(SparkThreadUtils.scala:56)
[2025-04-25T06:53:53.266+0000] {spark_submit.py:634} INFO - at org.apache.spark.util.ThreadUtils$.awaitResult(ThreadUtils.scala:310)
[2025-04-25T06:53:53.266+0000] {spark_submit.py:634} INFO - at org.apache.spark.rpc.RpcTimeout.awaitResult(RpcTimeout.scala:75)
[2025-04-25T06:53:53.266+0000] {spark_submit.py:634} INFO - at org.apache.spark.rpc.RpcEnv.setupEndpointRefByURI(RpcEnv.scala:102)
[2025-04-25T06:53:53.267+0000] {spark_submit.py:634} INFO - at org.apache.spark.rpc.RpcEnv.setupEndpointRef(RpcEnv.scala:110)
[2025-04-25T06:53:53.267+0000] {spark_submit.py:634} INFO - at org.apache.spark.deploy.client.StandaloneAppClient$ClientEndpoint$$anon$1.run(StandaloneAppClient.scala:108)
[2025-04-25T06:53:53.267+0000] {spark_submit.py:634} INFO - at java.base/java.util.concurrent.Executors$RunnableAdapter.call(Executors.java:539)
[2025-04-25T06:53:53.268+0000] {spark_submit.py:634} INFO - at java.base/java.util.concurrent.FutureTask.run(FutureTask.java:264)
[2025-04-25T06:53:53.268+0000] {spark_submit.py:634} INFO - at java.base/java.util.concurrent.ThreadPoolExecutor.runWorker(ThreadPoolExecutor.java:1136)
[2025-04-25T06:53:53.268+0000] {spark_submit.py:634} INFO - at java.base/java.util.concurrent.ThreadPoolExecutor$Worker.run(ThreadPoolExecutor.java:635)
[2025-04-25T06:53:53.269+0000] {spark_submit.py:634} INFO - at java.base/java.lang.Thread.run(Thread.java:840)
[2025-04-25T06:53:53.269+0000] {spark_submit.py:634} INFO - Caused by: java.io.IOException: Failed to connect to spark-master/<unresolved>:7077
[2025-04-25T06:53:53.269+0000] {spark_submit.py:634} INFO - at org.apache.spark.network.client.TransportClientFactory.createClient(TransportClientFactory.java:294)
[2025-04-25T06:53:53.270+0000] {spark_submit.py:634} INFO - at org.apache.spark.network.client.TransportClientFactory.createClient(TransportClientFactory.java:214)
[2025-04-25T06:53:53.270+0000] {spark_submit.py:634} INFO - at org.apache.spark.network.client.TransportClientFactory.createClient(TransportClientFactory.java:226)
[2025-04-25T06:53:53.270+0000] {spark_submit.py:634} INFO - at org.apache.spark.rpc.netty.NettyRpcEnv.createClient(NettyRpcEnv.scala:204)
[2025-04-25T06:53:53.271+0000] {spark_submit.py:634} INFO - at org.apache.spark.rpc.netty.Outbox$$anon$1.call(Outbox.scala:202)
[2025-04-25T06:53:53.271+0000] {spark_submit.py:634} INFO - at org.apache.spark.rpc.netty.Outbox$$anon$1.call(Outbox.scala:198)
[2025-04-25T06:53:53.271+0000] {spark_submit.py:634} INFO - ... 4 more
[2025-04-25T06:53:53.271+0000] {spark_submit.py:634} INFO - Caused by: java.net.UnknownHostException: spark-master
[2025-04-25T06:53:53.272+0000] {spark_submit.py:634} INFO - at java.base/java.net.InetAddress$CachedAddresses.get(InetAddress.java:801)
[2025-04-25T06:53:53.272+0000] {spark_submit.py:634} INFO - at java.base/java.net.InetAddress.getAllByName0(InetAddress.java:1533)
[2025-04-25T06:53:53.272+0000] {spark_submit.py:634} INFO - at java.base/java.net.InetAddress.getAllByName(InetAddress.java:1385)
[2025-04-25T06:53:53.272+0000] {spark_submit.py:634} INFO - at java.base/java.net.InetAddress.getAllByName(InetAddress.java:1306)
[2025-04-25T06:53:53.273+0000] {spark_submit.py:634} INFO - at java.base/java.net.InetAddress.getByName(InetAddress.java:1256)
[2025-04-25T06:53:53.273+0000] {spark_submit.py:634} INFO - at io.netty.util.internal.SocketUtils$8.run(SocketUtils.java:156)
[2025-04-25T06:53:53.273+0000] {spark_submit.py:634} INFO - at io.netty.util.internal.SocketUtils$8.run(SocketUtils.java:153)
[2025-04-25T06:53:53.274+0000] {spark_submit.py:634} INFO - at java.base/java.security.AccessController.doPrivileged(AccessController.java:569)
[2025-04-25T06:53:53.274+0000] {spark_submit.py:634} INFO - at io.netty.util.internal.SocketUtils.addressByName(SocketUtils.java:153)
[2025-04-25T06:53:53.274+0000] {spark_submit.py:634} INFO - at io.netty.resolver.DefaultNameResolver.doResolve(DefaultNameResolver.java:41)
[2025-04-25T06:53:53.274+0000] {spark_submit.py:634} INFO - at io.netty.resolver.SimpleNameResolver.resolve(SimpleNameResolver.java:61)
[2025-04-25T06:53:53.275+0000] {spark_submit.py:634} INFO - at io.netty.resolver.SimpleNameResolver.resolve(SimpleNameResolver.java:53)
[2025-04-25T06:53:53.275+0000] {spark_submit.py:634} INFO - at io.netty.resolver.InetSocketAddressResolver.doResolve(InetSocketAddressResolver.java:55)
[2025-04-25T06:53:53.275+0000] {spark_submit.py:634} INFO - at io.netty.resolver.InetSocketAddressResolver.doResolve(InetSocketAddressResolver.java:31)
[2025-04-25T06:53:53.276+0000] {spark_submit.py:634} INFO - at io.netty.resolver.AbstractAddressResolver.resolve(AbstractAddressResolver.java:106)
[2025-04-25T06:53:53.276+0000] {spark_submit.py:634} INFO - at io.netty.bootstrap.Bootstrap.doResolveAndConnect0(Bootstrap.java:220)
[2025-04-25T06:53:53.276+0000] {spark_submit.py:634} INFO - at io.netty.bootstrap.Bootstrap.access$000(Bootstrap.java:46)
[2025-04-25T06:53:53.277+0000] {spark_submit.py:634} INFO - at io.netty.bootstrap.Bootstrap$1.operationComplete(Bootstrap.java:189)
[2025-04-25T06:53:53.277+0000] {spark_submit.py:634} INFO - at io.netty.bootstrap.Bootstrap$1.operationComplete(Bootstrap.java:175)
[2025-04-25T06:53:53.277+0000] {spark_submit.py:634} INFO - at io.netty.util.concurrent.DefaultPromise.notifyListener0(DefaultPromise.java:590)
[2025-04-25T06:53:53.278+0000] {spark_submit.py:634} INFO - at io.netty.util.concurrent.DefaultPromise.notifyListenersNow(DefaultPromise.java:557)
[2025-04-25T06:53:53.278+0000] {spark_submit.py:634} INFO - at io.netty.util.concurrent.DefaultPromise.notifyListeners(DefaultPromise.java:492)
[2025-04-25T06:53:53.278+0000] {spark_submit.py:634} INFO - at io.netty.util.concurrent.DefaultPromise.setValue0(DefaultPromise.java:636)
[2025-04-25T06:53:53.278+0000] {spark_submit.py:634} INFO - at io.netty.util.concurrent.DefaultPromise.setSuccess0(DefaultPromise.java:625)
[2025-04-25T06:53:53.279+0000] {spark_submit.py:634} INFO - at io.netty.util.concurrent.DefaultPromise.trySuccess(DefaultPromise.java:105)
[2025-04-25T06:53:53.279+0000] {spark_submit.py:634} INFO - at io.netty.channel.DefaultChannelPromise.trySuccess(DefaultChannelPromise.java:84)
[2025-04-25T06:53:53.279+0000] {spark_submit.py:634} INFO - at io.netty.channel.AbstractChannel$AbstractUnsafe.safeSetSuccess(AbstractChannel.java:990)
[2025-04-25T06:53:53.279+0000] {spark_submit.py:634} INFO - at io.netty.channel.AbstractChannel$AbstractUnsafe.register0(AbstractChannel.java:516)
[2025-04-25T06:53:53.280+0000] {spark_submit.py:634} INFO - at io.netty.channel.AbstractChannel$AbstractUnsafe.access$200(AbstractChannel.java:429)
[2025-04-25T06:53:53.280+0000] {spark_submit.py:634} INFO - at io.netty.channel.AbstractChannel$AbstractUnsafe$1.run(AbstractChannel.java:486)
[2025-04-25T06:53:53.280+0000] {spark_submit.py:634} INFO - at io.netty.util.concurrent.AbstractEventExecutor.runTask(AbstractEventExecutor.java:174)
[2025-04-25T06:53:53.281+0000] {spark_submit.py:634} INFO - at io.netty.util.concurrent.AbstractEventExecutor.safeExecute(AbstractEventExecutor.java:167)
[2025-04-25T06:53:53.281+0000] {spark_submit.py:634} INFO - at io.netty.util.concurrent.SingleThreadEventExecutor.runAllTasks(SingleThreadEventExecutor.java:470)
[2025-04-25T06:53:53.281+0000] {spark_submit.py:634} INFO - at io.netty.channel.nio.NioEventLoop.run(NioEventLoop.java:569)
[2025-04-25T06:53:53.281+0000] {spark_submit.py:634} INFO - at io.netty.util.concurrent.SingleThreadEventExecutor$4.run(SingleThreadEventExecutor.java:997)
[2025-04-25T06:53:53.282+0000] {spark_submit.py:634} INFO - at io.netty.util.internal.ThreadExecutorMap$2.run(ThreadExecutorMap.java:74)
[2025-04-25T06:53:53.282+0000] {spark_submit.py:634} INFO - at io.netty.util.concurrent.FastThreadLocalRunnable.run(FastThreadLocalRunnable.java:30)
[2025-04-25T06:53:53.282+0000] {spark_submit.py:634} INFO - ... 1 more
[2025-04-25T06:54:09.246+0000] {spark_submit.py:634} INFO - 25/04/25 06:54:09 INFO StandaloneAppClient$ClientEndpoint: Connecting to master spark://spark-master:7077...
[2025-04-25T06:54:13.242+0000] {spark_submit.py:634} INFO - 25/04/25 06:54:13 WARN TransportClientFactory: DNS resolution failed for spark-master/<unresolved>:7077 took 3994 ms
[2025-04-25T06:54:13.244+0000] {spark_submit.py:634} INFO - 25/04/25 06:54:13 WARN StandaloneAppClient$ClientEndpoint: Failed to connect to master spark-master:7077
[2025-04-25T06:54:13.245+0000] {spark_submit.py:634} INFO - org.apache.spark.SparkException: Exception thrown in awaitResult:
[2025-04-25T06:54:13.245+0000] {spark_submit.py:634} INFO - at org.apache.spark.util.SparkThreadUtils$.awaitResult(SparkThreadUtils.scala:56)
[2025-04-25T06:54:13.246+0000] {spark_submit.py:634} INFO - at org.apache.spark.util.ThreadUtils$.awaitResult(ThreadUtils.scala:310)
[2025-04-25T06:54:13.246+0000] {spark_submit.py:634} INFO - at org.apache.spark.rpc.RpcTimeout.awaitResult(RpcTimeout.scala:75)
[2025-04-25T06:54:13.246+0000] {spark_submit.py:634} INFO - at org.apache.spark.rpc.RpcEnv.setupEndpointRefByURI(RpcEnv.scala:102)
[2025-04-25T06:54:13.246+0000] {spark_submit.py:634} INFO - at org.apache.spark.rpc.RpcEnv.setupEndpointRef(RpcEnv.scala:110)
[2025-04-25T06:54:13.247+0000] {spark_submit.py:634} INFO - at org.apache.spark.deploy.client.StandaloneAppClient$ClientEndpoint$$anon$1.run(StandaloneAppClient.scala:108)
[2025-04-25T06:54:13.247+0000] {spark_submit.py:634} INFO - at java.base/java.util.concurrent.Executors$RunnableAdapter.call(Executors.java:539)
[2025-04-25T06:54:13.247+0000] {spark_submit.py:634} INFO - at java.base/java.util.concurrent.FutureTask.run(FutureTask.java:264)
[2025-04-25T06:54:13.248+0000] {spark_submit.py:634} INFO - at java.base/java.util.concurrent.ThreadPoolExecutor.runWorker(ThreadPoolExecutor.java:1136)
[2025-04-25T06:54:13.248+0000] {spark_submit.py:634} INFO - at java.base/java.util.concurrent.ThreadPoolExecutor$Worker.run(ThreadPoolExecutor.java:635)
[2025-04-25T06:54:13.248+0000] {spark_submit.py:634} INFO - at java.base/java.lang.Thread.run(Thread.java:840)
[2025-04-25T06:54:13.249+0000] {spark_submit.py:634} INFO - Caused by: java.io.IOException: Failed to connect to spark-master/<unresolved>:7077
[2025-04-25T06:54:13.249+0000] {spark_submit.py:634} INFO - at org.apache.spark.network.client.TransportClientFactory.createClient(TransportClientFactory.java:294)
[2025-04-25T06:54:13.249+0000] {spark_submit.py:634} INFO - at org.apache.spark.network.client.TransportClientFactory.createClient(TransportClientFactory.java:214)
[2025-04-25T06:54:13.250+0000] {spark_submit.py:634} INFO - at org.apache.spark.network.client.TransportClientFactory.createClient(TransportClientFactory.java:226)
[2025-04-25T06:54:13.250+0000] {spark_submit.py:634} INFO - at org.apache.spark.rpc.netty.NettyRpcEnv.createClient(NettyRpcEnv.scala:204)
[2025-04-25T06:54:13.250+0000] {spark_submit.py:634} INFO - at org.apache.spark.rpc.netty.Outbox$$anon$1.call(Outbox.scala:202)
[2025-04-25T06:54:13.250+0000] {spark_submit.py:634} INFO - at org.apache.spark.rpc.netty.Outbox$$anon$1.call(Outbox.scala:198)
[2025-04-25T06:54:13.251+0000] {spark_submit.py:634} INFO - ... 4 more
[2025-04-25T06:54:13.251+0000] {spark_submit.py:634} INFO - Caused by: java.net.UnknownHostException: spark-master
[2025-04-25T06:54:13.251+0000] {spark_submit.py:634} INFO - at java.base/java.net.InetAddress$CachedAddresses.get(InetAddress.java:801)
[2025-04-25T06:54:13.252+0000] {spark_submit.py:634} INFO - at java.base/java.net.InetAddress.getAllByName0(InetAddress.java:1533)
[2025-04-25T06:54:13.252+0000] {spark_submit.py:634} INFO - at java.base/java.net.InetAddress.getAllByName(InetAddress.java:1385)
[2025-04-25T06:54:13.252+0000] {spark_submit.py:634} INFO - at java.base/java.net.InetAddress.getAllByName(InetAddress.java:1306)
[2025-04-25T06:54:13.252+0000] {spark_submit.py:634} INFO - at java.base/java.net.InetAddress.getByName(InetAddress.java:1256)
[2025-04-25T06:54:13.253+0000] {spark_submit.py:634} INFO - at io.netty.util.internal.SocketUtils$8.run(SocketUtils.java:156)
[2025-04-25T06:54:13.253+0000] {spark_submit.py:634} INFO - at io.netty.util.internal.SocketUtils$8.run(SocketUtils.java:153)
[2025-04-25T06:54:13.253+0000] {spark_submit.py:634} INFO - at java.base/java.security.AccessController.doPrivileged(AccessController.java:569)
[2025-04-25T06:54:13.254+0000] {spark_submit.py:634} INFO - at io.netty.util.internal.SocketUtils.addressByName(SocketUtils.java:153)
[2025-04-25T06:54:13.254+0000] {spark_submit.py:634} INFO - at io.netty.resolver.DefaultNameResolver.doResolve(DefaultNameResolver.java:41)
[2025-04-25T06:54:13.254+0000] {spark_submit.py:634} INFO - at io.netty.resolver.SimpleNameResolver.resolve(SimpleNameResolver.java:61)
[2025-04-25T06:54:13.254+0000] {spark_submit.py:634} INFO - at io.netty.resolver.SimpleNameResolver.resolve(SimpleNameResolver.java:53)
[2025-04-25T06:54:13.255+0000] {spark_submit.py:634} INFO - at io.netty.resolver.InetSocketAddressResolver.doResolve(InetSocketAddressResolver.java:55)
[2025-04-25T06:54:13.255+0000] {spark_submit.py:634} INFO - at io.netty.resolver.InetSocketAddressResolver.doResolve(InetSocketAddressResolver.java:31)
[2025-04-25T06:54:13.255+0000] {spark_submit.py:634} INFO - at io.netty.resolver.AbstractAddressResolver.resolve(AbstractAddressResolver.java:106)
[2025-04-25T06:54:13.256+0000] {spark_submit.py:634} INFO - at io.netty.bootstrap.Bootstrap.doResolveAndConnect0(Bootstrap.java:220)
[2025-04-25T06:54:13.256+0000] {spark_submit.py:634} INFO - at io.netty.bootstrap.Bootstrap.access$000(Bootstrap.java:46)
[2025-04-25T06:54:13.256+0000] {spark_submit.py:634} INFO - at io.netty.bootstrap.Bootstrap$1.operationComplete(Bootstrap.java:189)
[2025-04-25T06:54:13.257+0000] {spark_submit.py:634} INFO - at io.netty.bootstrap.Bootstrap$1.operationComplete(Bootstrap.java:175)
[2025-04-25T06:54:13.257+0000] {spark_submit.py:634} INFO - at io.netty.util.concurrent.DefaultPromise.notifyListener0(DefaultPromise.java:590)
[2025-04-25T06:54:13.257+0000] {spark_submit.py:634} INFO - at io.netty.util.concurrent.DefaultPromise.notifyListenersNow(DefaultPromise.java:557)
[2025-04-25T06:54:13.257+0000] {spark_submit.py:634} INFO - at io.netty.util.concurrent.DefaultPromise.notifyListeners(DefaultPromise.java:492)
[2025-04-25T06:54:13.258+0000] {spark_submit.py:634} INFO - at io.netty.util.concurrent.DefaultPromise.setValue0(DefaultPromise.java:636)
[2025-04-25T06:54:13.258+0000] {spark_submit.py:634} INFO - at io.netty.util.concurrent.DefaultPromise.setSuccess0(DefaultPromise.java:625)
[2025-04-25T06:54:13.258+0000] {spark_submit.py:634} INFO - at io.netty.util.concurrent.DefaultPromise.trySuccess(DefaultPromise.java:105)
[2025-04-25T06:54:13.259+0000] {spark_submit.py:634} INFO - at io.netty.channel.DefaultChannelPromise.trySuccess(DefaultChannelPromise.java:84)
[2025-04-25T06:54:13.259+0000] {spark_submit.py:634} INFO - at io.netty.channel.AbstractChannel$AbstractUnsafe.safeSetSuccess(AbstractChannel.java:990)
[2025-04-25T06:54:13.259+0000] {spark_submit.py:634} INFO - at io.netty.channel.AbstractChannel$AbstractUnsafe.register0(AbstractChannel.java:516)
[2025-04-25T06:54:13.259+0000] {spark_submit.py:634} INFO - at io.netty.channel.AbstractChannel$AbstractUnsafe.access$200(AbstractChannel.java:429)
[2025-04-25T06:54:13.260+0000] {spark_submit.py:634} INFO - at io.netty.channel.AbstractChannel$AbstractUnsafe$1.run(AbstractChannel.java:486)
[2025-04-25T06:54:13.260+0000] {spark_submit.py:634} INFO - at io.netty.util.concurrent.AbstractEventExecutor.runTask(AbstractEventExecutor.java:174)
[2025-04-25T06:54:13.260+0000] {spark_submit.py:634} INFO - at io.netty.util.concurrent.AbstractEventExecutor.safeExecute(AbstractEventExecutor.java:167)
[2025-04-25T06:54:13.260+0000] {spark_submit.py:634} INFO - at io.netty.util.concurrent.SingleThreadEventExecutor.runAllTasks(SingleThreadEventExecutor.java:470)
[2025-04-25T06:54:13.261+0000] {spark_submit.py:634} INFO - at io.netty.channel.nio.NioEventLoop.run(NioEventLoop.java:569)
[2025-04-25T06:54:13.261+0000] {spark_submit.py:634} INFO - at io.netty.util.concurrent.SingleThreadEventExecutor$4.run(SingleThreadEventExecutor.java:997)
[2025-04-25T06:54:13.261+0000] {spark_submit.py:634} INFO - at io.netty.util.internal.ThreadExecutorMap$2.run(ThreadExecutorMap.java:74)
[2025-04-25T06:54:13.262+0000] {spark_submit.py:634} INFO - at io.netty.util.concurrent.FastThreadLocalRunnable.run(FastThreadLocalRunnable.java:30)
[2025-04-25T06:54:13.262+0000] {spark_submit.py:634} INFO - ... 1 more
[2025-04-25T06:54:29.260+0000] {spark_submit.py:634} INFO - 25/04/25 06:54:29 INFO StandaloneAppClient$ClientEndpoint: Connecting to master spark://spark-master:7077...
[2025-04-25T06:54:37.109+0000] {spark_submit.py:634} INFO - 25/04/25 06:54:37 WARN TransportClientFactory: DNS resolution failed for spark-master/<unresolved>:7077 took 7835 ms
[2025-04-25T06:54:37.116+0000] {spark_submit.py:634} INFO - 25/04/25 06:54:37 WARN StandaloneAppClient$ClientEndpoint: Failed to connect to master spark-master:7077
[2025-04-25T06:54:37.118+0000] {spark_submit.py:634} INFO - org.apache.spark.SparkException: Exception thrown in awaitResult:
[2025-04-25T06:54:37.118+0000] {spark_submit.py:634} INFO - at org.apache.spark.util.SparkThreadUtils$.awaitResult(SparkThreadUtils.scala:56)
[2025-04-25T06:54:37.118+0000] {spark_submit.py:634} INFO - at org.apache.spark.util.ThreadUtils$.awaitResult(ThreadUtils.scala:310)
[2025-04-25T06:54:37.119+0000] {spark_submit.py:634} INFO - at org.apache.spark.rpc.RpcTimeout.awaitResult(RpcTimeout.scala:75)
[2025-04-25T06:54:37.119+0000] {spark_submit.py:634} INFO - at org.apache.spark.rpc.RpcEnv.setupEndpointRefByURI(RpcEnv.scala:102)
[2025-04-25T06:54:37.120+0000] {spark_submit.py:634} INFO - at org.apache.spark.rpc.RpcEnv.setupEndpointRef(RpcEnv.scala:110)
[2025-04-25T06:54:37.120+0000] {spark_submit.py:634} INFO - at org.apache.spark.deploy.client.StandaloneAppClient$ClientEndpoint$$anon$1.run(StandaloneAppClient.scala:108)
[2025-04-25T06:54:37.120+0000] {spark_submit.py:634} INFO - at java.base/java.util.concurrent.Executors$RunnableAdapter.call(Executors.java:539)
[2025-04-25T06:54:37.121+0000] {spark_submit.py:634} INFO - at java.base/java.util.concurrent.FutureTask.run(FutureTask.java:264)
[2025-04-25T06:54:37.121+0000] {spark_submit.py:634} INFO - at java.base/java.util.concurrent.ThreadPoolExecutor.runWorker(ThreadPoolExecutor.java:1136)
[2025-04-25T06:54:37.121+0000] {spark_submit.py:634} INFO - at java.base/java.util.concurrent.ThreadPoolExecutor$Worker.run(ThreadPoolExecutor.java:635)
[2025-04-25T06:54:37.122+0000] {spark_submit.py:634} INFO - at java.base/java.lang.Thread.run(Thread.java:840)
[2025-04-25T06:54:37.122+0000] {spark_submit.py:634} INFO - Caused by: java.io.IOException: Failed to connect to spark-master/<unresolved>:7077
[2025-04-25T06:54:37.123+0000] {spark_submit.py:634} INFO - at org.apache.spark.network.client.TransportClientFactory.createClient(TransportClientFactory.java:294)
[2025-04-25T06:54:37.123+0000] {spark_submit.py:634} INFO - at org.apache.spark.network.client.TransportClientFactory.createClient(TransportClientFactory.java:214)
[2025-04-25T06:54:37.123+0000] {spark_submit.py:634} INFO - at org.apache.spark.network.client.TransportClientFactory.createClient(TransportClientFactory.java:226)
[2025-04-25T06:54:37.124+0000] {spark_submit.py:634} INFO - at org.apache.spark.rpc.netty.NettyRpcEnv.createClient(NettyRpcEnv.scala:204)
[2025-04-25T06:54:37.124+0000] {spark_submit.py:634} INFO - at org.apache.spark.rpc.netty.Outbox$$anon$1.call(Outbox.scala:202)
[2025-04-25T06:54:37.124+0000] {spark_submit.py:634} INFO - at org.apache.spark.rpc.netty.Outbox$$anon$1.call(Outbox.scala:198)
[2025-04-25T06:54:37.125+0000] {spark_submit.py:634} INFO - ... 4 more
[2025-04-25T06:54:37.125+0000] {spark_submit.py:634} INFO - Caused by: java.net.UnknownHostException: spark-master
[2025-04-25T06:54:37.125+0000] {spark_submit.py:634} INFO - at java.base/java.net.InetAddress$CachedAddresses.get(InetAddress.java:801)
[2025-04-25T06:54:37.126+0000] {spark_submit.py:634} INFO - at java.base/java.net.InetAddress.getAllByName0(InetAddress.java:1533)
[2025-04-25T06:54:37.126+0000] {spark_submit.py:634} INFO - at java.base/java.net.InetAddress.getAllByName(InetAddress.java:1385)
[2025-04-25T06:54:37.126+0000] {spark_submit.py:634} INFO - at java.base/java.net.InetAddress.getAllByName(InetAddress.java:1306)
[2025-04-25T06:54:37.127+0000] {spark_submit.py:634} INFO - at java.base/java.net.InetAddress.getByName(InetAddress.java:1256)
[2025-04-25T06:54:37.127+0000] {spark_submit.py:634} INFO - at io.netty.util.internal.SocketUtils$8.run(SocketUtils.java:156)
[2025-04-25T06:54:37.128+0000] {spark_submit.py:634} INFO - at io.netty.util.internal.SocketUtils$8.run(SocketUtils.java:153)
[2025-04-25T06:54:37.128+0000] {spark_submit.py:634} INFO - at java.base/java.security.AccessController.doPrivileged(AccessController.java:569)
[2025-04-25T06:54:37.128+0000] {spark_submit.py:634} INFO - at io.netty.util.internal.SocketUtils.addressByName(SocketUtils.java:153)
[2025-04-25T06:54:37.129+0000] {spark_submit.py:634} INFO - at io.netty.resolver.DefaultNameResolver.doResolve(DefaultNameResolver.java:41)
[2025-04-25T06:54:37.129+0000] {spark_submit.py:634} INFO - at io.netty.resolver.SimpleNameResolver.resolve(SimpleNameResolver.java:61)
[2025-04-25T06:54:37.129+0000] {spark_submit.py:634} INFO - at io.netty.resolver.SimpleNameResolver.resolve(SimpleNameResolver.java:53)
[2025-04-25T06:54:37.130+0000] {spark_submit.py:634} INFO - at io.netty.resolver.InetSocketAddressResolver.doResolve(InetSocketAddressResolver.java:55)
[2025-04-25T06:54:37.130+0000] {spark_submit.py:634} INFO - at io.netty.resolver.InetSocketAddressResolver.doResolve(InetSocketAddressResolver.java:31)
[2025-04-25T06:54:37.130+0000] {spark_submit.py:634} INFO - at io.netty.resolver.AbstractAddressResolver.resolve(AbstractAddressResolver.java:106)
[2025-04-25T06:54:37.131+0000] {spark_submit.py:634} INFO - at io.netty.bootstrap.Bootstrap.doResolveAndConnect0(Bootstrap.java:220)
[2025-04-25T06:54:37.131+0000] {spark_submit.py:634} INFO - at io.netty.bootstrap.Bootstrap.access$000(Bootstrap.java:46)
[2025-04-25T06:54:37.131+0000] {spark_submit.py:634} INFO - at io.netty.bootstrap.Bootstrap$1.operationComplete(Bootstrap.java:189)
[2025-04-25T06:54:37.132+0000] {spark_submit.py:634} INFO - at io.netty.bootstrap.Bootstrap$1.operationComplete(Bootstrap.java:175)
[2025-04-25T06:54:37.132+0000] {spark_submit.py:634} INFO - at io.netty.util.concurrent.DefaultPromise.notifyListener0(DefaultPromise.java:590)
[2025-04-25T06:54:37.132+0000] {spark_submit.py:634} INFO - at io.netty.util.concurrent.DefaultPromise.notifyListenersNow(DefaultPromise.java:557)
[2025-04-25T06:54:37.133+0000] {spark_submit.py:634} INFO - at io.netty.util.concurrent.DefaultPromise.notifyListeners(DefaultPromise.java:492)
[2025-04-25T06:54:37.133+0000] {spark_submit.py:634} INFO - at io.netty.util.concurrent.DefaultPromise.setValue0(DefaultPromise.java:636)
[2025-04-25T06:54:37.133+0000] {spark_submit.py:634} INFO - at io.netty.util.concurrent.DefaultPromise.setSuccess0(DefaultPromise.java:625)
[2025-04-25T06:54:37.134+0000] {spark_submit.py:634} INFO - at io.netty.util.concurrent.DefaultPromise.trySuccess(DefaultPromise.java:105)
[2025-04-25T06:54:37.134+0000] {spark_submit.py:634} INFO - at io.netty.channel.DefaultChannelPromise.trySuccess(DefaultChannelPromise.java:84)
[2025-04-25T06:54:37.135+0000] {spark_submit.py:634} INFO - at io.netty.channel.AbstractChannel$AbstractUnsafe.safeSetSuccess(AbstractChannel.java:990)
[2025-04-25T06:54:37.135+0000] {spark_submit.py:634} INFO - at io.netty.channel.AbstractChannel$AbstractUnsafe.register0(AbstractChannel.java:516)
[2025-04-25T06:54:37.135+0000] {spark_submit.py:634} INFO - at io.netty.channel.AbstractChannel$AbstractUnsafe.access$200(AbstractChannel.java:429)
[2025-04-25T06:54:37.136+0000] {spark_submit.py:634} INFO - at io.netty.channel.AbstractChannel$AbstractUnsafe$1.run(AbstractChannel.java:486)
[2025-04-25T06:54:37.136+0000] {spark_submit.py:634} INFO - at io.netty.util.concurrent.AbstractEventExecutor.runTask(AbstractEventExecutor.java:174)
[2025-04-25T06:54:37.136+0000] {spark_submit.py:634} INFO - at io.netty.util.concurrent.AbstractEventExecutor.safeExecute(AbstractEventExecutor.java:167)
[2025-04-25T06:54:37.137+0000] {spark_submit.py:634} INFO - at io.netty.util.concurrent.SingleThreadEventExecutor.runAllTasks(SingleThreadEventExecutor.java:470)
[2025-04-25T06:54:37.137+0000] {spark_submit.py:634} INFO - at io.netty.channel.nio.NioEventLoop.run(NioEventLoop.java:569)
[2025-04-25T06:54:37.137+0000] {spark_submit.py:634} INFO - at io.netty.util.concurrent.SingleThreadEventExecutor$4.run(SingleThreadEventExecutor.java:997)
[2025-04-25T06:54:37.138+0000] {spark_submit.py:634} INFO - at io.netty.util.internal.ThreadExecutorMap$2.run(ThreadExecutorMap.java:74)
[2025-04-25T06:54:37.138+0000] {spark_submit.py:634} INFO - at io.netty.util.concurrent.FastThreadLocalRunnable.run(FastThreadLocalRunnable.java:30)
[2025-04-25T06:54:37.139+0000] {spark_submit.py:634} INFO - ... 1 more
[2025-04-25T06:54:49.245+0000] {spark_submit.py:634} INFO - 25/04/25 06:54:49 WARN StandaloneSchedulerBackend: Application ID is not initialized yet.
[2025-04-25T06:54:49.246+0000] {spark_submit.py:634} INFO - 25/04/25 06:54:49 ERROR StandaloneSchedulerBackend: Application has been killed. Reason: All masters are unresponsive! Giving up.
[2025-04-25T06:54:49.257+0000] {spark_submit.py:634} INFO - 25/04/25 06:54:49 INFO Utils: Successfully started service 'org.apache.spark.network.netty.NettyBlockTransferService' on port 37085.
[2025-04-25T06:54:49.258+0000] {spark_submit.py:634} INFO - 25/04/25 06:54:49 INFO NettyBlockTransferService: Server created on 8f416ae2c250:37085
[2025-04-25T06:54:49.259+0000] {spark_submit.py:634} INFO - 25/04/25 06:54:49 INFO BlockManager: Using org.apache.spark.storage.RandomBlockReplicationPolicy for block replication policy
[2025-04-25T06:54:49.266+0000] {spark_submit.py:634} INFO - 25/04/25 06:54:49 INFO BlockManagerMaster: Registering BlockManager BlockManagerId(driver, 8f416ae2c250, 37085, None)
[2025-04-25T06:54:49.269+0000] {spark_submit.py:634} INFO - 25/04/25 06:54:49 INFO BlockManagerMasterEndpoint: Registering block manager 8f416ae2c250:37085 with 434.4 MiB RAM, BlockManagerId(driver, 8f416ae2c250, 37085, None)
[2025-04-25T06:54:49.271+0000] {spark_submit.py:634} INFO - 25/04/25 06:54:49 INFO BlockManagerMaster: Registered BlockManager BlockManagerId(driver, 8f416ae2c250, 37085, None)
[2025-04-25T06:54:49.272+0000] {spark_submit.py:634} INFO - 25/04/25 06:54:49 INFO BlockManager: Initialized BlockManager: BlockManagerId(driver, 8f416ae2c250, 37085, None)
[2025-04-25T06:54:49.400+0000] {spark_submit.py:634} INFO - 25/04/25 06:54:49 INFO StandaloneSchedulerBackend: SchedulerBackend is ready for scheduling beginning after reached minRegisteredResourcesRatio: 0.0
[2025-04-25T06:54:49.565+0000] {spark_submit.py:634} INFO - 25/04/25 06:54:49 INFO SparkContext: SparkContext is stopping with exitCode 0.
[2025-04-25T06:54:49.575+0000] {spark_submit.py:634} INFO - 25/04/25 06:54:49 INFO SparkUI: Stopped Spark web UI at http://8f416ae2c250:4040
[2025-04-25T06:54:49.578+0000] {spark_submit.py:634} INFO - 25/04/25 06:54:49 INFO StandaloneSchedulerBackend: Shutting down all executors
[2025-04-25T06:54:49.581+0000] {spark_submit.py:634} INFO - 25/04/25 06:54:49 INFO StandaloneSchedulerBackend$StandaloneDriverEndpoint: Asking each executor to shut down
[2025-04-25T06:54:49.585+0000] {spark_submit.py:634} INFO - 25/04/25 06:54:49 WARN StandaloneAppClient$ClientEndpoint: Drop UnregisterApplication(null) because has not yet connected to master
[2025-04-25T06:54:49.591+0000] {spark_submit.py:634} INFO - 25/04/25 06:54:49 INFO MapOutputTrackerMasterEndpoint: MapOutputTrackerMasterEndpoint stopped!
[2025-04-25T06:54:49.603+0000] {spark_submit.py:634} INFO - 25/04/25 06:54:49 INFO SharedState: Setting hive.metastore.warehouse.dir ('null') to the value of spark.sql.warehouse.dir.
[2025-04-25T06:54:49.603+0000] {spark_submit.py:634} INFO - 25/04/25 06:54:49 INFO MemoryStore: MemoryStore cleared
[2025-04-25T06:54:49.604+0000] {spark_submit.py:634} INFO - 25/04/25 06:54:49 INFO BlockManager: BlockManager stopped
[2025-04-25T06:54:49.609+0000] {spark_submit.py:634} INFO - 25/04/25 06:54:49 INFO SharedState: Warehouse path is 'file:/opt/***/spark-warehouse'.
[2025-04-25T06:54:49.610+0000] {spark_submit.py:634} INFO - 25/04/25 06:54:49 INFO BlockManagerMaster: BlockManagerMaster stopped
[2025-04-25T06:54:49.612+0000] {spark_submit.py:634} INFO - 25/04/25 06:54:49 INFO OutputCommitCoordinator$OutputCommitCoordinatorEndpoint: OutputCommitCoordinator stopped!
[2025-04-25T06:54:49.621+0000] {spark_submit.py:634} INFO - 25/04/25 06:54:49 INFO SparkContext: Successfully stopped SparkContext
[2025-04-25T06:54:49.643+0000] {spark_submit.py:634} INFO - Traceback (most recent call last):
[2025-04-25T06:54:49.643+0000] {spark_submit.py:634} INFO - File "/opt/***/include/scripts/read.py", line 14, in <module>
[2025-04-25T06:54:49.645+0000] {spark_submit.py:634} INFO - main()
[2025-04-25T06:54:49.646+0000] {spark_submit.py:634} INFO - File "/opt/***/include/scripts/read.py", line 8, in main
[2025-04-25T06:54:49.647+0000] {spark_submit.py:634} INFO - df = spark.read.csv("./include/data.csv", header="true") # /usr/local/***/include/data.csv that path must exist in your Spark containers
[2025-04-25T06:54:49.648+0000] {spark_submit.py:634} INFO - File "/home/***/.local/lib/python3.9/site-packages/pyspark/python/lib/pyspark.zip/pyspark/sql/session.py", line 1706, in read
[2025-04-25T06:54:49.648+0000] {spark_submit.py:634} INFO - File "/home/***/.local/lib/python3.9/site-packages/pyspark/python/lib/pyspark.zip/pyspark/sql/readwriter.py", line 70, in __init__
[2025-04-25T06:54:49.649+0000] {spark_submit.py:634} INFO - File "/home/***/.local/lib/python3.9/site-packages/pyspark/python/lib/py4j-0.10.9.7-src.zip/py4j/java_gateway.py", line 1322, in __call__
[2025-04-25T06:54:49.649+0000] {spark_submit.py:634} INFO - File "/home/***/.local/lib/python3.9/site-packages/pyspark/python/lib/pyspark.zip/pyspark/errors/exceptions/captured.py", line 179, in deco
[2025-04-25T06:54:49.650+0000] {spark_submit.py:634} INFO - File "/home/***/.local/lib/python3.9/site-packages/pyspark/python/lib/py4j-0.10.9.7-src.zip/py4j/protocol.py", line 326, in get_return_value
[2025-04-25T06:54:49.651+0000] {spark_submit.py:634} INFO - py4j.protocol.Py4JJavaError: An error occurred while calling o23.read.
[2025-04-25T06:54:49.651+0000] {spark_submit.py:634} INFO - : java.lang.IllegalStateException: LiveListenerBus is stopped.
[2025-04-25T06:54:49.652+0000] {spark_submit.py:634} INFO - at org.apache.spark.scheduler.LiveListenerBus.addToQueue(LiveListenerBus.scala:92)
[2025-04-25T06:54:49.652+0000] {spark_submit.py:634} INFO - at org.apache.spark.scheduler.LiveListenerBus.addToStatusQueue(LiveListenerBus.scala:75)
[2025-04-25T06:54:49.652+0000] {spark_submit.py:634} INFO - at org.apache.spark.sql.internal.SharedState.<init>(SharedState.scala:115)
[2025-04-25T06:54:49.652+0000] {spark_submit.py:634} INFO - at org.apache.spark.sql.SparkSession.$anonfun$sharedState$1(SparkSession.scala:143)
[2025-04-25T06:54:49.653+0000] {spark_submit.py:634} INFO - at scala.Option.getOrElse(Option.scala:189)
[2025-04-25T06:54:49.653+0000] {spark_submit.py:634} INFO - at org.apache.spark.sql.SparkSession.sharedState$lzycompute(SparkSession.scala:143)
[2025-04-25T06:54:49.653+0000] {spark_submit.py:634} INFO - at org.apache.spark.sql.SparkSession.sharedState(SparkSession.scala:142)
[2025-04-25T06:54:49.654+0000] {spark_submit.py:634} INFO - at org.apache.spark.sql.SparkSession.$anonfun$sessionState$2(SparkSession.scala:162)
[2025-04-25T06:54:49.654+0000] {spark_submit.py:634} INFO - at scala.Option.getOrElse(Option.scala:189)
[2025-04-25T06:54:49.654+0000] {spark_submit.py:634} INFO - at org.apache.spark.sql.SparkSession.sessionState$lzycompute(SparkSession.scala:160)
[2025-04-25T06:54:49.654+0000] {spark_submit.py:634} INFO - at org.apache.spark.sql.SparkSession.sessionState(SparkSession.scala:157)
[2025-04-25T06:54:49.655+0000] {spark_submit.py:634} INFO - at org.apache.spark.sql.DataFrameReader.<init>(DataFrameReader.scala:699)
[2025-04-25T06:54:49.655+0000] {spark_submit.py:634} INFO - at org.apache.spark.sql.SparkSession.read(SparkSession.scala:783)
[2025-04-25T06:54:49.655+0000] {spark_submit.py:634} INFO - at java.base/jdk.internal.reflect.NativeMethodAccessorImpl.invoke0(Native Method)
[2025-04-25T06:54:49.656+0000] {spark_submit.py:634} INFO - at java.base/jdk.internal.reflect.NativeMethodAccessorImpl.invoke(NativeMethodAccessorImpl.java:77)
[2025-04-25T06:54:49.656+0000] {spark_submit.py:634} INFO - at java.base/jdk.internal.reflect.DelegatingMethodAccessorImpl.invoke(DelegatingMethodAccessorImpl.java:43)
[2025-04-25T06:54:49.656+0000] {spark_submit.py:634} INFO - at java.base/java.lang.reflect.Method.invoke(Method.java:569)
[2025-04-25T06:54:49.656+0000] {spark_submit.py:634} INFO - at py4j.reflection.MethodInvoker.invoke(MethodInvoker.java:244)
[2025-04-25T06:54:49.657+0000] {spark_submit.py:634} INFO - at py4j.reflection.ReflectionEngine.invoke(ReflectionEngine.java:374)
[2025-04-25T06:54:49.657+0000] {spark_submit.py:634} INFO - at py4j.Gateway.invoke(Gateway.java:282)
[2025-04-25T06:54:49.657+0000] {spark_submit.py:634} INFO - at py4j.commands.AbstractCommand.invokeMethod(AbstractCommand.java:132)
[2025-04-25T06:54:49.657+0000] {spark_submit.py:634} INFO - at py4j.commands.CallCommand.execute(CallCommand.java:79)
[2025-04-25T06:54:49.658+0000] {spark_submit.py:634} INFO - at py4j.ClientServerConnection.waitForCommands(ClientServerConnection.java:182)
[2025-04-25T06:54:49.658+0000] {spark_submit.py:634} INFO - at py4j.ClientServerConnection.run(ClientServerConnection.java:106)
[2025-04-25T06:54:49.658+0000] {spark_submit.py:634} INFO - at java.base/java.lang.Thread.run(Thread.java:840)
[2025-04-25T06:54:49.659+0000] {spark_submit.py:634} INFO - 
[2025-04-25T06:54:49.698+0000] {spark_submit.py:634} INFO - 25/04/25 06:54:49 INFO ShutdownHookManager: Shutdown hook called
[2025-04-25T06:54:49.698+0000] {spark_submit.py:634} INFO - 25/04/25 06:54:49 INFO ShutdownHookManager: Deleting directory /tmp/spark-9bd555df-85b3-4ae2-91f4-6b61da18d162/pyspark-03ae4d2e-4715-46b7-89d7-192690bfd361
[2025-04-25T06:54:49.702+0000] {spark_submit.py:634} INFO - 25/04/25 06:54:49 INFO ShutdownHookManager: Deleting directory /tmp/spark-9bd555df-85b3-4ae2-91f4-6b61da18d162
[2025-04-25T06:54:49.707+0000] {spark_submit.py:634} INFO - 25/04/25 06:54:49 INFO ShutdownHookManager: Deleting directory /tmp/spark-15b36a29-0663-495b-98a1-0a3629e8d31e
[2025-04-25T06:54:49.756+0000] {taskinstance.py:2698} ERROR - Task failed with exception
Traceback (most recent call last):
  File "/home/airflow/.local/lib/python3.9/site-packages/airflow/models/taskinstance.py", line 433, in _execute_task
    result = execute_callable(context=context, **execute_callable_kwargs)
  File "/home/airflow/.local/lib/python3.9/site-packages/airflow/providers/apache/spark/operators/spark_submit.py", line 176, in execute
    self._hook.submit(self.application)
  File "/home/airflow/.local/lib/python3.9/site-packages/airflow/providers/apache/spark/hooks/spark_submit.py", line 560, in submit
    raise AirflowException(
airflow.exceptions.AirflowException: Cannot execute: spark-submit --master spark://spark-master:7077 --name arrow-spark --verbose --deploy-mode client ./include/scripts/read.py. Error code is: 1.
[2025-04-25T06:54:49.760+0000] {taskinstance.py:1138} INFO - Marking task as FAILED. dag_id=my_dag, task_id=read_Data, execution_date=20250425T065344, start_date=20250425T065346, end_date=20250425T065449
[2025-04-25T06:54:49.774+0000] {standard_task_runner.py:107} ERROR - Failed to execute job 4 for task read_Data (Cannot execute: spark-submit --master spark://spark-master:7077 --name arrow-spark --verbose --deploy-mode client ./include/scripts/read.py. Error code is: 1.; 168)
[2025-04-25T06:54:49.805+0000] {local_task_job_runner.py:234} INFO - Task exited with return code 1
[2025-04-25T06:54:49.821+0000] {taskinstance.py:3280} INFO - 0 downstream tasks scheduled from follow-on schedule check
