[2025-05-18T12:28:09.471+0000] {taskinstance.py:1956} INFO - Dependencies all met for dep_context=non-requeueable deps ti=<TaskInstance: my_dag.read_Data manual__2025-05-18T12:28:06.418079+00:00 [queued]>
[2025-05-18T12:28:09.479+0000] {taskinstance.py:1956} INFO - Dependencies all met for dep_context=requeueable deps ti=<TaskInstance: my_dag.read_Data manual__2025-05-18T12:28:06.418079+00:00 [queued]>
[2025-05-18T12:28:09.480+0000] {taskinstance.py:2170} INFO - Starting attempt 1 of 1
[2025-05-18T12:28:09.492+0000] {taskinstance.py:2191} INFO - Executing <Task(SparkSubmitOperator): read_Data> on 2025-05-18 12:28:06.418079+00:00
[2025-05-18T12:28:09.499+0000] {standard_task_runner.py:60} INFO - Started process 87 to run task
[2025-05-18T12:28:09.503+0000] {standard_task_runner.py:87} INFO - Running: ['***', 'tasks', 'run', 'my_dag', 'read_Data', 'manual__2025-05-18T12:28:06.418079+00:00', '--job-id', '53', '--raw', '--subdir', 'DAGS_FOLDER/mydag.py', '--cfg-path', '/tmp/tmpy4zrhlvr']
[2025-05-18T12:28:09.510+0000] {standard_task_runner.py:88} INFO - Job 53: Subtask read_Data
[2025-05-18T12:28:09.556+0000] {task_command.py:423} INFO - Running <TaskInstance: my_dag.read_Data manual__2025-05-18T12:28:06.418079+00:00 [running]> on host 2925ac66d424
[2025-05-18T12:28:09.624+0000] {taskinstance.py:2480} INFO - Exporting env vars: AIRFLOW_CTX_DAG_OWNER='***' AIRFLOW_CTX_DAG_ID='my_dag' AIRFLOW_CTX_TASK_ID='read_Data' AIRFLOW_CTX_EXECUTION_DATE='2025-05-18T12:28:06.418079+00:00' AIRFLOW_CTX_TRY_NUMBER='1' AIRFLOW_CTX_DAG_RUN_ID='manual__2025-05-18T12:28:06.418079+00:00'
[2025-05-18T12:28:09.635+0000] {base.py:83} INFO - Using connection ID 'my_spark_conn' for task execution.
[2025-05-18T12:28:09.636+0000] {spark_submit.py:327} ERROR - Failed to decode base64 keytab: Incorrect padding
[2025-05-18T12:28:09.636+0000] {spark_submit.py:304} INFO - Could not load connection string my_spark_conn, defaulting to spark://spark-master:7077
[2025-05-18T12:28:09.638+0000] {spark_submit.py:473} INFO - Spark-Submit cmd: spark-submit --master spark://spark-master:7077 --principal *** --name arrow-spark --verbose --deploy-mode client ./include/scripts/read.py
[2025-05-18T12:28:11.183+0000] {spark_submit.py:634} INFO - Using properties file: null
[2025-05-18T12:28:11.321+0000] {spark_submit.py:634} INFO - Parsed arguments:
[2025-05-18T12:28:11.322+0000] {spark_submit.py:634} INFO - master                  spark://spark-master:7077
[2025-05-18T12:28:11.323+0000] {spark_submit.py:634} INFO - remote                  null
[2025-05-18T12:28:11.323+0000] {spark_submit.py:634} INFO - deployMode              client
[2025-05-18T12:28:11.323+0000] {spark_submit.py:634} INFO - executorMemory          null
[2025-05-18T12:28:11.324+0000] {spark_submit.py:634} INFO - executorCores           null
[2025-05-18T12:28:11.324+0000] {spark_submit.py:634} INFO - totalExecutorCores      null
[2025-05-18T12:28:11.324+0000] {spark_submit.py:634} INFO - propertiesFile          null
[2025-05-18T12:28:11.325+0000] {spark_submit.py:634} INFO - driverMemory            null
[2025-05-18T12:28:11.325+0000] {spark_submit.py:634} INFO - driverCores             null
[2025-05-18T12:28:11.325+0000] {spark_submit.py:634} INFO - driverExtraClassPath    null
[2025-05-18T12:28:11.326+0000] {spark_submit.py:634} INFO - driverExtraLibraryPath  null
[2025-05-18T12:28:11.326+0000] {spark_submit.py:634} INFO - driverExtraJavaOptions  null
[2025-05-18T12:28:11.326+0000] {spark_submit.py:634} INFO - supervise               false
[2025-05-18T12:28:11.327+0000] {spark_submit.py:634} INFO - queue                   null
[2025-05-18T12:28:11.327+0000] {spark_submit.py:634} INFO - numExecutors            null
[2025-05-18T12:28:11.327+0000] {spark_submit.py:634} INFO - files                   null
[2025-05-18T12:28:11.328+0000] {spark_submit.py:634} INFO - pyFiles                 null
[2025-05-18T12:28:11.328+0000] {spark_submit.py:634} INFO - archives                null
[2025-05-18T12:28:11.328+0000] {spark_submit.py:634} INFO - mainClass               null
[2025-05-18T12:28:11.329+0000] {spark_submit.py:634} INFO - primaryResource         file:/opt/***/include/scripts/read.py
[2025-05-18T12:28:11.329+0000] {spark_submit.py:634} INFO - name                    arrow-spark
[2025-05-18T12:28:11.329+0000] {spark_submit.py:634} INFO - childArgs               []
[2025-05-18T12:28:11.330+0000] {spark_submit.py:634} INFO - jars                    null
[2025-05-18T12:28:11.330+0000] {spark_submit.py:634} INFO - packages                null
[2025-05-18T12:28:11.330+0000] {spark_submit.py:634} INFO - packagesExclusions      null
[2025-05-18T12:28:11.331+0000] {spark_submit.py:634} INFO - repositories            null
[2025-05-18T12:28:11.331+0000] {spark_submit.py:634} INFO - verbose                 true
[2025-05-18T12:28:11.331+0000] {spark_submit.py:634} INFO - 
[2025-05-18T12:28:11.332+0000] {spark_submit.py:634} INFO - Spark properties used, including those specified through
[2025-05-18T12:28:11.332+0000] {spark_submit.py:634} INFO - --conf and those from the properties file null:
[2025-05-18T12:28:11.332+0000] {spark_submit.py:634} INFO - 
[2025-05-18T12:28:11.333+0000] {spark_submit.py:634} INFO - 
[2025-05-18T12:28:11.333+0000] {spark_submit.py:634} INFO - 
[2025-05-18T12:28:11.581+0000] {spark_submit.py:634} INFO - Main class:
[2025-05-18T12:28:11.582+0000] {spark_submit.py:634} INFO - org.apache.spark.deploy.PythonRunner
[2025-05-18T12:28:11.582+0000] {spark_submit.py:634} INFO - Arguments:
[2025-05-18T12:28:11.582+0000] {spark_submit.py:634} INFO - file:/opt/***/include/scripts/read.py
[2025-05-18T12:28:11.583+0000] {spark_submit.py:634} INFO - null
[2025-05-18T12:28:11.585+0000] {spark_submit.py:634} INFO - Spark config:
[2025-05-18T12:28:11.585+0000] {spark_submit.py:634} INFO - (spark.app.name,arrow-spark)
[2025-05-18T12:28:11.586+0000] {spark_submit.py:634} INFO - (spark.app.submitTime,1747571291562)
[2025-05-18T12:28:11.586+0000] {spark_submit.py:634} INFO - (spark.kerberos.principal,***)
[2025-05-18T12:28:11.587+0000] {spark_submit.py:634} INFO - (spark.master,spark://spark-master:7077)
[2025-05-18T12:28:11.587+0000] {spark_submit.py:634} INFO - (spark.submit.deployMode,client)
[2025-05-18T12:28:11.587+0000] {spark_submit.py:634} INFO - (spark.submit.pyFiles,)
[2025-05-18T12:28:11.588+0000] {spark_submit.py:634} INFO - Classpath elements:
[2025-05-18T12:28:11.588+0000] {spark_submit.py:634} INFO - 
[2025-05-18T12:28:11.588+0000] {spark_submit.py:634} INFO - 
[2025-05-18T12:28:11.589+0000] {spark_submit.py:634} INFO - 
[2025-05-18T12:28:12.325+0000] {spark_submit.py:634} INFO - 25/05/18 12:28:12 INFO SparkContext: Running Spark version 3.5.5
[2025-05-18T12:28:12.327+0000] {spark_submit.py:634} INFO - 25/05/18 12:28:12 INFO SparkContext: OS info Linux, 5.15.167.4-microsoft-standard-WSL2, amd64
[2025-05-18T12:28:12.327+0000] {spark_submit.py:634} INFO - 25/05/18 12:28:12 INFO SparkContext: Java version 17.0.14
[2025-05-18T12:28:12.374+0000] {spark_submit.py:634} INFO - 25/05/18 12:28:12 WARN NativeCodeLoader: Unable to load native-hadoop library for your platform... using builtin-java classes where applicable
[2025-05-18T12:28:12.445+0000] {spark_submit.py:634} INFO - 25/05/18 12:28:12 INFO ResourceUtils: ==============================================================
[2025-05-18T12:28:12.446+0000] {spark_submit.py:634} INFO - 25/05/18 12:28:12 INFO ResourceUtils: No custom resources configured for spark.driver.
[2025-05-18T12:28:12.446+0000] {spark_submit.py:634} INFO - 25/05/18 12:28:12 INFO ResourceUtils: ==============================================================
[2025-05-18T12:28:12.446+0000] {spark_submit.py:634} INFO - 25/05/18 12:28:12 INFO SparkContext: Submitted application: PySpark Example
[2025-05-18T12:28:12.462+0000] {spark_submit.py:634} INFO - 25/05/18 12:28:12 INFO ResourceProfile: Default ResourceProfile created, executor resources: Map(memory -> name: memory, amount: 1024, script: , vendor: , offHeap -> name: offHeap, amount: 0, script: , vendor: ), task resources: Map(cpus -> name: cpus, amount: 1.0)
[2025-05-18T12:28:12.469+0000] {spark_submit.py:634} INFO - 25/05/18 12:28:12 INFO ResourceProfile: Limiting resource is cpu
[2025-05-18T12:28:12.470+0000] {spark_submit.py:634} INFO - 25/05/18 12:28:12 INFO ResourceProfileManager: Added ResourceProfile id: 0
[2025-05-18T12:28:12.513+0000] {spark_submit.py:634} INFO - 25/05/18 12:28:12 INFO SecurityManager: Changing view acls to: ***
[2025-05-18T12:28:12.514+0000] {spark_submit.py:634} INFO - 25/05/18 12:28:12 INFO SecurityManager: Changing modify acls to: ***
[2025-05-18T12:28:12.514+0000] {spark_submit.py:634} INFO - 25/05/18 12:28:12 INFO SecurityManager: Changing view acls groups to:
[2025-05-18T12:28:12.515+0000] {spark_submit.py:634} INFO - 25/05/18 12:28:12 INFO SecurityManager: Changing modify acls groups to:
[2025-05-18T12:28:12.515+0000] {spark_submit.py:634} INFO - 25/05/18 12:28:12 INFO SecurityManager: SecurityManager: authentication disabled; ui acls disabled; users with view permissions: ***; groups with view permissions: EMPTY; users with modify permissions: ***; groups with modify permissions: EMPTY
[2025-05-18T12:28:12.764+0000] {spark_submit.py:634} INFO - 25/05/18 12:28:12 INFO Utils: Successfully started service 'sparkDriver' on port 38595.
[2025-05-18T12:28:12.815+0000] {spark_submit.py:634} INFO - 25/05/18 12:28:12 INFO SparkEnv: Registering MapOutputTracker
[2025-05-18T12:28:12.875+0000] {spark_submit.py:634} INFO - 25/05/18 12:28:12 INFO SparkEnv: Registering BlockManagerMaster
[2025-05-18T12:28:12.902+0000] {spark_submit.py:634} INFO - 25/05/18 12:28:12 INFO BlockManagerMasterEndpoint: Using org.apache.spark.storage.DefaultTopologyMapper for getting topology information
[2025-05-18T12:28:12.904+0000] {spark_submit.py:634} INFO - 25/05/18 12:28:12 INFO BlockManagerMasterEndpoint: BlockManagerMasterEndpoint up
[2025-05-18T12:28:12.915+0000] {spark_submit.py:634} INFO - 25/05/18 12:28:12 INFO SparkEnv: Registering BlockManagerMasterHeartbeat
[2025-05-18T12:28:12.949+0000] {spark_submit.py:634} INFO - 25/05/18 12:28:12 INFO DiskBlockManager: Created local directory at /tmp/blockmgr-c0a153a3-6eb3-40c0-b8e9-e7cf3430beab
[2025-05-18T12:28:12.967+0000] {spark_submit.py:634} INFO - 25/05/18 12:28:12 INFO MemoryStore: MemoryStore started with capacity 434.4 MiB
[2025-05-18T12:28:12.987+0000] {spark_submit.py:634} INFO - 25/05/18 12:28:12 INFO SparkEnv: Registering OutputCommitCoordinator
[2025-05-18T12:28:13.149+0000] {spark_submit.py:634} INFO - 25/05/18 12:28:13 INFO JettyUtils: Start Jetty 0.0.0.0:4040 for SparkUI
[2025-05-18T12:28:13.223+0000] {spark_submit.py:634} INFO - 25/05/18 12:28:13 INFO Utils: Successfully started service 'SparkUI' on port 4040.
[2025-05-18T12:28:13.386+0000] {spark_submit.py:634} INFO - 25/05/18 12:28:13 INFO StandaloneAppClient$ClientEndpoint: Connecting to master spark://spark-master:7077...
[2025-05-18T12:28:13.446+0000] {spark_submit.py:634} INFO - 25/05/18 12:28:13 INFO TransportClientFactory: Successfully created connection to spark-master/172.18.0.4:7077 after 28 ms (0 ms spent in bootstraps)
[2025-05-18T12:28:13.608+0000] {spark_submit.py:634} INFO - 25/05/18 12:28:13 INFO StandaloneSchedulerBackend: Connected to Spark cluster with app ID app-20250518122813-0000
[2025-05-18T12:28:13.621+0000] {spark_submit.py:634} INFO - 25/05/18 12:28:13 INFO Utils: Successfully started service 'org.apache.spark.network.netty.NettyBlockTransferService' on port 44523.
[2025-05-18T12:28:13.623+0000] {spark_submit.py:634} INFO - 25/05/18 12:28:13 INFO NettyBlockTransferService: Server created on 2925ac66d424:44523
[2025-05-18T12:28:13.625+0000] {spark_submit.py:634} INFO - 25/05/18 12:28:13 INFO BlockManager: Using org.apache.spark.storage.RandomBlockReplicationPolicy for block replication policy
[2025-05-18T12:28:13.634+0000] {spark_submit.py:634} INFO - 25/05/18 12:28:13 INFO BlockManagerMaster: Registering BlockManager BlockManagerId(driver, 2925ac66d424, 44523, None)
[2025-05-18T12:28:13.641+0000] {spark_submit.py:634} INFO - 25/05/18 12:28:13 INFO BlockManagerMasterEndpoint: Registering block manager 2925ac66d424:44523 with 434.4 MiB RAM, BlockManagerId(driver, 2925ac66d424, 44523, None)
[2025-05-18T12:28:13.643+0000] {spark_submit.py:634} INFO - 25/05/18 12:28:13 INFO StandaloneAppClient$ClientEndpoint: Executor added: app-20250518122813-0000/0 on worker-20250518122602-172.18.0.5-35079 (172.18.0.5:35079) with 2 core(s)
[2025-05-18T12:28:13.645+0000] {spark_submit.py:634} INFO - 25/05/18 12:28:13 INFO BlockManagerMaster: Registered BlockManager BlockManagerId(driver, 2925ac66d424, 44523, None)
[2025-05-18T12:28:13.647+0000] {spark_submit.py:634} INFO - 25/05/18 12:28:13 INFO StandaloneSchedulerBackend: Granted executor ID app-20250518122813-0000/0 on hostPort 172.18.0.5:35079 with 2 core(s), 1024.0 MiB RAM
[2025-05-18T12:28:13.649+0000] {spark_submit.py:634} INFO - 25/05/18 12:28:13 INFO BlockManager: Initialized BlockManager: BlockManagerId(driver, 2925ac66d424, 44523, None)
[2025-05-18T12:28:13.854+0000] {spark_submit.py:634} INFO - 25/05/18 12:28:13 INFO StandaloneAppClient$ClientEndpoint: Executor updated: app-20250518122813-0000/0 is now RUNNING
[2025-05-18T12:28:13.942+0000] {spark_submit.py:634} INFO - 25/05/18 12:28:13 INFO StandaloneSchedulerBackend: SchedulerBackend is ready for scheduling beginning after reached minRegisteredResourcesRatio: 0.0
[2025-05-18T12:28:14.275+0000] {spark_submit.py:634} INFO - 25/05/18 12:28:14 INFO SharedState: Setting hive.metastore.warehouse.dir ('null') to the value of spark.sql.warehouse.dir.
[2025-05-18T12:28:14.290+0000] {spark_submit.py:634} INFO - 25/05/18 12:28:14 INFO SharedState: Warehouse path is 'file:/opt/***/spark-warehouse'.
[2025-05-18T12:28:15.835+0000] {spark_submit.py:634} INFO - Traceback (most recent call last):
[2025-05-18T12:28:15.837+0000] {spark_submit.py:634} INFO - File "/opt/***/include/scripts/read.py", line 19, in <module>
[2025-05-18T12:28:15.840+0000] {spark_submit.py:634} INFO - main()
[2025-05-18T12:28:15.841+0000] {spark_submit.py:634} INFO - File "/opt/***/include/scripts/read.py", line 13, in main
[2025-05-18T12:28:15.843+0000] {spark_submit.py:634} INFO - df = spark.read.csv("/opt/spark-data/data.csv", header=True, inferSchema=True)
[2025-05-18T12:28:15.843+0000] {spark_submit.py:634} INFO - File "/home/***/.local/lib/python3.9/site-packages/pyspark/python/lib/pyspark.zip/pyspark/sql/readwriter.py", line 740, in csv
[2025-05-18T12:28:15.844+0000] {spark_submit.py:634} INFO - File "/home/***/.local/lib/python3.9/site-packages/pyspark/python/lib/py4j-0.10.9.7-src.zip/py4j/java_gateway.py", line 1322, in __call__
[2025-05-18T12:28:15.844+0000] {spark_submit.py:634} INFO - File "/home/***/.local/lib/python3.9/site-packages/pyspark/python/lib/pyspark.zip/pyspark/errors/exceptions/captured.py", line 185, in deco
[2025-05-18T12:28:15.859+0000] {spark_submit.py:634} INFO - pyspark.errors.exceptions.captured.AnalysisException: [PATH_NOT_FOUND] Path does not exist: file:/opt/spark-data/data.csv.
[2025-05-18T12:28:15.970+0000] {spark_submit.py:634} INFO - 25/05/18 12:28:15 INFO SparkContext: Invoking stop() from shutdown hook
[2025-05-18T12:28:15.971+0000] {spark_submit.py:634} INFO - 25/05/18 12:28:15 INFO SparkContext: SparkContext is stopping with exitCode 0.
[2025-05-18T12:28:15.987+0000] {spark_submit.py:634} INFO - 25/05/18 12:28:15 INFO SparkUI: Stopped Spark web UI at http://2925ac66d424:4040
[2025-05-18T12:28:15.996+0000] {spark_submit.py:634} INFO - 25/05/18 12:28:15 INFO StandaloneSchedulerBackend: Shutting down all executors
[2025-05-18T12:28:16.002+0000] {spark_submit.py:634} INFO - 25/05/18 12:28:16 INFO StandaloneSchedulerBackend$StandaloneDriverEndpoint: Asking each executor to shut down
[2025-05-18T12:28:16.031+0000] {spark_submit.py:634} INFO - 25/05/18 12:28:16 INFO MapOutputTrackerMasterEndpoint: MapOutputTrackerMasterEndpoint stopped!
[2025-05-18T12:28:16.057+0000] {spark_submit.py:634} INFO - 25/05/18 12:28:16 INFO MemoryStore: MemoryStore cleared
[2025-05-18T12:28:16.058+0000] {spark_submit.py:634} INFO - 25/05/18 12:28:16 INFO BlockManager: BlockManager stopped
[2025-05-18T12:28:16.069+0000] {spark_submit.py:634} INFO - 25/05/18 12:28:16 INFO BlockManagerMaster: BlockManagerMaster stopped
[2025-05-18T12:28:16.073+0000] {spark_submit.py:634} INFO - 25/05/18 12:28:16 INFO OutputCommitCoordinator$OutputCommitCoordinatorEndpoint: OutputCommitCoordinator stopped!
[2025-05-18T12:28:16.085+0000] {spark_submit.py:634} INFO - 25/05/18 12:28:16 INFO SparkContext: Successfully stopped SparkContext
[2025-05-18T12:28:16.086+0000] {spark_submit.py:634} INFO - 25/05/18 12:28:16 INFO ShutdownHookManager: Shutdown hook called
[2025-05-18T12:28:16.086+0000] {spark_submit.py:634} INFO - 25/05/18 12:28:16 INFO ShutdownHookManager: Deleting directory /tmp/spark-54ed7d86-353f-456f-929b-a6996bf16e46
[2025-05-18T12:28:16.091+0000] {spark_submit.py:634} INFO - 25/05/18 12:28:16 INFO ShutdownHookManager: Deleting directory /tmp/spark-f07a1774-d77c-408e-b0d2-7804033a20da
[2025-05-18T12:28:16.096+0000] {spark_submit.py:634} INFO - 25/05/18 12:28:16 INFO ShutdownHookManager: Deleting directory /tmp/spark-54ed7d86-353f-456f-929b-a6996bf16e46/pyspark-a62f2eb3-0b26-4a62-9314-82556d353c1f
[2025-05-18T12:28:16.142+0000] {taskinstance.py:2698} ERROR - Task failed with exception
Traceback (most recent call last):
  File "/home/airflow/.local/lib/python3.9/site-packages/airflow/models/taskinstance.py", line 433, in _execute_task
    result = execute_callable(context=context, **execute_callable_kwargs)
  File "/home/airflow/.local/lib/python3.9/site-packages/airflow/providers/apache/spark/operators/spark_submit.py", line 176, in execute
    self._hook.submit(self.application)
  File "/home/airflow/.local/lib/python3.9/site-packages/airflow/providers/apache/spark/hooks/spark_submit.py", line 560, in submit
    raise AirflowException(
airflow.exceptions.AirflowException: Cannot execute: spark-submit --master spark://spark-master:7077 --principal *** --name arrow-spark --verbose --deploy-mode client ./include/scripts/read.py. Error code is: 1.
[2025-05-18T12:28:16.146+0000] {taskinstance.py:1138} INFO - Marking task as FAILED. dag_id=my_dag, task_id=read_Data, execution_date=20250518T122806, start_date=20250518T122809, end_date=20250518T122816
[2025-05-18T12:28:16.159+0000] {standard_task_runner.py:107} ERROR - Failed to execute job 53 for task read_Data (Cannot execute: spark-submit --master spark://spark-master:7077 --principal *** --name arrow-spark --verbose --deploy-mode client ./include/scripts/read.py. Error code is: 1.; 87)
[2025-05-18T12:28:16.195+0000] {local_task_job_runner.py:234} INFO - Task exited with return code 1
[2025-05-18T12:28:16.209+0000] {taskinstance.py:3280} INFO - 0 downstream tasks scheduled from follow-on schedule check
