[2025-04-25T07:09:15.683+0000] {taskinstance.py:1956} INFO - Dependencies all met for dep_context=non-requeueable deps ti=<TaskInstance: my_dag.read_Data manual__2025-04-25T07:09:13.754027+00:00 [queued]>
[2025-04-25T07:09:15.691+0000] {taskinstance.py:1956} INFO - Dependencies all met for dep_context=requeueable deps ti=<TaskInstance: my_dag.read_Data manual__2025-04-25T07:09:13.754027+00:00 [queued]>
[2025-04-25T07:09:15.691+0000] {taskinstance.py:2170} INFO - Starting attempt 1 of 1
[2025-04-25T07:09:15.705+0000] {taskinstance.py:2191} INFO - Executing <Task(SparkSubmitOperator): read_Data> on 2025-04-25 07:09:13.754027+00:00
[2025-04-25T07:09:15.711+0000] {standard_task_runner.py:60} INFO - Started process 753 to run task
[2025-04-25T07:09:15.714+0000] {standard_task_runner.py:87} INFO - Running: ['***', 'tasks', 'run', 'my_dag', 'read_Data', 'manual__2025-04-25T07:09:13.754027+00:00', '--job-id', '6', '--raw', '--subdir', 'DAGS_FOLDER/mydag.py', '--cfg-path', '/tmp/tmphz1503nt']
[2025-04-25T07:09:15.717+0000] {standard_task_runner.py:88} INFO - Job 6: Subtask read_Data
[2025-04-25T07:09:15.757+0000] {task_command.py:423} INFO - Running <TaskInstance: my_dag.read_Data manual__2025-04-25T07:09:13.754027+00:00 [running]> on host 8f416ae2c250
[2025-04-25T07:09:15.829+0000] {taskinstance.py:2480} INFO - Exporting env vars: AIRFLOW_CTX_DAG_OWNER='***' AIRFLOW_CTX_DAG_ID='my_dag' AIRFLOW_CTX_TASK_ID='read_Data' AIRFLOW_CTX_EXECUTION_DATE='2025-04-25T07:09:13.754027+00:00' AIRFLOW_CTX_TRY_NUMBER='1' AIRFLOW_CTX_DAG_RUN_ID='manual__2025-04-25T07:09:13.754027+00:00'
[2025-04-25T07:09:15.838+0000] {base.py:83} INFO - Using connection ID 'my_spark_conn' for task execution.
[2025-04-25T07:09:15.840+0000] {spark_submit.py:327} ERROR - Failed to decode base64 keytab: Incorrect padding
[2025-04-25T07:09:15.840+0000] {spark_submit.py:304} INFO - Could not load connection string my_spark_conn, defaulting to spark://spark-master:7077:7077
[2025-04-25T07:09:15.841+0000] {spark_submit.py:473} INFO - Spark-Submit cmd: spark-submit --master spark://spark-master:7077:7077 --principal *** --name arrow-spark --verbose --deploy-mode client ./include/scripts/read.py
[2025-04-25T07:09:16.915+0000] {spark_submit.py:634} INFO - Using properties file: null
[2025-04-25T07:09:17.014+0000] {spark_submit.py:634} INFO - Parsed arguments:
[2025-04-25T07:09:17.014+0000] {spark_submit.py:634} INFO - master                  spark://spark-master:7077:7077
[2025-04-25T07:09:17.015+0000] {spark_submit.py:634} INFO - remote                  null
[2025-04-25T07:09:17.015+0000] {spark_submit.py:634} INFO - deployMode              client
[2025-04-25T07:09:17.015+0000] {spark_submit.py:634} INFO - executorMemory          null
[2025-04-25T07:09:17.016+0000] {spark_submit.py:634} INFO - executorCores           null
[2025-04-25T07:09:17.016+0000] {spark_submit.py:634} INFO - totalExecutorCores      null
[2025-04-25T07:09:17.016+0000] {spark_submit.py:634} INFO - propertiesFile          null
[2025-04-25T07:09:17.016+0000] {spark_submit.py:634} INFO - driverMemory            null
[2025-04-25T07:09:17.017+0000] {spark_submit.py:634} INFO - driverCores             null
[2025-04-25T07:09:17.017+0000] {spark_submit.py:634} INFO - driverExtraClassPath    null
[2025-04-25T07:09:17.017+0000] {spark_submit.py:634} INFO - driverExtraLibraryPath  null
[2025-04-25T07:09:17.018+0000] {spark_submit.py:634} INFO - driverExtraJavaOptions  null
[2025-04-25T07:09:17.018+0000] {spark_submit.py:634} INFO - supervise               false
[2025-04-25T07:09:17.018+0000] {spark_submit.py:634} INFO - queue                   null
[2025-04-25T07:09:17.018+0000] {spark_submit.py:634} INFO - numExecutors            null
[2025-04-25T07:09:17.019+0000] {spark_submit.py:634} INFO - files                   null
[2025-04-25T07:09:17.019+0000] {spark_submit.py:634} INFO - pyFiles                 null
[2025-04-25T07:09:17.020+0000] {spark_submit.py:634} INFO - archives                null
[2025-04-25T07:09:17.020+0000] {spark_submit.py:634} INFO - mainClass               null
[2025-04-25T07:09:17.020+0000] {spark_submit.py:634} INFO - primaryResource         file:/opt/***/include/scripts/read.py
[2025-04-25T07:09:17.021+0000] {spark_submit.py:634} INFO - name                    arrow-spark
[2025-04-25T07:09:17.021+0000] {spark_submit.py:634} INFO - childArgs               []
[2025-04-25T07:09:17.021+0000] {spark_submit.py:634} INFO - jars                    null
[2025-04-25T07:09:17.022+0000] {spark_submit.py:634} INFO - packages                null
[2025-04-25T07:09:17.022+0000] {spark_submit.py:634} INFO - packagesExclusions      null
[2025-04-25T07:09:17.022+0000] {spark_submit.py:634} INFO - repositories            null
[2025-04-25T07:09:17.022+0000] {spark_submit.py:634} INFO - verbose                 true
[2025-04-25T07:09:17.023+0000] {spark_submit.py:634} INFO - 
[2025-04-25T07:09:17.023+0000] {spark_submit.py:634} INFO - Spark properties used, including those specified through
[2025-04-25T07:09:17.023+0000] {spark_submit.py:634} INFO - --conf and those from the properties file null:
[2025-04-25T07:09:17.024+0000] {spark_submit.py:634} INFO - 
[2025-04-25T07:09:17.024+0000] {spark_submit.py:634} INFO - 
[2025-04-25T07:09:17.024+0000] {spark_submit.py:634} INFO - 
[2025-04-25T07:09:17.219+0000] {spark_submit.py:634} INFO - Main class:
[2025-04-25T07:09:17.220+0000] {spark_submit.py:634} INFO - org.apache.spark.deploy.PythonRunner
[2025-04-25T07:09:17.220+0000] {spark_submit.py:634} INFO - Arguments:
[2025-04-25T07:09:17.221+0000] {spark_submit.py:634} INFO - file:/opt/***/include/scripts/read.py
[2025-04-25T07:09:17.221+0000] {spark_submit.py:634} INFO - null
[2025-04-25T07:09:17.223+0000] {spark_submit.py:634} INFO - Spark config:
[2025-04-25T07:09:17.224+0000] {spark_submit.py:634} INFO - (spark.app.name,arrow-spark)
[2025-04-25T07:09:17.224+0000] {spark_submit.py:634} INFO - (spark.app.submitTime,1745564957204)
[2025-04-25T07:09:17.224+0000] {spark_submit.py:634} INFO - (spark.kerberos.principal,***)
[2025-04-25T07:09:17.225+0000] {spark_submit.py:634} INFO - (spark.master,spark://spark-master:7077:7077)
[2025-04-25T07:09:17.225+0000] {spark_submit.py:634} INFO - (spark.submit.deployMode,client)
[2025-04-25T07:09:17.225+0000] {spark_submit.py:634} INFO - (spark.submit.pyFiles,)
[2025-04-25T07:09:17.226+0000] {spark_submit.py:634} INFO - Classpath elements:
[2025-04-25T07:09:17.226+0000] {spark_submit.py:634} INFO - 
[2025-04-25T07:09:17.226+0000] {spark_submit.py:634} INFO - 
[2025-04-25T07:09:17.227+0000] {spark_submit.py:634} INFO - 
[2025-04-25T07:09:18.041+0000] {spark_submit.py:634} INFO - 25/04/25 07:09:18 INFO SparkContext: Running Spark version 3.5.5
[2025-04-25T07:09:18.043+0000] {spark_submit.py:634} INFO - 25/04/25 07:09:18 INFO SparkContext: OS info Linux, 5.15.167.4-microsoft-standard-WSL2, amd64
[2025-04-25T07:09:18.043+0000] {spark_submit.py:634} INFO - 25/04/25 07:09:18 INFO SparkContext: Java version 17.0.14
[2025-04-25T07:09:18.085+0000] {spark_submit.py:634} INFO - 25/04/25 07:09:18 WARN NativeCodeLoader: Unable to load native-hadoop library for your platform... using builtin-java classes where applicable
[2025-04-25T07:09:18.164+0000] {spark_submit.py:634} INFO - 25/04/25 07:09:18 INFO ResourceUtils: ==============================================================
[2025-04-25T07:09:18.165+0000] {spark_submit.py:634} INFO - 25/04/25 07:09:18 INFO ResourceUtils: No custom resources configured for spark.driver.
[2025-04-25T07:09:18.166+0000] {spark_submit.py:634} INFO - 25/04/25 07:09:18 INFO ResourceUtils: ==============================================================
[2025-04-25T07:09:18.167+0000] {spark_submit.py:634} INFO - 25/04/25 07:09:18 INFO SparkContext: Submitted application: PySpark Example
[2025-04-25T07:09:18.186+0000] {spark_submit.py:634} INFO - 25/04/25 07:09:18 INFO ResourceProfile: Default ResourceProfile created, executor resources: Map(memory -> name: memory, amount: 1024, script: , vendor: , offHeap -> name: offHeap, amount: 0, script: , vendor: ), task resources: Map(cpus -> name: cpus, amount: 1.0)
[2025-04-25T07:09:18.194+0000] {spark_submit.py:634} INFO - 25/04/25 07:09:18 INFO ResourceProfile: Limiting resource is cpu
[2025-04-25T07:09:18.195+0000] {spark_submit.py:634} INFO - 25/04/25 07:09:18 INFO ResourceProfileManager: Added ResourceProfile id: 0
[2025-04-25T07:09:18.237+0000] {spark_submit.py:634} INFO - 25/04/25 07:09:18 INFO SecurityManager: Changing view acls to: ***
[2025-04-25T07:09:18.238+0000] {spark_submit.py:634} INFO - 25/04/25 07:09:18 INFO SecurityManager: Changing modify acls to: ***
[2025-04-25T07:09:18.239+0000] {spark_submit.py:634} INFO - 25/04/25 07:09:18 INFO SecurityManager: Changing view acls groups to:
[2025-04-25T07:09:18.239+0000] {spark_submit.py:634} INFO - 25/04/25 07:09:18 INFO SecurityManager: Changing modify acls groups to:
[2025-04-25T07:09:18.239+0000] {spark_submit.py:634} INFO - 25/04/25 07:09:18 INFO SecurityManager: SecurityManager: authentication disabled; ui acls disabled; users with view permissions: ***; groups with view permissions: EMPTY; users with modify permissions: ***; groups with modify permissions: EMPTY
[2025-04-25T07:09:18.504+0000] {spark_submit.py:634} INFO - 25/04/25 07:09:18 INFO Utils: Successfully started service 'sparkDriver' on port 41615.
[2025-04-25T07:09:18.552+0000] {spark_submit.py:634} INFO - 25/04/25 07:09:18 INFO SparkEnv: Registering MapOutputTracker
[2025-04-25T07:09:18.597+0000] {spark_submit.py:634} INFO - 25/04/25 07:09:18 INFO SparkEnv: Registering BlockManagerMaster
[2025-04-25T07:09:18.623+0000] {spark_submit.py:634} INFO - 25/04/25 07:09:18 INFO BlockManagerMasterEndpoint: Using org.apache.spark.storage.DefaultTopologyMapper for getting topology information
[2025-04-25T07:09:18.624+0000] {spark_submit.py:634} INFO - 25/04/25 07:09:18 INFO BlockManagerMasterEndpoint: BlockManagerMasterEndpoint up
[2025-04-25T07:09:18.628+0000] {spark_submit.py:634} INFO - 25/04/25 07:09:18 INFO SparkEnv: Registering BlockManagerMasterHeartbeat
[2025-04-25T07:09:18.663+0000] {spark_submit.py:634} INFO - 25/04/25 07:09:18 INFO DiskBlockManager: Created local directory at /tmp/blockmgr-959d05e1-36ac-40ed-9d04-af3b53dc0a7c
[2025-04-25T07:09:18.681+0000] {spark_submit.py:634} INFO - 25/04/25 07:09:18 INFO MemoryStore: MemoryStore started with capacity 434.4 MiB
[2025-04-25T07:09:18.705+0000] {spark_submit.py:634} INFO - 25/04/25 07:09:18 INFO SparkEnv: Registering OutputCommitCoordinator
[2025-04-25T07:09:18.964+0000] {spark_submit.py:634} INFO - 25/04/25 07:09:18 INFO JettyUtils: Start Jetty 0.0.0.0:4040 for SparkUI
[2025-04-25T07:09:19.112+0000] {spark_submit.py:634} INFO - 25/04/25 07:09:19 INFO Utils: Successfully started service 'SparkUI' on port 4040.
[2025-04-25T07:09:19.271+0000] {spark_submit.py:634} INFO - 25/04/25 07:09:19 ERROR SparkContext: Error initializing SparkContext.
[2025-04-25T07:09:19.271+0000] {spark_submit.py:634} INFO - org.apache.spark.SparkException: Invalid master URL: spark://spark-master:7077:7077
[2025-04-25T07:09:19.272+0000] {spark_submit.py:634} INFO - at org.apache.spark.util.Utils$.extractHostPortFromSparkUrl(Utils.scala:2401)
[2025-04-25T07:09:19.272+0000] {spark_submit.py:634} INFO - at org.apache.spark.rpc.RpcAddress$.fromSparkURL(RpcAddress.scala:54)
[2025-04-25T07:09:19.272+0000] {spark_submit.py:634} INFO - at org.apache.spark.deploy.client.StandaloneAppClient.$anonfun$masterRpcAddresses$1(StandaloneAppClient.scala:54)
[2025-04-25T07:09:19.273+0000] {spark_submit.py:634} INFO - at scala.collection.TraversableLike.$anonfun$map$1(TraversableLike.scala:286)
[2025-04-25T07:09:19.273+0000] {spark_submit.py:634} INFO - at scala.collection.IndexedSeqOptimized.foreach(IndexedSeqOptimized.scala:36)
[2025-04-25T07:09:19.273+0000] {spark_submit.py:634} INFO - at scala.collection.IndexedSeqOptimized.foreach$(IndexedSeqOptimized.scala:33)
[2025-04-25T07:09:19.274+0000] {spark_submit.py:634} INFO - at scala.collection.mutable.ArrayOps$ofRef.foreach(ArrayOps.scala:198)
[2025-04-25T07:09:19.274+0000] {spark_submit.py:634} INFO - at scala.collection.TraversableLike.map(TraversableLike.scala:286)
[2025-04-25T07:09:19.274+0000] {spark_submit.py:634} INFO - at scala.collection.TraversableLike.map$(TraversableLike.scala:279)
[2025-04-25T07:09:19.274+0000] {spark_submit.py:634} INFO - at scala.collection.mutable.ArrayOps$ofRef.map(ArrayOps.scala:198)
[2025-04-25T07:09:19.275+0000] {spark_submit.py:634} INFO - at org.apache.spark.deploy.client.StandaloneAppClient.<init>(StandaloneAppClient.scala:54)
[2025-04-25T07:09:19.275+0000] {spark_submit.py:634} INFO - at org.apache.spark.scheduler.cluster.StandaloneSchedulerBackend.start(StandaloneSchedulerBackend.scala:134)
[2025-04-25T07:09:19.275+0000] {spark_submit.py:634} INFO - at org.apache.spark.scheduler.TaskSchedulerImpl.start(TaskSchedulerImpl.scala:235)
[2025-04-25T07:09:19.276+0000] {spark_submit.py:634} INFO - at org.apache.spark.SparkContext.<init>(SparkContext.scala:599)
[2025-04-25T07:09:19.276+0000] {spark_submit.py:634} INFO - at org.apache.spark.api.java.JavaSparkContext.<init>(JavaSparkContext.scala:58)
[2025-04-25T07:09:19.276+0000] {spark_submit.py:634} INFO - at java.base/jdk.internal.reflect.NativeConstructorAccessorImpl.newInstance0(Native Method)
[2025-04-25T07:09:19.277+0000] {spark_submit.py:634} INFO - at java.base/jdk.internal.reflect.NativeConstructorAccessorImpl.newInstance(NativeConstructorAccessorImpl.java:77)
[2025-04-25T07:09:19.277+0000] {spark_submit.py:634} INFO - at java.base/jdk.internal.reflect.DelegatingConstructorAccessorImpl.newInstance(DelegatingConstructorAccessorImpl.java:45)
[2025-04-25T07:09:19.277+0000] {spark_submit.py:634} INFO - at java.base/java.lang.reflect.Constructor.newInstanceWithCaller(Constructor.java:500)
[2025-04-25T07:09:19.278+0000] {spark_submit.py:634} INFO - at java.base/java.lang.reflect.Constructor.newInstance(Constructor.java:481)
[2025-04-25T07:09:19.278+0000] {spark_submit.py:634} INFO - at py4j.reflection.MethodInvoker.invoke(MethodInvoker.java:247)
[2025-04-25T07:09:19.278+0000] {spark_submit.py:634} INFO - at py4j.reflection.ReflectionEngine.invoke(ReflectionEngine.java:374)
[2025-04-25T07:09:19.279+0000] {spark_submit.py:634} INFO - at py4j.Gateway.invoke(Gateway.java:238)
[2025-04-25T07:09:19.279+0000] {spark_submit.py:634} INFO - at py4j.commands.ConstructorCommand.invokeConstructor(ConstructorCommand.java:80)
[2025-04-25T07:09:19.279+0000] {spark_submit.py:634} INFO - at py4j.commands.ConstructorCommand.execute(ConstructorCommand.java:69)
[2025-04-25T07:09:19.280+0000] {spark_submit.py:634} INFO - at py4j.ClientServerConnection.waitForCommands(ClientServerConnection.java:182)
[2025-04-25T07:09:19.280+0000] {spark_submit.py:634} INFO - at py4j.ClientServerConnection.run(ClientServerConnection.java:106)
[2025-04-25T07:09:19.280+0000] {spark_submit.py:634} INFO - at java.base/java.lang.Thread.run(Thread.java:840)
[2025-04-25T07:09:19.281+0000] {spark_submit.py:634} INFO - 25/04/25 07:09:19 INFO SparkContext: SparkContext is stopping with exitCode 0.
[2025-04-25T07:09:19.283+0000] {spark_submit.py:634} INFO - 25/04/25 07:09:19 INFO SparkUI: Stopped Spark web UI at http://8f416ae2c250:4040
[2025-04-25T07:09:19.289+0000] {spark_submit.py:634} INFO - 25/04/25 07:09:19 INFO StandaloneSchedulerBackend: Shutting down all executors
[2025-04-25T07:09:19.292+0000] {spark_submit.py:634} INFO - 25/04/25 07:09:19 INFO StandaloneSchedulerBackend$StandaloneDriverEndpoint: Asking each executor to shut down
[2025-04-25T07:09:19.309+0000] {spark_submit.py:634} INFO - 25/04/25 07:09:19 INFO MapOutputTrackerMasterEndpoint: MapOutputTrackerMasterEndpoint stopped!
[2025-04-25T07:09:19.320+0000] {spark_submit.py:634} INFO - 25/04/25 07:09:19 INFO MemoryStore: MemoryStore cleared
[2025-04-25T07:09:19.321+0000] {spark_submit.py:634} INFO - 25/04/25 07:09:19 INFO BlockManager: BlockManager stopped
[2025-04-25T07:09:19.329+0000] {spark_submit.py:634} INFO - 25/04/25 07:09:19 INFO BlockManagerMaster: BlockManagerMaster stopped
[2025-04-25T07:09:19.330+0000] {spark_submit.py:634} INFO - 25/04/25 07:09:19 WARN MetricsSystem: Stopping a MetricsSystem that is not running
[2025-04-25T07:09:19.333+0000] {spark_submit.py:634} INFO - 25/04/25 07:09:19 INFO OutputCommitCoordinator$OutputCommitCoordinatorEndpoint: OutputCommitCoordinator stopped!
[2025-04-25T07:09:19.344+0000] {spark_submit.py:634} INFO - 25/04/25 07:09:19 INFO SparkContext: Successfully stopped SparkContext
[2025-04-25T07:09:19.345+0000] {spark_submit.py:634} INFO - Traceback (most recent call last):
[2025-04-25T07:09:19.345+0000] {spark_submit.py:634} INFO - File "/opt/***/include/scripts/read.py", line 14, in <module>
[2025-04-25T07:09:19.348+0000] {spark_submit.py:634} INFO - main()
[2025-04-25T07:09:19.349+0000] {spark_submit.py:634} INFO - File "/opt/***/include/scripts/read.py", line 4, in main
[2025-04-25T07:09:19.350+0000] {spark_submit.py:634} INFO - spark = SparkSession.builder \
[2025-04-25T07:09:19.351+0000] {spark_submit.py:634} INFO - File "/home/***/.local/lib/python3.9/site-packages/pyspark/python/lib/pyspark.zip/pyspark/sql/session.py", line 497, in getOrCreate
[2025-04-25T07:09:19.351+0000] {spark_submit.py:634} INFO - File "/home/***/.local/lib/python3.9/site-packages/pyspark/python/lib/pyspark.zip/pyspark/context.py", line 515, in getOrCreate
[2025-04-25T07:09:19.352+0000] {spark_submit.py:634} INFO - File "/home/***/.local/lib/python3.9/site-packages/pyspark/python/lib/pyspark.zip/pyspark/context.py", line 203, in __init__
[2025-04-25T07:09:19.353+0000] {spark_submit.py:634} INFO - File "/home/***/.local/lib/python3.9/site-packages/pyspark/python/lib/pyspark.zip/pyspark/context.py", line 296, in _do_init
[2025-04-25T07:09:19.354+0000] {spark_submit.py:634} INFO - File "/home/***/.local/lib/python3.9/site-packages/pyspark/python/lib/pyspark.zip/pyspark/context.py", line 421, in _initialize_context
[2025-04-25T07:09:19.354+0000] {spark_submit.py:634} INFO - File "/home/***/.local/lib/python3.9/site-packages/pyspark/python/lib/py4j-0.10.9.7-src.zip/py4j/java_gateway.py", line 1587, in __call__
[2025-04-25T07:09:19.355+0000] {spark_submit.py:634} INFO - File "/home/***/.local/lib/python3.9/site-packages/pyspark/python/lib/py4j-0.10.9.7-src.zip/py4j/protocol.py", line 326, in get_return_value
[2025-04-25T07:09:19.357+0000] {spark_submit.py:634} INFO - py4j.protocol.Py4JJavaError: An error occurred while calling None.org.apache.spark.api.java.JavaSparkContext.
[2025-04-25T07:09:19.357+0000] {spark_submit.py:634} INFO - : org.apache.spark.SparkException: Invalid master URL: spark://spark-master:7077:7077
[2025-04-25T07:09:19.358+0000] {spark_submit.py:634} INFO - at org.apache.spark.util.Utils$.extractHostPortFromSparkUrl(Utils.scala:2401)
[2025-04-25T07:09:19.358+0000] {spark_submit.py:634} INFO - at org.apache.spark.rpc.RpcAddress$.fromSparkURL(RpcAddress.scala:54)
[2025-04-25T07:09:19.358+0000] {spark_submit.py:634} INFO - at org.apache.spark.deploy.client.StandaloneAppClient.$anonfun$masterRpcAddresses$1(StandaloneAppClient.scala:54)
[2025-04-25T07:09:19.359+0000] {spark_submit.py:634} INFO - at scala.collection.TraversableLike.$anonfun$map$1(TraversableLike.scala:286)
[2025-04-25T07:09:19.359+0000] {spark_submit.py:634} INFO - at scala.collection.IndexedSeqOptimized.foreach(IndexedSeqOptimized.scala:36)
[2025-04-25T07:09:19.360+0000] {spark_submit.py:634} INFO - at scala.collection.IndexedSeqOptimized.foreach$(IndexedSeqOptimized.scala:33)
[2025-04-25T07:09:19.360+0000] {spark_submit.py:634} INFO - at scala.collection.mutable.ArrayOps$ofRef.foreach(ArrayOps.scala:198)
[2025-04-25T07:09:19.360+0000] {spark_submit.py:634} INFO - at scala.collection.TraversableLike.map(TraversableLike.scala:286)
[2025-04-25T07:09:19.361+0000] {spark_submit.py:634} INFO - at scala.collection.TraversableLike.map$(TraversableLike.scala:279)
[2025-04-25T07:09:19.361+0000] {spark_submit.py:634} INFO - at scala.collection.mutable.ArrayOps$ofRef.map(ArrayOps.scala:198)
[2025-04-25T07:09:19.361+0000] {spark_submit.py:634} INFO - at org.apache.spark.deploy.client.StandaloneAppClient.<init>(StandaloneAppClient.scala:54)
[2025-04-25T07:09:19.362+0000] {spark_submit.py:634} INFO - at org.apache.spark.scheduler.cluster.StandaloneSchedulerBackend.start(StandaloneSchedulerBackend.scala:134)
[2025-04-25T07:09:19.362+0000] {spark_submit.py:634} INFO - at org.apache.spark.scheduler.TaskSchedulerImpl.start(TaskSchedulerImpl.scala:235)
[2025-04-25T07:09:19.363+0000] {spark_submit.py:634} INFO - at org.apache.spark.SparkContext.<init>(SparkContext.scala:599)
[2025-04-25T07:09:19.363+0000] {spark_submit.py:634} INFO - at org.apache.spark.api.java.JavaSparkContext.<init>(JavaSparkContext.scala:58)
[2025-04-25T07:09:19.363+0000] {spark_submit.py:634} INFO - at java.base/jdk.internal.reflect.NativeConstructorAccessorImpl.newInstance0(Native Method)
[2025-04-25T07:09:19.364+0000] {spark_submit.py:634} INFO - at java.base/jdk.internal.reflect.NativeConstructorAccessorImpl.newInstance(NativeConstructorAccessorImpl.java:77)
[2025-04-25T07:09:19.364+0000] {spark_submit.py:634} INFO - at java.base/jdk.internal.reflect.DelegatingConstructorAccessorImpl.newInstance(DelegatingConstructorAccessorImpl.java:45)
[2025-04-25T07:09:19.364+0000] {spark_submit.py:634} INFO - at java.base/java.lang.reflect.Constructor.newInstanceWithCaller(Constructor.java:500)
[2025-04-25T07:09:19.365+0000] {spark_submit.py:634} INFO - at java.base/java.lang.reflect.Constructor.newInstance(Constructor.java:481)
[2025-04-25T07:09:19.365+0000] {spark_submit.py:634} INFO - at py4j.reflection.MethodInvoker.invoke(MethodInvoker.java:247)
[2025-04-25T07:09:19.365+0000] {spark_submit.py:634} INFO - at py4j.reflection.ReflectionEngine.invoke(ReflectionEngine.java:374)
[2025-04-25T07:09:19.366+0000] {spark_submit.py:634} INFO - at py4j.Gateway.invoke(Gateway.java:238)
[2025-04-25T07:09:19.366+0000] {spark_submit.py:634} INFO - at py4j.commands.ConstructorCommand.invokeConstructor(ConstructorCommand.java:80)
[2025-04-25T07:09:19.366+0000] {spark_submit.py:634} INFO - at py4j.commands.ConstructorCommand.execute(ConstructorCommand.java:69)
[2025-04-25T07:09:19.367+0000] {spark_submit.py:634} INFO - at py4j.ClientServerConnection.waitForCommands(ClientServerConnection.java:182)
[2025-04-25T07:09:19.367+0000] {spark_submit.py:634} INFO - at py4j.ClientServerConnection.run(ClientServerConnection.java:106)
[2025-04-25T07:09:19.367+0000] {spark_submit.py:634} INFO - at java.base/java.lang.Thread.run(Thread.java:840)
[2025-04-25T07:09:19.368+0000] {spark_submit.py:634} INFO - 
[2025-04-25T07:09:19.418+0000] {spark_submit.py:634} INFO - 25/04/25 07:09:19 INFO ShutdownHookManager: Shutdown hook called
[2025-04-25T07:09:19.418+0000] {spark_submit.py:634} INFO - 25/04/25 07:09:19 INFO ShutdownHookManager: Deleting directory /tmp/spark-6c4f3d1a-3699-4fcb-8120-dbbd8034c03e
[2025-04-25T07:09:19.424+0000] {spark_submit.py:634} INFO - 25/04/25 07:09:19 INFO ShutdownHookManager: Deleting directory /tmp/spark-ffaa59ee-bf35-42d0-bfd1-8a71863066be
[2025-04-25T07:09:19.488+0000] {taskinstance.py:2698} ERROR - Task failed with exception
Traceback (most recent call last):
  File "/home/airflow/.local/lib/python3.9/site-packages/airflow/models/taskinstance.py", line 433, in _execute_task
    result = execute_callable(context=context, **execute_callable_kwargs)
  File "/home/airflow/.local/lib/python3.9/site-packages/airflow/providers/apache/spark/operators/spark_submit.py", line 176, in execute
    self._hook.submit(self.application)
  File "/home/airflow/.local/lib/python3.9/site-packages/airflow/providers/apache/spark/hooks/spark_submit.py", line 560, in submit
    raise AirflowException(
airflow.exceptions.AirflowException: Cannot execute: spark-submit --master spark://spark-master:7077:7077 --principal *** --name arrow-spark --verbose --deploy-mode client ./include/scripts/read.py. Error code is: 1.
[2025-04-25T07:09:19.492+0000] {taskinstance.py:1138} INFO - Marking task as FAILED. dag_id=my_dag, task_id=read_Data, execution_date=20250425T070913, start_date=20250425T070915, end_date=20250425T070919
[2025-04-25T07:09:19.506+0000] {standard_task_runner.py:107} ERROR - Failed to execute job 6 for task read_Data (Cannot execute: spark-submit --master spark://spark-master:7077:7077 --principal *** --name arrow-spark --verbose --deploy-mode client ./include/scripts/read.py. Error code is: 1.; 753)
[2025-04-25T07:09:19.539+0000] {local_task_job_runner.py:234} INFO - Task exited with return code 1
[2025-04-25T07:09:19.554+0000] {taskinstance.py:3280} INFO - 0 downstream tasks scheduled from follow-on schedule check
