[2025-05-18T11:36:17.131+0000] {taskinstance.py:1956} INFO - Dependencies all met for dep_context=non-requeueable deps ti=<TaskInstance: my_dag.read_Data manual__2025-05-18T11:36:13.759682+00:00 [queued]>
[2025-05-18T11:36:17.139+0000] {taskinstance.py:1956} INFO - Dependencies all met for dep_context=requeueable deps ti=<TaskInstance: my_dag.read_Data manual__2025-05-18T11:36:13.759682+00:00 [queued]>
[2025-05-18T11:36:17.140+0000] {taskinstance.py:2170} INFO - Starting attempt 1 of 1
[2025-05-18T11:36:17.157+0000] {taskinstance.py:2191} INFO - Executing <Task(SparkSubmitOperator): read_Data> on 2025-05-18 11:36:13.759682+00:00
[2025-05-18T11:36:17.170+0000] {standard_task_runner.py:60} INFO - Started process 87 to run task
[2025-05-18T11:36:17.176+0000] {standard_task_runner.py:87} INFO - Running: ['***', 'tasks', 'run', 'my_dag', 'read_Data', 'manual__2025-05-18T11:36:13.759682+00:00', '--job-id', '46', '--raw', '--subdir', 'DAGS_FOLDER/mydag.py', '--cfg-path', '/tmp/tmpp3kg4wpo']
[2025-05-18T11:36:17.184+0000] {standard_task_runner.py:88} INFO - Job 46: Subtask read_Data
[2025-05-18T11:36:17.258+0000] {task_command.py:423} INFO - Running <TaskInstance: my_dag.read_Data manual__2025-05-18T11:36:13.759682+00:00 [running]> on host bab329b36d61
[2025-05-18T11:36:17.374+0000] {taskinstance.py:2480} INFO - Exporting env vars: AIRFLOW_CTX_DAG_OWNER='***' AIRFLOW_CTX_DAG_ID='my_dag' AIRFLOW_CTX_TASK_ID='read_Data' AIRFLOW_CTX_EXECUTION_DATE='2025-05-18T11:36:13.759682+00:00' AIRFLOW_CTX_TRY_NUMBER='1' AIRFLOW_CTX_DAG_RUN_ID='manual__2025-05-18T11:36:13.759682+00:00'
[2025-05-18T11:36:17.387+0000] {base.py:83} INFO - Using connection ID 'my_spark_conn' for task execution.
[2025-05-18T11:36:17.389+0000] {spark_submit.py:327} ERROR - Failed to decode base64 keytab: Incorrect padding
[2025-05-18T11:36:17.390+0000] {spark_submit.py:304} INFO - Could not load connection string my_spark_conn, defaulting to spark://spark-master:7077
[2025-05-18T11:36:17.391+0000] {spark_submit.py:473} INFO - Spark-Submit cmd: spark-submit --master spark://spark-master:7077 --principal *** --name arrow-spark --verbose --deploy-mode client ./include/scripts/read.py
[2025-05-18T11:36:19.099+0000] {spark_submit.py:634} INFO - Using properties file: null
[2025-05-18T11:36:19.210+0000] {spark_submit.py:634} INFO - Parsed arguments:
[2025-05-18T11:36:19.211+0000] {spark_submit.py:634} INFO - master                  spark://spark-master:7077
[2025-05-18T11:36:19.211+0000] {spark_submit.py:634} INFO - remote                  null
[2025-05-18T11:36:19.212+0000] {spark_submit.py:634} INFO - deployMode              client
[2025-05-18T11:36:19.212+0000] {spark_submit.py:634} INFO - executorMemory          null
[2025-05-18T11:36:19.212+0000] {spark_submit.py:634} INFO - executorCores           null
[2025-05-18T11:36:19.212+0000] {spark_submit.py:634} INFO - totalExecutorCores      null
[2025-05-18T11:36:19.213+0000] {spark_submit.py:634} INFO - propertiesFile          null
[2025-05-18T11:36:19.213+0000] {spark_submit.py:634} INFO - driverMemory            null
[2025-05-18T11:36:19.213+0000] {spark_submit.py:634} INFO - driverCores             null
[2025-05-18T11:36:19.214+0000] {spark_submit.py:634} INFO - driverExtraClassPath    null
[2025-05-18T11:36:19.214+0000] {spark_submit.py:634} INFO - driverExtraLibraryPath  null
[2025-05-18T11:36:19.214+0000] {spark_submit.py:634} INFO - driverExtraJavaOptions  null
[2025-05-18T11:36:19.215+0000] {spark_submit.py:634} INFO - supervise               false
[2025-05-18T11:36:19.215+0000] {spark_submit.py:634} INFO - queue                   null
[2025-05-18T11:36:19.215+0000] {spark_submit.py:634} INFO - numExecutors            null
[2025-05-18T11:36:19.216+0000] {spark_submit.py:634} INFO - files                   null
[2025-05-18T11:36:19.216+0000] {spark_submit.py:634} INFO - pyFiles                 null
[2025-05-18T11:36:19.216+0000] {spark_submit.py:634} INFO - archives                null
[2025-05-18T11:36:19.216+0000] {spark_submit.py:634} INFO - mainClass               null
[2025-05-18T11:36:19.217+0000] {spark_submit.py:634} INFO - primaryResource         file:/opt/***/include/scripts/read.py
[2025-05-18T11:36:19.217+0000] {spark_submit.py:634} INFO - name                    arrow-spark
[2025-05-18T11:36:19.217+0000] {spark_submit.py:634} INFO - childArgs               []
[2025-05-18T11:36:19.218+0000] {spark_submit.py:634} INFO - jars                    null
[2025-05-18T11:36:19.218+0000] {spark_submit.py:634} INFO - packages                null
[2025-05-18T11:36:19.218+0000] {spark_submit.py:634} INFO - packagesExclusions      null
[2025-05-18T11:36:19.218+0000] {spark_submit.py:634} INFO - repositories            null
[2025-05-18T11:36:19.219+0000] {spark_submit.py:634} INFO - verbose                 true
[2025-05-18T11:36:19.219+0000] {spark_submit.py:634} INFO - 
[2025-05-18T11:36:19.219+0000] {spark_submit.py:634} INFO - Spark properties used, including those specified through
[2025-05-18T11:36:19.220+0000] {spark_submit.py:634} INFO - --conf and those from the properties file null:
[2025-05-18T11:36:19.220+0000] {spark_submit.py:634} INFO - 
[2025-05-18T11:36:19.220+0000] {spark_submit.py:634} INFO - 
[2025-05-18T11:36:19.221+0000] {spark_submit.py:634} INFO - 
[2025-05-18T11:36:19.503+0000] {spark_submit.py:634} INFO - Main class:
[2025-05-18T11:36:19.504+0000] {spark_submit.py:634} INFO - org.apache.spark.deploy.PythonRunner
[2025-05-18T11:36:19.504+0000] {spark_submit.py:634} INFO - Arguments:
[2025-05-18T11:36:19.504+0000] {spark_submit.py:634} INFO - file:/opt/***/include/scripts/read.py
[2025-05-18T11:36:19.505+0000] {spark_submit.py:634} INFO - null
[2025-05-18T11:36:19.507+0000] {spark_submit.py:634} INFO - Spark config:
[2025-05-18T11:36:19.508+0000] {spark_submit.py:634} INFO - (spark.app.name,arrow-spark)
[2025-05-18T11:36:19.508+0000] {spark_submit.py:634} INFO - (spark.app.submitTime,1747568179486)
[2025-05-18T11:36:19.508+0000] {spark_submit.py:634} INFO - (spark.kerberos.principal,***)
[2025-05-18T11:36:19.509+0000] {spark_submit.py:634} INFO - (spark.master,spark://spark-master:7077)
[2025-05-18T11:36:19.509+0000] {spark_submit.py:634} INFO - (spark.submit.deployMode,client)
[2025-05-18T11:36:19.510+0000] {spark_submit.py:634} INFO - (spark.submit.pyFiles,)
[2025-05-18T11:36:19.510+0000] {spark_submit.py:634} INFO - Classpath elements:
[2025-05-18T11:36:19.510+0000] {spark_submit.py:634} INFO - 
[2025-05-18T11:36:19.510+0000] {spark_submit.py:634} INFO - 
[2025-05-18T11:36:19.511+0000] {spark_submit.py:634} INFO - 
[2025-05-18T11:36:20.360+0000] {spark_submit.py:634} INFO - 25/05/18 11:36:20 INFO SparkContext: Running Spark version 3.5.5
[2025-05-18T11:36:20.362+0000] {spark_submit.py:634} INFO - 25/05/18 11:36:20 INFO SparkContext: OS info Linux, 5.15.167.4-microsoft-standard-WSL2, amd64
[2025-05-18T11:36:20.363+0000] {spark_submit.py:634} INFO - 25/05/18 11:36:20 INFO SparkContext: Java version 17.0.14
[2025-05-18T11:36:20.434+0000] {spark_submit.py:634} INFO - 25/05/18 11:36:20 WARN NativeCodeLoader: Unable to load native-hadoop library for your platform... using builtin-java classes where applicable
[2025-05-18T11:36:20.544+0000] {spark_submit.py:634} INFO - 25/05/18 11:36:20 INFO ResourceUtils: ==============================================================
[2025-05-18T11:36:20.545+0000] {spark_submit.py:634} INFO - 25/05/18 11:36:20 INFO ResourceUtils: No custom resources configured for spark.driver.
[2025-05-18T11:36:20.545+0000] {spark_submit.py:634} INFO - 25/05/18 11:36:20 INFO ResourceUtils: ==============================================================
[2025-05-18T11:36:20.546+0000] {spark_submit.py:634} INFO - 25/05/18 11:36:20 INFO SparkContext: Submitted application: PySpark Example
[2025-05-18T11:36:20.565+0000] {spark_submit.py:634} INFO - 25/05/18 11:36:20 INFO ResourceProfile: Default ResourceProfile created, executor resources: Map(memory -> name: memory, amount: 1024, script: , vendor: , offHeap -> name: offHeap, amount: 0, script: , vendor: ), task resources: Map(cpus -> name: cpus, amount: 1.0)
[2025-05-18T11:36:20.573+0000] {spark_submit.py:634} INFO - 25/05/18 11:36:20 INFO ResourceProfile: Limiting resource is cpu
[2025-05-18T11:36:20.574+0000] {spark_submit.py:634} INFO - 25/05/18 11:36:20 INFO ResourceProfileManager: Added ResourceProfile id: 0
[2025-05-18T11:36:20.631+0000] {spark_submit.py:634} INFO - 25/05/18 11:36:20 INFO SecurityManager: Changing view acls to: ***
[2025-05-18T11:36:20.632+0000] {spark_submit.py:634} INFO - 25/05/18 11:36:20 INFO SecurityManager: Changing modify acls to: ***
[2025-05-18T11:36:20.633+0000] {spark_submit.py:634} INFO - 25/05/18 11:36:20 INFO SecurityManager: Changing view acls groups to:
[2025-05-18T11:36:20.633+0000] {spark_submit.py:634} INFO - 25/05/18 11:36:20 INFO SecurityManager: Changing modify acls groups to:
[2025-05-18T11:36:20.634+0000] {spark_submit.py:634} INFO - 25/05/18 11:36:20 INFO SecurityManager: SecurityManager: authentication disabled; ui acls disabled; users with view permissions: ***; groups with view permissions: EMPTY; users with modify permissions: ***; groups with modify permissions: EMPTY
[2025-05-18T11:36:20.871+0000] {spark_submit.py:634} INFO - 25/05/18 11:36:20 INFO Utils: Successfully started service 'sparkDriver' on port 36845.
[2025-05-18T11:36:20.911+0000] {spark_submit.py:634} INFO - 25/05/18 11:36:20 INFO SparkEnv: Registering MapOutputTracker
[2025-05-18T11:36:20.949+0000] {spark_submit.py:634} INFO - 25/05/18 11:36:20 INFO SparkEnv: Registering BlockManagerMaster
[2025-05-18T11:36:20.972+0000] {spark_submit.py:634} INFO - 25/05/18 11:36:20 INFO BlockManagerMasterEndpoint: Using org.apache.spark.storage.DefaultTopologyMapper for getting topology information
[2025-05-18T11:36:20.973+0000] {spark_submit.py:634} INFO - 25/05/18 11:36:20 INFO BlockManagerMasterEndpoint: BlockManagerMasterEndpoint up
[2025-05-18T11:36:20.978+0000] {spark_submit.py:634} INFO - 25/05/18 11:36:20 INFO SparkEnv: Registering BlockManagerMasterHeartbeat
[2025-05-18T11:36:21.007+0000] {spark_submit.py:634} INFO - 25/05/18 11:36:21 INFO DiskBlockManager: Created local directory at /tmp/blockmgr-7d4791ee-a63e-446c-83a9-11d8ebdfe428
[2025-05-18T11:36:21.025+0000] {spark_submit.py:634} INFO - 25/05/18 11:36:21 INFO MemoryStore: MemoryStore started with capacity 434.4 MiB
[2025-05-18T11:36:21.042+0000] {spark_submit.py:634} INFO - 25/05/18 11:36:21 INFO SparkEnv: Registering OutputCommitCoordinator
[2025-05-18T11:36:21.213+0000] {spark_submit.py:634} INFO - 25/05/18 11:36:21 INFO JettyUtils: Start Jetty 0.0.0.0:4040 for SparkUI
[2025-05-18T11:36:21.276+0000] {spark_submit.py:634} INFO - 25/05/18 11:36:21 INFO Utils: Successfully started service 'SparkUI' on port 4040.
[2025-05-18T11:36:21.394+0000] {spark_submit.py:634} INFO - 25/05/18 11:36:21 INFO StandaloneAppClient$ClientEndpoint: Connecting to master spark://spark-master:7077...
[2025-05-18T11:36:21.437+0000] {spark_submit.py:634} INFO - 25/05/18 11:36:21 INFO TransportClientFactory: Successfully created connection to spark-master/172.18.0.4:7077 after 22 ms (0 ms spent in bootstraps)
[2025-05-18T11:36:21.586+0000] {spark_submit.py:634} INFO - 25/05/18 11:36:21 INFO StandaloneSchedulerBackend: Connected to Spark cluster with app ID app-20250518113621-0000
[2025-05-18T11:36:21.595+0000] {spark_submit.py:634} INFO - 25/05/18 11:36:21 INFO Utils: Successfully started service 'org.apache.spark.network.netty.NettyBlockTransferService' on port 41653.
[2025-05-18T11:36:21.596+0000] {spark_submit.py:634} INFO - 25/05/18 11:36:21 INFO NettyBlockTransferService: Server created on bab329b36d61:41653
[2025-05-18T11:36:21.597+0000] {spark_submit.py:634} INFO - 25/05/18 11:36:21 INFO BlockManager: Using org.apache.spark.storage.RandomBlockReplicationPolicy for block replication policy
[2025-05-18T11:36:21.605+0000] {spark_submit.py:634} INFO - 25/05/18 11:36:21 INFO BlockManagerMaster: Registering BlockManager BlockManagerId(driver, bab329b36d61, 41653, None)
[2025-05-18T11:36:21.610+0000] {spark_submit.py:634} INFO - 25/05/18 11:36:21 INFO BlockManagerMasterEndpoint: Registering block manager bab329b36d61:41653 with 434.4 MiB RAM, BlockManagerId(driver, bab329b36d61, 41653, None)
[2025-05-18T11:36:21.611+0000] {spark_submit.py:634} INFO - 25/05/18 11:36:21 INFO StandaloneAppClient$ClientEndpoint: Executor added: app-20250518113621-0000/0 on worker-20250518113429-172.18.0.5-40043 (172.18.0.5:40043) with 2 core(s)
[2025-05-18T11:36:21.612+0000] {spark_submit.py:634} INFO - 25/05/18 11:36:21 INFO BlockManagerMaster: Registered BlockManager BlockManagerId(driver, bab329b36d61, 41653, None)
[2025-05-18T11:36:21.613+0000] {spark_submit.py:634} INFO - 25/05/18 11:36:21 INFO StandaloneSchedulerBackend: Granted executor ID app-20250518113621-0000/0 on hostPort 172.18.0.5:40043 with 2 core(s), 1024.0 MiB RAM
[2025-05-18T11:36:21.614+0000] {spark_submit.py:634} INFO - 25/05/18 11:36:21 INFO BlockManager: Initialized BlockManager: BlockManagerId(driver, bab329b36d61, 41653, None)
[2025-05-18T11:36:21.789+0000] {spark_submit.py:634} INFO - 25/05/18 11:36:21 INFO StandaloneAppClient$ClientEndpoint: Executor updated: app-20250518113621-0000/0 is now RUNNING
[2025-05-18T11:36:21.925+0000] {spark_submit.py:634} INFO - 25/05/18 11:36:21 INFO StandaloneSchedulerBackend: SchedulerBackend is ready for scheduling beginning after reached minRegisteredResourcesRatio: 0.0
[2025-05-18T11:36:22.285+0000] {spark_submit.py:634} INFO - 25/05/18 11:36:22 INFO SharedState: Setting hive.metastore.warehouse.dir ('null') to the value of spark.sql.warehouse.dir.
[2025-05-18T11:36:22.293+0000] {spark_submit.py:634} INFO - 25/05/18 11:36:22 INFO SharedState: Warehouse path is 'file:/opt/***/spark-warehouse'.
[2025-05-18T11:36:23.614+0000] {spark_submit.py:634} INFO - 25/05/18 11:36:23 INFO InMemoryFileIndex: It took 76 ms to list leaf files for 1 paths.
[2025-05-18T11:36:23.745+0000] {spark_submit.py:634} INFO - 25/05/18 11:36:23 INFO InMemoryFileIndex: It took 24 ms to list leaf files for 1 paths.
[2025-05-18T11:36:24.787+0000] {spark_submit.py:634} INFO - 25/05/18 11:36:24 INFO StandaloneSchedulerBackend$StandaloneDriverEndpoint: Registered executor NettyRpcEndpointRef(spark-client://Executor) (172.18.0.5:46702) with ID 0,  ResourceProfileId 0
[2025-05-18T11:36:24.852+0000] {spark_submit.py:634} INFO - 25/05/18 11:36:24 INFO BlockManagerMasterEndpoint: Registering block manager 172.18.0.5:41729 with 434.4 MiB RAM, BlockManagerId(0, 172.18.0.5, 41729, None)
[2025-05-18T11:36:25.842+0000] {spark_submit.py:634} INFO - 25/05/18 11:36:25 INFO FileSourceStrategy: Pushed Filters:
[2025-05-18T11:36:25.844+0000] {spark_submit.py:634} INFO - 25/05/18 11:36:25 INFO FileSourceStrategy: Post-Scan Filters: (length(trim(value#0, None)) > 0)
[2025-05-18T11:36:26.262+0000] {spark_submit.py:634} INFO - 25/05/18 11:36:26 INFO CodeGenerator: Code generated in 167.704767 ms
[2025-05-18T11:36:26.308+0000] {spark_submit.py:634} INFO - 25/05/18 11:36:26 INFO MemoryStore: Block broadcast_0 stored as values in memory (estimated size 199.6 KiB, free 434.2 MiB)
[2025-05-18T11:36:26.349+0000] {spark_submit.py:634} INFO - 25/05/18 11:36:26 INFO MemoryStore: Block broadcast_0_piece0 stored as bytes in memory (estimated size 34.3 KiB, free 434.2 MiB)
[2025-05-18T11:36:26.352+0000] {spark_submit.py:634} INFO - 25/05/18 11:36:26 INFO BlockManagerInfo: Added broadcast_0_piece0 in memory on bab329b36d61:41653 (size: 34.3 KiB, free: 434.4 MiB)
[2025-05-18T11:36:26.355+0000] {spark_submit.py:634} INFO - 25/05/18 11:36:26 INFO SparkContext: Created broadcast 0 from csv at NativeMethodAccessorImpl.java:0
[2025-05-18T11:36:26.363+0000] {spark_submit.py:634} INFO - 25/05/18 11:36:26 INFO FileSourceScanExec: Planning scan with bin packing, max size: 4194304 bytes, open cost is considered as scanning 4194304 bytes.
[2025-05-18T11:36:26.439+0000] {spark_submit.py:634} INFO - 25/05/18 11:36:26 INFO SparkContext: Starting job: csv at NativeMethodAccessorImpl.java:0
[2025-05-18T11:36:26.450+0000] {spark_submit.py:634} INFO - 25/05/18 11:36:26 INFO DAGScheduler: Got job 0 (csv at NativeMethodAccessorImpl.java:0) with 1 output partitions
[2025-05-18T11:36:26.451+0000] {spark_submit.py:634} INFO - 25/05/18 11:36:26 INFO DAGScheduler: Final stage: ResultStage 0 (csv at NativeMethodAccessorImpl.java:0)
[2025-05-18T11:36:26.451+0000] {spark_submit.py:634} INFO - 25/05/18 11:36:26 INFO DAGScheduler: Parents of final stage: List()
[2025-05-18T11:36:26.452+0000] {spark_submit.py:634} INFO - 25/05/18 11:36:26 INFO DAGScheduler: Missing parents: List()
[2025-05-18T11:36:26.454+0000] {spark_submit.py:634} INFO - 25/05/18 11:36:26 INFO DAGScheduler: Submitting ResultStage 0 (MapPartitionsRDD[3] at csv at NativeMethodAccessorImpl.java:0), which has no missing parents
[2025-05-18T11:36:26.503+0000] {spark_submit.py:634} INFO - 25/05/18 11:36:26 INFO MemoryStore: Block broadcast_1 stored as values in memory (estimated size 13.5 KiB, free 434.2 MiB)
[2025-05-18T11:36:26.505+0000] {spark_submit.py:634} INFO - 25/05/18 11:36:26 INFO MemoryStore: Block broadcast_1_piece0 stored as bytes in memory (estimated size 6.4 KiB, free 434.2 MiB)
[2025-05-18T11:36:26.506+0000] {spark_submit.py:634} INFO - 25/05/18 11:36:26 INFO BlockManagerInfo: Added broadcast_1_piece0 in memory on bab329b36d61:41653 (size: 6.4 KiB, free: 434.4 MiB)
[2025-05-18T11:36:26.507+0000] {spark_submit.py:634} INFO - 25/05/18 11:36:26 INFO SparkContext: Created broadcast 1 from broadcast at DAGScheduler.scala:1585
[2025-05-18T11:36:26.520+0000] {spark_submit.py:634} INFO - 25/05/18 11:36:26 INFO DAGScheduler: Submitting 1 missing tasks from ResultStage 0 (MapPartitionsRDD[3] at csv at NativeMethodAccessorImpl.java:0) (first 15 tasks are for partitions Vector(0))
[2025-05-18T11:36:26.521+0000] {spark_submit.py:634} INFO - 25/05/18 11:36:26 INFO TaskSchedulerImpl: Adding task set 0.0 with 1 tasks resource profile 0
[2025-05-18T11:36:26.542+0000] {spark_submit.py:634} INFO - 25/05/18 11:36:26 INFO TaskSetManager: Starting task 0.0 in stage 0.0 (TID 0) (172.18.0.5, executor 0, partition 0, PROCESS_LOCAL, 9602 bytes)
[2025-05-18T11:36:26.771+0000] {spark_submit.py:634} INFO - 25/05/18 11:36:26 INFO BlockManagerInfo: Added broadcast_1_piece0 in memory on 172.18.0.5:41729 (size: 6.4 KiB, free: 434.4 MiB)
[2025-05-18T11:36:27.576+0000] {spark_submit.py:634} INFO - 25/05/18 11:36:27 INFO BlockManagerInfo: Added broadcast_0_piece0 in memory on 172.18.0.5:41729 (size: 34.3 KiB, free: 434.4 MiB)
[2025-05-18T11:36:28.008+0000] {spark_submit.py:634} INFO - 25/05/18 11:36:28 WARN TaskSetManager: Lost task 0.0 in stage 0.0 (TID 0) (172.18.0.5 executor 0): org.apache.spark.SparkFileNotFoundException: File file:/opt/***/include/data.csv does not exist
[2025-05-18T11:36:28.009+0000] {spark_submit.py:634} INFO - It is possible the underlying files have been updated. You can explicitly invalidate the cache in Spark by running 'REFRESH TABLE tableName' command in SQL or by recreating the Dataset/DataFrame involved.
[2025-05-18T11:36:28.009+0000] {spark_submit.py:634} INFO - at org.apache.spark.sql.errors.QueryExecutionErrors$.readCurrentFileNotFoundError(QueryExecutionErrors.scala:781)
[2025-05-18T11:36:28.010+0000] {spark_submit.py:634} INFO - at org.apache.spark.sql.execution.datasources.FileScanRDD$$anon$1.org$apache$spark$sql$execution$datasources$FileScanRDD$$anon$$readCurrentFile(FileScanRDD.scala:222)
[2025-05-18T11:36:28.010+0000] {spark_submit.py:634} INFO - at org.apache.spark.sql.execution.datasources.FileScanRDD$$anon$1.nextIterator(FileScanRDD.scala:282)
[2025-05-18T11:36:28.010+0000] {spark_submit.py:634} INFO - at org.apache.spark.sql.execution.datasources.FileScanRDD$$anon$1.hasNext(FileScanRDD.scala:131)
[2025-05-18T11:36:28.010+0000] {spark_submit.py:634} INFO - at scala.collection.Iterator$$anon$10.hasNext(Iterator.scala:460)
[2025-05-18T11:36:28.011+0000] {spark_submit.py:634} INFO - at org.apache.spark.sql.catalyst.expressions.GeneratedClass$GeneratedIteratorForCodegenStage1.processNext(Unknown Source)
[2025-05-18T11:36:28.011+0000] {spark_submit.py:634} INFO - at org.apache.spark.sql.execution.BufferedRowIterator.hasNext(BufferedRowIterator.java:43)
[2025-05-18T11:36:28.011+0000] {spark_submit.py:634} INFO - at org.apache.spark.sql.execution.WholeStageCodegenEvaluatorFactory$WholeStageCodegenPartitionEvaluator$$anon$1.hasNext(WholeStageCodegenEvaluatorFactory.scala:43)
[2025-05-18T11:36:28.012+0000] {spark_submit.py:634} INFO - at org.apache.spark.sql.execution.SparkPlan.$anonfun$getByteArrayRdd$1(SparkPlan.scala:388)
[2025-05-18T11:36:28.012+0000] {spark_submit.py:634} INFO - at org.apache.spark.rdd.RDD.$anonfun$mapPartitionsInternal$2(RDD.scala:893)
[2025-05-18T11:36:28.012+0000] {spark_submit.py:634} INFO - at org.apache.spark.rdd.RDD.$anonfun$mapPartitionsInternal$2$adapted(RDD.scala:893)
[2025-05-18T11:36:28.013+0000] {spark_submit.py:634} INFO - at org.apache.spark.rdd.MapPartitionsRDD.compute(MapPartitionsRDD.scala:52)
[2025-05-18T11:36:28.013+0000] {spark_submit.py:634} INFO - at org.apache.spark.rdd.RDD.computeOrReadCheckpoint(RDD.scala:367)
[2025-05-18T11:36:28.013+0000] {spark_submit.py:634} INFO - at org.apache.spark.rdd.RDD.iterator(RDD.scala:331)
[2025-05-18T11:36:28.014+0000] {spark_submit.py:634} INFO - at org.apache.spark.scheduler.ResultTask.runTask(ResultTask.scala:93)
[2025-05-18T11:36:28.014+0000] {spark_submit.py:634} INFO - at org.apache.spark.TaskContext.runTaskWithListeners(TaskContext.scala:166)
[2025-05-18T11:36:28.014+0000] {spark_submit.py:634} INFO - at org.apache.spark.scheduler.Task.run(Task.scala:141)
[2025-05-18T11:36:28.014+0000] {spark_submit.py:634} INFO - at org.apache.spark.executor.Executor$TaskRunner.$anonfun$run$4(Executor.scala:620)
[2025-05-18T11:36:28.015+0000] {spark_submit.py:634} INFO - at org.apache.spark.util.SparkErrorUtils.tryWithSafeFinally(SparkErrorUtils.scala:64)
[2025-05-18T11:36:28.015+0000] {spark_submit.py:634} INFO - at org.apache.spark.util.SparkErrorUtils.tryWithSafeFinally$(SparkErrorUtils.scala:61)
[2025-05-18T11:36:28.015+0000] {spark_submit.py:634} INFO - at org.apache.spark.util.Utils$.tryWithSafeFinally(Utils.scala:94)
[2025-05-18T11:36:28.016+0000] {spark_submit.py:634} INFO - at org.apache.spark.executor.Executor$TaskRunner.run(Executor.scala:623)
[2025-05-18T11:36:28.016+0000] {spark_submit.py:634} INFO - at java.base/java.util.concurrent.ThreadPoolExecutor.runWorker(Unknown Source)
[2025-05-18T11:36:28.016+0000] {spark_submit.py:634} INFO - at java.base/java.util.concurrent.ThreadPoolExecutor$Worker.run(Unknown Source)
[2025-05-18T11:36:28.017+0000] {spark_submit.py:634} INFO - at java.base/java.lang.Thread.run(Unknown Source)
[2025-05-18T11:36:28.017+0000] {spark_submit.py:634} INFO - 
[2025-05-18T11:36:28.018+0000] {spark_submit.py:634} INFO - 25/05/18 11:36:28 INFO TaskSetManager: Starting task 0.1 in stage 0.0 (TID 1) (172.18.0.5, executor 0, partition 0, PROCESS_LOCAL, 9602 bytes)
[2025-05-18T11:36:28.049+0000] {spark_submit.py:634} INFO - 25/05/18 11:36:28 INFO TaskSetManager: Lost task 0.1 in stage 0.0 (TID 1) on 172.18.0.5, executor 0: org.apache.spark.SparkFileNotFoundException (File file:/opt/***/include/data.csv does not exist
[2025-05-18T11:36:28.050+0000] {spark_submit.py:634} INFO - It is possible the underlying files have been updated. You can explicitly invalidate the cache in Spark by running 'REFRESH TABLE tableName' command in SQL or by recreating the Dataset/DataFrame involved.) [duplicate 1]
[2025-05-18T11:36:28.050+0000] {spark_submit.py:634} INFO - 25/05/18 11:36:28 INFO TaskSetManager: Starting task 0.2 in stage 0.0 (TID 2) (172.18.0.5, executor 0, partition 0, PROCESS_LOCAL, 9602 bytes)
[2025-05-18T11:36:28.077+0000] {spark_submit.py:634} INFO - 25/05/18 11:36:28 INFO TaskSetManager: Lost task 0.2 in stage 0.0 (TID 2) on 172.18.0.5, executor 0: org.apache.spark.SparkFileNotFoundException (File file:/opt/***/include/data.csv does not exist
[2025-05-18T11:36:28.078+0000] {spark_submit.py:634} INFO - It is possible the underlying files have been updated. You can explicitly invalidate the cache in Spark by running 'REFRESH TABLE tableName' command in SQL or by recreating the Dataset/DataFrame involved.) [duplicate 2]
[2025-05-18T11:36:28.078+0000] {spark_submit.py:634} INFO - 25/05/18 11:36:28 INFO TaskSetManager: Starting task 0.3 in stage 0.0 (TID 3) (172.18.0.5, executor 0, partition 0, PROCESS_LOCAL, 9602 bytes)
[2025-05-18T11:36:28.101+0000] {spark_submit.py:634} INFO - 25/05/18 11:36:28 INFO TaskSetManager: Lost task 0.3 in stage 0.0 (TID 3) on 172.18.0.5, executor 0: org.apache.spark.SparkFileNotFoundException (File file:/opt/***/include/data.csv does not exist
[2025-05-18T11:36:28.102+0000] {spark_submit.py:634} INFO - It is possible the underlying files have been updated. You can explicitly invalidate the cache in Spark by running 'REFRESH TABLE tableName' command in SQL or by recreating the Dataset/DataFrame involved.) [duplicate 3]
[2025-05-18T11:36:28.102+0000] {spark_submit.py:634} INFO - 25/05/18 11:36:28 ERROR TaskSetManager: Task 0 in stage 0.0 failed 4 times; aborting job
[2025-05-18T11:36:28.103+0000] {spark_submit.py:634} INFO - 25/05/18 11:36:28 INFO TaskSchedulerImpl: Removed TaskSet 0.0, whose tasks have all completed, from pool
[2025-05-18T11:36:28.104+0000] {spark_submit.py:634} INFO - 25/05/18 11:36:28 INFO TaskSchedulerImpl: Cancelling stage 0
[2025-05-18T11:36:28.104+0000] {spark_submit.py:634} INFO - 25/05/18 11:36:28 INFO TaskSchedulerImpl: Killing all running tasks in stage 0: Stage cancelled: Job aborted due to stage failure: Task 0 in stage 0.0 failed 4 times, most recent failure: Lost task 0.3 in stage 0.0 (TID 3) (172.18.0.5 executor 0): org.apache.spark.SparkFileNotFoundException: File file:/opt/***/include/data.csv does not exist
[2025-05-18T11:36:28.105+0000] {spark_submit.py:634} INFO - It is possible the underlying files have been updated. You can explicitly invalidate the cache in Spark by running 'REFRESH TABLE tableName' command in SQL or by recreating the Dataset/DataFrame involved.
[2025-05-18T11:36:28.105+0000] {spark_submit.py:634} INFO - at org.apache.spark.sql.errors.QueryExecutionErrors$.readCurrentFileNotFoundError(QueryExecutionErrors.scala:781)
[2025-05-18T11:36:28.105+0000] {spark_submit.py:634} INFO - at org.apache.spark.sql.execution.datasources.FileScanRDD$$anon$1.org$apache$spark$sql$execution$datasources$FileScanRDD$$anon$$readCurrentFile(FileScanRDD.scala:222)
[2025-05-18T11:36:28.106+0000] {spark_submit.py:634} INFO - at org.apache.spark.sql.execution.datasources.FileScanRDD$$anon$1.nextIterator(FileScanRDD.scala:282)
[2025-05-18T11:36:28.106+0000] {spark_submit.py:634} INFO - at org.apache.spark.sql.execution.datasources.FileScanRDD$$anon$1.hasNext(FileScanRDD.scala:131)
[2025-05-18T11:36:28.106+0000] {spark_submit.py:634} INFO - at scala.collection.Iterator$$anon$10.hasNext(Iterator.scala:460)
[2025-05-18T11:36:28.107+0000] {spark_submit.py:634} INFO - at org.apache.spark.sql.catalyst.expressions.GeneratedClass$GeneratedIteratorForCodegenStage1.processNext(Unknown Source)
[2025-05-18T11:36:28.107+0000] {spark_submit.py:634} INFO - at org.apache.spark.sql.execution.BufferedRowIterator.hasNext(BufferedRowIterator.java:43)
[2025-05-18T11:36:28.107+0000] {spark_submit.py:634} INFO - at org.apache.spark.sql.execution.WholeStageCodegenEvaluatorFactory$WholeStageCodegenPartitionEvaluator$$anon$1.hasNext(WholeStageCodegenEvaluatorFactory.scala:43)
[2025-05-18T11:36:28.108+0000] {spark_submit.py:634} INFO - at org.apache.spark.sql.execution.SparkPlan.$anonfun$getByteArrayRdd$1(SparkPlan.scala:388)
[2025-05-18T11:36:28.108+0000] {spark_submit.py:634} INFO - at org.apache.spark.rdd.RDD.$anonfun$mapPartitionsInternal$2(RDD.scala:893)
[2025-05-18T11:36:28.108+0000] {spark_submit.py:634} INFO - at org.apache.spark.rdd.RDD.$anonfun$mapPartitionsInternal$2$adapted(RDD.scala:893)
[2025-05-18T11:36:28.109+0000] {spark_submit.py:634} INFO - at org.apache.spark.rdd.MapPartitionsRDD.compute(MapPartitionsRDD.scala:52)
[2025-05-18T11:36:28.109+0000] {spark_submit.py:634} INFO - at org.apache.spark.rdd.RDD.computeOrReadCheckpoint(RDD.scala:367)
[2025-05-18T11:36:28.109+0000] {spark_submit.py:634} INFO - at org.apache.spark.rdd.RDD.iterator(RDD.scala:331)
[2025-05-18T11:36:28.110+0000] {spark_submit.py:634} INFO - at org.apache.spark.scheduler.ResultTask.runTask(ResultTask.scala:93)
[2025-05-18T11:36:28.110+0000] {spark_submit.py:634} INFO - at org.apache.spark.TaskContext.runTaskWithListeners(TaskContext.scala:166)
[2025-05-18T11:36:28.110+0000] {spark_submit.py:634} INFO - at org.apache.spark.scheduler.Task.run(Task.scala:141)
[2025-05-18T11:36:28.110+0000] {spark_submit.py:634} INFO - at org.apache.spark.executor.Executor$TaskRunner.$anonfun$run$4(Executor.scala:620)
[2025-05-18T11:36:28.111+0000] {spark_submit.py:634} INFO - at org.apache.spark.util.SparkErrorUtils.tryWithSafeFinally(SparkErrorUtils.scala:64)
[2025-05-18T11:36:28.111+0000] {spark_submit.py:634} INFO - at org.apache.spark.util.SparkErrorUtils.tryWithSafeFinally$(SparkErrorUtils.scala:61)
[2025-05-18T11:36:28.111+0000] {spark_submit.py:634} INFO - at org.apache.spark.util.Utils$.tryWithSafeFinally(Utils.scala:94)
[2025-05-18T11:36:28.112+0000] {spark_submit.py:634} INFO - at org.apache.spark.executor.Executor$TaskRunner.run(Executor.scala:623)
[2025-05-18T11:36:28.112+0000] {spark_submit.py:634} INFO - at java.base/java.util.concurrent.ThreadPoolExecutor.runWorker(Unknown Source)
[2025-05-18T11:36:28.112+0000] {spark_submit.py:634} INFO - at java.base/java.util.concurrent.ThreadPoolExecutor$Worker.run(Unknown Source)
[2025-05-18T11:36:28.112+0000] {spark_submit.py:634} INFO - at java.base/java.lang.Thread.run(Unknown Source)
[2025-05-18T11:36:28.113+0000] {spark_submit.py:634} INFO - 
[2025-05-18T11:36:28.113+0000] {spark_submit.py:634} INFO - Driver stacktrace:
[2025-05-18T11:36:28.113+0000] {spark_submit.py:634} INFO - 25/05/18 11:36:28 INFO DAGScheduler: ResultStage 0 (csv at NativeMethodAccessorImpl.java:0) failed in 1.642 s due to Job aborted due to stage failure: Task 0 in stage 0.0 failed 4 times, most recent failure: Lost task 0.3 in stage 0.0 (TID 3) (172.18.0.5 executor 0): org.apache.spark.SparkFileNotFoundException: File file:/opt/***/include/data.csv does not exist
[2025-05-18T11:36:28.114+0000] {spark_submit.py:634} INFO - It is possible the underlying files have been updated. You can explicitly invalidate the cache in Spark by running 'REFRESH TABLE tableName' command in SQL or by recreating the Dataset/DataFrame involved.
[2025-05-18T11:36:28.114+0000] {spark_submit.py:634} INFO - at org.apache.spark.sql.errors.QueryExecutionErrors$.readCurrentFileNotFoundError(QueryExecutionErrors.scala:781)
[2025-05-18T11:36:28.115+0000] {spark_submit.py:634} INFO - at org.apache.spark.sql.execution.datasources.FileScanRDD$$anon$1.org$apache$spark$sql$execution$datasources$FileScanRDD$$anon$$readCurrentFile(FileScanRDD.scala:222)
[2025-05-18T11:36:28.115+0000] {spark_submit.py:634} INFO - at org.apache.spark.sql.execution.datasources.FileScanRDD$$anon$1.nextIterator(FileScanRDD.scala:282)
[2025-05-18T11:36:28.115+0000] {spark_submit.py:634} INFO - at org.apache.spark.sql.execution.datasources.FileScanRDD$$anon$1.hasNext(FileScanRDD.scala:131)
[2025-05-18T11:36:28.116+0000] {spark_submit.py:634} INFO - at scala.collection.Iterator$$anon$10.hasNext(Iterator.scala:460)
[2025-05-18T11:36:28.116+0000] {spark_submit.py:634} INFO - at org.apache.spark.sql.catalyst.expressions.GeneratedClass$GeneratedIteratorForCodegenStage1.processNext(Unknown Source)
[2025-05-18T11:36:28.116+0000] {spark_submit.py:634} INFO - at org.apache.spark.sql.execution.BufferedRowIterator.hasNext(BufferedRowIterator.java:43)
[2025-05-18T11:36:28.116+0000] {spark_submit.py:634} INFO - at org.apache.spark.sql.execution.WholeStageCodegenEvaluatorFactory$WholeStageCodegenPartitionEvaluator$$anon$1.hasNext(WholeStageCodegenEvaluatorFactory.scala:43)
[2025-05-18T11:36:28.117+0000] {spark_submit.py:634} INFO - at org.apache.spark.sql.execution.SparkPlan.$anonfun$getByteArrayRdd$1(SparkPlan.scala:388)
[2025-05-18T11:36:28.117+0000] {spark_submit.py:634} INFO - at org.apache.spark.rdd.RDD.$anonfun$mapPartitionsInternal$2(RDD.scala:893)
[2025-05-18T11:36:28.117+0000] {spark_submit.py:634} INFO - at org.apache.spark.rdd.RDD.$anonfun$mapPartitionsInternal$2$adapted(RDD.scala:893)
[2025-05-18T11:36:28.118+0000] {spark_submit.py:634} INFO - at org.apache.spark.rdd.MapPartitionsRDD.compute(MapPartitionsRDD.scala:52)
[2025-05-18T11:36:28.118+0000] {spark_submit.py:634} INFO - at org.apache.spark.rdd.RDD.computeOrReadCheckpoint(RDD.scala:367)
[2025-05-18T11:36:28.118+0000] {spark_submit.py:634} INFO - at org.apache.spark.rdd.RDD.iterator(RDD.scala:331)
[2025-05-18T11:36:28.119+0000] {spark_submit.py:634} INFO - at org.apache.spark.scheduler.ResultTask.runTask(ResultTask.scala:93)
[2025-05-18T11:36:28.119+0000] {spark_submit.py:634} INFO - at org.apache.spark.TaskContext.runTaskWithListeners(TaskContext.scala:166)
[2025-05-18T11:36:28.119+0000] {spark_submit.py:634} INFO - at org.apache.spark.scheduler.Task.run(Task.scala:141)
[2025-05-18T11:36:28.120+0000] {spark_submit.py:634} INFO - at org.apache.spark.executor.Executor$TaskRunner.$anonfun$run$4(Executor.scala:620)
[2025-05-18T11:36:28.120+0000] {spark_submit.py:634} INFO - at org.apache.spark.util.SparkErrorUtils.tryWithSafeFinally(SparkErrorUtils.scala:64)
[2025-05-18T11:36:28.120+0000] {spark_submit.py:634} INFO - at org.apache.spark.util.SparkErrorUtils.tryWithSafeFinally$(SparkErrorUtils.scala:61)
[2025-05-18T11:36:28.120+0000] {spark_submit.py:634} INFO - at org.apache.spark.util.Utils$.tryWithSafeFinally(Utils.scala:94)
[2025-05-18T11:36:28.121+0000] {spark_submit.py:634} INFO - at org.apache.spark.executor.Executor$TaskRunner.run(Executor.scala:623)
[2025-05-18T11:36:28.121+0000] {spark_submit.py:634} INFO - at java.base/java.util.concurrent.ThreadPoolExecutor.runWorker(Unknown Source)
[2025-05-18T11:36:28.121+0000] {spark_submit.py:634} INFO - at java.base/java.util.concurrent.ThreadPoolExecutor$Worker.run(Unknown Source)
[2025-05-18T11:36:28.122+0000] {spark_submit.py:634} INFO - at java.base/java.lang.Thread.run(Unknown Source)
[2025-05-18T11:36:28.122+0000] {spark_submit.py:634} INFO - 
[2025-05-18T11:36:28.122+0000] {spark_submit.py:634} INFO - Driver stacktrace:
[2025-05-18T11:36:28.123+0000] {spark_submit.py:634} INFO - 25/05/18 11:36:28 INFO DAGScheduler: Job 0 failed: csv at NativeMethodAccessorImpl.java:0, took 1.668698 s
[2025-05-18T11:36:28.290+0000] {spark_submit.py:634} INFO - Traceback (most recent call last):
[2025-05-18T11:36:28.291+0000] {spark_submit.py:634} INFO - File "/opt/***/include/scripts/read.py", line 17, in <module>
[2025-05-18T11:36:28.293+0000] {spark_submit.py:634} INFO - main()
[2025-05-18T11:36:28.293+0000] {spark_submit.py:634} INFO - File "/opt/***/include/scripts/read.py", line 11, in main
[2025-05-18T11:36:28.295+0000] {spark_submit.py:634} INFO - df = spark.read.csv(p, header="true") # /usr/local/***/include/data.csv that path must exist in your Spark containers
[2025-05-18T11:36:28.296+0000] {spark_submit.py:634} INFO - File "/home/***/.local/lib/python3.9/site-packages/pyspark/python/lib/pyspark.zip/pyspark/sql/readwriter.py", line 740, in csv
[2025-05-18T11:36:28.296+0000] {spark_submit.py:634} INFO - File "/home/***/.local/lib/python3.9/site-packages/pyspark/python/lib/py4j-0.10.9.7-src.zip/py4j/java_gateway.py", line 1322, in __call__
[2025-05-18T11:36:28.297+0000] {spark_submit.py:634} INFO - File "/home/***/.local/lib/python3.9/site-packages/pyspark/python/lib/pyspark.zip/pyspark/errors/exceptions/captured.py", line 179, in deco
[2025-05-18T11:36:28.298+0000] {spark_submit.py:634} INFO - File "/home/***/.local/lib/python3.9/site-packages/pyspark/python/lib/py4j-0.10.9.7-src.zip/py4j/protocol.py", line 326, in get_return_value
[2025-05-18T11:36:28.346+0000] {spark_submit.py:634} INFO - py4j.protocol.Py4JJavaError: An error occurred while calling o26.csv.
[2025-05-18T11:36:28.347+0000] {spark_submit.py:634} INFO - : org.apache.spark.SparkException: Job aborted due to stage failure: Task 0 in stage 0.0 failed 4 times, most recent failure: Lost task 0.3 in stage 0.0 (TID 3) (172.18.0.5 executor 0): org.apache.spark.SparkFileNotFoundException: File file:/opt/***/include/data.csv does not exist
[2025-05-18T11:36:28.347+0000] {spark_submit.py:634} INFO - It is possible the underlying files have been updated. You can explicitly invalidate the cache in Spark by running 'REFRESH TABLE tableName' command in SQL or by recreating the Dataset/DataFrame involved.
[2025-05-18T11:36:28.348+0000] {spark_submit.py:634} INFO - at org.apache.spark.sql.errors.QueryExecutionErrors$.readCurrentFileNotFoundError(QueryExecutionErrors.scala:781)
[2025-05-18T11:36:28.348+0000] {spark_submit.py:634} INFO - at org.apache.spark.sql.execution.datasources.FileScanRDD$$anon$1.org$apache$spark$sql$execution$datasources$FileScanRDD$$anon$$readCurrentFile(FileScanRDD.scala:222)
[2025-05-18T11:36:28.348+0000] {spark_submit.py:634} INFO - at org.apache.spark.sql.execution.datasources.FileScanRDD$$anon$1.nextIterator(FileScanRDD.scala:282)
[2025-05-18T11:36:28.349+0000] {spark_submit.py:634} INFO - at org.apache.spark.sql.execution.datasources.FileScanRDD$$anon$1.hasNext(FileScanRDD.scala:131)
[2025-05-18T11:36:28.349+0000] {spark_submit.py:634} INFO - at scala.collection.Iterator$$anon$10.hasNext(Iterator.scala:460)
[2025-05-18T11:36:28.349+0000] {spark_submit.py:634} INFO - at org.apache.spark.sql.catalyst.expressions.GeneratedClass$GeneratedIteratorForCodegenStage1.processNext(Unknown Source)
[2025-05-18T11:36:28.349+0000] {spark_submit.py:634} INFO - at org.apache.spark.sql.execution.BufferedRowIterator.hasNext(BufferedRowIterator.java:43)
[2025-05-18T11:36:28.350+0000] {spark_submit.py:634} INFO - at org.apache.spark.sql.execution.WholeStageCodegenEvaluatorFactory$WholeStageCodegenPartitionEvaluator$$anon$1.hasNext(WholeStageCodegenEvaluatorFactory.scala:43)
[2025-05-18T11:36:28.350+0000] {spark_submit.py:634} INFO - at org.apache.spark.sql.execution.SparkPlan.$anonfun$getByteArrayRdd$1(SparkPlan.scala:388)
[2025-05-18T11:36:28.350+0000] {spark_submit.py:634} INFO - at org.apache.spark.rdd.RDD.$anonfun$mapPartitionsInternal$2(RDD.scala:893)
[2025-05-18T11:36:28.351+0000] {spark_submit.py:634} INFO - at org.apache.spark.rdd.RDD.$anonfun$mapPartitionsInternal$2$adapted(RDD.scala:893)
[2025-05-18T11:36:28.351+0000] {spark_submit.py:634} INFO - at org.apache.spark.rdd.MapPartitionsRDD.compute(MapPartitionsRDD.scala:52)
[2025-05-18T11:36:28.351+0000] {spark_submit.py:634} INFO - at org.apache.spark.rdd.RDD.computeOrReadCheckpoint(RDD.scala:367)
[2025-05-18T11:36:28.352+0000] {spark_submit.py:634} INFO - at org.apache.spark.rdd.RDD.iterator(RDD.scala:331)
[2025-05-18T11:36:28.352+0000] {spark_submit.py:634} INFO - at org.apache.spark.scheduler.ResultTask.runTask(ResultTask.scala:93)
[2025-05-18T11:36:28.352+0000] {spark_submit.py:634} INFO - at org.apache.spark.TaskContext.runTaskWithListeners(TaskContext.scala:166)
[2025-05-18T11:36:28.353+0000] {spark_submit.py:634} INFO - at org.apache.spark.scheduler.Task.run(Task.scala:141)
[2025-05-18T11:36:28.353+0000] {spark_submit.py:634} INFO - at org.apache.spark.executor.Executor$TaskRunner.$anonfun$run$4(Executor.scala:620)
[2025-05-18T11:36:28.353+0000] {spark_submit.py:634} INFO - at org.apache.spark.util.SparkErrorUtils.tryWithSafeFinally(SparkErrorUtils.scala:64)
[2025-05-18T11:36:28.354+0000] {spark_submit.py:634} INFO - at org.apache.spark.util.SparkErrorUtils.tryWithSafeFinally$(SparkErrorUtils.scala:61)
[2025-05-18T11:36:28.354+0000] {spark_submit.py:634} INFO - at org.apache.spark.util.Utils$.tryWithSafeFinally(Utils.scala:94)
[2025-05-18T11:36:28.354+0000] {spark_submit.py:634} INFO - at org.apache.spark.executor.Executor$TaskRunner.run(Executor.scala:623)
[2025-05-18T11:36:28.355+0000] {spark_submit.py:634} INFO - at java.base/java.util.concurrent.ThreadPoolExecutor.runWorker(Unknown Source)
[2025-05-18T11:36:28.355+0000] {spark_submit.py:634} INFO - at java.base/java.util.concurrent.ThreadPoolExecutor$Worker.run(Unknown Source)
[2025-05-18T11:36:28.356+0000] {spark_submit.py:634} INFO - at java.base/java.lang.Thread.run(Unknown Source)
[2025-05-18T11:36:28.356+0000] {spark_submit.py:634} INFO - 
[2025-05-18T11:36:28.356+0000] {spark_submit.py:634} INFO - Driver stacktrace:
[2025-05-18T11:36:28.357+0000] {spark_submit.py:634} INFO - at org.apache.spark.scheduler.DAGScheduler.failJobAndIndependentStages(DAGScheduler.scala:2856)
[2025-05-18T11:36:28.357+0000] {spark_submit.py:634} INFO - at org.apache.spark.scheduler.DAGScheduler.$anonfun$abortStage$2(DAGScheduler.scala:2792)
[2025-05-18T11:36:28.357+0000] {spark_submit.py:634} INFO - at org.apache.spark.scheduler.DAGScheduler.$anonfun$abortStage$2$adapted(DAGScheduler.scala:2791)
[2025-05-18T11:36:28.358+0000] {spark_submit.py:634} INFO - at scala.collection.mutable.ResizableArray.foreach(ResizableArray.scala:62)
[2025-05-18T11:36:28.358+0000] {spark_submit.py:634} INFO - at scala.collection.mutable.ResizableArray.foreach$(ResizableArray.scala:55)
[2025-05-18T11:36:28.358+0000] {spark_submit.py:634} INFO - at scala.collection.mutable.ArrayBuffer.foreach(ArrayBuffer.scala:49)
[2025-05-18T11:36:28.359+0000] {spark_submit.py:634} INFO - at org.apache.spark.scheduler.DAGScheduler.abortStage(DAGScheduler.scala:2791)
[2025-05-18T11:36:28.359+0000] {spark_submit.py:634} INFO - at org.apache.spark.scheduler.DAGScheduler.$anonfun$handleTaskSetFailed$1(DAGScheduler.scala:1247)
[2025-05-18T11:36:28.360+0000] {spark_submit.py:634} INFO - at org.apache.spark.scheduler.DAGScheduler.$anonfun$handleTaskSetFailed$1$adapted(DAGScheduler.scala:1247)
[2025-05-18T11:36:28.360+0000] {spark_submit.py:634} INFO - at scala.Option.foreach(Option.scala:407)
[2025-05-18T11:36:28.360+0000] {spark_submit.py:634} INFO - at org.apache.spark.scheduler.DAGScheduler.handleTaskSetFailed(DAGScheduler.scala:1247)
[2025-05-18T11:36:28.361+0000] {spark_submit.py:634} INFO - at org.apache.spark.scheduler.DAGSchedulerEventProcessLoop.doOnReceive(DAGScheduler.scala:3060)
[2025-05-18T11:36:28.361+0000] {spark_submit.py:634} INFO - at org.apache.spark.scheduler.DAGSchedulerEventProcessLoop.onReceive(DAGScheduler.scala:2994)
[2025-05-18T11:36:28.361+0000] {spark_submit.py:634} INFO - at org.apache.spark.scheduler.DAGSchedulerEventProcessLoop.onReceive(DAGScheduler.scala:2983)
[2025-05-18T11:36:28.361+0000] {spark_submit.py:634} INFO - at org.apache.spark.util.EventLoop$$anon$1.run(EventLoop.scala:49)
[2025-05-18T11:36:28.362+0000] {spark_submit.py:634} INFO - at org.apache.spark.scheduler.DAGScheduler.runJob(DAGScheduler.scala:989)
[2025-05-18T11:36:28.362+0000] {spark_submit.py:634} INFO - at org.apache.spark.SparkContext.runJob(SparkContext.scala:2393)
[2025-05-18T11:36:28.362+0000] {spark_submit.py:634} INFO - at org.apache.spark.SparkContext.runJob(SparkContext.scala:2414)
[2025-05-18T11:36:28.363+0000] {spark_submit.py:634} INFO - at org.apache.spark.SparkContext.runJob(SparkContext.scala:2433)
[2025-05-18T11:36:28.363+0000] {spark_submit.py:634} INFO - at org.apache.spark.sql.execution.SparkPlan.executeTake(SparkPlan.scala:530)
[2025-05-18T11:36:28.363+0000] {spark_submit.py:634} INFO - at org.apache.spark.sql.execution.SparkPlan.executeTake(SparkPlan.scala:483)
[2025-05-18T11:36:28.364+0000] {spark_submit.py:634} INFO - at org.apache.spark.sql.execution.CollectLimitExec.executeCollect(limit.scala:61)
[2025-05-18T11:36:28.364+0000] {spark_submit.py:634} INFO - at org.apache.spark.sql.Dataset.collectFromPlan(Dataset.scala:4333)
[2025-05-18T11:36:28.364+0000] {spark_submit.py:634} INFO - at org.apache.spark.sql.Dataset.$anonfun$head$1(Dataset.scala:3316)
[2025-05-18T11:36:28.365+0000] {spark_submit.py:634} INFO - at org.apache.spark.sql.Dataset.$anonfun$withAction$2(Dataset.scala:4323)
[2025-05-18T11:36:28.365+0000] {spark_submit.py:634} INFO - at org.apache.spark.sql.execution.QueryExecution$.withInternalError(QueryExecution.scala:546)
[2025-05-18T11:36:28.365+0000] {spark_submit.py:634} INFO - at org.apache.spark.sql.Dataset.$anonfun$withAction$1(Dataset.scala:4321)
[2025-05-18T11:36:28.366+0000] {spark_submit.py:634} INFO - at org.apache.spark.sql.execution.SQLExecution$.$anonfun$withNewExecutionId$6(SQLExecution.scala:125)
[2025-05-18T11:36:28.366+0000] {spark_submit.py:634} INFO - at org.apache.spark.sql.execution.SQLExecution$.withSQLConfPropagated(SQLExecution.scala:201)
[2025-05-18T11:36:28.366+0000] {spark_submit.py:634} INFO - at org.apache.spark.sql.execution.SQLExecution$.$anonfun$withNewExecutionId$1(SQLExecution.scala:108)
[2025-05-18T11:36:28.367+0000] {spark_submit.py:634} INFO - at org.apache.spark.sql.SparkSession.withActive(SparkSession.scala:900)
[2025-05-18T11:36:28.367+0000] {spark_submit.py:634} INFO - at org.apache.spark.sql.execution.SQLExecution$.withNewExecutionId(SQLExecution.scala:66)
[2025-05-18T11:36:28.367+0000] {spark_submit.py:634} INFO - at org.apache.spark.sql.Dataset.withAction(Dataset.scala:4321)
[2025-05-18T11:36:28.367+0000] {spark_submit.py:634} INFO - at org.apache.spark.sql.Dataset.head(Dataset.scala:3316)
[2025-05-18T11:36:28.368+0000] {spark_submit.py:634} INFO - at org.apache.spark.sql.Dataset.take(Dataset.scala:3539)
[2025-05-18T11:36:28.368+0000] {spark_submit.py:634} INFO - at org.apache.spark.sql.execution.datasources.csv.TextInputCSVDataSource$.infer(CSVDataSource.scala:111)
[2025-05-18T11:36:28.368+0000] {spark_submit.py:634} INFO - at org.apache.spark.sql.execution.datasources.csv.CSVDataSource.inferSchema(CSVDataSource.scala:64)
[2025-05-18T11:36:28.369+0000] {spark_submit.py:634} INFO - at org.apache.spark.sql.execution.datasources.csv.CSVFileFormat.inferSchema(CSVFileFormat.scala:62)
[2025-05-18T11:36:28.369+0000] {spark_submit.py:634} INFO - at org.apache.spark.sql.execution.datasources.DataSource.$anonfun$getOrInferFileFormatSchema$11(DataSource.scala:208)
[2025-05-18T11:36:28.369+0000] {spark_submit.py:634} INFO - at scala.Option.orElse(Option.scala:447)
[2025-05-18T11:36:28.370+0000] {spark_submit.py:634} INFO - at org.apache.spark.sql.execution.datasources.DataSource.getOrInferFileFormatSchema(DataSource.scala:205)
[2025-05-18T11:36:28.370+0000] {spark_submit.py:634} INFO - at org.apache.spark.sql.execution.datasources.DataSource.resolveRelation(DataSource.scala:407)
[2025-05-18T11:36:28.370+0000] {spark_submit.py:634} INFO - at org.apache.spark.sql.DataFrameReader.loadV1Source(DataFrameReader.scala:229)
[2025-05-18T11:36:28.370+0000] {spark_submit.py:634} INFO - at org.apache.spark.sql.DataFrameReader.$anonfun$load$2(DataFrameReader.scala:211)
[2025-05-18T11:36:28.371+0000] {spark_submit.py:634} INFO - at scala.Option.getOrElse(Option.scala:189)
[2025-05-18T11:36:28.371+0000] {spark_submit.py:634} INFO - at org.apache.spark.sql.DataFrameReader.load(DataFrameReader.scala:211)
[2025-05-18T11:36:28.372+0000] {spark_submit.py:634} INFO - at org.apache.spark.sql.DataFrameReader.csv(DataFrameReader.scala:538)
[2025-05-18T11:36:28.372+0000] {spark_submit.py:634} INFO - at java.base/jdk.internal.reflect.NativeMethodAccessorImpl.invoke0(Native Method)
[2025-05-18T11:36:28.372+0000] {spark_submit.py:634} INFO - at java.base/jdk.internal.reflect.NativeMethodAccessorImpl.invoke(NativeMethodAccessorImpl.java:77)
[2025-05-18T11:36:28.373+0000] {spark_submit.py:634} INFO - at java.base/jdk.internal.reflect.DelegatingMethodAccessorImpl.invoke(DelegatingMethodAccessorImpl.java:43)
[2025-05-18T11:36:28.373+0000] {spark_submit.py:634} INFO - at java.base/java.lang.reflect.Method.invoke(Method.java:569)
[2025-05-18T11:36:28.373+0000] {spark_submit.py:634} INFO - at py4j.reflection.MethodInvoker.invoke(MethodInvoker.java:244)
[2025-05-18T11:36:28.374+0000] {spark_submit.py:634} INFO - at py4j.reflection.ReflectionEngine.invoke(ReflectionEngine.java:374)
[2025-05-18T11:36:28.374+0000] {spark_submit.py:634} INFO - at py4j.Gateway.invoke(Gateway.java:282)
[2025-05-18T11:36:28.374+0000] {spark_submit.py:634} INFO - at py4j.commands.AbstractCommand.invokeMethod(AbstractCommand.java:132)
[2025-05-18T11:36:28.375+0000] {spark_submit.py:634} INFO - at py4j.commands.CallCommand.execute(CallCommand.java:79)
[2025-05-18T11:36:28.375+0000] {spark_submit.py:634} INFO - at py4j.ClientServerConnection.waitForCommands(ClientServerConnection.java:182)
[2025-05-18T11:36:28.375+0000] {spark_submit.py:634} INFO - at py4j.ClientServerConnection.run(ClientServerConnection.java:106)
[2025-05-18T11:36:28.376+0000] {spark_submit.py:634} INFO - at java.base/java.lang.Thread.run(Thread.java:840)
[2025-05-18T11:36:28.376+0000] {spark_submit.py:634} INFO - Caused by: org.apache.spark.SparkFileNotFoundException: File file:/opt/***/include/data.csv does not exist
[2025-05-18T11:36:28.376+0000] {spark_submit.py:634} INFO - It is possible the underlying files have been updated. You can explicitly invalidate the cache in Spark by running 'REFRESH TABLE tableName' command in SQL or by recreating the Dataset/DataFrame involved.
[2025-05-18T11:36:28.377+0000] {spark_submit.py:634} INFO - at org.apache.spark.sql.errors.QueryExecutionErrors$.readCurrentFileNotFoundError(QueryExecutionErrors.scala:781)
[2025-05-18T11:36:28.377+0000] {spark_submit.py:634} INFO - at org.apache.spark.sql.execution.datasources.FileScanRDD$$anon$1.org$apache$spark$sql$execution$datasources$FileScanRDD$$anon$$readCurrentFile(FileScanRDD.scala:222)
[2025-05-18T11:36:28.377+0000] {spark_submit.py:634} INFO - at org.apache.spark.sql.execution.datasources.FileScanRDD$$anon$1.nextIterator(FileScanRDD.scala:282)
[2025-05-18T11:36:28.377+0000] {spark_submit.py:634} INFO - at org.apache.spark.sql.execution.datasources.FileScanRDD$$anon$1.hasNext(FileScanRDD.scala:131)
[2025-05-18T11:36:28.378+0000] {spark_submit.py:634} INFO - at scala.collection.Iterator$$anon$10.hasNext(Iterator.scala:460)
[2025-05-18T11:36:28.378+0000] {spark_submit.py:634} INFO - at org.apache.spark.sql.catalyst.expressions.GeneratedClass$GeneratedIteratorForCodegenStage1.processNext(Unknown Source)
[2025-05-18T11:36:28.378+0000] {spark_submit.py:634} INFO - at org.apache.spark.sql.execution.BufferedRowIterator.hasNext(BufferedRowIterator.java:43)
[2025-05-18T11:36:28.379+0000] {spark_submit.py:634} INFO - at org.apache.spark.sql.execution.WholeStageCodegenEvaluatorFactory$WholeStageCodegenPartitionEvaluator$$anon$1.hasNext(WholeStageCodegenEvaluatorFactory.scala:43)
[2025-05-18T11:36:28.379+0000] {spark_submit.py:634} INFO - at org.apache.spark.sql.execution.SparkPlan.$anonfun$getByteArrayRdd$1(SparkPlan.scala:388)
[2025-05-18T11:36:28.379+0000] {spark_submit.py:634} INFO - at org.apache.spark.rdd.RDD.$anonfun$mapPartitionsInternal$2(RDD.scala:893)
[2025-05-18T11:36:28.380+0000] {spark_submit.py:634} INFO - at org.apache.spark.rdd.RDD.$anonfun$mapPartitionsInternal$2$adapted(RDD.scala:893)
[2025-05-18T11:36:28.380+0000] {spark_submit.py:634} INFO - at org.apache.spark.rdd.MapPartitionsRDD.compute(MapPartitionsRDD.scala:52)
[2025-05-18T11:36:28.380+0000] {spark_submit.py:634} INFO - at org.apache.spark.rdd.RDD.computeOrReadCheckpoint(RDD.scala:367)
[2025-05-18T11:36:28.380+0000] {spark_submit.py:634} INFO - at org.apache.spark.rdd.RDD.iterator(RDD.scala:331)
[2025-05-18T11:36:28.381+0000] {spark_submit.py:634} INFO - at org.apache.spark.scheduler.ResultTask.runTask(ResultTask.scala:93)
[2025-05-18T11:36:28.381+0000] {spark_submit.py:634} INFO - at org.apache.spark.TaskContext.runTaskWithListeners(TaskContext.scala:166)
[2025-05-18T11:36:28.381+0000] {spark_submit.py:634} INFO - at org.apache.spark.scheduler.Task.run(Task.scala:141)
[2025-05-18T11:36:28.382+0000] {spark_submit.py:634} INFO - at org.apache.spark.executor.Executor$TaskRunner.$anonfun$run$4(Executor.scala:620)
[2025-05-18T11:36:28.382+0000] {spark_submit.py:634} INFO - at org.apache.spark.util.SparkErrorUtils.tryWithSafeFinally(SparkErrorUtils.scala:64)
[2025-05-18T11:36:28.382+0000] {spark_submit.py:634} INFO - at org.apache.spark.util.SparkErrorUtils.tryWithSafeFinally$(SparkErrorUtils.scala:61)
[2025-05-18T11:36:28.383+0000] {spark_submit.py:634} INFO - at org.apache.spark.util.Utils$.tryWithSafeFinally(Utils.scala:94)
[2025-05-18T11:36:28.383+0000] {spark_submit.py:634} INFO - at org.apache.spark.executor.Executor$TaskRunner.run(Executor.scala:623)
[2025-05-18T11:36:28.383+0000] {spark_submit.py:634} INFO - at java.base/java.util.concurrent.ThreadPoolExecutor.runWorker(Unknown Source)
[2025-05-18T11:36:28.384+0000] {spark_submit.py:634} INFO - at java.base/java.util.concurrent.ThreadPoolExecutor$Worker.run(Unknown Source)
[2025-05-18T11:36:28.384+0000] {spark_submit.py:634} INFO - at java.base/java.lang.Thread.run(Unknown Source)
[2025-05-18T11:36:28.384+0000] {spark_submit.py:634} INFO - 
[2025-05-18T11:36:28.405+0000] {spark_submit.py:634} INFO - 25/05/18 11:36:28 INFO SparkContext: Invoking stop() from shutdown hook
[2025-05-18T11:36:28.406+0000] {spark_submit.py:634} INFO - 25/05/18 11:36:28 INFO SparkContext: SparkContext is stopping with exitCode 0.
[2025-05-18T11:36:28.420+0000] {spark_submit.py:634} INFO - 25/05/18 11:36:28 INFO SparkUI: Stopped Spark web UI at http://bab329b36d61:4040
[2025-05-18T11:36:28.424+0000] {spark_submit.py:634} INFO - 25/05/18 11:36:28 INFO StandaloneSchedulerBackend: Shutting down all executors
[2025-05-18T11:36:28.425+0000] {spark_submit.py:634} INFO - 25/05/18 11:36:28 INFO StandaloneSchedulerBackend$StandaloneDriverEndpoint: Asking each executor to shut down
[2025-05-18T11:36:28.446+0000] {spark_submit.py:634} INFO - 25/05/18 11:36:28 INFO MapOutputTrackerMasterEndpoint: MapOutputTrackerMasterEndpoint stopped!
[2025-05-18T11:36:28.464+0000] {spark_submit.py:634} INFO - 25/05/18 11:36:28 INFO MemoryStore: MemoryStore cleared
[2025-05-18T11:36:28.466+0000] {spark_submit.py:634} INFO - 25/05/18 11:36:28 INFO BlockManager: BlockManager stopped
[2025-05-18T11:36:28.472+0000] {spark_submit.py:634} INFO - 25/05/18 11:36:28 INFO BlockManagerMaster: BlockManagerMaster stopped
[2025-05-18T11:36:28.474+0000] {spark_submit.py:634} INFO - 25/05/18 11:36:28 INFO OutputCommitCoordinator$OutputCommitCoordinatorEndpoint: OutputCommitCoordinator stopped!
[2025-05-18T11:36:28.485+0000] {spark_submit.py:634} INFO - 25/05/18 11:36:28 INFO SparkContext: Successfully stopped SparkContext
[2025-05-18T11:36:28.486+0000] {spark_submit.py:634} INFO - 25/05/18 11:36:28 INFO ShutdownHookManager: Shutdown hook called
[2025-05-18T11:36:28.486+0000] {spark_submit.py:634} INFO - 25/05/18 11:36:28 INFO ShutdownHookManager: Deleting directory /tmp/spark-ae406021-c968-4755-a4a7-0194eb98b32e
[2025-05-18T11:36:28.491+0000] {spark_submit.py:634} INFO - 25/05/18 11:36:28 INFO ShutdownHookManager: Deleting directory /tmp/spark-c3c9bed9-5ef8-4370-a2ff-0f6d2d934543
[2025-05-18T11:36:28.496+0000] {spark_submit.py:634} INFO - 25/05/18 11:36:28 INFO ShutdownHookManager: Deleting directory /tmp/spark-c3c9bed9-5ef8-4370-a2ff-0f6d2d934543/pyspark-2356312a-4554-4964-970c-6f4c70da1b10
[2025-05-18T11:36:28.560+0000] {taskinstance.py:2698} ERROR - Task failed with exception
Traceback (most recent call last):
  File "/home/airflow/.local/lib/python3.9/site-packages/airflow/models/taskinstance.py", line 433, in _execute_task
    result = execute_callable(context=context, **execute_callable_kwargs)
  File "/home/airflow/.local/lib/python3.9/site-packages/airflow/providers/apache/spark/operators/spark_submit.py", line 176, in execute
    self._hook.submit(self.application)
  File "/home/airflow/.local/lib/python3.9/site-packages/airflow/providers/apache/spark/hooks/spark_submit.py", line 560, in submit
    raise AirflowException(
airflow.exceptions.AirflowException: Cannot execute: spark-submit --master spark://spark-master:7077 --principal *** --name arrow-spark --verbose --deploy-mode client ./include/scripts/read.py. Error code is: 1.
[2025-05-18T11:36:28.566+0000] {taskinstance.py:1138} INFO - Marking task as FAILED. dag_id=my_dag, task_id=read_Data, execution_date=20250518T113613, start_date=20250518T113617, end_date=20250518T113628
[2025-05-18T11:36:28.582+0000] {standard_task_runner.py:107} ERROR - Failed to execute job 46 for task read_Data (Cannot execute: spark-submit --master spark://spark-master:7077 --principal *** --name arrow-spark --verbose --deploy-mode client ./include/scripts/read.py. Error code is: 1.; 87)
[2025-05-18T11:36:28.643+0000] {local_task_job_runner.py:234} INFO - Task exited with return code 1
[2025-05-18T11:36:28.661+0000] {taskinstance.py:3280} INFO - 0 downstream tasks scheduled from follow-on schedule check
