[2025-04-25T06:38:34.361+0000] {taskinstance.py:1956} INFO - Dependencies all met for dep_context=non-requeueable deps ti=<TaskInstance: tutorial.templated manual__2025-04-25T06:38:29.133701+00:00 [queued]>
[2025-04-25T06:38:34.371+0000] {taskinstance.py:1956} INFO - Dependencies all met for dep_context=requeueable deps ti=<TaskInstance: tutorial.templated manual__2025-04-25T06:38:29.133701+00:00 [queued]>
[2025-04-25T06:38:34.372+0000] {taskinstance.py:2170} INFO - Starting attempt 1 of 2
[2025-04-25T06:38:34.389+0000] {taskinstance.py:2191} INFO - Executing <Task(BashOperator): templated> on 2025-04-25 06:38:29.133701+00:00
[2025-04-25T06:38:34.398+0000] {standard_task_runner.py:60} INFO - Started process 117 to run task
[2025-04-25T06:38:34.403+0000] {standard_task_runner.py:87} INFO - Running: ['***', 'tasks', 'run', 'tutorial', 'templated', 'manual__2025-04-25T06:38:29.133701+00:00', '--job-id', '7', '--raw', '--subdir', '/home/***/.local/lib/python3.9/site-packages/***/example_dags/tutorial.py', '--cfg-path', '/tmp/tmpw3d6hwqz']
[2025-04-25T06:38:34.406+0000] {standard_task_runner.py:88} INFO - Job 7: Subtask templated
[2025-04-25T06:38:34.459+0000] {task_command.py:423} INFO - Running <TaskInstance: tutorial.templated manual__2025-04-25T06:38:29.133701+00:00 [running]> on host 54912c5939d4
[2025-04-25T06:38:34.547+0000] {taskinstance.py:2480} INFO - Exporting env vars: AIRFLOW_CTX_DAG_EMAIL='***@example.com' AIRFLOW_CTX_DAG_OWNER='***' AIRFLOW_CTX_DAG_ID='tutorial' AIRFLOW_CTX_TASK_ID='templated' AIRFLOW_CTX_EXECUTION_DATE='2025-04-25T06:38:29.133701+00:00' AIRFLOW_CTX_TRY_NUMBER='1' AIRFLOW_CTX_DAG_RUN_ID='manual__2025-04-25T06:38:29.133701+00:00'
[2025-04-25T06:38:34.549+0000] {subprocess.py:63} INFO - Tmp dir root location: /tmp
[2025-04-25T06:38:34.550+0000] {subprocess.py:75} INFO - Running command: ['/usr/bin/bash', '-c', '\n\n    echo "2025-04-25"\n    echo "2025-05-02"\n\n    echo "2025-04-25"\n    echo "2025-05-02"\n\n    echo "2025-04-25"\n    echo "2025-05-02"\n\n    echo "2025-04-25"\n    echo "2025-05-02"\n\n    echo "2025-04-25"\n    echo "2025-05-02"\n']
[2025-04-25T06:38:34.565+0000] {subprocess.py:86} INFO - Output:
[2025-04-25T06:38:34.567+0000] {subprocess.py:93} INFO - 2025-04-25
[2025-04-25T06:38:34.568+0000] {subprocess.py:93} INFO - 2025-05-02
[2025-04-25T06:38:34.568+0000] {subprocess.py:93} INFO - 2025-04-25
[2025-04-25T06:38:34.569+0000] {subprocess.py:93} INFO - 2025-05-02
[2025-04-25T06:38:34.569+0000] {subprocess.py:93} INFO - 2025-04-25
[2025-04-25T06:38:34.570+0000] {subprocess.py:93} INFO - 2025-05-02
[2025-04-25T06:38:34.570+0000] {subprocess.py:93} INFO - 2025-04-25
[2025-04-25T06:38:34.570+0000] {subprocess.py:93} INFO - 2025-05-02
[2025-04-25T06:38:34.570+0000] {subprocess.py:93} INFO - 2025-04-25
[2025-04-25T06:38:34.571+0000] {subprocess.py:93} INFO - 2025-05-02
[2025-04-25T06:38:34.571+0000] {subprocess.py:97} INFO - Command exited with return code 0
[2025-04-25T06:38:34.597+0000] {taskinstance.py:1138} INFO - Marking task as SUCCESS. dag_id=tutorial, task_id=templated, execution_date=20250425T063829, start_date=20250425T063834, end_date=20250425T063834
[2025-04-25T06:38:34.655+0000] {local_task_job_runner.py:234} INFO - Task exited with return code 0
[2025-04-25T06:38:34.676+0000] {taskinstance.py:3280} INFO - 0 downstream tasks scheduled from follow-on schedule check
