[2025-04-25T07:03:13.339+0000] {taskinstance.py:1956} INFO - Dependencies all met for dep_context=non-requeueable deps ti=<TaskInstance: my_dag.read_Data manual__2025-04-25T07:03:11.166163+00:00 [queued]>
[2025-04-25T07:03:13.348+0000] {taskinstance.py:1956} INFO - Dependencies all met for dep_context=requeueable deps ti=<TaskInstance: my_dag.read_Data manual__2025-04-25T07:03:11.166163+00:00 [queued]>
[2025-04-25T07:03:13.348+0000] {taskinstance.py:2170} INFO - Starting attempt 1 of 1
[2025-04-25T07:03:13.363+0000] {taskinstance.py:2191} INFO - Executing <Task(SparkSubmitOperator): read_Data> on 2025-04-25 07:03:11.166163+00:00
[2025-04-25T07:03:13.372+0000] {standard_task_runner.py:60} INFO - Started process 482 to run task
[2025-04-25T07:03:13.375+0000] {standard_task_runner.py:87} INFO - Running: ['***', 'tasks', 'run', 'my_dag', 'read_Data', 'manual__2025-04-25T07:03:11.166163+00:00', '--job-id', '5', '--raw', '--subdir', 'DAGS_FOLDER/mydag.py', '--cfg-path', '/tmp/tmpzeseuv5u']
[2025-04-25T07:03:13.409+0000] {standard_task_runner.py:88} INFO - Job 5: Subtask read_Data
[2025-04-25T07:03:13.592+0000] {task_command.py:423} INFO - Running <TaskInstance: my_dag.read_Data manual__2025-04-25T07:03:11.166163+00:00 [running]> on host 8f416ae2c250
[2025-04-25T07:03:13.734+0000] {taskinstance.py:2480} INFO - Exporting env vars: AIRFLOW_CTX_DAG_OWNER='***' AIRFLOW_CTX_DAG_ID='my_dag' AIRFLOW_CTX_TASK_ID='read_Data' AIRFLOW_CTX_EXECUTION_DATE='2025-04-25T07:03:11.166163+00:00' AIRFLOW_CTX_TRY_NUMBER='1' AIRFLOW_CTX_DAG_RUN_ID='manual__2025-04-25T07:03:11.166163+00:00'
[2025-04-25T07:03:13.752+0000] {base.py:83} INFO - Using connection ID 'my_spark_conn' for task execution.
[2025-04-25T07:03:13.755+0000] {spark_submit.py:327} ERROR - Failed to decode base64 keytab: Incorrect padding
[2025-04-25T07:03:13.756+0000] {spark_submit.py:304} INFO - Could not load connection string my_spark_conn, defaulting to spark://spark-master-1:7077
[2025-04-25T07:03:13.758+0000] {spark_submit.py:473} INFO - Spark-Submit cmd: spark-submit --master spark://spark-master-1:7077 --principal *** --name arrow-spark --verbose --deploy-mode client ./include/scripts/read.py
[2025-04-25T07:03:15.003+0000] {spark_submit.py:634} INFO - Using properties file: null
[2025-04-25T07:03:15.125+0000] {spark_submit.py:634} INFO - Parsed arguments:
[2025-04-25T07:03:15.126+0000] {spark_submit.py:634} INFO - master                  spark://spark-master-1:7077
[2025-04-25T07:03:15.126+0000] {spark_submit.py:634} INFO - remote                  null
[2025-04-25T07:03:15.126+0000] {spark_submit.py:634} INFO - deployMode              client
[2025-04-25T07:03:15.127+0000] {spark_submit.py:634} INFO - executorMemory          null
[2025-04-25T07:03:15.127+0000] {spark_submit.py:634} INFO - executorCores           null
[2025-04-25T07:03:15.127+0000] {spark_submit.py:634} INFO - totalExecutorCores      null
[2025-04-25T07:03:15.128+0000] {spark_submit.py:634} INFO - propertiesFile          null
[2025-04-25T07:03:15.128+0000] {spark_submit.py:634} INFO - driverMemory            null
[2025-04-25T07:03:15.128+0000] {spark_submit.py:634} INFO - driverCores             null
[2025-04-25T07:03:15.129+0000] {spark_submit.py:634} INFO - driverExtraClassPath    null
[2025-04-25T07:03:15.129+0000] {spark_submit.py:634} INFO - driverExtraLibraryPath  null
[2025-04-25T07:03:15.130+0000] {spark_submit.py:634} INFO - driverExtraJavaOptions  null
[2025-04-25T07:03:15.130+0000] {spark_submit.py:634} INFO - supervise               false
[2025-04-25T07:03:15.131+0000] {spark_submit.py:634} INFO - queue                   null
[2025-04-25T07:03:15.131+0000] {spark_submit.py:634} INFO - numExecutors            null
[2025-04-25T07:03:15.131+0000] {spark_submit.py:634} INFO - files                   null
[2025-04-25T07:03:15.131+0000] {spark_submit.py:634} INFO - pyFiles                 null
[2025-04-25T07:03:15.132+0000] {spark_submit.py:634} INFO - archives                null
[2025-04-25T07:03:15.132+0000] {spark_submit.py:634} INFO - mainClass               null
[2025-04-25T07:03:15.132+0000] {spark_submit.py:634} INFO - primaryResource         file:/opt/***/include/scripts/read.py
[2025-04-25T07:03:15.133+0000] {spark_submit.py:634} INFO - name                    arrow-spark
[2025-04-25T07:03:15.133+0000] {spark_submit.py:634} INFO - childArgs               []
[2025-04-25T07:03:15.133+0000] {spark_submit.py:634} INFO - jars                    null
[2025-04-25T07:03:15.134+0000] {spark_submit.py:634} INFO - packages                null
[2025-04-25T07:03:15.134+0000] {spark_submit.py:634} INFO - packagesExclusions      null
[2025-04-25T07:03:15.134+0000] {spark_submit.py:634} INFO - repositories            null
[2025-04-25T07:03:15.134+0000] {spark_submit.py:634} INFO - verbose                 true
[2025-04-25T07:03:15.135+0000] {spark_submit.py:634} INFO - 
[2025-04-25T07:03:15.135+0000] {spark_submit.py:634} INFO - Spark properties used, including those specified through
[2025-04-25T07:03:15.136+0000] {spark_submit.py:634} INFO - --conf and those from the properties file null:
[2025-04-25T07:03:15.136+0000] {spark_submit.py:634} INFO - 
[2025-04-25T07:03:15.136+0000] {spark_submit.py:634} INFO - 
[2025-04-25T07:03:15.137+0000] {spark_submit.py:634} INFO - 
[2025-04-25T07:03:15.437+0000] {spark_submit.py:634} INFO - Main class:
[2025-04-25T07:03:15.438+0000] {spark_submit.py:634} INFO - org.apache.spark.deploy.PythonRunner
[2025-04-25T07:03:15.439+0000] {spark_submit.py:634} INFO - Arguments:
[2025-04-25T07:03:15.439+0000] {spark_submit.py:634} INFO - file:/opt/***/include/scripts/read.py
[2025-04-25T07:03:15.440+0000] {spark_submit.py:634} INFO - null
[2025-04-25T07:03:15.443+0000] {spark_submit.py:634} INFO - Spark config:
[2025-04-25T07:03:15.444+0000] {spark_submit.py:634} INFO - (spark.app.name,arrow-spark)
[2025-04-25T07:03:15.444+0000] {spark_submit.py:634} INFO - (spark.app.submitTime,1745564595418)
[2025-04-25T07:03:15.445+0000] {spark_submit.py:634} INFO - (spark.kerberos.principal,***)
[2025-04-25T07:03:15.445+0000] {spark_submit.py:634} INFO - (spark.master,spark://spark-master-1:7077)
[2025-04-25T07:03:15.446+0000] {spark_submit.py:634} INFO - (spark.submit.deployMode,client)
[2025-04-25T07:03:15.446+0000] {spark_submit.py:634} INFO - (spark.submit.pyFiles,)
[2025-04-25T07:03:15.446+0000] {spark_submit.py:634} INFO - Classpath elements:
[2025-04-25T07:03:15.447+0000] {spark_submit.py:634} INFO - 
[2025-04-25T07:03:15.447+0000] {spark_submit.py:634} INFO - 
[2025-04-25T07:03:15.447+0000] {spark_submit.py:634} INFO - 
[2025-04-25T07:03:16.432+0000] {spark_submit.py:634} INFO - 25/04/25 07:03:16 INFO SparkContext: Running Spark version 3.5.5
[2025-04-25T07:03:16.433+0000] {spark_submit.py:634} INFO - 25/04/25 07:03:16 INFO SparkContext: OS info Linux, 5.15.167.4-microsoft-standard-WSL2, amd64
[2025-04-25T07:03:16.434+0000] {spark_submit.py:634} INFO - 25/04/25 07:03:16 INFO SparkContext: Java version 17.0.14
[2025-04-25T07:03:16.488+0000] {spark_submit.py:634} INFO - 25/04/25 07:03:16 WARN NativeCodeLoader: Unable to load native-hadoop library for your platform... using builtin-java classes where applicable
[2025-04-25T07:03:16.563+0000] {spark_submit.py:634} INFO - 25/04/25 07:03:16 INFO ResourceUtils: ==============================================================
[2025-04-25T07:03:16.563+0000] {spark_submit.py:634} INFO - 25/04/25 07:03:16 INFO ResourceUtils: No custom resources configured for spark.driver.
[2025-04-25T07:03:16.564+0000] {spark_submit.py:634} INFO - 25/04/25 07:03:16 INFO ResourceUtils: ==============================================================
[2025-04-25T07:03:16.564+0000] {spark_submit.py:634} INFO - 25/04/25 07:03:16 INFO SparkContext: Submitted application: PySpark Example
[2025-04-25T07:03:16.582+0000] {spark_submit.py:634} INFO - 25/04/25 07:03:16 INFO ResourceProfile: Default ResourceProfile created, executor resources: Map(memory -> name: memory, amount: 1024, script: , vendor: , offHeap -> name: offHeap, amount: 0, script: , vendor: ), task resources: Map(cpus -> name: cpus, amount: 1.0)
[2025-04-25T07:03:16.589+0000] {spark_submit.py:634} INFO - 25/04/25 07:03:16 INFO ResourceProfile: Limiting resource is cpu
[2025-04-25T07:03:16.590+0000] {spark_submit.py:634} INFO - 25/04/25 07:03:16 INFO ResourceProfileManager: Added ResourceProfile id: 0
[2025-04-25T07:03:16.638+0000] {spark_submit.py:634} INFO - 25/04/25 07:03:16 INFO SecurityManager: Changing view acls to: ***
[2025-04-25T07:03:16.639+0000] {spark_submit.py:634} INFO - 25/04/25 07:03:16 INFO SecurityManager: Changing modify acls to: ***
[2025-04-25T07:03:16.639+0000] {spark_submit.py:634} INFO - 25/04/25 07:03:16 INFO SecurityManager: Changing view acls groups to:
[2025-04-25T07:03:16.639+0000] {spark_submit.py:634} INFO - 25/04/25 07:03:16 INFO SecurityManager: Changing modify acls groups to:
[2025-04-25T07:03:16.640+0000] {spark_submit.py:634} INFO - 25/04/25 07:03:16 INFO SecurityManager: SecurityManager: authentication disabled; ui acls disabled; users with view permissions: ***; groups with view permissions: EMPTY; users with modify permissions: ***; groups with modify permissions: EMPTY
[2025-04-25T07:03:16.842+0000] {spark_submit.py:634} INFO - 25/04/25 07:03:16 INFO Utils: Successfully started service 'sparkDriver' on port 45035.
[2025-04-25T07:03:16.868+0000] {spark_submit.py:634} INFO - 25/04/25 07:03:16 INFO SparkEnv: Registering MapOutputTracker
[2025-04-25T07:03:16.903+0000] {spark_submit.py:634} INFO - 25/04/25 07:03:16 INFO SparkEnv: Registering BlockManagerMaster
[2025-04-25T07:03:16.918+0000] {spark_submit.py:634} INFO - 25/04/25 07:03:16 INFO BlockManagerMasterEndpoint: Using org.apache.spark.storage.DefaultTopologyMapper for getting topology information
[2025-04-25T07:03:16.919+0000] {spark_submit.py:634} INFO - 25/04/25 07:03:16 INFO BlockManagerMasterEndpoint: BlockManagerMasterEndpoint up
[2025-04-25T07:03:16.923+0000] {spark_submit.py:634} INFO - 25/04/25 07:03:16 INFO SparkEnv: Registering BlockManagerMasterHeartbeat
[2025-04-25T07:03:16.942+0000] {spark_submit.py:634} INFO - 25/04/25 07:03:16 INFO DiskBlockManager: Created local directory at /tmp/blockmgr-0ddff2b1-49e9-4035-9c6a-11f315db3fd7
[2025-04-25T07:03:16.955+0000] {spark_submit.py:634} INFO - 25/04/25 07:03:16 INFO MemoryStore: MemoryStore started with capacity 434.4 MiB
[2025-04-25T07:03:16.969+0000] {spark_submit.py:634} INFO - 25/04/25 07:03:16 INFO SparkEnv: Registering OutputCommitCoordinator
[2025-04-25T07:03:17.093+0000] {spark_submit.py:634} INFO - 25/04/25 07:03:17 INFO JettyUtils: Start Jetty 0.0.0.0:4040 for SparkUI
[2025-04-25T07:03:17.159+0000] {spark_submit.py:634} INFO - 25/04/25 07:03:17 INFO Utils: Successfully started service 'SparkUI' on port 4040.
[2025-04-25T07:03:17.267+0000] {spark_submit.py:634} INFO - 25/04/25 07:03:17 INFO StandaloneAppClient$ClientEndpoint: Connecting to master spark://spark-master-1:7077...
[2025-04-25T07:03:21.268+0000] {spark_submit.py:634} INFO - 25/04/25 07:03:21 WARN TransportClientFactory: DNS resolution failed for spark-master-1/<unresolved>:7077 took 3984 ms
[2025-04-25T07:03:21.307+0000] {spark_submit.py:634} INFO - 25/04/25 07:03:21 WARN StandaloneAppClient$ClientEndpoint: Failed to connect to master spark-master-1:7077
[2025-04-25T07:03:21.308+0000] {spark_submit.py:634} INFO - org.apache.spark.SparkException: Exception thrown in awaitResult:
[2025-04-25T07:03:21.308+0000] {spark_submit.py:634} INFO - at org.apache.spark.util.SparkThreadUtils$.awaitResult(SparkThreadUtils.scala:56)
[2025-04-25T07:03:21.308+0000] {spark_submit.py:634} INFO - at org.apache.spark.util.ThreadUtils$.awaitResult(ThreadUtils.scala:310)
[2025-04-25T07:03:21.309+0000] {spark_submit.py:634} INFO - at org.apache.spark.rpc.RpcTimeout.awaitResult(RpcTimeout.scala:75)
[2025-04-25T07:03:21.309+0000] {spark_submit.py:634} INFO - at org.apache.spark.rpc.RpcEnv.setupEndpointRefByURI(RpcEnv.scala:102)
[2025-04-25T07:03:21.309+0000] {spark_submit.py:634} INFO - at org.apache.spark.rpc.RpcEnv.setupEndpointRef(RpcEnv.scala:110)
[2025-04-25T07:03:21.310+0000] {spark_submit.py:634} INFO - at org.apache.spark.deploy.client.StandaloneAppClient$ClientEndpoint$$anon$1.run(StandaloneAppClient.scala:108)
[2025-04-25T07:03:21.310+0000] {spark_submit.py:634} INFO - at java.base/java.util.concurrent.Executors$RunnableAdapter.call(Executors.java:539)
[2025-04-25T07:03:21.310+0000] {spark_submit.py:634} INFO - at java.base/java.util.concurrent.FutureTask.run(FutureTask.java:264)
[2025-04-25T07:03:21.311+0000] {spark_submit.py:634} INFO - at java.base/java.util.concurrent.ThreadPoolExecutor.runWorker(ThreadPoolExecutor.java:1136)
[2025-04-25T07:03:21.311+0000] {spark_submit.py:634} INFO - at java.base/java.util.concurrent.ThreadPoolExecutor$Worker.run(ThreadPoolExecutor.java:635)
[2025-04-25T07:03:21.311+0000] {spark_submit.py:634} INFO - at java.base/java.lang.Thread.run(Thread.java:840)
[2025-04-25T07:03:21.312+0000] {spark_submit.py:634} INFO - Caused by: java.io.IOException: Failed to connect to spark-master-1/<unresolved>:7077
[2025-04-25T07:03:21.312+0000] {spark_submit.py:634} INFO - at org.apache.spark.network.client.TransportClientFactory.createClient(TransportClientFactory.java:294)
[2025-04-25T07:03:21.312+0000] {spark_submit.py:634} INFO - at org.apache.spark.network.client.TransportClientFactory.createClient(TransportClientFactory.java:214)
[2025-04-25T07:03:21.313+0000] {spark_submit.py:634} INFO - at org.apache.spark.network.client.TransportClientFactory.createClient(TransportClientFactory.java:226)
[2025-04-25T07:03:21.313+0000] {spark_submit.py:634} INFO - at org.apache.spark.rpc.netty.NettyRpcEnv.createClient(NettyRpcEnv.scala:204)
[2025-04-25T07:03:21.313+0000] {spark_submit.py:634} INFO - at org.apache.spark.rpc.netty.Outbox$$anon$1.call(Outbox.scala:202)
[2025-04-25T07:03:21.314+0000] {spark_submit.py:634} INFO - at org.apache.spark.rpc.netty.Outbox$$anon$1.call(Outbox.scala:198)
[2025-04-25T07:03:21.314+0000] {spark_submit.py:634} INFO - ... 4 more
[2025-04-25T07:03:21.314+0000] {spark_submit.py:634} INFO - Caused by: java.net.UnknownHostException: spark-master-1
[2025-04-25T07:03:21.315+0000] {spark_submit.py:634} INFO - at java.base/java.net.InetAddress$CachedAddresses.get(InetAddress.java:801)
[2025-04-25T07:03:21.315+0000] {spark_submit.py:634} INFO - at java.base/java.net.InetAddress.getAllByName0(InetAddress.java:1533)
[2025-04-25T07:03:21.315+0000] {spark_submit.py:634} INFO - at java.base/java.net.InetAddress.getAllByName(InetAddress.java:1385)
[2025-04-25T07:03:21.316+0000] {spark_submit.py:634} INFO - at java.base/java.net.InetAddress.getAllByName(InetAddress.java:1306)
[2025-04-25T07:03:21.316+0000] {spark_submit.py:634} INFO - at java.base/java.net.InetAddress.getByName(InetAddress.java:1256)
[2025-04-25T07:03:21.316+0000] {spark_submit.py:634} INFO - at io.netty.util.internal.SocketUtils$8.run(SocketUtils.java:156)
[2025-04-25T07:03:21.317+0000] {spark_submit.py:634} INFO - at io.netty.util.internal.SocketUtils$8.run(SocketUtils.java:153)
[2025-04-25T07:03:21.317+0000] {spark_submit.py:634} INFO - at java.base/java.security.AccessController.doPrivileged(AccessController.java:569)
[2025-04-25T07:03:21.317+0000] {spark_submit.py:634} INFO - at io.netty.util.internal.SocketUtils.addressByName(SocketUtils.java:153)
[2025-04-25T07:03:21.318+0000] {spark_submit.py:634} INFO - at io.netty.resolver.DefaultNameResolver.doResolve(DefaultNameResolver.java:41)
[2025-04-25T07:03:21.318+0000] {spark_submit.py:634} INFO - at io.netty.resolver.SimpleNameResolver.resolve(SimpleNameResolver.java:61)
[2025-04-25T07:03:21.318+0000] {spark_submit.py:634} INFO - at io.netty.resolver.SimpleNameResolver.resolve(SimpleNameResolver.java:53)
[2025-04-25T07:03:21.318+0000] {spark_submit.py:634} INFO - at io.netty.resolver.InetSocketAddressResolver.doResolve(InetSocketAddressResolver.java:55)
[2025-04-25T07:03:21.319+0000] {spark_submit.py:634} INFO - at io.netty.resolver.InetSocketAddressResolver.doResolve(InetSocketAddressResolver.java:31)
[2025-04-25T07:03:21.319+0000] {spark_submit.py:634} INFO - at io.netty.resolver.AbstractAddressResolver.resolve(AbstractAddressResolver.java:106)
[2025-04-25T07:03:21.320+0000] {spark_submit.py:634} INFO - at io.netty.bootstrap.Bootstrap.doResolveAndConnect0(Bootstrap.java:220)
[2025-04-25T07:03:21.320+0000] {spark_submit.py:634} INFO - at io.netty.bootstrap.Bootstrap.access$000(Bootstrap.java:46)
[2025-04-25T07:03:21.320+0000] {spark_submit.py:634} INFO - at io.netty.bootstrap.Bootstrap$1.operationComplete(Bootstrap.java:189)
[2025-04-25T07:03:21.320+0000] {spark_submit.py:634} INFO - at io.netty.bootstrap.Bootstrap$1.operationComplete(Bootstrap.java:175)
[2025-04-25T07:03:21.321+0000] {spark_submit.py:634} INFO - at io.netty.util.concurrent.DefaultPromise.notifyListener0(DefaultPromise.java:590)
[2025-04-25T07:03:21.321+0000] {spark_submit.py:634} INFO - at io.netty.util.concurrent.DefaultPromise.notifyListenersNow(DefaultPromise.java:557)
[2025-04-25T07:03:21.321+0000] {spark_submit.py:634} INFO - at io.netty.util.concurrent.DefaultPromise.notifyListeners(DefaultPromise.java:492)
[2025-04-25T07:03:21.322+0000] {spark_submit.py:634} INFO - at io.netty.util.concurrent.DefaultPromise.setValue0(DefaultPromise.java:636)
[2025-04-25T07:03:21.322+0000] {spark_submit.py:634} INFO - at io.netty.util.concurrent.DefaultPromise.setSuccess0(DefaultPromise.java:625)
[2025-04-25T07:03:21.323+0000] {spark_submit.py:634} INFO - at io.netty.util.concurrent.DefaultPromise.trySuccess(DefaultPromise.java:105)
[2025-04-25T07:03:21.324+0000] {spark_submit.py:634} INFO - at io.netty.channel.DefaultChannelPromise.trySuccess(DefaultChannelPromise.java:84)
[2025-04-25T07:03:21.324+0000] {spark_submit.py:634} INFO - at io.netty.channel.AbstractChannel$AbstractUnsafe.safeSetSuccess(AbstractChannel.java:990)
[2025-04-25T07:03:21.325+0000] {spark_submit.py:634} INFO - at io.netty.channel.AbstractChannel$AbstractUnsafe.register0(AbstractChannel.java:516)
[2025-04-25T07:03:21.325+0000] {spark_submit.py:634} INFO - at io.netty.channel.AbstractChannel$AbstractUnsafe.access$200(AbstractChannel.java:429)
[2025-04-25T07:03:21.325+0000] {spark_submit.py:634} INFO - at io.netty.channel.AbstractChannel$AbstractUnsafe$1.run(AbstractChannel.java:486)
[2025-04-25T07:03:21.326+0000] {spark_submit.py:634} INFO - at io.netty.util.concurrent.AbstractEventExecutor.runTask(AbstractEventExecutor.java:174)
[2025-04-25T07:03:21.326+0000] {spark_submit.py:634} INFO - at io.netty.util.concurrent.AbstractEventExecutor.safeExecute(AbstractEventExecutor.java:167)
[2025-04-25T07:03:21.326+0000] {spark_submit.py:634} INFO - at io.netty.util.concurrent.SingleThreadEventExecutor.runAllTasks(SingleThreadEventExecutor.java:470)
[2025-04-25T07:03:21.327+0000] {spark_submit.py:634} INFO - at io.netty.channel.nio.NioEventLoop.run(NioEventLoop.java:569)
[2025-04-25T07:03:21.327+0000] {spark_submit.py:634} INFO - at io.netty.util.concurrent.SingleThreadEventExecutor$4.run(SingleThreadEventExecutor.java:997)
[2025-04-25T07:03:21.327+0000] {spark_submit.py:634} INFO - at io.netty.util.internal.ThreadExecutorMap$2.run(ThreadExecutorMap.java:74)
[2025-04-25T07:03:21.328+0000] {spark_submit.py:634} INFO - at io.netty.util.concurrent.FastThreadLocalRunnable.run(FastThreadLocalRunnable.java:30)
[2025-04-25T07:03:21.328+0000] {spark_submit.py:634} INFO - ... 1 more
[2025-04-25T07:03:37.267+0000] {spark_submit.py:634} INFO - 25/04/25 07:03:37 INFO StandaloneAppClient$ClientEndpoint: Connecting to master spark://spark-master-1:7077...
[2025-04-25T07:03:41.227+0000] {spark_submit.py:634} INFO - 25/04/25 07:03:41 WARN TransportClientFactory: DNS resolution failed for spark-master-1/<unresolved>:7077 took 3957 ms
[2025-04-25T07:03:41.231+0000] {spark_submit.py:634} INFO - 25/04/25 07:03:41 WARN StandaloneAppClient$ClientEndpoint: Failed to connect to master spark-master-1:7077
[2025-04-25T07:03:41.232+0000] {spark_submit.py:634} INFO - org.apache.spark.SparkException: Exception thrown in awaitResult:
[2025-04-25T07:03:41.232+0000] {spark_submit.py:634} INFO - at org.apache.spark.util.SparkThreadUtils$.awaitResult(SparkThreadUtils.scala:56)
[2025-04-25T07:03:41.232+0000] {spark_submit.py:634} INFO - at org.apache.spark.util.ThreadUtils$.awaitResult(ThreadUtils.scala:310)
[2025-04-25T07:03:41.233+0000] {spark_submit.py:634} INFO - at org.apache.spark.rpc.RpcTimeout.awaitResult(RpcTimeout.scala:75)
[2025-04-25T07:03:41.233+0000] {spark_submit.py:634} INFO - at org.apache.spark.rpc.RpcEnv.setupEndpointRefByURI(RpcEnv.scala:102)
[2025-04-25T07:03:41.233+0000] {spark_submit.py:634} INFO - at org.apache.spark.rpc.RpcEnv.setupEndpointRef(RpcEnv.scala:110)
[2025-04-25T07:03:41.234+0000] {spark_submit.py:634} INFO - at org.apache.spark.deploy.client.StandaloneAppClient$ClientEndpoint$$anon$1.run(StandaloneAppClient.scala:108)
[2025-04-25T07:03:41.234+0000] {spark_submit.py:634} INFO - at java.base/java.util.concurrent.Executors$RunnableAdapter.call(Executors.java:539)
[2025-04-25T07:03:41.234+0000] {spark_submit.py:634} INFO - at java.base/java.util.concurrent.FutureTask.run(FutureTask.java:264)
[2025-04-25T07:03:41.235+0000] {spark_submit.py:634} INFO - at java.base/java.util.concurrent.ThreadPoolExecutor.runWorker(ThreadPoolExecutor.java:1136)
[2025-04-25T07:03:41.235+0000] {spark_submit.py:634} INFO - at java.base/java.util.concurrent.ThreadPoolExecutor$Worker.run(ThreadPoolExecutor.java:635)
[2025-04-25T07:03:41.235+0000] {spark_submit.py:634} INFO - at java.base/java.lang.Thread.run(Thread.java:840)
[2025-04-25T07:03:41.236+0000] {spark_submit.py:634} INFO - Caused by: java.io.IOException: Failed to connect to spark-master-1/<unresolved>:7077
[2025-04-25T07:03:41.236+0000] {spark_submit.py:634} INFO - at org.apache.spark.network.client.TransportClientFactory.createClient(TransportClientFactory.java:294)
[2025-04-25T07:03:41.236+0000] {spark_submit.py:634} INFO - at org.apache.spark.network.client.TransportClientFactory.createClient(TransportClientFactory.java:214)
[2025-04-25T07:03:41.236+0000] {spark_submit.py:634} INFO - at org.apache.spark.network.client.TransportClientFactory.createClient(TransportClientFactory.java:226)
[2025-04-25T07:03:41.237+0000] {spark_submit.py:634} INFO - at org.apache.spark.rpc.netty.NettyRpcEnv.createClient(NettyRpcEnv.scala:204)
[2025-04-25T07:03:41.237+0000] {spark_submit.py:634} INFO - at org.apache.spark.rpc.netty.Outbox$$anon$1.call(Outbox.scala:202)
[2025-04-25T07:03:41.237+0000] {spark_submit.py:634} INFO - at org.apache.spark.rpc.netty.Outbox$$anon$1.call(Outbox.scala:198)
[2025-04-25T07:03:41.238+0000] {spark_submit.py:634} INFO - ... 4 more
[2025-04-25T07:03:41.238+0000] {spark_submit.py:634} INFO - Caused by: java.net.UnknownHostException: spark-master-1
[2025-04-25T07:03:41.238+0000] {spark_submit.py:634} INFO - at java.base/java.net.InetAddress$CachedAddresses.get(InetAddress.java:801)
[2025-04-25T07:03:41.239+0000] {spark_submit.py:634} INFO - at java.base/java.net.InetAddress.getAllByName0(InetAddress.java:1533)
[2025-04-25T07:03:41.239+0000] {spark_submit.py:634} INFO - at java.base/java.net.InetAddress.getAllByName(InetAddress.java:1385)
[2025-04-25T07:03:41.239+0000] {spark_submit.py:634} INFO - at java.base/java.net.InetAddress.getAllByName(InetAddress.java:1306)
[2025-04-25T07:03:41.240+0000] {spark_submit.py:634} INFO - at java.base/java.net.InetAddress.getByName(InetAddress.java:1256)
[2025-04-25T07:03:41.240+0000] {spark_submit.py:634} INFO - at io.netty.util.internal.SocketUtils$8.run(SocketUtils.java:156)
[2025-04-25T07:03:41.240+0000] {spark_submit.py:634} INFO - at io.netty.util.internal.SocketUtils$8.run(SocketUtils.java:153)
[2025-04-25T07:03:41.241+0000] {spark_submit.py:634} INFO - at java.base/java.security.AccessController.doPrivileged(AccessController.java:569)
[2025-04-25T07:03:41.241+0000] {spark_submit.py:634} INFO - at io.netty.util.internal.SocketUtils.addressByName(SocketUtils.java:153)
[2025-04-25T07:03:41.242+0000] {spark_submit.py:634} INFO - at io.netty.resolver.DefaultNameResolver.doResolve(DefaultNameResolver.java:41)
[2025-04-25T07:03:41.242+0000] {spark_submit.py:634} INFO - at io.netty.resolver.SimpleNameResolver.resolve(SimpleNameResolver.java:61)
[2025-04-25T07:03:41.242+0000] {spark_submit.py:634} INFO - at io.netty.resolver.SimpleNameResolver.resolve(SimpleNameResolver.java:53)
[2025-04-25T07:03:41.242+0000] {spark_submit.py:634} INFO - at io.netty.resolver.InetSocketAddressResolver.doResolve(InetSocketAddressResolver.java:55)
[2025-04-25T07:03:41.243+0000] {spark_submit.py:634} INFO - at io.netty.resolver.InetSocketAddressResolver.doResolve(InetSocketAddressResolver.java:31)
[2025-04-25T07:03:41.243+0000] {spark_submit.py:634} INFO - at io.netty.resolver.AbstractAddressResolver.resolve(AbstractAddressResolver.java:106)
[2025-04-25T07:03:41.243+0000] {spark_submit.py:634} INFO - at io.netty.bootstrap.Bootstrap.doResolveAndConnect0(Bootstrap.java:220)
[2025-04-25T07:03:41.244+0000] {spark_submit.py:634} INFO - at io.netty.bootstrap.Bootstrap.access$000(Bootstrap.java:46)
[2025-04-25T07:03:41.244+0000] {spark_submit.py:634} INFO - at io.netty.bootstrap.Bootstrap$1.operationComplete(Bootstrap.java:189)
[2025-04-25T07:03:41.244+0000] {spark_submit.py:634} INFO - at io.netty.bootstrap.Bootstrap$1.operationComplete(Bootstrap.java:175)
[2025-04-25T07:03:41.245+0000] {spark_submit.py:634} INFO - at io.netty.util.concurrent.DefaultPromise.notifyListener0(DefaultPromise.java:590)
[2025-04-25T07:03:41.245+0000] {spark_submit.py:634} INFO - at io.netty.util.concurrent.DefaultPromise.notifyListenersNow(DefaultPromise.java:557)
[2025-04-25T07:03:41.245+0000] {spark_submit.py:634} INFO - at io.netty.util.concurrent.DefaultPromise.notifyListeners(DefaultPromise.java:492)
[2025-04-25T07:03:41.246+0000] {spark_submit.py:634} INFO - at io.netty.util.concurrent.DefaultPromise.setValue0(DefaultPromise.java:636)
[2025-04-25T07:03:41.246+0000] {spark_submit.py:634} INFO - at io.netty.util.concurrent.DefaultPromise.setSuccess0(DefaultPromise.java:625)
[2025-04-25T07:03:41.246+0000] {spark_submit.py:634} INFO - at io.netty.util.concurrent.DefaultPromise.trySuccess(DefaultPromise.java:105)
[2025-04-25T07:03:41.247+0000] {spark_submit.py:634} INFO - at io.netty.channel.DefaultChannelPromise.trySuccess(DefaultChannelPromise.java:84)
[2025-04-25T07:03:41.247+0000] {spark_submit.py:634} INFO - at io.netty.channel.AbstractChannel$AbstractUnsafe.safeSetSuccess(AbstractChannel.java:990)
[2025-04-25T07:03:41.247+0000] {spark_submit.py:634} INFO - at io.netty.channel.AbstractChannel$AbstractUnsafe.register0(AbstractChannel.java:516)
[2025-04-25T07:03:41.248+0000] {spark_submit.py:634} INFO - at io.netty.channel.AbstractChannel$AbstractUnsafe.access$200(AbstractChannel.java:429)
[2025-04-25T07:03:41.248+0000] {spark_submit.py:634} INFO - at io.netty.channel.AbstractChannel$AbstractUnsafe$1.run(AbstractChannel.java:486)
[2025-04-25T07:03:41.249+0000] {spark_submit.py:634} INFO - at io.netty.util.concurrent.AbstractEventExecutor.runTask(AbstractEventExecutor.java:174)
[2025-04-25T07:03:41.249+0000] {spark_submit.py:634} INFO - at io.netty.util.concurrent.AbstractEventExecutor.safeExecute(AbstractEventExecutor.java:167)
[2025-04-25T07:03:41.249+0000] {spark_submit.py:634} INFO - at io.netty.util.concurrent.SingleThreadEventExecutor.runAllTasks(SingleThreadEventExecutor.java:470)
[2025-04-25T07:03:41.250+0000] {spark_submit.py:634} INFO - at io.netty.channel.nio.NioEventLoop.run(NioEventLoop.java:569)
[2025-04-25T07:03:41.250+0000] {spark_submit.py:634} INFO - at io.netty.util.concurrent.SingleThreadEventExecutor$4.run(SingleThreadEventExecutor.java:997)
[2025-04-25T07:03:41.250+0000] {spark_submit.py:634} INFO - at io.netty.util.internal.ThreadExecutorMap$2.run(ThreadExecutorMap.java:74)
[2025-04-25T07:03:41.251+0000] {spark_submit.py:634} INFO - at io.netty.util.concurrent.FastThreadLocalRunnable.run(FastThreadLocalRunnable.java:30)
[2025-04-25T07:03:41.251+0000] {spark_submit.py:634} INFO - ... 1 more
[2025-04-25T07:03:57.267+0000] {spark_submit.py:634} INFO - 25/04/25 07:03:57 INFO StandaloneAppClient$ClientEndpoint: Connecting to master spark://spark-master-1:7077...
[2025-04-25T07:04:01.210+0000] {spark_submit.py:634} INFO - 25/04/25 07:04:01 WARN TransportClientFactory: DNS resolution failed for spark-master-1/<unresolved>:7077 took 3943 ms
[2025-04-25T07:04:01.213+0000] {spark_submit.py:634} INFO - 25/04/25 07:04:01 WARN StandaloneAppClient$ClientEndpoint: Failed to connect to master spark-master-1:7077
[2025-04-25T07:04:01.214+0000] {spark_submit.py:634} INFO - org.apache.spark.SparkException: Exception thrown in awaitResult:
[2025-04-25T07:04:01.214+0000] {spark_submit.py:634} INFO - at org.apache.spark.util.SparkThreadUtils$.awaitResult(SparkThreadUtils.scala:56)
[2025-04-25T07:04:01.215+0000] {spark_submit.py:634} INFO - at org.apache.spark.util.ThreadUtils$.awaitResult(ThreadUtils.scala:310)
[2025-04-25T07:04:01.215+0000] {spark_submit.py:634} INFO - at org.apache.spark.rpc.RpcTimeout.awaitResult(RpcTimeout.scala:75)
[2025-04-25T07:04:01.215+0000] {spark_submit.py:634} INFO - at org.apache.spark.rpc.RpcEnv.setupEndpointRefByURI(RpcEnv.scala:102)
[2025-04-25T07:04:01.216+0000] {spark_submit.py:634} INFO - at org.apache.spark.rpc.RpcEnv.setupEndpointRef(RpcEnv.scala:110)
[2025-04-25T07:04:01.216+0000] {spark_submit.py:634} INFO - at org.apache.spark.deploy.client.StandaloneAppClient$ClientEndpoint$$anon$1.run(StandaloneAppClient.scala:108)
[2025-04-25T07:04:01.216+0000] {spark_submit.py:634} INFO - at java.base/java.util.concurrent.Executors$RunnableAdapter.call(Executors.java:539)
[2025-04-25T07:04:01.217+0000] {spark_submit.py:634} INFO - at java.base/java.util.concurrent.FutureTask.run(FutureTask.java:264)
[2025-04-25T07:04:01.217+0000] {spark_submit.py:634} INFO - at java.base/java.util.concurrent.ThreadPoolExecutor.runWorker(ThreadPoolExecutor.java:1136)
[2025-04-25T07:04:01.217+0000] {spark_submit.py:634} INFO - at java.base/java.util.concurrent.ThreadPoolExecutor$Worker.run(ThreadPoolExecutor.java:635)
[2025-04-25T07:04:01.218+0000] {spark_submit.py:634} INFO - at java.base/java.lang.Thread.run(Thread.java:840)
[2025-04-25T07:04:01.218+0000] {spark_submit.py:634} INFO - Caused by: java.io.IOException: Failed to connect to spark-master-1/<unresolved>:7077
[2025-04-25T07:04:01.219+0000] {spark_submit.py:634} INFO - at org.apache.spark.network.client.TransportClientFactory.createClient(TransportClientFactory.java:294)
[2025-04-25T07:04:01.219+0000] {spark_submit.py:634} INFO - at org.apache.spark.network.client.TransportClientFactory.createClient(TransportClientFactory.java:214)
[2025-04-25T07:04:01.219+0000] {spark_submit.py:634} INFO - at org.apache.spark.network.client.TransportClientFactory.createClient(TransportClientFactory.java:226)
[2025-04-25T07:04:01.220+0000] {spark_submit.py:634} INFO - at org.apache.spark.rpc.netty.NettyRpcEnv.createClient(NettyRpcEnv.scala:204)
[2025-04-25T07:04:01.220+0000] {spark_submit.py:634} INFO - at org.apache.spark.rpc.netty.Outbox$$anon$1.call(Outbox.scala:202)
[2025-04-25T07:04:01.220+0000] {spark_submit.py:634} INFO - at org.apache.spark.rpc.netty.Outbox$$anon$1.call(Outbox.scala:198)
[2025-04-25T07:04:01.221+0000] {spark_submit.py:634} INFO - ... 4 more
[2025-04-25T07:04:01.221+0000] {spark_submit.py:634} INFO - Caused by: java.net.UnknownHostException: spark-master-1
[2025-04-25T07:04:01.222+0000] {spark_submit.py:634} INFO - at java.base/java.net.InetAddress$CachedAddresses.get(InetAddress.java:801)
[2025-04-25T07:04:01.222+0000] {spark_submit.py:634} INFO - at java.base/java.net.InetAddress.getAllByName0(InetAddress.java:1533)
[2025-04-25T07:04:01.222+0000] {spark_submit.py:634} INFO - at java.base/java.net.InetAddress.getAllByName(InetAddress.java:1385)
[2025-04-25T07:04:01.222+0000] {spark_submit.py:634} INFO - at java.base/java.net.InetAddress.getAllByName(InetAddress.java:1306)
[2025-04-25T07:04:01.223+0000] {spark_submit.py:634} INFO - at java.base/java.net.InetAddress.getByName(InetAddress.java:1256)
[2025-04-25T07:04:01.223+0000] {spark_submit.py:634} INFO - at io.netty.util.internal.SocketUtils$8.run(SocketUtils.java:156)
[2025-04-25T07:04:01.223+0000] {spark_submit.py:634} INFO - at io.netty.util.internal.SocketUtils$8.run(SocketUtils.java:153)
[2025-04-25T07:04:01.224+0000] {spark_submit.py:634} INFO - at java.base/java.security.AccessController.doPrivileged(AccessController.java:569)
[2025-04-25T07:04:01.224+0000] {spark_submit.py:634} INFO - at io.netty.util.internal.SocketUtils.addressByName(SocketUtils.java:153)
[2025-04-25T07:04:01.224+0000] {spark_submit.py:634} INFO - at io.netty.resolver.DefaultNameResolver.doResolve(DefaultNameResolver.java:41)
[2025-04-25T07:04:01.225+0000] {spark_submit.py:634} INFO - at io.netty.resolver.SimpleNameResolver.resolve(SimpleNameResolver.java:61)
[2025-04-25T07:04:01.225+0000] {spark_submit.py:634} INFO - at io.netty.resolver.SimpleNameResolver.resolve(SimpleNameResolver.java:53)
[2025-04-25T07:04:01.225+0000] {spark_submit.py:634} INFO - at io.netty.resolver.InetSocketAddressResolver.doResolve(InetSocketAddressResolver.java:55)
[2025-04-25T07:04:01.226+0000] {spark_submit.py:634} INFO - at io.netty.resolver.InetSocketAddressResolver.doResolve(InetSocketAddressResolver.java:31)
[2025-04-25T07:04:01.226+0000] {spark_submit.py:634} INFO - at io.netty.resolver.AbstractAddressResolver.resolve(AbstractAddressResolver.java:106)
[2025-04-25T07:04:01.226+0000] {spark_submit.py:634} INFO - at io.netty.bootstrap.Bootstrap.doResolveAndConnect0(Bootstrap.java:220)
[2025-04-25T07:04:01.227+0000] {spark_submit.py:634} INFO - at io.netty.bootstrap.Bootstrap.access$000(Bootstrap.java:46)
[2025-04-25T07:04:01.227+0000] {spark_submit.py:634} INFO - at io.netty.bootstrap.Bootstrap$1.operationComplete(Bootstrap.java:189)
[2025-04-25T07:04:01.228+0000] {spark_submit.py:634} INFO - at io.netty.bootstrap.Bootstrap$1.operationComplete(Bootstrap.java:175)
[2025-04-25T07:04:01.228+0000] {spark_submit.py:634} INFO - at io.netty.util.concurrent.DefaultPromise.notifyListener0(DefaultPromise.java:590)
[2025-04-25T07:04:01.228+0000] {spark_submit.py:634} INFO - at io.netty.util.concurrent.DefaultPromise.notifyListenersNow(DefaultPromise.java:557)
[2025-04-25T07:04:01.228+0000] {spark_submit.py:634} INFO - at io.netty.util.concurrent.DefaultPromise.notifyListeners(DefaultPromise.java:492)
[2025-04-25T07:04:01.229+0000] {spark_submit.py:634} INFO - at io.netty.util.concurrent.DefaultPromise.setValue0(DefaultPromise.java:636)
[2025-04-25T07:04:01.229+0000] {spark_submit.py:634} INFO - at io.netty.util.concurrent.DefaultPromise.setSuccess0(DefaultPromise.java:625)
[2025-04-25T07:04:01.229+0000] {spark_submit.py:634} INFO - at io.netty.util.concurrent.DefaultPromise.trySuccess(DefaultPromise.java:105)
[2025-04-25T07:04:01.230+0000] {spark_submit.py:634} INFO - at io.netty.channel.DefaultChannelPromise.trySuccess(DefaultChannelPromise.java:84)
[2025-04-25T07:04:01.230+0000] {spark_submit.py:634} INFO - at io.netty.channel.AbstractChannel$AbstractUnsafe.safeSetSuccess(AbstractChannel.java:990)
[2025-04-25T07:04:01.230+0000] {spark_submit.py:634} INFO - at io.netty.channel.AbstractChannel$AbstractUnsafe.register0(AbstractChannel.java:516)
[2025-04-25T07:04:01.231+0000] {spark_submit.py:634} INFO - at io.netty.channel.AbstractChannel$AbstractUnsafe.access$200(AbstractChannel.java:429)
[2025-04-25T07:04:01.231+0000] {spark_submit.py:634} INFO - at io.netty.channel.AbstractChannel$AbstractUnsafe$1.run(AbstractChannel.java:486)
[2025-04-25T07:04:01.231+0000] {spark_submit.py:634} INFO - at io.netty.util.concurrent.AbstractEventExecutor.runTask(AbstractEventExecutor.java:174)
[2025-04-25T07:04:01.232+0000] {spark_submit.py:634} INFO - at io.netty.util.concurrent.AbstractEventExecutor.safeExecute(AbstractEventExecutor.java:167)
[2025-04-25T07:04:01.232+0000] {spark_submit.py:634} INFO - at io.netty.util.concurrent.SingleThreadEventExecutor.runAllTasks(SingleThreadEventExecutor.java:470)
[2025-04-25T07:04:01.232+0000] {spark_submit.py:634} INFO - at io.netty.channel.nio.NioEventLoop.run(NioEventLoop.java:569)
[2025-04-25T07:04:01.233+0000] {spark_submit.py:634} INFO - at io.netty.util.concurrent.SingleThreadEventExecutor$4.run(SingleThreadEventExecutor.java:997)
[2025-04-25T07:04:01.233+0000] {spark_submit.py:634} INFO - at io.netty.util.internal.ThreadExecutorMap$2.run(ThreadExecutorMap.java:74)
[2025-04-25T07:04:01.233+0000] {spark_submit.py:634} INFO - at io.netty.util.concurrent.FastThreadLocalRunnable.run(FastThreadLocalRunnable.java:30)
[2025-04-25T07:04:01.234+0000] {spark_submit.py:634} INFO - ... 1 more
[2025-04-25T07:04:17.267+0000] {spark_submit.py:634} INFO - 25/04/25 07:04:17 WARN StandaloneSchedulerBackend: Application ID is not initialized yet.
[2025-04-25T07:04:17.268+0000] {spark_submit.py:634} INFO - 25/04/25 07:04:17 ERROR StandaloneSchedulerBackend: Application has been killed. Reason: All masters are unresponsive! Giving up.
[2025-04-25T07:04:17.276+0000] {spark_submit.py:634} INFO - 25/04/25 07:04:17 INFO Utils: Successfully started service 'org.apache.spark.network.netty.NettyBlockTransferService' on port 38277.
[2025-04-25T07:04:17.277+0000] {spark_submit.py:634} INFO - 25/04/25 07:04:17 INFO NettyBlockTransferService: Server created on 8f416ae2c250:38277
[2025-04-25T07:04:17.278+0000] {spark_submit.py:634} INFO - 25/04/25 07:04:17 INFO BlockManager: Using org.apache.spark.storage.RandomBlockReplicationPolicy for block replication policy
[2025-04-25T07:04:17.282+0000] {spark_submit.py:634} INFO - 25/04/25 07:04:17 INFO BlockManagerMaster: Registering BlockManager BlockManagerId(driver, 8f416ae2c250, 38277, None)
[2025-04-25T07:04:17.285+0000] {spark_submit.py:634} INFO - 25/04/25 07:04:17 INFO BlockManagerMasterEndpoint: Registering block manager 8f416ae2c250:38277 with 434.4 MiB RAM, BlockManagerId(driver, 8f416ae2c250, 38277, None)
[2025-04-25T07:04:17.287+0000] {spark_submit.py:634} INFO - 25/04/25 07:04:17 INFO BlockManagerMaster: Registered BlockManager BlockManagerId(driver, 8f416ae2c250, 38277, None)
[2025-04-25T07:04:17.288+0000] {spark_submit.py:634} INFO - 25/04/25 07:04:17 INFO BlockManager: Initialized BlockManager: BlockManagerId(driver, 8f416ae2c250, 38277, None)
[2025-04-25T07:04:17.422+0000] {spark_submit.py:634} INFO - 25/04/25 07:04:17 INFO StandaloneSchedulerBackend: SchedulerBackend is ready for scheduling beginning after reached minRegisteredResourcesRatio: 0.0
[2025-04-25T07:04:17.608+0000] {spark_submit.py:634} INFO - 25/04/25 07:04:17 INFO SparkContext: SparkContext is stopping with exitCode 0.
[2025-04-25T07:04:17.619+0000] {spark_submit.py:634} INFO - 25/04/25 07:04:17 INFO SparkUI: Stopped Spark web UI at http://8f416ae2c250:4040
[2025-04-25T07:04:17.622+0000] {spark_submit.py:634} INFO - 25/04/25 07:04:17 INFO StandaloneSchedulerBackend: Shutting down all executors
[2025-04-25T07:04:17.625+0000] {spark_submit.py:634} INFO - 25/04/25 07:04:17 INFO StandaloneSchedulerBackend$StandaloneDriverEndpoint: Asking each executor to shut down
[2025-04-25T07:04:17.630+0000] {spark_submit.py:634} INFO - 25/04/25 07:04:17 WARN StandaloneAppClient$ClientEndpoint: Drop UnregisterApplication(null) because has not yet connected to master
[2025-04-25T07:04:17.635+0000] {spark_submit.py:634} INFO - 25/04/25 07:04:17 INFO SharedState: Setting hive.metastore.warehouse.dir ('null') to the value of spark.sql.warehouse.dir.
[2025-04-25T07:04:17.637+0000] {spark_submit.py:634} INFO - 25/04/25 07:04:17 INFO MapOutputTrackerMasterEndpoint: MapOutputTrackerMasterEndpoint stopped!
[2025-04-25T07:04:17.641+0000] {spark_submit.py:634} INFO - 25/04/25 07:04:17 INFO SharedState: Warehouse path is 'file:/opt/***/spark-warehouse'.
[2025-04-25T07:04:17.649+0000] {spark_submit.py:634} INFO - 25/04/25 07:04:17 INFO MemoryStore: MemoryStore cleared
[2025-04-25T07:04:17.650+0000] {spark_submit.py:634} INFO - 25/04/25 07:04:17 INFO BlockManager: BlockManager stopped
[2025-04-25T07:04:17.656+0000] {spark_submit.py:634} INFO - 25/04/25 07:04:17 INFO BlockManagerMaster: BlockManagerMaster stopped
[2025-04-25T07:04:17.657+0000] {spark_submit.py:634} INFO - 25/04/25 07:04:17 INFO OutputCommitCoordinator$OutputCommitCoordinatorEndpoint: OutputCommitCoordinator stopped!
[2025-04-25T07:04:17.666+0000] {spark_submit.py:634} INFO - 25/04/25 07:04:17 INFO SparkContext: Successfully stopped SparkContext
[2025-04-25T07:04:17.675+0000] {spark_submit.py:634} INFO - Traceback (most recent call last):
[2025-04-25T07:04:17.675+0000] {spark_submit.py:634} INFO - File "/opt/***/include/scripts/read.py", line 14, in <module>
[2025-04-25T07:04:17.677+0000] {spark_submit.py:634} INFO - main()
[2025-04-25T07:04:17.678+0000] {spark_submit.py:634} INFO - File "/opt/***/include/scripts/read.py", line 8, in main
[2025-04-25T07:04:17.680+0000] {spark_submit.py:634} INFO - df = spark.read.csv("./include/data.csv", header="true") # /usr/local/***/include/data.csv that path must exist in your Spark containers
[2025-04-25T07:04:17.680+0000] {spark_submit.py:634} INFO - File "/home/***/.local/lib/python3.9/site-packages/pyspark/python/lib/pyspark.zip/pyspark/sql/session.py", line 1706, in read
[2025-04-25T07:04:17.680+0000] {spark_submit.py:634} INFO - File "/home/***/.local/lib/python3.9/site-packages/pyspark/python/lib/pyspark.zip/pyspark/sql/readwriter.py", line 70, in __init__
[2025-04-25T07:04:17.681+0000] {spark_submit.py:634} INFO - File "/home/***/.local/lib/python3.9/site-packages/pyspark/python/lib/py4j-0.10.9.7-src.zip/py4j/java_gateway.py", line 1322, in __call__
[2025-04-25T07:04:17.682+0000] {spark_submit.py:634} INFO - File "/home/***/.local/lib/python3.9/site-packages/pyspark/python/lib/pyspark.zip/pyspark/errors/exceptions/captured.py", line 179, in deco
[2025-04-25T07:04:17.682+0000] {spark_submit.py:634} INFO - File "/home/***/.local/lib/python3.9/site-packages/pyspark/python/lib/py4j-0.10.9.7-src.zip/py4j/protocol.py", line 326, in get_return_value
[2025-04-25T07:04:17.683+0000] {spark_submit.py:634} INFO - py4j.protocol.Py4JJavaError: An error occurred while calling o24.read.
[2025-04-25T07:04:17.684+0000] {spark_submit.py:634} INFO - : java.lang.IllegalStateException: LiveListenerBus is stopped.
[2025-04-25T07:04:17.684+0000] {spark_submit.py:634} INFO - at org.apache.spark.scheduler.LiveListenerBus.addToQueue(LiveListenerBus.scala:92)
[2025-04-25T07:04:17.684+0000] {spark_submit.py:634} INFO - at org.apache.spark.scheduler.LiveListenerBus.addToStatusQueue(LiveListenerBus.scala:75)
[2025-04-25T07:04:17.685+0000] {spark_submit.py:634} INFO - at org.apache.spark.sql.internal.SharedState.<init>(SharedState.scala:115)
[2025-04-25T07:04:17.685+0000] {spark_submit.py:634} INFO - at org.apache.spark.sql.SparkSession.$anonfun$sharedState$1(SparkSession.scala:143)
[2025-04-25T07:04:17.685+0000] {spark_submit.py:634} INFO - at scala.Option.getOrElse(Option.scala:189)
[2025-04-25T07:04:17.686+0000] {spark_submit.py:634} INFO - at org.apache.spark.sql.SparkSession.sharedState$lzycompute(SparkSession.scala:143)
[2025-04-25T07:04:17.686+0000] {spark_submit.py:634} INFO - at org.apache.spark.sql.SparkSession.sharedState(SparkSession.scala:142)
[2025-04-25T07:04:17.686+0000] {spark_submit.py:634} INFO - at org.apache.spark.sql.SparkSession.$anonfun$sessionState$2(SparkSession.scala:162)
[2025-04-25T07:04:17.687+0000] {spark_submit.py:634} INFO - at scala.Option.getOrElse(Option.scala:189)
[2025-04-25T07:04:17.687+0000] {spark_submit.py:634} INFO - at org.apache.spark.sql.SparkSession.sessionState$lzycompute(SparkSession.scala:160)
[2025-04-25T07:04:17.687+0000] {spark_submit.py:634} INFO - at org.apache.spark.sql.SparkSession.sessionState(SparkSession.scala:157)
[2025-04-25T07:04:17.688+0000] {spark_submit.py:634} INFO - at org.apache.spark.sql.DataFrameReader.<init>(DataFrameReader.scala:699)
[2025-04-25T07:04:17.688+0000] {spark_submit.py:634} INFO - at org.apache.spark.sql.SparkSession.read(SparkSession.scala:783)
[2025-04-25T07:04:17.688+0000] {spark_submit.py:634} INFO - at java.base/jdk.internal.reflect.NativeMethodAccessorImpl.invoke0(Native Method)
[2025-04-25T07:04:17.689+0000] {spark_submit.py:634} INFO - at java.base/jdk.internal.reflect.NativeMethodAccessorImpl.invoke(NativeMethodAccessorImpl.java:77)
[2025-04-25T07:04:17.689+0000] {spark_submit.py:634} INFO - at java.base/jdk.internal.reflect.DelegatingMethodAccessorImpl.invoke(DelegatingMethodAccessorImpl.java:43)
[2025-04-25T07:04:17.689+0000] {spark_submit.py:634} INFO - at java.base/java.lang.reflect.Method.invoke(Method.java:569)
[2025-04-25T07:04:17.689+0000] {spark_submit.py:634} INFO - at py4j.reflection.MethodInvoker.invoke(MethodInvoker.java:244)
[2025-04-25T07:04:17.690+0000] {spark_submit.py:634} INFO - at py4j.reflection.ReflectionEngine.invoke(ReflectionEngine.java:374)
[2025-04-25T07:04:17.690+0000] {spark_submit.py:634} INFO - at py4j.Gateway.invoke(Gateway.java:282)
[2025-04-25T07:04:17.690+0000] {spark_submit.py:634} INFO - at py4j.commands.AbstractCommand.invokeMethod(AbstractCommand.java:132)
[2025-04-25T07:04:17.691+0000] {spark_submit.py:634} INFO - at py4j.commands.CallCommand.execute(CallCommand.java:79)
[2025-04-25T07:04:17.691+0000] {spark_submit.py:634} INFO - at py4j.ClientServerConnection.waitForCommands(ClientServerConnection.java:182)
[2025-04-25T07:04:17.691+0000] {spark_submit.py:634} INFO - at py4j.ClientServerConnection.run(ClientServerConnection.java:106)
[2025-04-25T07:04:17.692+0000] {spark_submit.py:634} INFO - at java.base/java.lang.Thread.run(Thread.java:840)
[2025-04-25T07:04:17.692+0000] {spark_submit.py:634} INFO - 
[2025-04-25T07:04:17.736+0000] {spark_submit.py:634} INFO - 25/04/25 07:04:17 INFO ShutdownHookManager: Shutdown hook called
[2025-04-25T07:04:17.737+0000] {spark_submit.py:634} INFO - 25/04/25 07:04:17 INFO ShutdownHookManager: Deleting directory /tmp/spark-5a535e7e-a93f-4544-9883-95056a33c3ee/pyspark-77b6a4c3-74b2-4b40-9057-adcd4c24397b
[2025-04-25T07:04:17.743+0000] {spark_submit.py:634} INFO - 25/04/25 07:04:17 INFO ShutdownHookManager: Deleting directory /tmp/spark-5a535e7e-a93f-4544-9883-95056a33c3ee
[2025-04-25T07:04:17.747+0000] {spark_submit.py:634} INFO - 25/04/25 07:04:17 INFO ShutdownHookManager: Deleting directory /tmp/spark-698402b6-8e56-405b-857d-e62e51281a5b
[2025-04-25T07:04:17.804+0000] {taskinstance.py:2698} ERROR - Task failed with exception
Traceback (most recent call last):
  File "/home/airflow/.local/lib/python3.9/site-packages/airflow/models/taskinstance.py", line 433, in _execute_task
    result = execute_callable(context=context, **execute_callable_kwargs)
  File "/home/airflow/.local/lib/python3.9/site-packages/airflow/providers/apache/spark/operators/spark_submit.py", line 176, in execute
    self._hook.submit(self.application)
  File "/home/airflow/.local/lib/python3.9/site-packages/airflow/providers/apache/spark/hooks/spark_submit.py", line 560, in submit
    raise AirflowException(
airflow.exceptions.AirflowException: Cannot execute: spark-submit --master spark://spark-master-1:7077 --principal *** --name arrow-spark --verbose --deploy-mode client ./include/scripts/read.py. Error code is: 1.
[2025-04-25T07:04:17.810+0000] {taskinstance.py:1138} INFO - Marking task as FAILED. dag_id=my_dag, task_id=read_Data, execution_date=20250425T070311, start_date=20250425T070313, end_date=20250425T070417
[2025-04-25T07:04:17.831+0000] {standard_task_runner.py:107} ERROR - Failed to execute job 5 for task read_Data (Cannot execute: spark-submit --master spark://spark-master-1:7077 --principal *** --name arrow-spark --verbose --deploy-mode client ./include/scripts/read.py. Error code is: 1.; 482)
[2025-04-25T07:04:17.863+0000] {local_task_job_runner.py:234} INFO - Task exited with return code 1
[2025-04-25T07:04:17.878+0000] {taskinstance.py:3280} INFO - 0 downstream tasks scheduled from follow-on schedule check
