[2025-04-25T06:38:34.278+0000] {taskinstance.py:1956} INFO - Dependencies all met for dep_context=non-requeueable deps ti=<TaskInstance: tutorial.templated scheduled__2025-04-24T00:00:00+00:00 [queued]>
[2025-04-25T06:38:34.289+0000] {taskinstance.py:1956} INFO - Dependencies all met for dep_context=requeueable deps ti=<TaskInstance: tutorial.templated scheduled__2025-04-24T00:00:00+00:00 [queued]>
[2025-04-25T06:38:34.290+0000] {taskinstance.py:2170} INFO - Starting attempt 1 of 2
[2025-04-25T06:38:34.319+0000] {taskinstance.py:2191} INFO - Executing <Task(BashOperator): templated> on 2025-04-24 00:00:00+00:00
[2025-04-25T06:38:34.330+0000] {standard_task_runner.py:60} INFO - Started process 116 to run task
[2025-04-25T06:38:34.334+0000] {standard_task_runner.py:87} INFO - Running: ['***', 'tasks', 'run', 'tutorial', 'templated', 'scheduled__2025-04-24T00:00:00+00:00', '--job-id', '6', '--raw', '--subdir', '/home/***/.local/lib/python3.9/site-packages/***/example_dags/tutorial.py', '--cfg-path', '/tmp/tmpq2ormp4f']
[2025-04-25T06:38:34.339+0000] {standard_task_runner.py:88} INFO - Job 6: Subtask templated
[2025-04-25T06:38:34.402+0000] {task_command.py:423} INFO - Running <TaskInstance: tutorial.templated scheduled__2025-04-24T00:00:00+00:00 [running]> on host 54912c5939d4
[2025-04-25T06:38:34.496+0000] {taskinstance.py:2480} INFO - Exporting env vars: AIRFLOW_CTX_DAG_EMAIL='***@example.com' AIRFLOW_CTX_DAG_OWNER='***' AIRFLOW_CTX_DAG_ID='tutorial' AIRFLOW_CTX_TASK_ID='templated' AIRFLOW_CTX_EXECUTION_DATE='2025-04-24T00:00:00+00:00' AIRFLOW_CTX_TRY_NUMBER='1' AIRFLOW_CTX_DAG_RUN_ID='scheduled__2025-04-24T00:00:00+00:00'
[2025-04-25T06:38:34.500+0000] {subprocess.py:63} INFO - Tmp dir root location: /tmp
[2025-04-25T06:38:34.501+0000] {subprocess.py:75} INFO - Running command: ['/usr/bin/bash', '-c', '\n\n    echo "2025-04-24"\n    echo "2025-05-01"\n\n    echo "2025-04-24"\n    echo "2025-05-01"\n\n    echo "2025-04-24"\n    echo "2025-05-01"\n\n    echo "2025-04-24"\n    echo "2025-05-01"\n\n    echo "2025-04-24"\n    echo "2025-05-01"\n']
[2025-04-25T06:38:34.518+0000] {subprocess.py:86} INFO - Output:
[2025-04-25T06:38:34.520+0000] {subprocess.py:93} INFO - 2025-04-24
[2025-04-25T06:38:34.520+0000] {subprocess.py:93} INFO - 2025-05-01
[2025-04-25T06:38:34.521+0000] {subprocess.py:93} INFO - 2025-04-24
[2025-04-25T06:38:34.521+0000] {subprocess.py:93} INFO - 2025-05-01
[2025-04-25T06:38:34.521+0000] {subprocess.py:93} INFO - 2025-04-24
[2025-04-25T06:38:34.522+0000] {subprocess.py:93} INFO - 2025-05-01
[2025-04-25T06:38:34.522+0000] {subprocess.py:93} INFO - 2025-04-24
[2025-04-25T06:38:34.522+0000] {subprocess.py:93} INFO - 2025-05-01
[2025-04-25T06:38:34.523+0000] {subprocess.py:93} INFO - 2025-04-24
[2025-04-25T06:38:34.523+0000] {subprocess.py:93} INFO - 2025-05-01
[2025-04-25T06:38:34.523+0000] {subprocess.py:97} INFO - Command exited with return code 0
[2025-04-25T06:38:34.547+0000] {taskinstance.py:1138} INFO - Marking task as SUCCESS. dag_id=tutorial, task_id=templated, execution_date=20250424T000000, start_date=20250425T063834, end_date=20250425T063834
[2025-04-25T06:38:34.588+0000] {local_task_job_runner.py:234} INFO - Task exited with return code 0
[2025-04-25T06:38:34.605+0000] {taskinstance.py:3280} INFO - 0 downstream tasks scheduled from follow-on schedule check
