[2025-04-25T08:17:39.497+0000] {taskinstance.py:1956} INFO - Dependencies all met for dep_context=non-requeueable deps ti=<TaskInstance: my_dag.read_Data manual__2025-04-25T08:17:38.176653+00:00 [queued]>
[2025-04-25T08:17:39.505+0000] {taskinstance.py:1956} INFO - Dependencies all met for dep_context=requeueable deps ti=<TaskInstance: my_dag.read_Data manual__2025-04-25T08:17:38.176653+00:00 [queued]>
[2025-04-25T08:17:39.506+0000] {taskinstance.py:2170} INFO - Starting attempt 1 of 1
[2025-04-25T08:17:39.521+0000] {taskinstance.py:2191} INFO - Executing <Task(SparkSubmitOperator): read_Data> on 2025-04-25 08:17:38.176653+00:00
[2025-04-25T08:17:39.528+0000] {standard_task_runner.py:60} INFO - Started process 1257 to run task
[2025-04-25T08:17:39.531+0000] {standard_task_runner.py:87} INFO - Running: ['***', 'tasks', 'run', 'my_dag', 'read_Data', 'manual__2025-04-25T08:17:38.176653+00:00', '--job-id', '6', '--raw', '--subdir', 'DAGS_FOLDER/mydag.py', '--cfg-path', '/tmp/tmpbgjj_41b']
[2025-04-25T08:17:39.535+0000] {standard_task_runner.py:88} INFO - Job 6: Subtask read_Data
[2025-04-25T08:17:39.583+0000] {task_command.py:423} INFO - Running <TaskInstance: my_dag.read_Data manual__2025-04-25T08:17:38.176653+00:00 [running]> on host faa67a8aa4f8
[2025-04-25T08:17:39.657+0000] {taskinstance.py:2480} INFO - Exporting env vars: AIRFLOW_CTX_DAG_OWNER='***' AIRFLOW_CTX_DAG_ID='my_dag' AIRFLOW_CTX_TASK_ID='read_Data' AIRFLOW_CTX_EXECUTION_DATE='2025-04-25T08:17:38.176653+00:00' AIRFLOW_CTX_TRY_NUMBER='1' AIRFLOW_CTX_DAG_RUN_ID='manual__2025-04-25T08:17:38.176653+00:00'
[2025-04-25T08:17:39.667+0000] {base.py:83} INFO - Using connection ID 'my_spark_conn' for task execution.
[2025-04-25T08:17:39.668+0000] {spark_submit.py:327} ERROR - Failed to decode base64 keytab: Incorrect padding
[2025-04-25T08:17:39.669+0000] {spark_submit.py:304} INFO - Could not load connection string my_spark_conn, defaulting to spark://spark-master:7077
[2025-04-25T08:17:39.670+0000] {spark_submit.py:473} INFO - Spark-Submit cmd: spark-submit --master spark://spark-master:7077 --principal *** --name arrow-spark --verbose --deploy-mode client ./include/scripts/read.py
[2025-04-25T08:17:40.748+0000] {spark_submit.py:634} INFO - Using properties file: null
[2025-04-25T08:17:40.851+0000] {spark_submit.py:634} INFO - Parsed arguments:
[2025-04-25T08:17:40.852+0000] {spark_submit.py:634} INFO - master                  spark://spark-master:7077
[2025-04-25T08:17:40.852+0000] {spark_submit.py:634} INFO - remote                  null
[2025-04-25T08:17:40.853+0000] {spark_submit.py:634} INFO - deployMode              client
[2025-04-25T08:17:40.853+0000] {spark_submit.py:634} INFO - executorMemory          null
[2025-04-25T08:17:40.853+0000] {spark_submit.py:634} INFO - executorCores           null
[2025-04-25T08:17:40.854+0000] {spark_submit.py:634} INFO - totalExecutorCores      null
[2025-04-25T08:17:40.854+0000] {spark_submit.py:634} INFO - propertiesFile          null
[2025-04-25T08:17:40.854+0000] {spark_submit.py:634} INFO - driverMemory            null
[2025-04-25T08:17:40.855+0000] {spark_submit.py:634} INFO - driverCores             null
[2025-04-25T08:17:40.855+0000] {spark_submit.py:634} INFO - driverExtraClassPath    null
[2025-04-25T08:17:40.855+0000] {spark_submit.py:634} INFO - driverExtraLibraryPath  null
[2025-04-25T08:17:40.855+0000] {spark_submit.py:634} INFO - driverExtraJavaOptions  null
[2025-04-25T08:17:40.856+0000] {spark_submit.py:634} INFO - supervise               false
[2025-04-25T08:17:40.856+0000] {spark_submit.py:634} INFO - queue                   null
[2025-04-25T08:17:40.856+0000] {spark_submit.py:634} INFO - numExecutors            null
[2025-04-25T08:17:40.857+0000] {spark_submit.py:634} INFO - files                   null
[2025-04-25T08:17:40.857+0000] {spark_submit.py:634} INFO - pyFiles                 null
[2025-04-25T08:17:40.857+0000] {spark_submit.py:634} INFO - archives                null
[2025-04-25T08:17:40.857+0000] {spark_submit.py:634} INFO - mainClass               null
[2025-04-25T08:17:40.858+0000] {spark_submit.py:634} INFO - primaryResource         file:/opt/***/include/scripts/read.py
[2025-04-25T08:17:40.858+0000] {spark_submit.py:634} INFO - name                    arrow-spark
[2025-04-25T08:17:40.859+0000] {spark_submit.py:634} INFO - childArgs               []
[2025-04-25T08:17:40.859+0000] {spark_submit.py:634} INFO - jars                    null
[2025-04-25T08:17:40.859+0000] {spark_submit.py:634} INFO - packages                null
[2025-04-25T08:17:40.860+0000] {spark_submit.py:634} INFO - packagesExclusions      null
[2025-04-25T08:17:40.860+0000] {spark_submit.py:634} INFO - repositories            null
[2025-04-25T08:17:40.860+0000] {spark_submit.py:634} INFO - verbose                 true
[2025-04-25T08:17:40.861+0000] {spark_submit.py:634} INFO - 
[2025-04-25T08:17:40.861+0000] {spark_submit.py:634} INFO - Spark properties used, including those specified through
[2025-04-25T08:17:40.861+0000] {spark_submit.py:634} INFO - --conf and those from the properties file null:
[2025-04-25T08:17:40.862+0000] {spark_submit.py:634} INFO - 
[2025-04-25T08:17:40.862+0000] {spark_submit.py:634} INFO - 
[2025-04-25T08:17:40.862+0000] {spark_submit.py:634} INFO - 
[2025-04-25T08:17:41.073+0000] {spark_submit.py:634} INFO - Main class:
[2025-04-25T08:17:41.074+0000] {spark_submit.py:634} INFO - org.apache.spark.deploy.PythonRunner
[2025-04-25T08:17:41.075+0000] {spark_submit.py:634} INFO - Arguments:
[2025-04-25T08:17:41.076+0000] {spark_submit.py:634} INFO - file:/opt/***/include/scripts/read.py
[2025-04-25T08:17:41.076+0000] {spark_submit.py:634} INFO - null
[2025-04-25T08:17:41.079+0000] {spark_submit.py:634} INFO - Spark config:
[2025-04-25T08:17:41.080+0000] {spark_submit.py:634} INFO - (spark.app.name,arrow-spark)
[2025-04-25T08:17:41.081+0000] {spark_submit.py:634} INFO - (spark.app.submitTime,1745569061051)
[2025-04-25T08:17:41.081+0000] {spark_submit.py:634} INFO - (spark.kerberos.principal,***)
[2025-04-25T08:17:41.082+0000] {spark_submit.py:634} INFO - (spark.master,spark://spark-master:7077)
[2025-04-25T08:17:41.082+0000] {spark_submit.py:634} INFO - (spark.submit.deployMode,client)
[2025-04-25T08:17:41.083+0000] {spark_submit.py:634} INFO - (spark.submit.pyFiles,)
[2025-04-25T08:17:41.083+0000] {spark_submit.py:634} INFO - Classpath elements:
[2025-04-25T08:17:41.083+0000] {spark_submit.py:634} INFO - 
[2025-04-25T08:17:41.084+0000] {spark_submit.py:634} INFO - 
[2025-04-25T08:17:41.084+0000] {spark_submit.py:634} INFO - 
[2025-04-25T08:17:41.919+0000] {spark_submit.py:634} INFO - 25/04/25 08:17:41 INFO SparkContext: Running Spark version 3.5.5
[2025-04-25T08:17:41.921+0000] {spark_submit.py:634} INFO - 25/04/25 08:17:41 INFO SparkContext: OS info Linux, 5.15.167.4-microsoft-standard-WSL2, amd64
[2025-04-25T08:17:41.922+0000] {spark_submit.py:634} INFO - 25/04/25 08:17:41 INFO SparkContext: Java version 17.0.14
[2025-04-25T08:17:41.972+0000] {spark_submit.py:634} INFO - 25/04/25 08:17:41 WARN NativeCodeLoader: Unable to load native-hadoop library for your platform... using builtin-java classes where applicable
[2025-04-25T08:17:42.047+0000] {spark_submit.py:634} INFO - 25/04/25 08:17:42 INFO ResourceUtils: ==============================================================
[2025-04-25T08:17:42.048+0000] {spark_submit.py:634} INFO - 25/04/25 08:17:42 INFO ResourceUtils: No custom resources configured for spark.driver.
[2025-04-25T08:17:42.048+0000] {spark_submit.py:634} INFO - 25/04/25 08:17:42 INFO ResourceUtils: ==============================================================
[2025-04-25T08:17:42.049+0000] {spark_submit.py:634} INFO - 25/04/25 08:17:42 INFO SparkContext: Submitted application: PySpark Example
[2025-04-25T08:17:42.068+0000] {spark_submit.py:634} INFO - 25/04/25 08:17:42 INFO ResourceProfile: Default ResourceProfile created, executor resources: Map(memory -> name: memory, amount: 1024, script: , vendor: , offHeap -> name: offHeap, amount: 0, script: , vendor: ), task resources: Map(cpus -> name: cpus, amount: 1.0)
[2025-04-25T08:17:42.076+0000] {spark_submit.py:634} INFO - 25/04/25 08:17:42 INFO ResourceProfile: Limiting resource is cpu
[2025-04-25T08:17:42.076+0000] {spark_submit.py:634} INFO - 25/04/25 08:17:42 INFO ResourceProfileManager: Added ResourceProfile id: 0
[2025-04-25T08:17:42.128+0000] {spark_submit.py:634} INFO - 25/04/25 08:17:42 INFO SecurityManager: Changing view acls to: ***
[2025-04-25T08:17:42.129+0000] {spark_submit.py:634} INFO - 25/04/25 08:17:42 INFO SecurityManager: Changing modify acls to: ***
[2025-04-25T08:17:42.130+0000] {spark_submit.py:634} INFO - 25/04/25 08:17:42 INFO SecurityManager: Changing view acls groups to:
[2025-04-25T08:17:42.130+0000] {spark_submit.py:634} INFO - 25/04/25 08:17:42 INFO SecurityManager: Changing modify acls groups to:
[2025-04-25T08:17:42.130+0000] {spark_submit.py:634} INFO - 25/04/25 08:17:42 INFO SecurityManager: SecurityManager: authentication disabled; ui acls disabled; users with view permissions: ***; groups with view permissions: EMPTY; users with modify permissions: ***; groups with modify permissions: EMPTY
[2025-04-25T08:17:42.332+0000] {spark_submit.py:634} INFO - 25/04/25 08:17:42 INFO Utils: Successfully started service 'sparkDriver' on port 35947.
[2025-04-25T08:17:42.362+0000] {spark_submit.py:634} INFO - 25/04/25 08:17:42 INFO SparkEnv: Registering MapOutputTracker
[2025-04-25T08:17:42.405+0000] {spark_submit.py:634} INFO - 25/04/25 08:17:42 INFO SparkEnv: Registering BlockManagerMaster
[2025-04-25T08:17:42.428+0000] {spark_submit.py:634} INFO - 25/04/25 08:17:42 INFO BlockManagerMasterEndpoint: Using org.apache.spark.storage.DefaultTopologyMapper for getting topology information
[2025-04-25T08:17:42.430+0000] {spark_submit.py:634} INFO - 25/04/25 08:17:42 INFO BlockManagerMasterEndpoint: BlockManagerMasterEndpoint up
[2025-04-25T08:17:42.434+0000] {spark_submit.py:634} INFO - 25/04/25 08:17:42 INFO SparkEnv: Registering BlockManagerMasterHeartbeat
[2025-04-25T08:17:42.454+0000] {spark_submit.py:634} INFO - 25/04/25 08:17:42 INFO DiskBlockManager: Created local directory at /tmp/blockmgr-16b8a02f-31df-4686-a00f-4cd082db2950
[2025-04-25T08:17:42.466+0000] {spark_submit.py:634} INFO - 25/04/25 08:17:42 INFO MemoryStore: MemoryStore started with capacity 434.4 MiB
[2025-04-25T08:17:42.480+0000] {spark_submit.py:634} INFO - 25/04/25 08:17:42 INFO SparkEnv: Registering OutputCommitCoordinator
[2025-04-25T08:17:42.620+0000] {spark_submit.py:634} INFO - 25/04/25 08:17:42 INFO JettyUtils: Start Jetty 0.0.0.0:4040 for SparkUI
[2025-04-25T08:17:42.724+0000] {spark_submit.py:634} INFO - 25/04/25 08:17:42 INFO Utils: Successfully started service 'SparkUI' on port 4040.
[2025-04-25T08:17:42.878+0000] {spark_submit.py:634} INFO - 25/04/25 08:17:42 INFO StandaloneAppClient$ClientEndpoint: Connecting to master spark://spark-master:7077...
[2025-04-25T08:17:42.918+0000] {spark_submit.py:634} INFO - 25/04/25 08:17:42 INFO TransportClientFactory: Successfully created connection to spark-master/172.18.0.4:7077 after 22 ms (0 ms spent in bootstraps)
[2025-04-25T08:17:43.000+0000] {spark_submit.py:634} INFO - 25/04/25 08:17:42 INFO StandaloneSchedulerBackend: Connected to Spark cluster with app ID app-20250425081742-0001
[2025-04-25T08:17:43.002+0000] {spark_submit.py:634} INFO - 25/04/25 08:17:43 INFO StandaloneAppClient$ClientEndpoint: Executor added: app-20250425081742-0001/0 on worker-20250425073233-172.18.0.5-41935 (172.18.0.5:41935) with 2 core(s)
[2025-04-25T08:17:43.004+0000] {spark_submit.py:634} INFO - 25/04/25 08:17:43 INFO StandaloneSchedulerBackend: Granted executor ID app-20250425081742-0001/0 on hostPort 172.18.0.5:41935 with 2 core(s), 1024.0 MiB RAM
[2025-04-25T08:17:43.011+0000] {spark_submit.py:634} INFO - 25/04/25 08:17:43 INFO Utils: Successfully started service 'org.apache.spark.network.netty.NettyBlockTransferService' on port 32951.
[2025-04-25T08:17:43.013+0000] {spark_submit.py:634} INFO - 25/04/25 08:17:43 INFO NettyBlockTransferService: Server created on faa67a8aa4f8:32951
[2025-04-25T08:17:43.015+0000] {spark_submit.py:634} INFO - 25/04/25 08:17:43 INFO BlockManager: Using org.apache.spark.storage.RandomBlockReplicationPolicy for block replication policy
[2025-04-25T08:17:43.021+0000] {spark_submit.py:634} INFO - 25/04/25 08:17:43 INFO BlockManagerMaster: Registering BlockManager BlockManagerId(driver, faa67a8aa4f8, 32951, None)
[2025-04-25T08:17:43.024+0000] {spark_submit.py:634} INFO - 25/04/25 08:17:43 INFO BlockManagerMasterEndpoint: Registering block manager faa67a8aa4f8:32951 with 434.4 MiB RAM, BlockManagerId(driver, faa67a8aa4f8, 32951, None)
[2025-04-25T08:17:43.026+0000] {spark_submit.py:634} INFO - 25/04/25 08:17:43 INFO BlockManagerMaster: Registered BlockManager BlockManagerId(driver, faa67a8aa4f8, 32951, None)
[2025-04-25T08:17:43.028+0000] {spark_submit.py:634} INFO - 25/04/25 08:17:43 INFO BlockManager: Initialized BlockManager: BlockManagerId(driver, faa67a8aa4f8, 32951, None)
[2025-04-25T08:17:43.052+0000] {spark_submit.py:634} INFO - 25/04/25 08:17:43 INFO StandaloneAppClient$ClientEndpoint: Executor updated: app-20250425081742-0001/0 is now RUNNING
[2025-04-25T08:17:43.221+0000] {spark_submit.py:634} INFO - 25/04/25 08:17:43 INFO StandaloneSchedulerBackend: SchedulerBackend is ready for scheduling beginning after reached minRegisteredResourcesRatio: 0.0
[2025-04-25T08:17:43.408+0000] {spark_submit.py:634} INFO - Current Working Directory: /opt/***
[2025-04-25T08:17:43.475+0000] {spark_submit.py:634} INFO - 25/04/25 08:17:43 INFO SharedState: Setting hive.metastore.warehouse.dir ('null') to the value of spark.sql.warehouse.dir.
[2025-04-25T08:17:43.481+0000] {spark_submit.py:634} INFO - 25/04/25 08:17:43 INFO SharedState: Warehouse path is 'file:/opt/***/spark-warehouse'.
[2025-04-25T08:17:44.355+0000] {spark_submit.py:634} INFO - 25/04/25 08:17:44 INFO InMemoryFileIndex: It took 50 ms to list leaf files for 1 paths.
[2025-04-25T08:17:44.434+0000] {spark_submit.py:634} INFO - 25/04/25 08:17:44 INFO InMemoryFileIndex: It took 7 ms to list leaf files for 1 paths.
[2025-04-25T08:17:45.755+0000] {spark_submit.py:634} INFO - 25/04/25 08:17:45 INFO StandaloneSchedulerBackend$StandaloneDriverEndpoint: Registered executor NettyRpcEndpointRef(spark-client://Executor) (172.18.0.5:34370) with ID 0,  ResourceProfileId 0
[2025-04-25T08:17:45.833+0000] {spark_submit.py:634} INFO - 25/04/25 08:17:45 INFO BlockManagerMasterEndpoint: Registering block manager 172.18.0.5:39911 with 434.4 MiB RAM, BlockManagerId(0, 172.18.0.5, 39911, None)
[2025-04-25T08:17:46.657+0000] {spark_submit.py:634} INFO - 25/04/25 08:17:46 INFO FileSourceStrategy: Pushed Filters:
[2025-04-25T08:17:46.660+0000] {spark_submit.py:634} INFO - 25/04/25 08:17:46 INFO FileSourceStrategy: Post-Scan Filters: (length(trim(value#0, None)) > 0)
[2025-04-25T08:17:47.057+0000] {spark_submit.py:634} INFO - 25/04/25 08:17:47 INFO CodeGenerator: Code generated in 140.469239 ms
[2025-04-25T08:17:47.107+0000] {spark_submit.py:634} INFO - 25/04/25 08:17:47 INFO MemoryStore: Block broadcast_0 stored as values in memory (estimated size 199.6 KiB, free 434.2 MiB)
[2025-04-25T08:17:47.140+0000] {spark_submit.py:634} INFO - 25/04/25 08:17:47 INFO MemoryStore: Block broadcast_0_piece0 stored as bytes in memory (estimated size 34.2 KiB, free 434.2 MiB)
[2025-04-25T08:17:47.142+0000] {spark_submit.py:634} INFO - 25/04/25 08:17:47 INFO BlockManagerInfo: Added broadcast_0_piece0 in memory on faa67a8aa4f8:32951 (size: 34.2 KiB, free: 434.4 MiB)
[2025-04-25T08:17:47.146+0000] {spark_submit.py:634} INFO - 25/04/25 08:17:47 INFO SparkContext: Created broadcast 0 from csv at NativeMethodAccessorImpl.java:0
[2025-04-25T08:17:47.154+0000] {spark_submit.py:634} INFO - 25/04/25 08:17:47 INFO FileSourceScanExec: Planning scan with bin packing, max size: 4194304 bytes, open cost is considered as scanning 4194304 bytes.
[2025-04-25T08:17:47.217+0000] {spark_submit.py:634} INFO - 25/04/25 08:17:47 INFO SparkContext: Starting job: csv at NativeMethodAccessorImpl.java:0
[2025-04-25T08:17:47.228+0000] {spark_submit.py:634} INFO - 25/04/25 08:17:47 INFO DAGScheduler: Got job 0 (csv at NativeMethodAccessorImpl.java:0) with 1 output partitions
[2025-04-25T08:17:47.229+0000] {spark_submit.py:634} INFO - 25/04/25 08:17:47 INFO DAGScheduler: Final stage: ResultStage 0 (csv at NativeMethodAccessorImpl.java:0)
[2025-04-25T08:17:47.229+0000] {spark_submit.py:634} INFO - 25/04/25 08:17:47 INFO DAGScheduler: Parents of final stage: List()
[2025-04-25T08:17:47.229+0000] {spark_submit.py:634} INFO - 25/04/25 08:17:47 INFO DAGScheduler: Missing parents: List()
[2025-04-25T08:17:47.232+0000] {spark_submit.py:634} INFO - 25/04/25 08:17:47 INFO DAGScheduler: Submitting ResultStage 0 (MapPartitionsRDD[3] at csv at NativeMethodAccessorImpl.java:0), which has no missing parents
[2025-04-25T08:17:47.277+0000] {spark_submit.py:634} INFO - 25/04/25 08:17:47 INFO MemoryStore: Block broadcast_1 stored as values in memory (estimated size 13.5 KiB, free 434.2 MiB)
[2025-04-25T08:17:47.278+0000] {spark_submit.py:634} INFO - 25/04/25 08:17:47 INFO MemoryStore: Block broadcast_1_piece0 stored as bytes in memory (estimated size 6.4 KiB, free 434.2 MiB)
[2025-04-25T08:17:47.279+0000] {spark_submit.py:634} INFO - 25/04/25 08:17:47 INFO BlockManagerInfo: Added broadcast_1_piece0 in memory on faa67a8aa4f8:32951 (size: 6.4 KiB, free: 434.4 MiB)
[2025-04-25T08:17:47.279+0000] {spark_submit.py:634} INFO - 25/04/25 08:17:47 INFO SparkContext: Created broadcast 1 from broadcast at DAGScheduler.scala:1585
[2025-04-25T08:17:47.292+0000] {spark_submit.py:634} INFO - 25/04/25 08:17:47 INFO DAGScheduler: Submitting 1 missing tasks from ResultStage 0 (MapPartitionsRDD[3] at csv at NativeMethodAccessorImpl.java:0) (first 15 tasks are for partitions Vector(0))
[2025-04-25T08:17:47.293+0000] {spark_submit.py:634} INFO - 25/04/25 08:17:47 INFO TaskSchedulerImpl: Adding task set 0.0 with 1 tasks resource profile 0
[2025-04-25T08:17:47.312+0000] {spark_submit.py:634} INFO - 25/04/25 08:17:47 INFO TaskSetManager: Starting task 0.0 in stage 0.0 (TID 0) (172.18.0.5, executor 0, partition 0, PROCESS_LOCAL, 9602 bytes)
[2025-04-25T08:17:47.514+0000] {spark_submit.py:634} INFO - 25/04/25 08:17:47 INFO BlockManagerInfo: Added broadcast_1_piece0 in memory on 172.18.0.5:39911 (size: 6.4 KiB, free: 434.4 MiB)
[2025-04-25T08:17:48.156+0000] {spark_submit.py:634} INFO - 25/04/25 08:17:48 INFO BlockManagerInfo: Added broadcast_0_piece0 in memory on 172.18.0.5:39911 (size: 34.2 KiB, free: 434.4 MiB)
[2025-04-25T08:17:48.538+0000] {spark_submit.py:634} INFO - 25/04/25 08:17:48 WARN TaskSetManager: Lost task 0.0 in stage 0.0 (TID 0) (172.18.0.5 executor 0): org.apache.spark.SparkFileNotFoundException: File file:/opt/***/include/data.csv does not exist
[2025-04-25T08:17:48.539+0000] {spark_submit.py:634} INFO - It is possible the underlying files have been updated. You can explicitly invalidate the cache in Spark by running 'REFRESH TABLE tableName' command in SQL or by recreating the Dataset/DataFrame involved.
[2025-04-25T08:17:48.539+0000] {spark_submit.py:634} INFO - at org.apache.spark.sql.errors.QueryExecutionErrors$.readCurrentFileNotFoundError(QueryExecutionErrors.scala:781)
[2025-04-25T08:17:48.540+0000] {spark_submit.py:634} INFO - at org.apache.spark.sql.execution.datasources.FileScanRDD$$anon$1.org$apache$spark$sql$execution$datasources$FileScanRDD$$anon$$readCurrentFile(FileScanRDD.scala:222)
[2025-04-25T08:17:48.540+0000] {spark_submit.py:634} INFO - at org.apache.spark.sql.execution.datasources.FileScanRDD$$anon$1.nextIterator(FileScanRDD.scala:282)
[2025-04-25T08:17:48.540+0000] {spark_submit.py:634} INFO - at org.apache.spark.sql.execution.datasources.FileScanRDD$$anon$1.hasNext(FileScanRDD.scala:131)
[2025-04-25T08:17:48.541+0000] {spark_submit.py:634} INFO - at scala.collection.Iterator$$anon$10.hasNext(Iterator.scala:460)
[2025-04-25T08:17:48.541+0000] {spark_submit.py:634} INFO - at org.apache.spark.sql.catalyst.expressions.GeneratedClass$GeneratedIteratorForCodegenStage1.processNext(Unknown Source)
[2025-04-25T08:17:48.541+0000] {spark_submit.py:634} INFO - at org.apache.spark.sql.execution.BufferedRowIterator.hasNext(BufferedRowIterator.java:43)
[2025-04-25T08:17:48.541+0000] {spark_submit.py:634} INFO - at org.apache.spark.sql.execution.WholeStageCodegenEvaluatorFactory$WholeStageCodegenPartitionEvaluator$$anon$1.hasNext(WholeStageCodegenEvaluatorFactory.scala:43)
[2025-04-25T08:17:48.542+0000] {spark_submit.py:634} INFO - at org.apache.spark.sql.execution.SparkPlan.$anonfun$getByteArrayRdd$1(SparkPlan.scala:388)
[2025-04-25T08:17:48.542+0000] {spark_submit.py:634} INFO - at org.apache.spark.rdd.RDD.$anonfun$mapPartitionsInternal$2(RDD.scala:893)
[2025-04-25T08:17:48.542+0000] {spark_submit.py:634} INFO - at org.apache.spark.rdd.RDD.$anonfun$mapPartitionsInternal$2$adapted(RDD.scala:893)
[2025-04-25T08:17:48.543+0000] {spark_submit.py:634} INFO - at org.apache.spark.rdd.MapPartitionsRDD.compute(MapPartitionsRDD.scala:52)
[2025-04-25T08:17:48.543+0000] {spark_submit.py:634} INFO - at org.apache.spark.rdd.RDD.computeOrReadCheckpoint(RDD.scala:367)
[2025-04-25T08:17:48.543+0000] {spark_submit.py:634} INFO - at org.apache.spark.rdd.RDD.iterator(RDD.scala:331)
[2025-04-25T08:17:48.544+0000] {spark_submit.py:634} INFO - at org.apache.spark.scheduler.ResultTask.runTask(ResultTask.scala:93)
[2025-04-25T08:17:48.544+0000] {spark_submit.py:634} INFO - at org.apache.spark.TaskContext.runTaskWithListeners(TaskContext.scala:166)
[2025-04-25T08:17:48.545+0000] {spark_submit.py:634} INFO - at org.apache.spark.scheduler.Task.run(Task.scala:141)
[2025-04-25T08:17:48.545+0000] {spark_submit.py:634} INFO - at org.apache.spark.executor.Executor$TaskRunner.$anonfun$run$4(Executor.scala:620)
[2025-04-25T08:17:48.545+0000] {spark_submit.py:634} INFO - at org.apache.spark.util.SparkErrorUtils.tryWithSafeFinally(SparkErrorUtils.scala:64)
[2025-04-25T08:17:48.546+0000] {spark_submit.py:634} INFO - at org.apache.spark.util.SparkErrorUtils.tryWithSafeFinally$(SparkErrorUtils.scala:61)
[2025-04-25T08:17:48.546+0000] {spark_submit.py:634} INFO - at org.apache.spark.util.Utils$.tryWithSafeFinally(Utils.scala:94)
[2025-04-25T08:17:48.546+0000] {spark_submit.py:634} INFO - at org.apache.spark.executor.Executor$TaskRunner.run(Executor.scala:623)
[2025-04-25T08:17:48.547+0000] {spark_submit.py:634} INFO - at java.base/java.util.concurrent.ThreadPoolExecutor.runWorker(Unknown Source)
[2025-04-25T08:17:48.547+0000] {spark_submit.py:634} INFO - at java.base/java.util.concurrent.ThreadPoolExecutor$Worker.run(Unknown Source)
[2025-04-25T08:17:48.547+0000] {spark_submit.py:634} INFO - at java.base/java.lang.Thread.run(Unknown Source)
[2025-04-25T08:17:48.548+0000] {spark_submit.py:634} INFO - 
[2025-04-25T08:17:48.548+0000] {spark_submit.py:634} INFO - 25/04/25 08:17:48 INFO TaskSetManager: Starting task 0.1 in stage 0.0 (TID 1) (172.18.0.5, executor 0, partition 0, PROCESS_LOCAL, 9602 bytes)
[2025-04-25T08:17:48.577+0000] {spark_submit.py:634} INFO - 25/04/25 08:17:48 INFO TaskSetManager: Lost task 0.1 in stage 0.0 (TID 1) on 172.18.0.5, executor 0: org.apache.spark.SparkFileNotFoundException (File file:/opt/***/include/data.csv does not exist
[2025-04-25T08:17:48.578+0000] {spark_submit.py:634} INFO - It is possible the underlying files have been updated. You can explicitly invalidate the cache in Spark by running 'REFRESH TABLE tableName' command in SQL or by recreating the Dataset/DataFrame involved.) [duplicate 1]
[2025-04-25T08:17:48.579+0000] {spark_submit.py:634} INFO - 25/04/25 08:17:48 INFO TaskSetManager: Starting task 0.2 in stage 0.0 (TID 2) (172.18.0.5, executor 0, partition 0, PROCESS_LOCAL, 9602 bytes)
[2025-04-25T08:17:48.600+0000] {spark_submit.py:634} INFO - 25/04/25 08:17:48 INFO TaskSetManager: Lost task 0.2 in stage 0.0 (TID 2) on 172.18.0.5, executor 0: org.apache.spark.SparkFileNotFoundException (File file:/opt/***/include/data.csv does not exist
[2025-04-25T08:17:48.601+0000] {spark_submit.py:634} INFO - It is possible the underlying files have been updated. You can explicitly invalidate the cache in Spark by running 'REFRESH TABLE tableName' command in SQL or by recreating the Dataset/DataFrame involved.) [duplicate 2]
[2025-04-25T08:17:48.601+0000] {spark_submit.py:634} INFO - 25/04/25 08:17:48 INFO TaskSetManager: Starting task 0.3 in stage 0.0 (TID 3) (172.18.0.5, executor 0, partition 0, PROCESS_LOCAL, 9602 bytes)
[2025-04-25T08:17:48.625+0000] {spark_submit.py:634} INFO - 25/04/25 08:17:48 INFO TaskSetManager: Lost task 0.3 in stage 0.0 (TID 3) on 172.18.0.5, executor 0: org.apache.spark.SparkFileNotFoundException (File file:/opt/***/include/data.csv does not exist
[2025-04-25T08:17:48.626+0000] {spark_submit.py:634} INFO - It is possible the underlying files have been updated. You can explicitly invalidate the cache in Spark by running 'REFRESH TABLE tableName' command in SQL or by recreating the Dataset/DataFrame involved.) [duplicate 3]
[2025-04-25T08:17:48.626+0000] {spark_submit.py:634} INFO - 25/04/25 08:17:48 ERROR TaskSetManager: Task 0 in stage 0.0 failed 4 times; aborting job
[2025-04-25T08:17:48.627+0000] {spark_submit.py:634} INFO - 25/04/25 08:17:48 INFO TaskSchedulerImpl: Removed TaskSet 0.0, whose tasks have all completed, from pool
[2025-04-25T08:17:48.628+0000] {spark_submit.py:634} INFO - 25/04/25 08:17:48 INFO TaskSchedulerImpl: Cancelling stage 0
[2025-04-25T08:17:48.628+0000] {spark_submit.py:634} INFO - 25/04/25 08:17:48 INFO TaskSchedulerImpl: Killing all running tasks in stage 0: Stage cancelled: Job aborted due to stage failure: Task 0 in stage 0.0 failed 4 times, most recent failure: Lost task 0.3 in stage 0.0 (TID 3) (172.18.0.5 executor 0): org.apache.spark.SparkFileNotFoundException: File file:/opt/***/include/data.csv does not exist
[2025-04-25T08:17:48.629+0000] {spark_submit.py:634} INFO - It is possible the underlying files have been updated. You can explicitly invalidate the cache in Spark by running 'REFRESH TABLE tableName' command in SQL or by recreating the Dataset/DataFrame involved.
[2025-04-25T08:17:48.629+0000] {spark_submit.py:634} INFO - at org.apache.spark.sql.errors.QueryExecutionErrors$.readCurrentFileNotFoundError(QueryExecutionErrors.scala:781)
[2025-04-25T08:17:48.629+0000] {spark_submit.py:634} INFO - at org.apache.spark.sql.execution.datasources.FileScanRDD$$anon$1.org$apache$spark$sql$execution$datasources$FileScanRDD$$anon$$readCurrentFile(FileScanRDD.scala:222)
[2025-04-25T08:17:48.630+0000] {spark_submit.py:634} INFO - at org.apache.spark.sql.execution.datasources.FileScanRDD$$anon$1.nextIterator(FileScanRDD.scala:282)
[2025-04-25T08:17:48.630+0000] {spark_submit.py:634} INFO - at org.apache.spark.sql.execution.datasources.FileScanRDD$$anon$1.hasNext(FileScanRDD.scala:131)
[2025-04-25T08:17:48.631+0000] {spark_submit.py:634} INFO - at scala.collection.Iterator$$anon$10.hasNext(Iterator.scala:460)
[2025-04-25T08:17:48.631+0000] {spark_submit.py:634} INFO - at org.apache.spark.sql.catalyst.expressions.GeneratedClass$GeneratedIteratorForCodegenStage1.processNext(Unknown Source)
[2025-04-25T08:17:48.631+0000] {spark_submit.py:634} INFO - at org.apache.spark.sql.execution.BufferedRowIterator.hasNext(BufferedRowIterator.java:43)
[2025-04-25T08:17:48.632+0000] {spark_submit.py:634} INFO - at org.apache.spark.sql.execution.WholeStageCodegenEvaluatorFactory$WholeStageCodegenPartitionEvaluator$$anon$1.hasNext(WholeStageCodegenEvaluatorFactory.scala:43)
[2025-04-25T08:17:48.632+0000] {spark_submit.py:634} INFO - at org.apache.spark.sql.execution.SparkPlan.$anonfun$getByteArrayRdd$1(SparkPlan.scala:388)
[2025-04-25T08:17:48.632+0000] {spark_submit.py:634} INFO - at org.apache.spark.rdd.RDD.$anonfun$mapPartitionsInternal$2(RDD.scala:893)
[2025-04-25T08:17:48.633+0000] {spark_submit.py:634} INFO - at org.apache.spark.rdd.RDD.$anonfun$mapPartitionsInternal$2$adapted(RDD.scala:893)
[2025-04-25T08:17:48.633+0000] {spark_submit.py:634} INFO - at org.apache.spark.rdd.MapPartitionsRDD.compute(MapPartitionsRDD.scala:52)
[2025-04-25T08:17:48.633+0000] {spark_submit.py:634} INFO - at org.apache.spark.rdd.RDD.computeOrReadCheckpoint(RDD.scala:367)
[2025-04-25T08:17:48.634+0000] {spark_submit.py:634} INFO - at org.apache.spark.rdd.RDD.iterator(RDD.scala:331)
[2025-04-25T08:17:48.634+0000] {spark_submit.py:634} INFO - at org.apache.spark.scheduler.ResultTask.runTask(ResultTask.scala:93)
[2025-04-25T08:17:48.634+0000] {spark_submit.py:634} INFO - at org.apache.spark.TaskContext.runTaskWithListeners(TaskContext.scala:166)
[2025-04-25T08:17:48.635+0000] {spark_submit.py:634} INFO - at org.apache.spark.scheduler.Task.run(Task.scala:141)
[2025-04-25T08:17:48.635+0000] {spark_submit.py:634} INFO - at org.apache.spark.executor.Executor$TaskRunner.$anonfun$run$4(Executor.scala:620)
[2025-04-25T08:17:48.635+0000] {spark_submit.py:634} INFO - at org.apache.spark.util.SparkErrorUtils.tryWithSafeFinally(SparkErrorUtils.scala:64)
[2025-04-25T08:17:48.636+0000] {spark_submit.py:634} INFO - at org.apache.spark.util.SparkErrorUtils.tryWithSafeFinally$(SparkErrorUtils.scala:61)
[2025-04-25T08:17:48.636+0000] {spark_submit.py:634} INFO - at org.apache.spark.util.Utils$.tryWithSafeFinally(Utils.scala:94)
[2025-04-25T08:17:48.636+0000] {spark_submit.py:634} INFO - at org.apache.spark.executor.Executor$TaskRunner.run(Executor.scala:623)
[2025-04-25T08:17:48.637+0000] {spark_submit.py:634} INFO - at java.base/java.util.concurrent.ThreadPoolExecutor.runWorker(Unknown Source)
[2025-04-25T08:17:48.637+0000] {spark_submit.py:634} INFO - at java.base/java.util.concurrent.ThreadPoolExecutor$Worker.run(Unknown Source)
[2025-04-25T08:17:48.637+0000] {spark_submit.py:634} INFO - at java.base/java.lang.Thread.run(Unknown Source)
[2025-04-25T08:17:48.638+0000] {spark_submit.py:634} INFO - 
[2025-04-25T08:17:48.638+0000] {spark_submit.py:634} INFO - Driver stacktrace:
[2025-04-25T08:17:48.638+0000] {spark_submit.py:634} INFO - 25/04/25 08:17:48 INFO DAGScheduler: ResultStage 0 (csv at NativeMethodAccessorImpl.java:0) failed in 1.388 s due to Job aborted due to stage failure: Task 0 in stage 0.0 failed 4 times, most recent failure: Lost task 0.3 in stage 0.0 (TID 3) (172.18.0.5 executor 0): org.apache.spark.SparkFileNotFoundException: File file:/opt/***/include/data.csv does not exist
[2025-04-25T08:17:48.639+0000] {spark_submit.py:634} INFO - It is possible the underlying files have been updated. You can explicitly invalidate the cache in Spark by running 'REFRESH TABLE tableName' command in SQL or by recreating the Dataset/DataFrame involved.
[2025-04-25T08:17:48.639+0000] {spark_submit.py:634} INFO - at org.apache.spark.sql.errors.QueryExecutionErrors$.readCurrentFileNotFoundError(QueryExecutionErrors.scala:781)
[2025-04-25T08:17:48.639+0000] {spark_submit.py:634} INFO - at org.apache.spark.sql.execution.datasources.FileScanRDD$$anon$1.org$apache$spark$sql$execution$datasources$FileScanRDD$$anon$$readCurrentFile(FileScanRDD.scala:222)
[2025-04-25T08:17:48.640+0000] {spark_submit.py:634} INFO - at org.apache.spark.sql.execution.datasources.FileScanRDD$$anon$1.nextIterator(FileScanRDD.scala:282)
[2025-04-25T08:17:48.640+0000] {spark_submit.py:634} INFO - at org.apache.spark.sql.execution.datasources.FileScanRDD$$anon$1.hasNext(FileScanRDD.scala:131)
[2025-04-25T08:17:48.641+0000] {spark_submit.py:634} INFO - at scala.collection.Iterator$$anon$10.hasNext(Iterator.scala:460)
[2025-04-25T08:17:48.641+0000] {spark_submit.py:634} INFO - at org.apache.spark.sql.catalyst.expressions.GeneratedClass$GeneratedIteratorForCodegenStage1.processNext(Unknown Source)
[2025-04-25T08:17:48.641+0000] {spark_submit.py:634} INFO - at org.apache.spark.sql.execution.BufferedRowIterator.hasNext(BufferedRowIterator.java:43)
[2025-04-25T08:17:48.642+0000] {spark_submit.py:634} INFO - at org.apache.spark.sql.execution.WholeStageCodegenEvaluatorFactory$WholeStageCodegenPartitionEvaluator$$anon$1.hasNext(WholeStageCodegenEvaluatorFactory.scala:43)
[2025-04-25T08:17:48.642+0000] {spark_submit.py:634} INFO - at org.apache.spark.sql.execution.SparkPlan.$anonfun$getByteArrayRdd$1(SparkPlan.scala:388)
[2025-04-25T08:17:48.642+0000] {spark_submit.py:634} INFO - at org.apache.spark.rdd.RDD.$anonfun$mapPartitionsInternal$2(RDD.scala:893)
[2025-04-25T08:17:48.643+0000] {spark_submit.py:634} INFO - at org.apache.spark.rdd.RDD.$anonfun$mapPartitionsInternal$2$adapted(RDD.scala:893)
[2025-04-25T08:17:48.643+0000] {spark_submit.py:634} INFO - at org.apache.spark.rdd.MapPartitionsRDD.compute(MapPartitionsRDD.scala:52)
[2025-04-25T08:17:48.643+0000] {spark_submit.py:634} INFO - at org.apache.spark.rdd.RDD.computeOrReadCheckpoint(RDD.scala:367)
[2025-04-25T08:17:48.644+0000] {spark_submit.py:634} INFO - at org.apache.spark.rdd.RDD.iterator(RDD.scala:331)
[2025-04-25T08:17:48.644+0000] {spark_submit.py:634} INFO - at org.apache.spark.scheduler.ResultTask.runTask(ResultTask.scala:93)
[2025-04-25T08:17:48.644+0000] {spark_submit.py:634} INFO - at org.apache.spark.TaskContext.runTaskWithListeners(TaskContext.scala:166)
[2025-04-25T08:17:48.645+0000] {spark_submit.py:634} INFO - at org.apache.spark.scheduler.Task.run(Task.scala:141)
[2025-04-25T08:17:48.645+0000] {spark_submit.py:634} INFO - at org.apache.spark.executor.Executor$TaskRunner.$anonfun$run$4(Executor.scala:620)
[2025-04-25T08:17:48.645+0000] {spark_submit.py:634} INFO - at org.apache.spark.util.SparkErrorUtils.tryWithSafeFinally(SparkErrorUtils.scala:64)
[2025-04-25T08:17:48.645+0000] {spark_submit.py:634} INFO - at org.apache.spark.util.SparkErrorUtils.tryWithSafeFinally$(SparkErrorUtils.scala:61)
[2025-04-25T08:17:48.646+0000] {spark_submit.py:634} INFO - at org.apache.spark.util.Utils$.tryWithSafeFinally(Utils.scala:94)
[2025-04-25T08:17:48.646+0000] {spark_submit.py:634} INFO - at org.apache.spark.executor.Executor$TaskRunner.run(Executor.scala:623)
[2025-04-25T08:17:48.646+0000] {spark_submit.py:634} INFO - at java.base/java.util.concurrent.ThreadPoolExecutor.runWorker(Unknown Source)
[2025-04-25T08:17:48.647+0000] {spark_submit.py:634} INFO - at java.base/java.util.concurrent.ThreadPoolExecutor$Worker.run(Unknown Source)
[2025-04-25T08:17:48.647+0000] {spark_submit.py:634} INFO - at java.base/java.lang.Thread.run(Unknown Source)
[2025-04-25T08:17:48.647+0000] {spark_submit.py:634} INFO - 
[2025-04-25T08:17:48.648+0000] {spark_submit.py:634} INFO - Driver stacktrace:
[2025-04-25T08:17:48.648+0000] {spark_submit.py:634} INFO - 25/04/25 08:17:48 INFO DAGScheduler: Job 0 failed: csv at NativeMethodAccessorImpl.java:0, took 1.415174 s
[2025-04-25T08:17:48.828+0000] {spark_submit.py:634} INFO - Traceback (most recent call last):
[2025-04-25T08:17:48.828+0000] {spark_submit.py:634} INFO - File "/opt/***/include/scripts/read.py", line 16, in <module>
[2025-04-25T08:17:48.830+0000] {spark_submit.py:634} INFO - main()
[2025-04-25T08:17:48.830+0000] {spark_submit.py:634} INFO - File "/opt/***/include/scripts/read.py", line 10, in main
[2025-04-25T08:17:48.832+0000] {spark_submit.py:634} INFO - df = spark.read.csv("file:/opt/***/include/data.csv", header="true") # /usr/local/***/include/data.csv that path must exist in your Spark containers
[2025-04-25T08:17:48.832+0000] {spark_submit.py:634} INFO - File "/home/***/.local/lib/python3.9/site-packages/pyspark/python/lib/pyspark.zip/pyspark/sql/readwriter.py", line 740, in csv
[2025-04-25T08:17:48.833+0000] {spark_submit.py:634} INFO - File "/home/***/.local/lib/python3.9/site-packages/pyspark/python/lib/py4j-0.10.9.7-src.zip/py4j/java_gateway.py", line 1322, in __call__
[2025-04-25T08:17:48.833+0000] {spark_submit.py:634} INFO - File "/home/***/.local/lib/python3.9/site-packages/pyspark/python/lib/pyspark.zip/pyspark/errors/exceptions/captured.py", line 179, in deco
[2025-04-25T08:17:48.834+0000] {spark_submit.py:634} INFO - File "/home/***/.local/lib/python3.9/site-packages/pyspark/python/lib/py4j-0.10.9.7-src.zip/py4j/protocol.py", line 326, in get_return_value
[2025-04-25T08:17:48.894+0000] {spark_submit.py:634} INFO - py4j.protocol.Py4JJavaError: An error occurred while calling o26.csv.
[2025-04-25T08:17:48.895+0000] {spark_submit.py:634} INFO - : org.apache.spark.SparkException: Job aborted due to stage failure: Task 0 in stage 0.0 failed 4 times, most recent failure: Lost task 0.3 in stage 0.0 (TID 3) (172.18.0.5 executor 0): org.apache.spark.SparkFileNotFoundException: File file:/opt/***/include/data.csv does not exist
[2025-04-25T08:17:48.895+0000] {spark_submit.py:634} INFO - It is possible the underlying files have been updated. You can explicitly invalidate the cache in Spark by running 'REFRESH TABLE tableName' command in SQL or by recreating the Dataset/DataFrame involved.
[2025-04-25T08:17:48.895+0000] {spark_submit.py:634} INFO - at org.apache.spark.sql.errors.QueryExecutionErrors$.readCurrentFileNotFoundError(QueryExecutionErrors.scala:781)
[2025-04-25T08:17:48.896+0000] {spark_submit.py:634} INFO - at org.apache.spark.sql.execution.datasources.FileScanRDD$$anon$1.org$apache$spark$sql$execution$datasources$FileScanRDD$$anon$$readCurrentFile(FileScanRDD.scala:222)
[2025-04-25T08:17:48.896+0000] {spark_submit.py:634} INFO - at org.apache.spark.sql.execution.datasources.FileScanRDD$$anon$1.nextIterator(FileScanRDD.scala:282)
[2025-04-25T08:17:48.896+0000] {spark_submit.py:634} INFO - at org.apache.spark.sql.execution.datasources.FileScanRDD$$anon$1.hasNext(FileScanRDD.scala:131)
[2025-04-25T08:17:48.897+0000] {spark_submit.py:634} INFO - at scala.collection.Iterator$$anon$10.hasNext(Iterator.scala:460)
[2025-04-25T08:17:48.897+0000] {spark_submit.py:634} INFO - at org.apache.spark.sql.catalyst.expressions.GeneratedClass$GeneratedIteratorForCodegenStage1.processNext(Unknown Source)
[2025-04-25T08:17:48.897+0000] {spark_submit.py:634} INFO - at org.apache.spark.sql.execution.BufferedRowIterator.hasNext(BufferedRowIterator.java:43)
[2025-04-25T08:17:48.897+0000] {spark_submit.py:634} INFO - at org.apache.spark.sql.execution.WholeStageCodegenEvaluatorFactory$WholeStageCodegenPartitionEvaluator$$anon$1.hasNext(WholeStageCodegenEvaluatorFactory.scala:43)
[2025-04-25T08:17:48.898+0000] {spark_submit.py:634} INFO - at org.apache.spark.sql.execution.SparkPlan.$anonfun$getByteArrayRdd$1(SparkPlan.scala:388)
[2025-04-25T08:17:48.898+0000] {spark_submit.py:634} INFO - at org.apache.spark.rdd.RDD.$anonfun$mapPartitionsInternal$2(RDD.scala:893)
[2025-04-25T08:17:48.898+0000] {spark_submit.py:634} INFO - at org.apache.spark.rdd.RDD.$anonfun$mapPartitionsInternal$2$adapted(RDD.scala:893)
[2025-04-25T08:17:48.899+0000] {spark_submit.py:634} INFO - at org.apache.spark.rdd.MapPartitionsRDD.compute(MapPartitionsRDD.scala:52)
[2025-04-25T08:17:48.899+0000] {spark_submit.py:634} INFO - at org.apache.spark.rdd.RDD.computeOrReadCheckpoint(RDD.scala:367)
[2025-04-25T08:17:48.899+0000] {spark_submit.py:634} INFO - at org.apache.spark.rdd.RDD.iterator(RDD.scala:331)
[2025-04-25T08:17:48.899+0000] {spark_submit.py:634} INFO - at org.apache.spark.scheduler.ResultTask.runTask(ResultTask.scala:93)
[2025-04-25T08:17:48.900+0000] {spark_submit.py:634} INFO - at org.apache.spark.TaskContext.runTaskWithListeners(TaskContext.scala:166)
[2025-04-25T08:17:48.900+0000] {spark_submit.py:634} INFO - at org.apache.spark.scheduler.Task.run(Task.scala:141)
[2025-04-25T08:17:48.900+0000] {spark_submit.py:634} INFO - at org.apache.spark.executor.Executor$TaskRunner.$anonfun$run$4(Executor.scala:620)
[2025-04-25T08:17:48.900+0000] {spark_submit.py:634} INFO - at org.apache.spark.util.SparkErrorUtils.tryWithSafeFinally(SparkErrorUtils.scala:64)
[2025-04-25T08:17:48.901+0000] {spark_submit.py:634} INFO - at org.apache.spark.util.SparkErrorUtils.tryWithSafeFinally$(SparkErrorUtils.scala:61)
[2025-04-25T08:17:48.901+0000] {spark_submit.py:634} INFO - at org.apache.spark.util.Utils$.tryWithSafeFinally(Utils.scala:94)
[2025-04-25T08:17:48.901+0000] {spark_submit.py:634} INFO - at org.apache.spark.executor.Executor$TaskRunner.run(Executor.scala:623)
[2025-04-25T08:17:48.902+0000] {spark_submit.py:634} INFO - at java.base/java.util.concurrent.ThreadPoolExecutor.runWorker(Unknown Source)
[2025-04-25T08:17:48.902+0000] {spark_submit.py:634} INFO - at java.base/java.util.concurrent.ThreadPoolExecutor$Worker.run(Unknown Source)
[2025-04-25T08:17:48.902+0000] {spark_submit.py:634} INFO - at java.base/java.lang.Thread.run(Unknown Source)
[2025-04-25T08:17:48.903+0000] {spark_submit.py:634} INFO - 
[2025-04-25T08:17:48.903+0000] {spark_submit.py:634} INFO - Driver stacktrace:
[2025-04-25T08:17:48.903+0000] {spark_submit.py:634} INFO - at org.apache.spark.scheduler.DAGScheduler.failJobAndIndependentStages(DAGScheduler.scala:2856)
[2025-04-25T08:17:48.903+0000] {spark_submit.py:634} INFO - at org.apache.spark.scheduler.DAGScheduler.$anonfun$abortStage$2(DAGScheduler.scala:2792)
[2025-04-25T08:17:48.904+0000] {spark_submit.py:634} INFO - at org.apache.spark.scheduler.DAGScheduler.$anonfun$abortStage$2$adapted(DAGScheduler.scala:2791)
[2025-04-25T08:17:48.904+0000] {spark_submit.py:634} INFO - at scala.collection.mutable.ResizableArray.foreach(ResizableArray.scala:62)
[2025-04-25T08:17:48.904+0000] {spark_submit.py:634} INFO - at scala.collection.mutable.ResizableArray.foreach$(ResizableArray.scala:55)
[2025-04-25T08:17:48.904+0000] {spark_submit.py:634} INFO - at scala.collection.mutable.ArrayBuffer.foreach(ArrayBuffer.scala:49)
[2025-04-25T08:17:48.905+0000] {spark_submit.py:634} INFO - at org.apache.spark.scheduler.DAGScheduler.abortStage(DAGScheduler.scala:2791)
[2025-04-25T08:17:48.905+0000] {spark_submit.py:634} INFO - at org.apache.spark.scheduler.DAGScheduler.$anonfun$handleTaskSetFailed$1(DAGScheduler.scala:1247)
[2025-04-25T08:17:48.905+0000] {spark_submit.py:634} INFO - at org.apache.spark.scheduler.DAGScheduler.$anonfun$handleTaskSetFailed$1$adapted(DAGScheduler.scala:1247)
[2025-04-25T08:17:48.906+0000] {spark_submit.py:634} INFO - at scala.Option.foreach(Option.scala:407)
[2025-04-25T08:17:48.906+0000] {spark_submit.py:634} INFO - at org.apache.spark.scheduler.DAGScheduler.handleTaskSetFailed(DAGScheduler.scala:1247)
[2025-04-25T08:17:48.906+0000] {spark_submit.py:634} INFO - at org.apache.spark.scheduler.DAGSchedulerEventProcessLoop.doOnReceive(DAGScheduler.scala:3060)
[2025-04-25T08:17:48.907+0000] {spark_submit.py:634} INFO - at org.apache.spark.scheduler.DAGSchedulerEventProcessLoop.onReceive(DAGScheduler.scala:2994)
[2025-04-25T08:17:48.907+0000] {spark_submit.py:634} INFO - at org.apache.spark.scheduler.DAGSchedulerEventProcessLoop.onReceive(DAGScheduler.scala:2983)
[2025-04-25T08:17:48.907+0000] {spark_submit.py:634} INFO - at org.apache.spark.util.EventLoop$$anon$1.run(EventLoop.scala:49)
[2025-04-25T08:17:48.907+0000] {spark_submit.py:634} INFO - at org.apache.spark.scheduler.DAGScheduler.runJob(DAGScheduler.scala:989)
[2025-04-25T08:17:48.908+0000] {spark_submit.py:634} INFO - at org.apache.spark.SparkContext.runJob(SparkContext.scala:2393)
[2025-04-25T08:17:48.908+0000] {spark_submit.py:634} INFO - at org.apache.spark.SparkContext.runJob(SparkContext.scala:2414)
[2025-04-25T08:17:48.908+0000] {spark_submit.py:634} INFO - at org.apache.spark.SparkContext.runJob(SparkContext.scala:2433)
[2025-04-25T08:17:48.909+0000] {spark_submit.py:634} INFO - at org.apache.spark.sql.execution.SparkPlan.executeTake(SparkPlan.scala:530)
[2025-04-25T08:17:48.909+0000] {spark_submit.py:634} INFO - at org.apache.spark.sql.execution.SparkPlan.executeTake(SparkPlan.scala:483)
[2025-04-25T08:17:48.909+0000] {spark_submit.py:634} INFO - at org.apache.spark.sql.execution.CollectLimitExec.executeCollect(limit.scala:61)
[2025-04-25T08:17:48.909+0000] {spark_submit.py:634} INFO - at org.apache.spark.sql.Dataset.collectFromPlan(Dataset.scala:4333)
[2025-04-25T08:17:48.910+0000] {spark_submit.py:634} INFO - at org.apache.spark.sql.Dataset.$anonfun$head$1(Dataset.scala:3316)
[2025-04-25T08:17:48.910+0000] {spark_submit.py:634} INFO - at org.apache.spark.sql.Dataset.$anonfun$withAction$2(Dataset.scala:4323)
[2025-04-25T08:17:48.910+0000] {spark_submit.py:634} INFO - at org.apache.spark.sql.execution.QueryExecution$.withInternalError(QueryExecution.scala:546)
[2025-04-25T08:17:48.911+0000] {spark_submit.py:634} INFO - at org.apache.spark.sql.Dataset.$anonfun$withAction$1(Dataset.scala:4321)
[2025-04-25T08:17:48.911+0000] {spark_submit.py:634} INFO - at org.apache.spark.sql.execution.SQLExecution$.$anonfun$withNewExecutionId$6(SQLExecution.scala:125)
[2025-04-25T08:17:48.911+0000] {spark_submit.py:634} INFO - at org.apache.spark.sql.execution.SQLExecution$.withSQLConfPropagated(SQLExecution.scala:201)
[2025-04-25T08:17:48.911+0000] {spark_submit.py:634} INFO - at org.apache.spark.sql.execution.SQLExecution$.$anonfun$withNewExecutionId$1(SQLExecution.scala:108)
[2025-04-25T08:17:48.912+0000] {spark_submit.py:634} INFO - at org.apache.spark.sql.SparkSession.withActive(SparkSession.scala:900)
[2025-04-25T08:17:48.912+0000] {spark_submit.py:634} INFO - at org.apache.spark.sql.execution.SQLExecution$.withNewExecutionId(SQLExecution.scala:66)
[2025-04-25T08:17:48.912+0000] {spark_submit.py:634} INFO - at org.apache.spark.sql.Dataset.withAction(Dataset.scala:4321)
[2025-04-25T08:17:48.913+0000] {spark_submit.py:634} INFO - at org.apache.spark.sql.Dataset.head(Dataset.scala:3316)
[2025-04-25T08:17:48.913+0000] {spark_submit.py:634} INFO - at org.apache.spark.sql.Dataset.take(Dataset.scala:3539)
[2025-04-25T08:17:48.913+0000] {spark_submit.py:634} INFO - at org.apache.spark.sql.execution.datasources.csv.TextInputCSVDataSource$.infer(CSVDataSource.scala:111)
[2025-04-25T08:17:48.913+0000] {spark_submit.py:634} INFO - at org.apache.spark.sql.execution.datasources.csv.CSVDataSource.inferSchema(CSVDataSource.scala:64)
[2025-04-25T08:17:48.914+0000] {spark_submit.py:634} INFO - at org.apache.spark.sql.execution.datasources.csv.CSVFileFormat.inferSchema(CSVFileFormat.scala:62)
[2025-04-25T08:17:48.914+0000] {spark_submit.py:634} INFO - at org.apache.spark.sql.execution.datasources.DataSource.$anonfun$getOrInferFileFormatSchema$11(DataSource.scala:208)
[2025-04-25T08:17:48.914+0000] {spark_submit.py:634} INFO - at scala.Option.orElse(Option.scala:447)
[2025-04-25T08:17:48.915+0000] {spark_submit.py:634} INFO - at org.apache.spark.sql.execution.datasources.DataSource.getOrInferFileFormatSchema(DataSource.scala:205)
[2025-04-25T08:17:48.915+0000] {spark_submit.py:634} INFO - at org.apache.spark.sql.execution.datasources.DataSource.resolveRelation(DataSource.scala:407)
[2025-04-25T08:17:48.915+0000] {spark_submit.py:634} INFO - at org.apache.spark.sql.DataFrameReader.loadV1Source(DataFrameReader.scala:229)
[2025-04-25T08:17:48.915+0000] {spark_submit.py:634} INFO - at org.apache.spark.sql.DataFrameReader.$anonfun$load$2(DataFrameReader.scala:211)
[2025-04-25T08:17:48.916+0000] {spark_submit.py:634} INFO - at scala.Option.getOrElse(Option.scala:189)
[2025-04-25T08:17:48.916+0000] {spark_submit.py:634} INFO - at org.apache.spark.sql.DataFrameReader.load(DataFrameReader.scala:211)
[2025-04-25T08:17:48.916+0000] {spark_submit.py:634} INFO - at org.apache.spark.sql.DataFrameReader.csv(DataFrameReader.scala:538)
[2025-04-25T08:17:48.917+0000] {spark_submit.py:634} INFO - at java.base/jdk.internal.reflect.NativeMethodAccessorImpl.invoke0(Native Method)
[2025-04-25T08:17:48.917+0000] {spark_submit.py:634} INFO - at java.base/jdk.internal.reflect.NativeMethodAccessorImpl.invoke(NativeMethodAccessorImpl.java:77)
[2025-04-25T08:17:48.917+0000] {spark_submit.py:634} INFO - at java.base/jdk.internal.reflect.DelegatingMethodAccessorImpl.invoke(DelegatingMethodAccessorImpl.java:43)
[2025-04-25T08:17:48.917+0000] {spark_submit.py:634} INFO - at java.base/java.lang.reflect.Method.invoke(Method.java:569)
[2025-04-25T08:17:48.918+0000] {spark_submit.py:634} INFO - at py4j.reflection.MethodInvoker.invoke(MethodInvoker.java:244)
[2025-04-25T08:17:48.918+0000] {spark_submit.py:634} INFO - at py4j.reflection.ReflectionEngine.invoke(ReflectionEngine.java:374)
[2025-04-25T08:17:48.918+0000] {spark_submit.py:634} INFO - at py4j.Gateway.invoke(Gateway.java:282)
[2025-04-25T08:17:48.918+0000] {spark_submit.py:634} INFO - at py4j.commands.AbstractCommand.invokeMethod(AbstractCommand.java:132)
[2025-04-25T08:17:48.919+0000] {spark_submit.py:634} INFO - at py4j.commands.CallCommand.execute(CallCommand.java:79)
[2025-04-25T08:17:48.919+0000] {spark_submit.py:634} INFO - at py4j.ClientServerConnection.waitForCommands(ClientServerConnection.java:182)
[2025-04-25T08:17:48.919+0000] {spark_submit.py:634} INFO - at py4j.ClientServerConnection.run(ClientServerConnection.java:106)
[2025-04-25T08:17:48.920+0000] {spark_submit.py:634} INFO - at java.base/java.lang.Thread.run(Thread.java:840)
[2025-04-25T08:17:48.920+0000] {spark_submit.py:634} INFO - Caused by: org.apache.spark.SparkFileNotFoundException: File file:/opt/***/include/data.csv does not exist
[2025-04-25T08:17:48.920+0000] {spark_submit.py:634} INFO - It is possible the underlying files have been updated. You can explicitly invalidate the cache in Spark by running 'REFRESH TABLE tableName' command in SQL or by recreating the Dataset/DataFrame involved.
[2025-04-25T08:17:48.920+0000] {spark_submit.py:634} INFO - at org.apache.spark.sql.errors.QueryExecutionErrors$.readCurrentFileNotFoundError(QueryExecutionErrors.scala:781)
[2025-04-25T08:17:48.921+0000] {spark_submit.py:634} INFO - at org.apache.spark.sql.execution.datasources.FileScanRDD$$anon$1.org$apache$spark$sql$execution$datasources$FileScanRDD$$anon$$readCurrentFile(FileScanRDD.scala:222)
[2025-04-25T08:17:48.921+0000] {spark_submit.py:634} INFO - at org.apache.spark.sql.execution.datasources.FileScanRDD$$anon$1.nextIterator(FileScanRDD.scala:282)
[2025-04-25T08:17:48.921+0000] {spark_submit.py:634} INFO - at org.apache.spark.sql.execution.datasources.FileScanRDD$$anon$1.hasNext(FileScanRDD.scala:131)
[2025-04-25T08:17:48.922+0000] {spark_submit.py:634} INFO - at scala.collection.Iterator$$anon$10.hasNext(Iterator.scala:460)
[2025-04-25T08:17:48.922+0000] {spark_submit.py:634} INFO - at org.apache.spark.sql.catalyst.expressions.GeneratedClass$GeneratedIteratorForCodegenStage1.processNext(Unknown Source)
[2025-04-25T08:17:48.922+0000] {spark_submit.py:634} INFO - at org.apache.spark.sql.execution.BufferedRowIterator.hasNext(BufferedRowIterator.java:43)
[2025-04-25T08:17:48.923+0000] {spark_submit.py:634} INFO - at org.apache.spark.sql.execution.WholeStageCodegenEvaluatorFactory$WholeStageCodegenPartitionEvaluator$$anon$1.hasNext(WholeStageCodegenEvaluatorFactory.scala:43)
[2025-04-25T08:17:48.923+0000] {spark_submit.py:634} INFO - at org.apache.spark.sql.execution.SparkPlan.$anonfun$getByteArrayRdd$1(SparkPlan.scala:388)
[2025-04-25T08:17:48.923+0000] {spark_submit.py:634} INFO - at org.apache.spark.rdd.RDD.$anonfun$mapPartitionsInternal$2(RDD.scala:893)
[2025-04-25T08:17:48.923+0000] {spark_submit.py:634} INFO - at org.apache.spark.rdd.RDD.$anonfun$mapPartitionsInternal$2$adapted(RDD.scala:893)
[2025-04-25T08:17:48.924+0000] {spark_submit.py:634} INFO - at org.apache.spark.rdd.MapPartitionsRDD.compute(MapPartitionsRDD.scala:52)
[2025-04-25T08:17:48.924+0000] {spark_submit.py:634} INFO - at org.apache.spark.rdd.RDD.computeOrReadCheckpoint(RDD.scala:367)
[2025-04-25T08:17:48.924+0000] {spark_submit.py:634} INFO - at org.apache.spark.rdd.RDD.iterator(RDD.scala:331)
[2025-04-25T08:17:48.925+0000] {spark_submit.py:634} INFO - at org.apache.spark.scheduler.ResultTask.runTask(ResultTask.scala:93)
[2025-04-25T08:17:48.925+0000] {spark_submit.py:634} INFO - at org.apache.spark.TaskContext.runTaskWithListeners(TaskContext.scala:166)
[2025-04-25T08:17:48.925+0000] {spark_submit.py:634} INFO - at org.apache.spark.scheduler.Task.run(Task.scala:141)
[2025-04-25T08:17:48.926+0000] {spark_submit.py:634} INFO - at org.apache.spark.executor.Executor$TaskRunner.$anonfun$run$4(Executor.scala:620)
[2025-04-25T08:17:48.926+0000] {spark_submit.py:634} INFO - at org.apache.spark.util.SparkErrorUtils.tryWithSafeFinally(SparkErrorUtils.scala:64)
[2025-04-25T08:17:48.926+0000] {spark_submit.py:634} INFO - at org.apache.spark.util.SparkErrorUtils.tryWithSafeFinally$(SparkErrorUtils.scala:61)
[2025-04-25T08:17:48.927+0000] {spark_submit.py:634} INFO - at org.apache.spark.util.Utils$.tryWithSafeFinally(Utils.scala:94)
[2025-04-25T08:17:48.927+0000] {spark_submit.py:634} INFO - at org.apache.spark.executor.Executor$TaskRunner.run(Executor.scala:623)
[2025-04-25T08:17:48.927+0000] {spark_submit.py:634} INFO - at java.base/java.util.concurrent.ThreadPoolExecutor.runWorker(Unknown Source)
[2025-04-25T08:17:48.927+0000] {spark_submit.py:634} INFO - at java.base/java.util.concurrent.ThreadPoolExecutor$Worker.run(Unknown Source)
[2025-04-25T08:17:48.928+0000] {spark_submit.py:634} INFO - at java.base/java.lang.Thread.run(Unknown Source)
[2025-04-25T08:17:48.928+0000] {spark_submit.py:634} INFO - 
[2025-04-25T08:17:48.945+0000] {spark_submit.py:634} INFO - 25/04/25 08:17:48 INFO SparkContext: Invoking stop() from shutdown hook
[2025-04-25T08:17:48.946+0000] {spark_submit.py:634} INFO - 25/04/25 08:17:48 INFO SparkContext: SparkContext is stopping with exitCode 0.
[2025-04-25T08:17:48.956+0000] {spark_submit.py:634} INFO - 25/04/25 08:17:48 INFO SparkUI: Stopped Spark web UI at http://faa67a8aa4f8:4040
[2025-04-25T08:17:48.959+0000] {spark_submit.py:634} INFO - 25/04/25 08:17:48 INFO StandaloneSchedulerBackend: Shutting down all executors
[2025-04-25T08:17:48.959+0000] {spark_submit.py:634} INFO - 25/04/25 08:17:48 INFO StandaloneSchedulerBackend$StandaloneDriverEndpoint: Asking each executor to shut down
[2025-04-25T08:17:48.979+0000] {spark_submit.py:634} INFO - 25/04/25 08:17:48 INFO MapOutputTrackerMasterEndpoint: MapOutputTrackerMasterEndpoint stopped!
[2025-04-25T08:17:49.000+0000] {spark_submit.py:634} INFO - 25/04/25 08:17:49 INFO MemoryStore: MemoryStore cleared
[2025-04-25T08:17:49.001+0000] {spark_submit.py:634} INFO - 25/04/25 08:17:49 INFO BlockManager: BlockManager stopped
[2025-04-25T08:17:49.006+0000] {spark_submit.py:634} INFO - 25/04/25 08:17:49 INFO BlockManagerMaster: BlockManagerMaster stopped
[2025-04-25T08:17:49.008+0000] {spark_submit.py:634} INFO - 25/04/25 08:17:49 INFO OutputCommitCoordinator$OutputCommitCoordinatorEndpoint: OutputCommitCoordinator stopped!
[2025-04-25T08:17:49.019+0000] {spark_submit.py:634} INFO - 25/04/25 08:17:49 INFO SparkContext: Successfully stopped SparkContext
[2025-04-25T08:17:49.020+0000] {spark_submit.py:634} INFO - 25/04/25 08:17:49 INFO ShutdownHookManager: Shutdown hook called
[2025-04-25T08:17:49.020+0000] {spark_submit.py:634} INFO - 25/04/25 08:17:49 INFO ShutdownHookManager: Deleting directory /tmp/spark-62186379-0ddf-4b58-ad86-088df092d9a8/pyspark-d29561ad-b3cc-4096-a15b-12d96768ae87
[2025-04-25T08:17:49.026+0000] {spark_submit.py:634} INFO - 25/04/25 08:17:49 INFO ShutdownHookManager: Deleting directory /tmp/spark-62186379-0ddf-4b58-ad86-088df092d9a8
[2025-04-25T08:17:49.033+0000] {spark_submit.py:634} INFO - 25/04/25 08:17:49 INFO ShutdownHookManager: Deleting directory /tmp/spark-0fe0a5ec-e572-4121-b8bf-745d81933a6c
[2025-04-25T08:17:49.104+0000] {taskinstance.py:2698} ERROR - Task failed with exception
Traceback (most recent call last):
  File "/home/airflow/.local/lib/python3.9/site-packages/airflow/models/taskinstance.py", line 433, in _execute_task
    result = execute_callable(context=context, **execute_callable_kwargs)
  File "/home/airflow/.local/lib/python3.9/site-packages/airflow/providers/apache/spark/operators/spark_submit.py", line 176, in execute
    self._hook.submit(self.application)
  File "/home/airflow/.local/lib/python3.9/site-packages/airflow/providers/apache/spark/hooks/spark_submit.py", line 560, in submit
    raise AirflowException(
airflow.exceptions.AirflowException: Cannot execute: spark-submit --master spark://spark-master:7077 --principal *** --name arrow-spark --verbose --deploy-mode client ./include/scripts/read.py. Error code is: 1.
[2025-04-25T08:17:49.112+0000] {taskinstance.py:1138} INFO - Marking task as FAILED. dag_id=my_dag, task_id=read_Data, execution_date=20250425T081738, start_date=20250425T081739, end_date=20250425T081749
[2025-04-25T08:17:49.132+0000] {standard_task_runner.py:107} ERROR - Failed to execute job 6 for task read_Data (Cannot execute: spark-submit --master spark://spark-master:7077 --principal *** --name arrow-spark --verbose --deploy-mode client ./include/scripts/read.py. Error code is: 1.; 1257)
[2025-04-25T08:17:49.188+0000] {local_task_job_runner.py:234} INFO - Task exited with return code 1
[2025-04-25T08:17:49.203+0000] {taskinstance.py:3280} INFO - 0 downstream tasks scheduled from follow-on schedule check
