[2025-04-25T08:06:35.323+0000] {taskinstance.py:1956} INFO - Dependencies all met for dep_context=non-requeueable deps ti=<TaskInstance: my_dag.read_Data manual__2025-04-25T08:06:33.307812+00:00 [queued]>
[2025-04-25T08:06:35.333+0000] {taskinstance.py:1956} INFO - Dependencies all met for dep_context=requeueable deps ti=<TaskInstance: my_dag.read_Data manual__2025-04-25T08:06:33.307812+00:00 [queued]>
[2025-04-25T08:06:35.333+0000] {taskinstance.py:2170} INFO - Starting attempt 1 of 1
[2025-04-25T08:06:35.349+0000] {taskinstance.py:2191} INFO - Executing <Task(SparkSubmitOperator): read_Data> on 2025-04-25 08:06:33.307812+00:00
[2025-04-25T08:06:35.356+0000] {standard_task_runner.py:60} INFO - Started process 716 to run task
[2025-04-25T08:06:35.359+0000] {standard_task_runner.py:87} INFO - Running: ['***', 'tasks', 'run', 'my_dag', 'read_Data', 'manual__2025-04-25T08:06:33.307812+00:00', '--job-id', '4', '--raw', '--subdir', 'DAGS_FOLDER/mydag.py', '--cfg-path', '/tmp/tmp4em2_6jy']
[2025-04-25T08:06:35.362+0000] {standard_task_runner.py:88} INFO - Job 4: Subtask read_Data
[2025-04-25T08:06:35.406+0000] {task_command.py:423} INFO - Running <TaskInstance: my_dag.read_Data manual__2025-04-25T08:06:33.307812+00:00 [running]> on host faa67a8aa4f8
[2025-04-25T08:06:35.479+0000] {taskinstance.py:2480} INFO - Exporting env vars: AIRFLOW_CTX_DAG_OWNER='***' AIRFLOW_CTX_DAG_ID='my_dag' AIRFLOW_CTX_TASK_ID='read_Data' AIRFLOW_CTX_EXECUTION_DATE='2025-04-25T08:06:33.307812+00:00' AIRFLOW_CTX_TRY_NUMBER='1' AIRFLOW_CTX_DAG_RUN_ID='manual__2025-04-25T08:06:33.307812+00:00'
[2025-04-25T08:06:35.488+0000] {base.py:83} INFO - Using connection ID 'my_spark_conn' for task execution.
[2025-04-25T08:06:35.489+0000] {spark_submit.py:327} ERROR - Failed to decode base64 keytab: Incorrect padding
[2025-04-25T08:06:35.490+0000] {spark_submit.py:304} INFO - Could not load connection string my_spark_conn, defaulting to spark://spark-master:7077
[2025-04-25T08:06:35.491+0000] {spark_submit.py:473} INFO - Spark-Submit cmd: spark-submit --master spark://spark-master:7077 --principal *** --name arrow-spark --verbose --deploy-mode client ./include/scripts/read.py
[2025-04-25T08:06:36.508+0000] {spark_submit.py:634} INFO - Using properties file: null
[2025-04-25T08:06:36.603+0000] {spark_submit.py:634} INFO - Parsed arguments:
[2025-04-25T08:06:36.604+0000] {spark_submit.py:634} INFO - master                  spark://spark-master:7077
[2025-04-25T08:06:36.604+0000] {spark_submit.py:634} INFO - remote                  null
[2025-04-25T08:06:36.605+0000] {spark_submit.py:634} INFO - deployMode              client
[2025-04-25T08:06:36.605+0000] {spark_submit.py:634} INFO - executorMemory          null
[2025-04-25T08:06:36.605+0000] {spark_submit.py:634} INFO - executorCores           null
[2025-04-25T08:06:36.606+0000] {spark_submit.py:634} INFO - totalExecutorCores      null
[2025-04-25T08:06:36.606+0000] {spark_submit.py:634} INFO - propertiesFile          null
[2025-04-25T08:06:36.606+0000] {spark_submit.py:634} INFO - driverMemory            null
[2025-04-25T08:06:36.607+0000] {spark_submit.py:634} INFO - driverCores             null
[2025-04-25T08:06:36.607+0000] {spark_submit.py:634} INFO - driverExtraClassPath    null
[2025-04-25T08:06:36.607+0000] {spark_submit.py:634} INFO - driverExtraLibraryPath  null
[2025-04-25T08:06:36.608+0000] {spark_submit.py:634} INFO - driverExtraJavaOptions  null
[2025-04-25T08:06:36.608+0000] {spark_submit.py:634} INFO - supervise               false
[2025-04-25T08:06:36.608+0000] {spark_submit.py:634} INFO - queue                   null
[2025-04-25T08:06:36.609+0000] {spark_submit.py:634} INFO - numExecutors            null
[2025-04-25T08:06:36.609+0000] {spark_submit.py:634} INFO - files                   null
[2025-04-25T08:06:36.609+0000] {spark_submit.py:634} INFO - pyFiles                 null
[2025-04-25T08:06:36.609+0000] {spark_submit.py:634} INFO - archives                null
[2025-04-25T08:06:36.610+0000] {spark_submit.py:634} INFO - mainClass               null
[2025-04-25T08:06:36.610+0000] {spark_submit.py:634} INFO - primaryResource         file:/opt/***/include/scripts/read.py
[2025-04-25T08:06:36.610+0000] {spark_submit.py:634} INFO - name                    arrow-spark
[2025-04-25T08:06:36.611+0000] {spark_submit.py:634} INFO - childArgs               []
[2025-04-25T08:06:36.611+0000] {spark_submit.py:634} INFO - jars                    null
[2025-04-25T08:06:36.611+0000] {spark_submit.py:634} INFO - packages                null
[2025-04-25T08:06:36.612+0000] {spark_submit.py:634} INFO - packagesExclusions      null
[2025-04-25T08:06:36.612+0000] {spark_submit.py:634} INFO - repositories            null
[2025-04-25T08:06:36.612+0000] {spark_submit.py:634} INFO - verbose                 true
[2025-04-25T08:06:36.613+0000] {spark_submit.py:634} INFO - 
[2025-04-25T08:06:36.613+0000] {spark_submit.py:634} INFO - Spark properties used, including those specified through
[2025-04-25T08:06:36.613+0000] {spark_submit.py:634} INFO - --conf and those from the properties file null:
[2025-04-25T08:06:36.614+0000] {spark_submit.py:634} INFO - 
[2025-04-25T08:06:36.614+0000] {spark_submit.py:634} INFO - 
[2025-04-25T08:06:36.614+0000] {spark_submit.py:634} INFO - 
[2025-04-25T08:06:36.803+0000] {spark_submit.py:634} INFO - Main class:
[2025-04-25T08:06:36.804+0000] {spark_submit.py:634} INFO - org.apache.spark.deploy.PythonRunner
[2025-04-25T08:06:36.804+0000] {spark_submit.py:634} INFO - Arguments:
[2025-04-25T08:06:36.804+0000] {spark_submit.py:634} INFO - file:/opt/***/include/scripts/read.py
[2025-04-25T08:06:36.805+0000] {spark_submit.py:634} INFO - null
[2025-04-25T08:06:36.806+0000] {spark_submit.py:634} INFO - Spark config:
[2025-04-25T08:06:36.806+0000] {spark_submit.py:634} INFO - (spark.app.name,arrow-spark)
[2025-04-25T08:06:36.807+0000] {spark_submit.py:634} INFO - (spark.app.submitTime,1745568396786)
[2025-04-25T08:06:36.807+0000] {spark_submit.py:634} INFO - (spark.kerberos.principal,***)
[2025-04-25T08:06:36.808+0000] {spark_submit.py:634} INFO - (spark.master,spark://spark-master:7077)
[2025-04-25T08:06:36.808+0000] {spark_submit.py:634} INFO - (spark.submit.deployMode,client)
[2025-04-25T08:06:36.809+0000] {spark_submit.py:634} INFO - (spark.submit.pyFiles,)
[2025-04-25T08:06:36.809+0000] {spark_submit.py:634} INFO - Classpath elements:
[2025-04-25T08:06:36.809+0000] {spark_submit.py:634} INFO - 
[2025-04-25T08:06:36.810+0000] {spark_submit.py:634} INFO - 
[2025-04-25T08:06:36.810+0000] {spark_submit.py:634} INFO - 
[2025-04-25T08:06:37.557+0000] {spark_submit.py:634} INFO - 25/04/25 08:06:37 INFO SparkContext: Running Spark version 3.5.5
[2025-04-25T08:06:37.559+0000] {spark_submit.py:634} INFO - 25/04/25 08:06:37 INFO SparkContext: OS info Linux, 5.15.167.4-microsoft-standard-WSL2, amd64
[2025-04-25T08:06:37.559+0000] {spark_submit.py:634} INFO - 25/04/25 08:06:37 INFO SparkContext: Java version 17.0.14
[2025-04-25T08:06:37.594+0000] {spark_submit.py:634} INFO - 25/04/25 08:06:37 WARN NativeCodeLoader: Unable to load native-hadoop library for your platform... using builtin-java classes where applicable
[2025-04-25T08:06:37.652+0000] {spark_submit.py:634} INFO - 25/04/25 08:06:37 INFO ResourceUtils: ==============================================================
[2025-04-25T08:06:37.653+0000] {spark_submit.py:634} INFO - 25/04/25 08:06:37 INFO ResourceUtils: No custom resources configured for spark.driver.
[2025-04-25T08:06:37.653+0000] {spark_submit.py:634} INFO - 25/04/25 08:06:37 INFO ResourceUtils: ==============================================================
[2025-04-25T08:06:37.654+0000] {spark_submit.py:634} INFO - 25/04/25 08:06:37 INFO SparkContext: Submitted application: PySpark Example
[2025-04-25T08:06:37.669+0000] {spark_submit.py:634} INFO - 25/04/25 08:06:37 INFO ResourceProfile: Default ResourceProfile created, executor resources: Map(memory -> name: memory, amount: 1024, script: , vendor: , offHeap -> name: offHeap, amount: 0, script: , vendor: ), task resources: Map(cpus -> name: cpus, amount: 1.0)
[2025-04-25T08:06:37.675+0000] {spark_submit.py:634} INFO - 25/04/25 08:06:37 INFO ResourceProfile: Limiting resource is cpu
[2025-04-25T08:06:37.676+0000] {spark_submit.py:634} INFO - 25/04/25 08:06:37 INFO ResourceProfileManager: Added ResourceProfile id: 0
[2025-04-25T08:06:37.714+0000] {spark_submit.py:634} INFO - 25/04/25 08:06:37 INFO SecurityManager: Changing view acls to: ***
[2025-04-25T08:06:37.715+0000] {spark_submit.py:634} INFO - 25/04/25 08:06:37 INFO SecurityManager: Changing modify acls to: ***
[2025-04-25T08:06:37.715+0000] {spark_submit.py:634} INFO - 25/04/25 08:06:37 INFO SecurityManager: Changing view acls groups to:
[2025-04-25T08:06:37.716+0000] {spark_submit.py:634} INFO - 25/04/25 08:06:37 INFO SecurityManager: Changing modify acls groups to:
[2025-04-25T08:06:37.716+0000] {spark_submit.py:634} INFO - 25/04/25 08:06:37 INFO SecurityManager: SecurityManager: authentication disabled; ui acls disabled; users with view permissions: ***; groups with view permissions: EMPTY; users with modify permissions: ***; groups with modify permissions: EMPTY
[2025-04-25T08:06:37.880+0000] {spark_submit.py:634} INFO - 25/04/25 08:06:37 INFO Utils: Successfully started service 'sparkDriver' on port 45029.
[2025-04-25T08:06:37.899+0000] {spark_submit.py:634} INFO - 25/04/25 08:06:37 INFO SparkEnv: Registering MapOutputTracker
[2025-04-25T08:06:37.924+0000] {spark_submit.py:634} INFO - 25/04/25 08:06:37 INFO SparkEnv: Registering BlockManagerMaster
[2025-04-25T08:06:37.936+0000] {spark_submit.py:634} INFO - 25/04/25 08:06:37 INFO BlockManagerMasterEndpoint: Using org.apache.spark.storage.DefaultTopologyMapper for getting topology information
[2025-04-25T08:06:37.937+0000] {spark_submit.py:634} INFO - 25/04/25 08:06:37 INFO BlockManagerMasterEndpoint: BlockManagerMasterEndpoint up
[2025-04-25T08:06:37.941+0000] {spark_submit.py:634} INFO - 25/04/25 08:06:37 INFO SparkEnv: Registering BlockManagerMasterHeartbeat
[2025-04-25T08:06:37.955+0000] {spark_submit.py:634} INFO - 25/04/25 08:06:37 INFO DiskBlockManager: Created local directory at /tmp/blockmgr-2b985db6-58f5-49f8-9530-14fc1de090ae
[2025-04-25T08:06:37.966+0000] {spark_submit.py:634} INFO - 25/04/25 08:06:37 INFO MemoryStore: MemoryStore started with capacity 434.4 MiB
[2025-04-25T08:06:37.978+0000] {spark_submit.py:634} INFO - 25/04/25 08:06:37 INFO SparkEnv: Registering OutputCommitCoordinator
[2025-04-25T08:06:38.095+0000] {spark_submit.py:634} INFO - 25/04/25 08:06:38 INFO JettyUtils: Start Jetty 0.0.0.0:4040 for SparkUI
[2025-04-25T08:06:38.141+0000] {spark_submit.py:634} INFO - 25/04/25 08:06:38 INFO Utils: Successfully started service 'SparkUI' on port 4040.
[2025-04-25T08:06:38.238+0000] {spark_submit.py:634} INFO - 25/04/25 08:06:38 INFO StandaloneAppClient$ClientEndpoint: Connecting to master spark://spark-master:7077...
[2025-04-25T08:06:38.273+0000] {spark_submit.py:634} INFO - 25/04/25 08:06:38 INFO TransportClientFactory: Successfully created connection to spark-master/172.18.0.4:7077 after 18 ms (0 ms spent in bootstraps)
[2025-04-25T08:06:38.346+0000] {spark_submit.py:634} INFO - 25/04/25 08:06:38 INFO StandaloneSchedulerBackend: Connected to Spark cluster with app ID app-20250425080638-0002
[2025-04-25T08:06:38.349+0000] {spark_submit.py:634} INFO - 25/04/25 08:06:38 INFO StandaloneAppClient$ClientEndpoint: Executor added: app-20250425080638-0002/0 on worker-20250425073233-172.18.0.5-41935 (172.18.0.5:41935) with 2 core(s)
[2025-04-25T08:06:38.352+0000] {spark_submit.py:634} INFO - 25/04/25 08:06:38 INFO StandaloneSchedulerBackend: Granted executor ID app-20250425080638-0002/0 on hostPort 172.18.0.5:41935 with 2 core(s), 1024.0 MiB RAM
[2025-04-25T08:06:38.357+0000] {spark_submit.py:634} INFO - 25/04/25 08:06:38 INFO Utils: Successfully started service 'org.apache.spark.network.netty.NettyBlockTransferService' on port 43369.
[2025-04-25T08:06:38.358+0000] {spark_submit.py:634} INFO - 25/04/25 08:06:38 INFO NettyBlockTransferService: Server created on faa67a8aa4f8:43369
[2025-04-25T08:06:38.360+0000] {spark_submit.py:634} INFO - 25/04/25 08:06:38 INFO BlockManager: Using org.apache.spark.storage.RandomBlockReplicationPolicy for block replication policy
[2025-04-25T08:06:38.365+0000] {spark_submit.py:634} INFO - 25/04/25 08:06:38 INFO BlockManagerMaster: Registering BlockManager BlockManagerId(driver, faa67a8aa4f8, 43369, None)
[2025-04-25T08:06:38.369+0000] {spark_submit.py:634} INFO - 25/04/25 08:06:38 INFO BlockManagerMasterEndpoint: Registering block manager faa67a8aa4f8:43369 with 434.4 MiB RAM, BlockManagerId(driver, faa67a8aa4f8, 43369, None)
[2025-04-25T08:06:38.372+0000] {spark_submit.py:634} INFO - 25/04/25 08:06:38 INFO BlockManagerMaster: Registered BlockManager BlockManagerId(driver, faa67a8aa4f8, 43369, None)
[2025-04-25T08:06:38.374+0000] {spark_submit.py:634} INFO - 25/04/25 08:06:38 INFO BlockManager: Initialized BlockManager: BlockManagerId(driver, faa67a8aa4f8, 43369, None)
[2025-04-25T08:06:38.393+0000] {spark_submit.py:634} INFO - 25/04/25 08:06:38 INFO StandaloneAppClient$ClientEndpoint: Executor updated: app-20250425080638-0002/0 is now RUNNING
[2025-04-25T08:06:38.602+0000] {spark_submit.py:634} INFO - 25/04/25 08:06:38 INFO StandaloneSchedulerBackend: SchedulerBackend is ready for scheduling beginning after reached minRegisteredResourcesRatio: 0.0
[2025-04-25T08:06:38.845+0000] {spark_submit.py:634} INFO - 25/04/25 08:06:38 INFO SharedState: Setting hive.metastore.warehouse.dir ('null') to the value of spark.sql.warehouse.dir.
[2025-04-25T08:06:38.853+0000] {spark_submit.py:634} INFO - 25/04/25 08:06:38 INFO SharedState: Warehouse path is 'file:/opt/***/spark-warehouse'.
[2025-04-25T08:06:39.645+0000] {spark_submit.py:634} INFO - 25/04/25 08:06:39 INFO InMemoryFileIndex: It took 53 ms to list leaf files for 1 paths.
[2025-04-25T08:06:39.719+0000] {spark_submit.py:634} INFO - 25/04/25 08:06:39 INFO InMemoryFileIndex: It took 5 ms to list leaf files for 1 paths.
[2025-04-25T08:06:40.685+0000] {spark_submit.py:634} INFO - 25/04/25 08:06:40 INFO StandaloneSchedulerBackend$StandaloneDriverEndpoint: Registered executor NettyRpcEndpointRef(spark-client://Executor) (172.18.0.5:60108) with ID 0,  ResourceProfileId 0
[2025-04-25T08:06:40.774+0000] {spark_submit.py:634} INFO - 25/04/25 08:06:40 INFO BlockManagerMasterEndpoint: Registering block manager 172.18.0.5:43435 with 434.4 MiB RAM, BlockManagerId(0, 172.18.0.5, 43435, None)
[2025-04-25T08:06:41.680+0000] {spark_submit.py:634} INFO - 25/04/25 08:06:41 INFO FileSourceStrategy: Pushed Filters:
[2025-04-25T08:06:41.682+0000] {spark_submit.py:634} INFO - 25/04/25 08:06:41 INFO FileSourceStrategy: Post-Scan Filters: (length(trim(value#0, None)) > 0)
[2025-04-25T08:06:42.120+0000] {spark_submit.py:634} INFO - 25/04/25 08:06:42 INFO CodeGenerator: Code generated in 168.045865 ms
[2025-04-25T08:06:42.179+0000] {spark_submit.py:634} INFO - 25/04/25 08:06:42 INFO MemoryStore: Block broadcast_0 stored as values in memory (estimated size 199.6 KiB, free 434.2 MiB)
[2025-04-25T08:06:42.239+0000] {spark_submit.py:634} INFO - 25/04/25 08:06:42 INFO MemoryStore: Block broadcast_0_piece0 stored as bytes in memory (estimated size 34.3 KiB, free 434.2 MiB)
[2025-04-25T08:06:42.244+0000] {spark_submit.py:634} INFO - 25/04/25 08:06:42 INFO BlockManagerInfo: Added broadcast_0_piece0 in memory on faa67a8aa4f8:43369 (size: 34.3 KiB, free: 434.4 MiB)
[2025-04-25T08:06:42.250+0000] {spark_submit.py:634} INFO - 25/04/25 08:06:42 INFO SparkContext: Created broadcast 0 from csv at NativeMethodAccessorImpl.java:0
[2025-04-25T08:06:42.272+0000] {spark_submit.py:634} INFO - 25/04/25 08:06:42 INFO FileSourceScanExec: Planning scan with bin packing, max size: 4194304 bytes, open cost is considered as scanning 4194304 bytes.
[2025-04-25T08:06:42.363+0000] {spark_submit.py:634} INFO - 25/04/25 08:06:42 INFO SparkContext: Starting job: csv at NativeMethodAccessorImpl.java:0
[2025-04-25T08:06:42.376+0000] {spark_submit.py:634} INFO - 25/04/25 08:06:42 INFO DAGScheduler: Got job 0 (csv at NativeMethodAccessorImpl.java:0) with 1 output partitions
[2025-04-25T08:06:42.377+0000] {spark_submit.py:634} INFO - 25/04/25 08:06:42 INFO DAGScheduler: Final stage: ResultStage 0 (csv at NativeMethodAccessorImpl.java:0)
[2025-04-25T08:06:42.377+0000] {spark_submit.py:634} INFO - 25/04/25 08:06:42 INFO DAGScheduler: Parents of final stage: List()
[2025-04-25T08:06:42.377+0000] {spark_submit.py:634} INFO - 25/04/25 08:06:42 INFO DAGScheduler: Missing parents: List()
[2025-04-25T08:06:42.380+0000] {spark_submit.py:634} INFO - 25/04/25 08:06:42 INFO DAGScheduler: Submitting ResultStage 0 (MapPartitionsRDD[3] at csv at NativeMethodAccessorImpl.java:0), which has no missing parents
[2025-04-25T08:06:42.427+0000] {spark_submit.py:634} INFO - 25/04/25 08:06:42 INFO MemoryStore: Block broadcast_1 stored as values in memory (estimated size 13.5 KiB, free 434.2 MiB)
[2025-04-25T08:06:42.429+0000] {spark_submit.py:634} INFO - 25/04/25 08:06:42 INFO MemoryStore: Block broadcast_1_piece0 stored as bytes in memory (estimated size 6.4 KiB, free 434.2 MiB)
[2025-04-25T08:06:42.430+0000] {spark_submit.py:634} INFO - 25/04/25 08:06:42 INFO BlockManagerInfo: Added broadcast_1_piece0 in memory on faa67a8aa4f8:43369 (size: 6.4 KiB, free: 434.4 MiB)
[2025-04-25T08:06:42.431+0000] {spark_submit.py:634} INFO - 25/04/25 08:06:42 INFO SparkContext: Created broadcast 1 from broadcast at DAGScheduler.scala:1585
[2025-04-25T08:06:42.444+0000] {spark_submit.py:634} INFO - 25/04/25 08:06:42 INFO DAGScheduler: Submitting 1 missing tasks from ResultStage 0 (MapPartitionsRDD[3] at csv at NativeMethodAccessorImpl.java:0) (first 15 tasks are for partitions Vector(0))
[2025-04-25T08:06:42.445+0000] {spark_submit.py:634} INFO - 25/04/25 08:06:42 INFO TaskSchedulerImpl: Adding task set 0.0 with 1 tasks resource profile 0
[2025-04-25T08:06:42.463+0000] {spark_submit.py:634} INFO - 25/04/25 08:06:42 INFO TaskSetManager: Starting task 0.0 in stage 0.0 (TID 0) (172.18.0.5, executor 0, partition 0, PROCESS_LOCAL, 9602 bytes)
[2025-04-25T08:06:42.643+0000] {spark_submit.py:634} INFO - 25/04/25 08:06:42 INFO BlockManagerInfo: Added broadcast_1_piece0 in memory on 172.18.0.5:43435 (size: 6.4 KiB, free: 434.4 MiB)
[2025-04-25T08:06:43.213+0000] {spark_submit.py:634} INFO - 25/04/25 08:06:43 INFO BlockManagerInfo: Added broadcast_0_piece0 in memory on 172.18.0.5:43435 (size: 34.3 KiB, free: 434.4 MiB)
[2025-04-25T08:06:43.632+0000] {spark_submit.py:634} INFO - 25/04/25 08:06:43 WARN TaskSetManager: Lost task 0.0 in stage 0.0 (TID 0) (172.18.0.5 executor 0): org.apache.spark.SparkFileNotFoundException: File file:/opt/***/include/data.csv does not exist
[2025-04-25T08:06:43.632+0000] {spark_submit.py:634} INFO - It is possible the underlying files have been updated. You can explicitly invalidate the cache in Spark by running 'REFRESH TABLE tableName' command in SQL or by recreating the Dataset/DataFrame involved.
[2025-04-25T08:06:43.633+0000] {spark_submit.py:634} INFO - at org.apache.spark.sql.errors.QueryExecutionErrors$.readCurrentFileNotFoundError(QueryExecutionErrors.scala:781)
[2025-04-25T08:06:43.634+0000] {spark_submit.py:634} INFO - at org.apache.spark.sql.execution.datasources.FileScanRDD$$anon$1.org$apache$spark$sql$execution$datasources$FileScanRDD$$anon$$readCurrentFile(FileScanRDD.scala:222)
[2025-04-25T08:06:43.634+0000] {spark_submit.py:634} INFO - at org.apache.spark.sql.execution.datasources.FileScanRDD$$anon$1.nextIterator(FileScanRDD.scala:282)
[2025-04-25T08:06:43.634+0000] {spark_submit.py:634} INFO - at org.apache.spark.sql.execution.datasources.FileScanRDD$$anon$1.hasNext(FileScanRDD.scala:131)
[2025-04-25T08:06:43.635+0000] {spark_submit.py:634} INFO - at scala.collection.Iterator$$anon$10.hasNext(Iterator.scala:460)
[2025-04-25T08:06:43.635+0000] {spark_submit.py:634} INFO - at org.apache.spark.sql.catalyst.expressions.GeneratedClass$GeneratedIteratorForCodegenStage1.processNext(Unknown Source)
[2025-04-25T08:06:43.636+0000] {spark_submit.py:634} INFO - at org.apache.spark.sql.execution.BufferedRowIterator.hasNext(BufferedRowIterator.java:43)
[2025-04-25T08:06:43.636+0000] {spark_submit.py:634} INFO - at org.apache.spark.sql.execution.WholeStageCodegenEvaluatorFactory$WholeStageCodegenPartitionEvaluator$$anon$1.hasNext(WholeStageCodegenEvaluatorFactory.scala:43)
[2025-04-25T08:06:43.636+0000] {spark_submit.py:634} INFO - at org.apache.spark.sql.execution.SparkPlan.$anonfun$getByteArrayRdd$1(SparkPlan.scala:388)
[2025-04-25T08:06:43.636+0000] {spark_submit.py:634} INFO - at org.apache.spark.rdd.RDD.$anonfun$mapPartitionsInternal$2(RDD.scala:893)
[2025-04-25T08:06:43.637+0000] {spark_submit.py:634} INFO - at org.apache.spark.rdd.RDD.$anonfun$mapPartitionsInternal$2$adapted(RDD.scala:893)
[2025-04-25T08:06:43.637+0000] {spark_submit.py:634} INFO - at org.apache.spark.rdd.MapPartitionsRDD.compute(MapPartitionsRDD.scala:52)
[2025-04-25T08:06:43.637+0000] {spark_submit.py:634} INFO - at org.apache.spark.rdd.RDD.computeOrReadCheckpoint(RDD.scala:367)
[2025-04-25T08:06:43.638+0000] {spark_submit.py:634} INFO - at org.apache.spark.rdd.RDD.iterator(RDD.scala:331)
[2025-04-25T08:06:43.638+0000] {spark_submit.py:634} INFO - at org.apache.spark.scheduler.ResultTask.runTask(ResultTask.scala:93)
[2025-04-25T08:06:43.638+0000] {spark_submit.py:634} INFO - at org.apache.spark.TaskContext.runTaskWithListeners(TaskContext.scala:166)
[2025-04-25T08:06:43.639+0000] {spark_submit.py:634} INFO - at org.apache.spark.scheduler.Task.run(Task.scala:141)
[2025-04-25T08:06:43.639+0000] {spark_submit.py:634} INFO - at org.apache.spark.executor.Executor$TaskRunner.$anonfun$run$4(Executor.scala:620)
[2025-04-25T08:06:43.640+0000] {spark_submit.py:634} INFO - at org.apache.spark.util.SparkErrorUtils.tryWithSafeFinally(SparkErrorUtils.scala:64)
[2025-04-25T08:06:43.640+0000] {spark_submit.py:634} INFO - at org.apache.spark.util.SparkErrorUtils.tryWithSafeFinally$(SparkErrorUtils.scala:61)
[2025-04-25T08:06:43.641+0000] {spark_submit.py:634} INFO - at org.apache.spark.util.Utils$.tryWithSafeFinally(Utils.scala:94)
[2025-04-25T08:06:43.641+0000] {spark_submit.py:634} INFO - at org.apache.spark.executor.Executor$TaskRunner.run(Executor.scala:623)
[2025-04-25T08:06:43.641+0000] {spark_submit.py:634} INFO - at java.base/java.util.concurrent.ThreadPoolExecutor.runWorker(Unknown Source)
[2025-04-25T08:06:43.642+0000] {spark_submit.py:634} INFO - at java.base/java.util.concurrent.ThreadPoolExecutor$Worker.run(Unknown Source)
[2025-04-25T08:06:43.642+0000] {spark_submit.py:634} INFO - at java.base/java.lang.Thread.run(Unknown Source)
[2025-04-25T08:06:43.643+0000] {spark_submit.py:634} INFO - 
[2025-04-25T08:06:43.643+0000] {spark_submit.py:634} INFO - 25/04/25 08:06:43 INFO TaskSetManager: Starting task 0.1 in stage 0.0 (TID 1) (172.18.0.5, executor 0, partition 0, PROCESS_LOCAL, 9602 bytes)
[2025-04-25T08:06:43.670+0000] {spark_submit.py:634} INFO - 25/04/25 08:06:43 INFO TaskSetManager: Lost task 0.1 in stage 0.0 (TID 1) on 172.18.0.5, executor 0: org.apache.spark.SparkFileNotFoundException (File file:/opt/***/include/data.csv does not exist
[2025-04-25T08:06:43.671+0000] {spark_submit.py:634} INFO - It is possible the underlying files have been updated. You can explicitly invalidate the cache in Spark by running 'REFRESH TABLE tableName' command in SQL or by recreating the Dataset/DataFrame involved.) [duplicate 1]
[2025-04-25T08:06:43.672+0000] {spark_submit.py:634} INFO - 25/04/25 08:06:43 INFO TaskSetManager: Starting task 0.2 in stage 0.0 (TID 2) (172.18.0.5, executor 0, partition 0, PROCESS_LOCAL, 9602 bytes)
[2025-04-25T08:06:43.693+0000] {spark_submit.py:634} INFO - 25/04/25 08:06:43 INFO TaskSetManager: Lost task 0.2 in stage 0.0 (TID 2) on 172.18.0.5, executor 0: org.apache.spark.SparkFileNotFoundException (File file:/opt/***/include/data.csv does not exist
[2025-04-25T08:06:43.694+0000] {spark_submit.py:634} INFO - It is possible the underlying files have been updated. You can explicitly invalidate the cache in Spark by running 'REFRESH TABLE tableName' command in SQL or by recreating the Dataset/DataFrame involved.) [duplicate 2]
[2025-04-25T08:06:43.695+0000] {spark_submit.py:634} INFO - 25/04/25 08:06:43 INFO TaskSetManager: Starting task 0.3 in stage 0.0 (TID 3) (172.18.0.5, executor 0, partition 0, PROCESS_LOCAL, 9602 bytes)
[2025-04-25T08:06:43.715+0000] {spark_submit.py:634} INFO - 25/04/25 08:06:43 INFO TaskSetManager: Lost task 0.3 in stage 0.0 (TID 3) on 172.18.0.5, executor 0: org.apache.spark.SparkFileNotFoundException (File file:/opt/***/include/data.csv does not exist
[2025-04-25T08:06:43.716+0000] {spark_submit.py:634} INFO - It is possible the underlying files have been updated. You can explicitly invalidate the cache in Spark by running 'REFRESH TABLE tableName' command in SQL or by recreating the Dataset/DataFrame involved.) [duplicate 3]
[2025-04-25T08:06:43.716+0000] {spark_submit.py:634} INFO - 25/04/25 08:06:43 ERROR TaskSetManager: Task 0 in stage 0.0 failed 4 times; aborting job
[2025-04-25T08:06:43.717+0000] {spark_submit.py:634} INFO - 25/04/25 08:06:43 INFO TaskSchedulerImpl: Removed TaskSet 0.0, whose tasks have all completed, from pool
[2025-04-25T08:06:43.718+0000] {spark_submit.py:634} INFO - 25/04/25 08:06:43 INFO TaskSchedulerImpl: Cancelling stage 0
[2025-04-25T08:06:43.719+0000] {spark_submit.py:634} INFO - 25/04/25 08:06:43 INFO TaskSchedulerImpl: Killing all running tasks in stage 0: Stage cancelled: Job aborted due to stage failure: Task 0 in stage 0.0 failed 4 times, most recent failure: Lost task 0.3 in stage 0.0 (TID 3) (172.18.0.5 executor 0): org.apache.spark.SparkFileNotFoundException: File file:/opt/***/include/data.csv does not exist
[2025-04-25T08:06:43.719+0000] {spark_submit.py:634} INFO - It is possible the underlying files have been updated. You can explicitly invalidate the cache in Spark by running 'REFRESH TABLE tableName' command in SQL or by recreating the Dataset/DataFrame involved.
[2025-04-25T08:06:43.720+0000] {spark_submit.py:634} INFO - at org.apache.spark.sql.errors.QueryExecutionErrors$.readCurrentFileNotFoundError(QueryExecutionErrors.scala:781)
[2025-04-25T08:06:43.720+0000] {spark_submit.py:634} INFO - at org.apache.spark.sql.execution.datasources.FileScanRDD$$anon$1.org$apache$spark$sql$execution$datasources$FileScanRDD$$anon$$readCurrentFile(FileScanRDD.scala:222)
[2025-04-25T08:06:43.720+0000] {spark_submit.py:634} INFO - at org.apache.spark.sql.execution.datasources.FileScanRDD$$anon$1.nextIterator(FileScanRDD.scala:282)
[2025-04-25T08:06:43.721+0000] {spark_submit.py:634} INFO - at org.apache.spark.sql.execution.datasources.FileScanRDD$$anon$1.hasNext(FileScanRDD.scala:131)
[2025-04-25T08:06:43.721+0000] {spark_submit.py:634} INFO - at scala.collection.Iterator$$anon$10.hasNext(Iterator.scala:460)
[2025-04-25T08:06:43.721+0000] {spark_submit.py:634} INFO - at org.apache.spark.sql.catalyst.expressions.GeneratedClass$GeneratedIteratorForCodegenStage1.processNext(Unknown Source)
[2025-04-25T08:06:43.722+0000] {spark_submit.py:634} INFO - at org.apache.spark.sql.execution.BufferedRowIterator.hasNext(BufferedRowIterator.java:43)
[2025-04-25T08:06:43.722+0000] {spark_submit.py:634} INFO - at org.apache.spark.sql.execution.WholeStageCodegenEvaluatorFactory$WholeStageCodegenPartitionEvaluator$$anon$1.hasNext(WholeStageCodegenEvaluatorFactory.scala:43)
[2025-04-25T08:06:43.722+0000] {spark_submit.py:634} INFO - at org.apache.spark.sql.execution.SparkPlan.$anonfun$getByteArrayRdd$1(SparkPlan.scala:388)
[2025-04-25T08:06:43.723+0000] {spark_submit.py:634} INFO - at org.apache.spark.rdd.RDD.$anonfun$mapPartitionsInternal$2(RDD.scala:893)
[2025-04-25T08:06:43.723+0000] {spark_submit.py:634} INFO - at org.apache.spark.rdd.RDD.$anonfun$mapPartitionsInternal$2$adapted(RDD.scala:893)
[2025-04-25T08:06:43.723+0000] {spark_submit.py:634} INFO - at org.apache.spark.rdd.MapPartitionsRDD.compute(MapPartitionsRDD.scala:52)
[2025-04-25T08:06:43.724+0000] {spark_submit.py:634} INFO - at org.apache.spark.rdd.RDD.computeOrReadCheckpoint(RDD.scala:367)
[2025-04-25T08:06:43.724+0000] {spark_submit.py:634} INFO - at org.apache.spark.rdd.RDD.iterator(RDD.scala:331)
[2025-04-25T08:06:43.724+0000] {spark_submit.py:634} INFO - at org.apache.spark.scheduler.ResultTask.runTask(ResultTask.scala:93)
[2025-04-25T08:06:43.724+0000] {spark_submit.py:634} INFO - at org.apache.spark.TaskContext.runTaskWithListeners(TaskContext.scala:166)
[2025-04-25T08:06:43.725+0000] {spark_submit.py:634} INFO - at org.apache.spark.scheduler.Task.run(Task.scala:141)
[2025-04-25T08:06:43.725+0000] {spark_submit.py:634} INFO - at org.apache.spark.executor.Executor$TaskRunner.$anonfun$run$4(Executor.scala:620)
[2025-04-25T08:06:43.725+0000] {spark_submit.py:634} INFO - at org.apache.spark.util.SparkErrorUtils.tryWithSafeFinally(SparkErrorUtils.scala:64)
[2025-04-25T08:06:43.726+0000] {spark_submit.py:634} INFO - at org.apache.spark.util.SparkErrorUtils.tryWithSafeFinally$(SparkErrorUtils.scala:61)
[2025-04-25T08:06:43.726+0000] {spark_submit.py:634} INFO - at org.apache.spark.util.Utils$.tryWithSafeFinally(Utils.scala:94)
[2025-04-25T08:06:43.726+0000] {spark_submit.py:634} INFO - at org.apache.spark.executor.Executor$TaskRunner.run(Executor.scala:623)
[2025-04-25T08:06:43.727+0000] {spark_submit.py:634} INFO - at java.base/java.util.concurrent.ThreadPoolExecutor.runWorker(Unknown Source)
[2025-04-25T08:06:43.727+0000] {spark_submit.py:634} INFO - at java.base/java.util.concurrent.ThreadPoolExecutor$Worker.run(Unknown Source)
[2025-04-25T08:06:43.727+0000] {spark_submit.py:634} INFO - at java.base/java.lang.Thread.run(Unknown Source)
[2025-04-25T08:06:43.728+0000] {spark_submit.py:634} INFO - 
[2025-04-25T08:06:43.728+0000] {spark_submit.py:634} INFO - Driver stacktrace:
[2025-04-25T08:06:43.728+0000] {spark_submit.py:634} INFO - 25/04/25 08:06:43 INFO DAGScheduler: ResultStage 0 (csv at NativeMethodAccessorImpl.java:0) failed in 1.331 s due to Job aborted due to stage failure: Task 0 in stage 0.0 failed 4 times, most recent failure: Lost task 0.3 in stage 0.0 (TID 3) (172.18.0.5 executor 0): org.apache.spark.SparkFileNotFoundException: File file:/opt/***/include/data.csv does not exist
[2025-04-25T08:06:43.729+0000] {spark_submit.py:634} INFO - It is possible the underlying files have been updated. You can explicitly invalidate the cache in Spark by running 'REFRESH TABLE tableName' command in SQL or by recreating the Dataset/DataFrame involved.
[2025-04-25T08:06:43.729+0000] {spark_submit.py:634} INFO - at org.apache.spark.sql.errors.QueryExecutionErrors$.readCurrentFileNotFoundError(QueryExecutionErrors.scala:781)
[2025-04-25T08:06:43.729+0000] {spark_submit.py:634} INFO - at org.apache.spark.sql.execution.datasources.FileScanRDD$$anon$1.org$apache$spark$sql$execution$datasources$FileScanRDD$$anon$$readCurrentFile(FileScanRDD.scala:222)
[2025-04-25T08:06:43.730+0000] {spark_submit.py:634} INFO - at org.apache.spark.sql.execution.datasources.FileScanRDD$$anon$1.nextIterator(FileScanRDD.scala:282)
[2025-04-25T08:06:43.730+0000] {spark_submit.py:634} INFO - at org.apache.spark.sql.execution.datasources.FileScanRDD$$anon$1.hasNext(FileScanRDD.scala:131)
[2025-04-25T08:06:43.730+0000] {spark_submit.py:634} INFO - at scala.collection.Iterator$$anon$10.hasNext(Iterator.scala:460)
[2025-04-25T08:06:43.731+0000] {spark_submit.py:634} INFO - at org.apache.spark.sql.catalyst.expressions.GeneratedClass$GeneratedIteratorForCodegenStage1.processNext(Unknown Source)
[2025-04-25T08:06:43.731+0000] {spark_submit.py:634} INFO - at org.apache.spark.sql.execution.BufferedRowIterator.hasNext(BufferedRowIterator.java:43)
[2025-04-25T08:06:43.731+0000] {spark_submit.py:634} INFO - at org.apache.spark.sql.execution.WholeStageCodegenEvaluatorFactory$WholeStageCodegenPartitionEvaluator$$anon$1.hasNext(WholeStageCodegenEvaluatorFactory.scala:43)
[2025-04-25T08:06:43.732+0000] {spark_submit.py:634} INFO - at org.apache.spark.sql.execution.SparkPlan.$anonfun$getByteArrayRdd$1(SparkPlan.scala:388)
[2025-04-25T08:06:43.732+0000] {spark_submit.py:634} INFO - at org.apache.spark.rdd.RDD.$anonfun$mapPartitionsInternal$2(RDD.scala:893)
[2025-04-25T08:06:43.732+0000] {spark_submit.py:634} INFO - at org.apache.spark.rdd.RDD.$anonfun$mapPartitionsInternal$2$adapted(RDD.scala:893)
[2025-04-25T08:06:43.733+0000] {spark_submit.py:634} INFO - at org.apache.spark.rdd.MapPartitionsRDD.compute(MapPartitionsRDD.scala:52)
[2025-04-25T08:06:43.733+0000] {spark_submit.py:634} INFO - at org.apache.spark.rdd.RDD.computeOrReadCheckpoint(RDD.scala:367)
[2025-04-25T08:06:43.733+0000] {spark_submit.py:634} INFO - at org.apache.spark.rdd.RDD.iterator(RDD.scala:331)
[2025-04-25T08:06:43.734+0000] {spark_submit.py:634} INFO - at org.apache.spark.scheduler.ResultTask.runTask(ResultTask.scala:93)
[2025-04-25T08:06:43.734+0000] {spark_submit.py:634} INFO - at org.apache.spark.TaskContext.runTaskWithListeners(TaskContext.scala:166)
[2025-04-25T08:06:43.734+0000] {spark_submit.py:634} INFO - at org.apache.spark.scheduler.Task.run(Task.scala:141)
[2025-04-25T08:06:43.734+0000] {spark_submit.py:634} INFO - at org.apache.spark.executor.Executor$TaskRunner.$anonfun$run$4(Executor.scala:620)
[2025-04-25T08:06:43.735+0000] {spark_submit.py:634} INFO - at org.apache.spark.util.SparkErrorUtils.tryWithSafeFinally(SparkErrorUtils.scala:64)
[2025-04-25T08:06:43.735+0000] {spark_submit.py:634} INFO - at org.apache.spark.util.SparkErrorUtils.tryWithSafeFinally$(SparkErrorUtils.scala:61)
[2025-04-25T08:06:43.735+0000] {spark_submit.py:634} INFO - at org.apache.spark.util.Utils$.tryWithSafeFinally(Utils.scala:94)
[2025-04-25T08:06:43.736+0000] {spark_submit.py:634} INFO - at org.apache.spark.executor.Executor$TaskRunner.run(Executor.scala:623)
[2025-04-25T08:06:43.736+0000] {spark_submit.py:634} INFO - at java.base/java.util.concurrent.ThreadPoolExecutor.runWorker(Unknown Source)
[2025-04-25T08:06:43.736+0000] {spark_submit.py:634} INFO - at java.base/java.util.concurrent.ThreadPoolExecutor$Worker.run(Unknown Source)
[2025-04-25T08:06:43.737+0000] {spark_submit.py:634} INFO - at java.base/java.lang.Thread.run(Unknown Source)
[2025-04-25T08:06:43.737+0000] {spark_submit.py:634} INFO - 
[2025-04-25T08:06:43.737+0000] {spark_submit.py:634} INFO - Driver stacktrace:
[2025-04-25T08:06:43.737+0000] {spark_submit.py:634} INFO - 25/04/25 08:06:43 INFO DAGScheduler: Job 0 failed: csv at NativeMethodAccessorImpl.java:0, took 1.359265 s
[2025-04-25T08:06:43.892+0000] {spark_submit.py:634} INFO - Traceback (most recent call last):
[2025-04-25T08:06:43.893+0000] {spark_submit.py:634} INFO - File "/opt/***/include/scripts/read.py", line 14, in <module>
[2025-04-25T08:06:43.894+0000] {spark_submit.py:634} INFO - main()
[2025-04-25T08:06:43.894+0000] {spark_submit.py:634} INFO - File "/opt/***/include/scripts/read.py", line 8, in main
[2025-04-25T08:06:43.896+0000] {spark_submit.py:634} INFO - df = spark.read.csv("/opt/***/include/data.csv", header="true") # /usr/local/***/include/data.csv that path must exist in your Spark containers
[2025-04-25T08:06:43.896+0000] {spark_submit.py:634} INFO - File "/home/***/.local/lib/python3.9/site-packages/pyspark/python/lib/pyspark.zip/pyspark/sql/readwriter.py", line 740, in csv
[2025-04-25T08:06:43.897+0000] {spark_submit.py:634} INFO - File "/home/***/.local/lib/python3.9/site-packages/pyspark/python/lib/py4j-0.10.9.7-src.zip/py4j/java_gateway.py", line 1322, in __call__
[2025-04-25T08:06:43.897+0000] {spark_submit.py:634} INFO - File "/home/***/.local/lib/python3.9/site-packages/pyspark/python/lib/pyspark.zip/pyspark/errors/exceptions/captured.py", line 179, in deco
[2025-04-25T08:06:43.898+0000] {spark_submit.py:634} INFO - File "/home/***/.local/lib/python3.9/site-packages/pyspark/python/lib/py4j-0.10.9.7-src.zip/py4j/protocol.py", line 326, in get_return_value
[2025-04-25T08:06:43.940+0000] {spark_submit.py:634} INFO - py4j.protocol.Py4JJavaError: An error occurred while calling o26.csv.
[2025-04-25T08:06:43.941+0000] {spark_submit.py:634} INFO - : org.apache.spark.SparkException: Job aborted due to stage failure: Task 0 in stage 0.0 failed 4 times, most recent failure: Lost task 0.3 in stage 0.0 (TID 3) (172.18.0.5 executor 0): org.apache.spark.SparkFileNotFoundException: File file:/opt/***/include/data.csv does not exist
[2025-04-25T08:06:43.942+0000] {spark_submit.py:634} INFO - It is possible the underlying files have been updated. You can explicitly invalidate the cache in Spark by running 'REFRESH TABLE tableName' command in SQL or by recreating the Dataset/DataFrame involved.
[2025-04-25T08:06:43.942+0000] {spark_submit.py:634} INFO - at org.apache.spark.sql.errors.QueryExecutionErrors$.readCurrentFileNotFoundError(QueryExecutionErrors.scala:781)
[2025-04-25T08:06:43.942+0000] {spark_submit.py:634} INFO - at org.apache.spark.sql.execution.datasources.FileScanRDD$$anon$1.org$apache$spark$sql$execution$datasources$FileScanRDD$$anon$$readCurrentFile(FileScanRDD.scala:222)
[2025-04-25T08:06:43.943+0000] {spark_submit.py:634} INFO - at org.apache.spark.sql.execution.datasources.FileScanRDD$$anon$1.nextIterator(FileScanRDD.scala:282)
[2025-04-25T08:06:43.943+0000] {spark_submit.py:634} INFO - at org.apache.spark.sql.execution.datasources.FileScanRDD$$anon$1.hasNext(FileScanRDD.scala:131)
[2025-04-25T08:06:43.943+0000] {spark_submit.py:634} INFO - at scala.collection.Iterator$$anon$10.hasNext(Iterator.scala:460)
[2025-04-25T08:06:43.943+0000] {spark_submit.py:634} INFO - at org.apache.spark.sql.catalyst.expressions.GeneratedClass$GeneratedIteratorForCodegenStage1.processNext(Unknown Source)
[2025-04-25T08:06:43.944+0000] {spark_submit.py:634} INFO - at org.apache.spark.sql.execution.BufferedRowIterator.hasNext(BufferedRowIterator.java:43)
[2025-04-25T08:06:43.944+0000] {spark_submit.py:634} INFO - at org.apache.spark.sql.execution.WholeStageCodegenEvaluatorFactory$WholeStageCodegenPartitionEvaluator$$anon$1.hasNext(WholeStageCodegenEvaluatorFactory.scala:43)
[2025-04-25T08:06:43.944+0000] {spark_submit.py:634} INFO - at org.apache.spark.sql.execution.SparkPlan.$anonfun$getByteArrayRdd$1(SparkPlan.scala:388)
[2025-04-25T08:06:43.945+0000] {spark_submit.py:634} INFO - at org.apache.spark.rdd.RDD.$anonfun$mapPartitionsInternal$2(RDD.scala:893)
[2025-04-25T08:06:43.945+0000] {spark_submit.py:634} INFO - at org.apache.spark.rdd.RDD.$anonfun$mapPartitionsInternal$2$adapted(RDD.scala:893)
[2025-04-25T08:06:43.945+0000] {spark_submit.py:634} INFO - at org.apache.spark.rdd.MapPartitionsRDD.compute(MapPartitionsRDD.scala:52)
[2025-04-25T08:06:43.945+0000] {spark_submit.py:634} INFO - at org.apache.spark.rdd.RDD.computeOrReadCheckpoint(RDD.scala:367)
[2025-04-25T08:06:43.946+0000] {spark_submit.py:634} INFO - at org.apache.spark.rdd.RDD.iterator(RDD.scala:331)
[2025-04-25T08:06:43.946+0000] {spark_submit.py:634} INFO - at org.apache.spark.scheduler.ResultTask.runTask(ResultTask.scala:93)
[2025-04-25T08:06:43.946+0000] {spark_submit.py:634} INFO - at org.apache.spark.TaskContext.runTaskWithListeners(TaskContext.scala:166)
[2025-04-25T08:06:43.947+0000] {spark_submit.py:634} INFO - at org.apache.spark.scheduler.Task.run(Task.scala:141)
[2025-04-25T08:06:43.947+0000] {spark_submit.py:634} INFO - at org.apache.spark.executor.Executor$TaskRunner.$anonfun$run$4(Executor.scala:620)
[2025-04-25T08:06:43.947+0000] {spark_submit.py:634} INFO - at org.apache.spark.util.SparkErrorUtils.tryWithSafeFinally(SparkErrorUtils.scala:64)
[2025-04-25T08:06:43.948+0000] {spark_submit.py:634} INFO - at org.apache.spark.util.SparkErrorUtils.tryWithSafeFinally$(SparkErrorUtils.scala:61)
[2025-04-25T08:06:43.948+0000] {spark_submit.py:634} INFO - at org.apache.spark.util.Utils$.tryWithSafeFinally(Utils.scala:94)
[2025-04-25T08:06:43.948+0000] {spark_submit.py:634} INFO - at org.apache.spark.executor.Executor$TaskRunner.run(Executor.scala:623)
[2025-04-25T08:06:43.948+0000] {spark_submit.py:634} INFO - at java.base/java.util.concurrent.ThreadPoolExecutor.runWorker(Unknown Source)
[2025-04-25T08:06:43.949+0000] {spark_submit.py:634} INFO - at java.base/java.util.concurrent.ThreadPoolExecutor$Worker.run(Unknown Source)
[2025-04-25T08:06:43.949+0000] {spark_submit.py:634} INFO - at java.base/java.lang.Thread.run(Unknown Source)
[2025-04-25T08:06:43.949+0000] {spark_submit.py:634} INFO - 
[2025-04-25T08:06:43.949+0000] {spark_submit.py:634} INFO - Driver stacktrace:
[2025-04-25T08:06:43.950+0000] {spark_submit.py:634} INFO - at org.apache.spark.scheduler.DAGScheduler.failJobAndIndependentStages(DAGScheduler.scala:2856)
[2025-04-25T08:06:43.950+0000] {spark_submit.py:634} INFO - at org.apache.spark.scheduler.DAGScheduler.$anonfun$abortStage$2(DAGScheduler.scala:2792)
[2025-04-25T08:06:43.950+0000] {spark_submit.py:634} INFO - at org.apache.spark.scheduler.DAGScheduler.$anonfun$abortStage$2$adapted(DAGScheduler.scala:2791)
[2025-04-25T08:06:43.951+0000] {spark_submit.py:634} INFO - at scala.collection.mutable.ResizableArray.foreach(ResizableArray.scala:62)
[2025-04-25T08:06:43.951+0000] {spark_submit.py:634} INFO - at scala.collection.mutable.ResizableArray.foreach$(ResizableArray.scala:55)
[2025-04-25T08:06:43.951+0000] {spark_submit.py:634} INFO - at scala.collection.mutable.ArrayBuffer.foreach(ArrayBuffer.scala:49)
[2025-04-25T08:06:43.951+0000] {spark_submit.py:634} INFO - at org.apache.spark.scheduler.DAGScheduler.abortStage(DAGScheduler.scala:2791)
[2025-04-25T08:06:43.952+0000] {spark_submit.py:634} INFO - at org.apache.spark.scheduler.DAGScheduler.$anonfun$handleTaskSetFailed$1(DAGScheduler.scala:1247)
[2025-04-25T08:06:43.952+0000] {spark_submit.py:634} INFO - at org.apache.spark.scheduler.DAGScheduler.$anonfun$handleTaskSetFailed$1$adapted(DAGScheduler.scala:1247)
[2025-04-25T08:06:43.952+0000] {spark_submit.py:634} INFO - at scala.Option.foreach(Option.scala:407)
[2025-04-25T08:06:43.952+0000] {spark_submit.py:634} INFO - at org.apache.spark.scheduler.DAGScheduler.handleTaskSetFailed(DAGScheduler.scala:1247)
[2025-04-25T08:06:43.953+0000] {spark_submit.py:634} INFO - at org.apache.spark.scheduler.DAGSchedulerEventProcessLoop.doOnReceive(DAGScheduler.scala:3060)
[2025-04-25T08:06:43.953+0000] {spark_submit.py:634} INFO - at org.apache.spark.scheduler.DAGSchedulerEventProcessLoop.onReceive(DAGScheduler.scala:2994)
[2025-04-25T08:06:43.953+0000] {spark_submit.py:634} INFO - at org.apache.spark.scheduler.DAGSchedulerEventProcessLoop.onReceive(DAGScheduler.scala:2983)
[2025-04-25T08:06:43.953+0000] {spark_submit.py:634} INFO - at org.apache.spark.util.EventLoop$$anon$1.run(EventLoop.scala:49)
[2025-04-25T08:06:43.954+0000] {spark_submit.py:634} INFO - at org.apache.spark.scheduler.DAGScheduler.runJob(DAGScheduler.scala:989)
[2025-04-25T08:06:43.954+0000] {spark_submit.py:634} INFO - at org.apache.spark.SparkContext.runJob(SparkContext.scala:2393)
[2025-04-25T08:06:43.954+0000] {spark_submit.py:634} INFO - at org.apache.spark.SparkContext.runJob(SparkContext.scala:2414)
[2025-04-25T08:06:43.955+0000] {spark_submit.py:634} INFO - at org.apache.spark.SparkContext.runJob(SparkContext.scala:2433)
[2025-04-25T08:06:43.955+0000] {spark_submit.py:634} INFO - at org.apache.spark.sql.execution.SparkPlan.executeTake(SparkPlan.scala:530)
[2025-04-25T08:06:43.955+0000] {spark_submit.py:634} INFO - at org.apache.spark.sql.execution.SparkPlan.executeTake(SparkPlan.scala:483)
[2025-04-25T08:06:43.956+0000] {spark_submit.py:634} INFO - at org.apache.spark.sql.execution.CollectLimitExec.executeCollect(limit.scala:61)
[2025-04-25T08:06:43.956+0000] {spark_submit.py:634} INFO - at org.apache.spark.sql.Dataset.collectFromPlan(Dataset.scala:4333)
[2025-04-25T08:06:43.956+0000] {spark_submit.py:634} INFO - at org.apache.spark.sql.Dataset.$anonfun$head$1(Dataset.scala:3316)
[2025-04-25T08:06:43.956+0000] {spark_submit.py:634} INFO - at org.apache.spark.sql.Dataset.$anonfun$withAction$2(Dataset.scala:4323)
[2025-04-25T08:06:43.957+0000] {spark_submit.py:634} INFO - at org.apache.spark.sql.execution.QueryExecution$.withInternalError(QueryExecution.scala:546)
[2025-04-25T08:06:43.957+0000] {spark_submit.py:634} INFO - at org.apache.spark.sql.Dataset.$anonfun$withAction$1(Dataset.scala:4321)
[2025-04-25T08:06:43.957+0000] {spark_submit.py:634} INFO - at org.apache.spark.sql.execution.SQLExecution$.$anonfun$withNewExecutionId$6(SQLExecution.scala:125)
[2025-04-25T08:06:43.957+0000] {spark_submit.py:634} INFO - at org.apache.spark.sql.execution.SQLExecution$.withSQLConfPropagated(SQLExecution.scala:201)
[2025-04-25T08:06:43.958+0000] {spark_submit.py:634} INFO - at org.apache.spark.sql.execution.SQLExecution$.$anonfun$withNewExecutionId$1(SQLExecution.scala:108)
[2025-04-25T08:06:43.958+0000] {spark_submit.py:634} INFO - at org.apache.spark.sql.SparkSession.withActive(SparkSession.scala:900)
[2025-04-25T08:06:43.958+0000] {spark_submit.py:634} INFO - at org.apache.spark.sql.execution.SQLExecution$.withNewExecutionId(SQLExecution.scala:66)
[2025-04-25T08:06:43.958+0000] {spark_submit.py:634} INFO - at org.apache.spark.sql.Dataset.withAction(Dataset.scala:4321)
[2025-04-25T08:06:43.959+0000] {spark_submit.py:634} INFO - at org.apache.spark.sql.Dataset.head(Dataset.scala:3316)
[2025-04-25T08:06:43.959+0000] {spark_submit.py:634} INFO - at org.apache.spark.sql.Dataset.take(Dataset.scala:3539)
[2025-04-25T08:06:43.959+0000] {spark_submit.py:634} INFO - at org.apache.spark.sql.execution.datasources.csv.TextInputCSVDataSource$.infer(CSVDataSource.scala:111)
[2025-04-25T08:06:43.959+0000] {spark_submit.py:634} INFO - at org.apache.spark.sql.execution.datasources.csv.CSVDataSource.inferSchema(CSVDataSource.scala:64)
[2025-04-25T08:06:43.960+0000] {spark_submit.py:634} INFO - at org.apache.spark.sql.execution.datasources.csv.CSVFileFormat.inferSchema(CSVFileFormat.scala:62)
[2025-04-25T08:06:43.960+0000] {spark_submit.py:634} INFO - at org.apache.spark.sql.execution.datasources.DataSource.$anonfun$getOrInferFileFormatSchema$11(DataSource.scala:208)
[2025-04-25T08:06:43.960+0000] {spark_submit.py:634} INFO - at scala.Option.orElse(Option.scala:447)
[2025-04-25T08:06:43.961+0000] {spark_submit.py:634} INFO - at org.apache.spark.sql.execution.datasources.DataSource.getOrInferFileFormatSchema(DataSource.scala:205)
[2025-04-25T08:06:43.961+0000] {spark_submit.py:634} INFO - at org.apache.spark.sql.execution.datasources.DataSource.resolveRelation(DataSource.scala:407)
[2025-04-25T08:06:43.961+0000] {spark_submit.py:634} INFO - at org.apache.spark.sql.DataFrameReader.loadV1Source(DataFrameReader.scala:229)
[2025-04-25T08:06:43.961+0000] {spark_submit.py:634} INFO - at org.apache.spark.sql.DataFrameReader.$anonfun$load$2(DataFrameReader.scala:211)
[2025-04-25T08:06:43.962+0000] {spark_submit.py:634} INFO - at scala.Option.getOrElse(Option.scala:189)
[2025-04-25T08:06:43.962+0000] {spark_submit.py:634} INFO - at org.apache.spark.sql.DataFrameReader.load(DataFrameReader.scala:211)
[2025-04-25T08:06:43.962+0000] {spark_submit.py:634} INFO - at org.apache.spark.sql.DataFrameReader.csv(DataFrameReader.scala:538)
[2025-04-25T08:06:43.963+0000] {spark_submit.py:634} INFO - at java.base/jdk.internal.reflect.NativeMethodAccessorImpl.invoke0(Native Method)
[2025-04-25T08:06:43.963+0000] {spark_submit.py:634} INFO - at java.base/jdk.internal.reflect.NativeMethodAccessorImpl.invoke(NativeMethodAccessorImpl.java:77)
[2025-04-25T08:06:43.963+0000] {spark_submit.py:634} INFO - at java.base/jdk.internal.reflect.DelegatingMethodAccessorImpl.invoke(DelegatingMethodAccessorImpl.java:43)
[2025-04-25T08:06:43.963+0000] {spark_submit.py:634} INFO - at java.base/java.lang.reflect.Method.invoke(Method.java:569)
[2025-04-25T08:06:43.964+0000] {spark_submit.py:634} INFO - at py4j.reflection.MethodInvoker.invoke(MethodInvoker.java:244)
[2025-04-25T08:06:43.964+0000] {spark_submit.py:634} INFO - at py4j.reflection.ReflectionEngine.invoke(ReflectionEngine.java:374)
[2025-04-25T08:06:43.964+0000] {spark_submit.py:634} INFO - at py4j.Gateway.invoke(Gateway.java:282)
[2025-04-25T08:06:43.964+0000] {spark_submit.py:634} INFO - at py4j.commands.AbstractCommand.invokeMethod(AbstractCommand.java:132)
[2025-04-25T08:06:43.965+0000] {spark_submit.py:634} INFO - at py4j.commands.CallCommand.execute(CallCommand.java:79)
[2025-04-25T08:06:43.965+0000] {spark_submit.py:634} INFO - at py4j.ClientServerConnection.waitForCommands(ClientServerConnection.java:182)
[2025-04-25T08:06:43.965+0000] {spark_submit.py:634} INFO - at py4j.ClientServerConnection.run(ClientServerConnection.java:106)
[2025-04-25T08:06:43.965+0000] {spark_submit.py:634} INFO - at java.base/java.lang.Thread.run(Thread.java:840)
[2025-04-25T08:06:43.966+0000] {spark_submit.py:634} INFO - Caused by: org.apache.spark.SparkFileNotFoundException: File file:/opt/***/include/data.csv does not exist
[2025-04-25T08:06:43.966+0000] {spark_submit.py:634} INFO - It is possible the underlying files have been updated. You can explicitly invalidate the cache in Spark by running 'REFRESH TABLE tableName' command in SQL or by recreating the Dataset/DataFrame involved.
[2025-04-25T08:06:43.966+0000] {spark_submit.py:634} INFO - at org.apache.spark.sql.errors.QueryExecutionErrors$.readCurrentFileNotFoundError(QueryExecutionErrors.scala:781)
[2025-04-25T08:06:43.966+0000] {spark_submit.py:634} INFO - at org.apache.spark.sql.execution.datasources.FileScanRDD$$anon$1.org$apache$spark$sql$execution$datasources$FileScanRDD$$anon$$readCurrentFile(FileScanRDD.scala:222)
[2025-04-25T08:06:43.967+0000] {spark_submit.py:634} INFO - at org.apache.spark.sql.execution.datasources.FileScanRDD$$anon$1.nextIterator(FileScanRDD.scala:282)
[2025-04-25T08:06:43.967+0000] {spark_submit.py:634} INFO - at org.apache.spark.sql.execution.datasources.FileScanRDD$$anon$1.hasNext(FileScanRDD.scala:131)
[2025-04-25T08:06:43.967+0000] {spark_submit.py:634} INFO - at scala.collection.Iterator$$anon$10.hasNext(Iterator.scala:460)
[2025-04-25T08:06:43.967+0000] {spark_submit.py:634} INFO - at org.apache.spark.sql.catalyst.expressions.GeneratedClass$GeneratedIteratorForCodegenStage1.processNext(Unknown Source)
[2025-04-25T08:06:43.968+0000] {spark_submit.py:634} INFO - at org.apache.spark.sql.execution.BufferedRowIterator.hasNext(BufferedRowIterator.java:43)
[2025-04-25T08:06:43.968+0000] {spark_submit.py:634} INFO - at org.apache.spark.sql.execution.WholeStageCodegenEvaluatorFactory$WholeStageCodegenPartitionEvaluator$$anon$1.hasNext(WholeStageCodegenEvaluatorFactory.scala:43)
[2025-04-25T08:06:43.968+0000] {spark_submit.py:634} INFO - at org.apache.spark.sql.execution.SparkPlan.$anonfun$getByteArrayRdd$1(SparkPlan.scala:388)
[2025-04-25T08:06:43.969+0000] {spark_submit.py:634} INFO - at org.apache.spark.rdd.RDD.$anonfun$mapPartitionsInternal$2(RDD.scala:893)
[2025-04-25T08:06:43.969+0000] {spark_submit.py:634} INFO - at org.apache.spark.rdd.RDD.$anonfun$mapPartitionsInternal$2$adapted(RDD.scala:893)
[2025-04-25T08:06:43.969+0000] {spark_submit.py:634} INFO - at org.apache.spark.rdd.MapPartitionsRDD.compute(MapPartitionsRDD.scala:52)
[2025-04-25T08:06:43.969+0000] {spark_submit.py:634} INFO - at org.apache.spark.rdd.RDD.computeOrReadCheckpoint(RDD.scala:367)
[2025-04-25T08:06:43.970+0000] {spark_submit.py:634} INFO - at org.apache.spark.rdd.RDD.iterator(RDD.scala:331)
[2025-04-25T08:06:43.970+0000] {spark_submit.py:634} INFO - at org.apache.spark.scheduler.ResultTask.runTask(ResultTask.scala:93)
[2025-04-25T08:06:43.970+0000] {spark_submit.py:634} INFO - at org.apache.spark.TaskContext.runTaskWithListeners(TaskContext.scala:166)
[2025-04-25T08:06:43.970+0000] {spark_submit.py:634} INFO - at org.apache.spark.scheduler.Task.run(Task.scala:141)
[2025-04-25T08:06:43.971+0000] {spark_submit.py:634} INFO - at org.apache.spark.executor.Executor$TaskRunner.$anonfun$run$4(Executor.scala:620)
[2025-04-25T08:06:43.971+0000] {spark_submit.py:634} INFO - at org.apache.spark.util.SparkErrorUtils.tryWithSafeFinally(SparkErrorUtils.scala:64)
[2025-04-25T08:06:43.971+0000] {spark_submit.py:634} INFO - at org.apache.spark.util.SparkErrorUtils.tryWithSafeFinally$(SparkErrorUtils.scala:61)
[2025-04-25T08:06:43.971+0000] {spark_submit.py:634} INFO - at org.apache.spark.util.Utils$.tryWithSafeFinally(Utils.scala:94)
[2025-04-25T08:06:43.972+0000] {spark_submit.py:634} INFO - at org.apache.spark.executor.Executor$TaskRunner.run(Executor.scala:623)
[2025-04-25T08:06:43.972+0000] {spark_submit.py:634} INFO - at java.base/java.util.concurrent.ThreadPoolExecutor.runWorker(Unknown Source)
[2025-04-25T08:06:43.972+0000] {spark_submit.py:634} INFO - at java.base/java.util.concurrent.ThreadPoolExecutor$Worker.run(Unknown Source)
[2025-04-25T08:06:43.972+0000] {spark_submit.py:634} INFO - at java.base/java.lang.Thread.run(Unknown Source)
[2025-04-25T08:06:43.973+0000] {spark_submit.py:634} INFO - 
[2025-04-25T08:06:43.988+0000] {spark_submit.py:634} INFO - 25/04/25 08:06:43 INFO SparkContext: Invoking stop() from shutdown hook
[2025-04-25T08:06:43.989+0000] {spark_submit.py:634} INFO - 25/04/25 08:06:43 INFO SparkContext: SparkContext is stopping with exitCode 0.
[2025-04-25T08:06:43.996+0000] {spark_submit.py:634} INFO - 25/04/25 08:06:43 INFO SparkUI: Stopped Spark web UI at http://faa67a8aa4f8:4040
[2025-04-25T08:06:43.999+0000] {spark_submit.py:634} INFO - 25/04/25 08:06:43 INFO StandaloneSchedulerBackend: Shutting down all executors
[2025-04-25T08:06:43.999+0000] {spark_submit.py:634} INFO - 25/04/25 08:06:43 INFO StandaloneSchedulerBackend$StandaloneDriverEndpoint: Asking each executor to shut down
[2025-04-25T08:06:44.016+0000] {spark_submit.py:634} INFO - 25/04/25 08:06:44 INFO MapOutputTrackerMasterEndpoint: MapOutputTrackerMasterEndpoint stopped!
[2025-04-25T08:06:44.029+0000] {spark_submit.py:634} INFO - 25/04/25 08:06:44 INFO MemoryStore: MemoryStore cleared
[2025-04-25T08:06:44.030+0000] {spark_submit.py:634} INFO - 25/04/25 08:06:44 INFO BlockManager: BlockManager stopped
[2025-04-25T08:06:44.034+0000] {spark_submit.py:634} INFO - 25/04/25 08:06:44 INFO BlockManagerMaster: BlockManagerMaster stopped
[2025-04-25T08:06:44.036+0000] {spark_submit.py:634} INFO - 25/04/25 08:06:44 INFO OutputCommitCoordinator$OutputCommitCoordinatorEndpoint: OutputCommitCoordinator stopped!
[2025-04-25T08:06:44.044+0000] {spark_submit.py:634} INFO - 25/04/25 08:06:44 INFO SparkContext: Successfully stopped SparkContext
[2025-04-25T08:06:44.045+0000] {spark_submit.py:634} INFO - 25/04/25 08:06:44 INFO ShutdownHookManager: Shutdown hook called
[2025-04-25T08:06:44.045+0000] {spark_submit.py:634} INFO - 25/04/25 08:06:44 INFO ShutdownHookManager: Deleting directory /tmp/spark-665a0349-cac2-44a9-8a80-f996e8bda1a7
[2025-04-25T08:06:44.049+0000] {spark_submit.py:634} INFO - 25/04/25 08:06:44 INFO ShutdownHookManager: Deleting directory /tmp/spark-58836038-9df9-41b3-abe1-63208054bb13
[2025-04-25T08:06:44.053+0000] {spark_submit.py:634} INFO - 25/04/25 08:06:44 INFO ShutdownHookManager: Deleting directory /tmp/spark-665a0349-cac2-44a9-8a80-f996e8bda1a7/pyspark-33bce0a9-17d3-412c-a7ea-68b3862e84fa
[2025-04-25T08:06:44.098+0000] {taskinstance.py:2698} ERROR - Task failed with exception
Traceback (most recent call last):
  File "/home/airflow/.local/lib/python3.9/site-packages/airflow/models/taskinstance.py", line 433, in _execute_task
    result = execute_callable(context=context, **execute_callable_kwargs)
  File "/home/airflow/.local/lib/python3.9/site-packages/airflow/providers/apache/spark/operators/spark_submit.py", line 176, in execute
    self._hook.submit(self.application)
  File "/home/airflow/.local/lib/python3.9/site-packages/airflow/providers/apache/spark/hooks/spark_submit.py", line 560, in submit
    raise AirflowException(
airflow.exceptions.AirflowException: Cannot execute: spark-submit --master spark://spark-master:7077 --principal *** --name arrow-spark --verbose --deploy-mode client ./include/scripts/read.py. Error code is: 1.
[2025-04-25T08:06:44.103+0000] {taskinstance.py:1138} INFO - Marking task as FAILED. dag_id=my_dag, task_id=read_Data, execution_date=20250425T080633, start_date=20250425T080635, end_date=20250425T080644
[2025-04-25T08:06:44.115+0000] {standard_task_runner.py:107} ERROR - Failed to execute job 4 for task read_Data (Cannot execute: spark-submit --master spark://spark-master:7077 --principal *** --name arrow-spark --verbose --deploy-mode client ./include/scripts/read.py. Error code is: 1.; 716)
[2025-04-25T08:06:44.171+0000] {local_task_job_runner.py:234} INFO - Task exited with return code 1
[2025-04-25T08:06:44.184+0000] {taskinstance.py:3280} INFO - 0 downstream tasks scheduled from follow-on schedule check
