[2025-04-25T07:13:22.911+0000] {taskinstance.py:1956} INFO - Dependencies all met for dep_context=non-requeueable deps ti=<TaskInstance: my_dag.read_Data manual__2025-04-25T07:13:21.122649+00:00 [queued]>
[2025-04-25T07:13:22.919+0000] {taskinstance.py:1956} INFO - Dependencies all met for dep_context=requeueable deps ti=<TaskInstance: my_dag.read_Data manual__2025-04-25T07:13:21.122649+00:00 [queued]>
[2025-04-25T07:13:22.920+0000] {taskinstance.py:2170} INFO - Starting attempt 1 of 1
[2025-04-25T07:13:22.934+0000] {taskinstance.py:2191} INFO - Executing <Task(SparkSubmitOperator): read_Data> on 2025-04-25 07:13:21.122649+00:00
[2025-04-25T07:13:22.942+0000] {standard_task_runner.py:60} INFO - Started process 970 to run task
[2025-04-25T07:13:22.945+0000] {standard_task_runner.py:87} INFO - Running: ['***', 'tasks', 'run', 'my_dag', 'read_Data', 'manual__2025-04-25T07:13:21.122649+00:00', '--job-id', '7', '--raw', '--subdir', 'DAGS_FOLDER/mydag.py', '--cfg-path', '/tmp/tmp44udtgu1']
[2025-04-25T07:13:22.948+0000] {standard_task_runner.py:88} INFO - Job 7: Subtask read_Data
[2025-04-25T07:13:22.996+0000] {task_command.py:423} INFO - Running <TaskInstance: my_dag.read_Data manual__2025-04-25T07:13:21.122649+00:00 [running]> on host 8f416ae2c250
[2025-04-25T07:13:23.066+0000] {taskinstance.py:2480} INFO - Exporting env vars: AIRFLOW_CTX_DAG_OWNER='***' AIRFLOW_CTX_DAG_ID='my_dag' AIRFLOW_CTX_TASK_ID='read_Data' AIRFLOW_CTX_EXECUTION_DATE='2025-04-25T07:13:21.122649+00:00' AIRFLOW_CTX_TRY_NUMBER='1' AIRFLOW_CTX_DAG_RUN_ID='manual__2025-04-25T07:13:21.122649+00:00'
[2025-04-25T07:13:23.076+0000] {base.py:83} INFO - Using connection ID 'my_spark_conn' for task execution.
[2025-04-25T07:13:23.077+0000] {spark_submit.py:327} ERROR - Failed to decode base64 keytab: Incorrect padding
[2025-04-25T07:13:23.077+0000] {spark_submit.py:304} INFO - Could not load connection string my_spark_conn, defaulting to spark://spark-master:7077
[2025-04-25T07:13:23.078+0000] {spark_submit.py:473} INFO - Spark-Submit cmd: spark-submit --master spark://spark-master:7077 --principal *** --name arrow-spark --verbose --deploy-mode client ./include/scripts/read.py
[2025-04-25T07:13:24.281+0000] {spark_submit.py:634} INFO - Using properties file: null
[2025-04-25T07:13:24.383+0000] {spark_submit.py:634} INFO - Parsed arguments:
[2025-04-25T07:13:24.384+0000] {spark_submit.py:634} INFO - master                  spark://spark-master:7077
[2025-04-25T07:13:24.384+0000] {spark_submit.py:634} INFO - remote                  null
[2025-04-25T07:13:24.385+0000] {spark_submit.py:634} INFO - deployMode              client
[2025-04-25T07:13:24.385+0000] {spark_submit.py:634} INFO - executorMemory          null
[2025-04-25T07:13:24.385+0000] {spark_submit.py:634} INFO - executorCores           null
[2025-04-25T07:13:24.386+0000] {spark_submit.py:634} INFO - totalExecutorCores      null
[2025-04-25T07:13:24.386+0000] {spark_submit.py:634} INFO - propertiesFile          null
[2025-04-25T07:13:24.386+0000] {spark_submit.py:634} INFO - driverMemory            null
[2025-04-25T07:13:24.386+0000] {spark_submit.py:634} INFO - driverCores             null
[2025-04-25T07:13:24.387+0000] {spark_submit.py:634} INFO - driverExtraClassPath    null
[2025-04-25T07:13:24.387+0000] {spark_submit.py:634} INFO - driverExtraLibraryPath  null
[2025-04-25T07:13:24.387+0000] {spark_submit.py:634} INFO - driverExtraJavaOptions  null
[2025-04-25T07:13:24.388+0000] {spark_submit.py:634} INFO - supervise               false
[2025-04-25T07:13:24.388+0000] {spark_submit.py:634} INFO - queue                   null
[2025-04-25T07:13:24.388+0000] {spark_submit.py:634} INFO - numExecutors            null
[2025-04-25T07:13:24.389+0000] {spark_submit.py:634} INFO - files                   null
[2025-04-25T07:13:24.389+0000] {spark_submit.py:634} INFO - pyFiles                 null
[2025-04-25T07:13:24.389+0000] {spark_submit.py:634} INFO - archives                null
[2025-04-25T07:13:24.389+0000] {spark_submit.py:634} INFO - mainClass               null
[2025-04-25T07:13:24.390+0000] {spark_submit.py:634} INFO - primaryResource         file:/opt/***/include/scripts/read.py
[2025-04-25T07:13:24.390+0000] {spark_submit.py:634} INFO - name                    arrow-spark
[2025-04-25T07:13:24.390+0000] {spark_submit.py:634} INFO - childArgs               []
[2025-04-25T07:13:24.391+0000] {spark_submit.py:634} INFO - jars                    null
[2025-04-25T07:13:24.391+0000] {spark_submit.py:634} INFO - packages                null
[2025-04-25T07:13:24.391+0000] {spark_submit.py:634} INFO - packagesExclusions      null
[2025-04-25T07:13:24.392+0000] {spark_submit.py:634} INFO - repositories            null
[2025-04-25T07:13:24.392+0000] {spark_submit.py:634} INFO - verbose                 true
[2025-04-25T07:13:24.392+0000] {spark_submit.py:634} INFO - 
[2025-04-25T07:13:24.393+0000] {spark_submit.py:634} INFO - Spark properties used, including those specified through
[2025-04-25T07:13:24.393+0000] {spark_submit.py:634} INFO - --conf and those from the properties file null:
[2025-04-25T07:13:24.393+0000] {spark_submit.py:634} INFO - 
[2025-04-25T07:13:24.394+0000] {spark_submit.py:634} INFO - 
[2025-04-25T07:13:24.394+0000] {spark_submit.py:634} INFO - 
[2025-04-25T07:13:24.595+0000] {spark_submit.py:634} INFO - Main class:
[2025-04-25T07:13:24.596+0000] {spark_submit.py:634} INFO - org.apache.spark.deploy.PythonRunner
[2025-04-25T07:13:24.597+0000] {spark_submit.py:634} INFO - Arguments:
[2025-04-25T07:13:24.597+0000] {spark_submit.py:634} INFO - file:/opt/***/include/scripts/read.py
[2025-04-25T07:13:24.598+0000] {spark_submit.py:634} INFO - null
[2025-04-25T07:13:24.599+0000] {spark_submit.py:634} INFO - Spark config:
[2025-04-25T07:13:24.600+0000] {spark_submit.py:634} INFO - (spark.app.name,arrow-spark)
[2025-04-25T07:13:24.600+0000] {spark_submit.py:634} INFO - (spark.app.submitTime,1745565204580)
[2025-04-25T07:13:24.600+0000] {spark_submit.py:634} INFO - (spark.kerberos.principal,***)
[2025-04-25T07:13:24.601+0000] {spark_submit.py:634} INFO - (spark.master,spark://spark-master:7077)
[2025-04-25T07:13:24.601+0000] {spark_submit.py:634} INFO - (spark.submit.deployMode,client)
[2025-04-25T07:13:24.601+0000] {spark_submit.py:634} INFO - (spark.submit.pyFiles,)
[2025-04-25T07:13:24.602+0000] {spark_submit.py:634} INFO - Classpath elements:
[2025-04-25T07:13:24.602+0000] {spark_submit.py:634} INFO - 
[2025-04-25T07:13:24.602+0000] {spark_submit.py:634} INFO - 
[2025-04-25T07:13:24.603+0000] {spark_submit.py:634} INFO - 
[2025-04-25T07:13:25.324+0000] {spark_submit.py:634} INFO - 25/04/25 07:13:25 INFO SparkContext: Running Spark version 3.5.5
[2025-04-25T07:13:25.326+0000] {spark_submit.py:634} INFO - 25/04/25 07:13:25 INFO SparkContext: OS info Linux, 5.15.167.4-microsoft-standard-WSL2, amd64
[2025-04-25T07:13:25.327+0000] {spark_submit.py:634} INFO - 25/04/25 07:13:25 INFO SparkContext: Java version 17.0.14
[2025-04-25T07:13:25.363+0000] {spark_submit.py:634} INFO - 25/04/25 07:13:25 WARN NativeCodeLoader: Unable to load native-hadoop library for your platform... using builtin-java classes where applicable
[2025-04-25T07:13:25.422+0000] {spark_submit.py:634} INFO - 25/04/25 07:13:25 INFO ResourceUtils: ==============================================================
[2025-04-25T07:13:25.423+0000] {spark_submit.py:634} INFO - 25/04/25 07:13:25 INFO ResourceUtils: No custom resources configured for spark.driver.
[2025-04-25T07:13:25.423+0000] {spark_submit.py:634} INFO - 25/04/25 07:13:25 INFO ResourceUtils: ==============================================================
[2025-04-25T07:13:25.424+0000] {spark_submit.py:634} INFO - 25/04/25 07:13:25 INFO SparkContext: Submitted application: PySpark Example
[2025-04-25T07:13:25.439+0000] {spark_submit.py:634} INFO - 25/04/25 07:13:25 INFO ResourceProfile: Default ResourceProfile created, executor resources: Map(memory -> name: memory, amount: 1024, script: , vendor: , offHeap -> name: offHeap, amount: 0, script: , vendor: ), task resources: Map(cpus -> name: cpus, amount: 1.0)
[2025-04-25T07:13:25.446+0000] {spark_submit.py:634} INFO - 25/04/25 07:13:25 INFO ResourceProfile: Limiting resource is cpu
[2025-04-25T07:13:25.447+0000] {spark_submit.py:634} INFO - 25/04/25 07:13:25 INFO ResourceProfileManager: Added ResourceProfile id: 0
[2025-04-25T07:13:25.487+0000] {spark_submit.py:634} INFO - 25/04/25 07:13:25 INFO SecurityManager: Changing view acls to: ***
[2025-04-25T07:13:25.488+0000] {spark_submit.py:634} INFO - 25/04/25 07:13:25 INFO SecurityManager: Changing modify acls to: ***
[2025-04-25T07:13:25.488+0000] {spark_submit.py:634} INFO - 25/04/25 07:13:25 INFO SecurityManager: Changing view acls groups to:
[2025-04-25T07:13:25.488+0000] {spark_submit.py:634} INFO - 25/04/25 07:13:25 INFO SecurityManager: Changing modify acls groups to:
[2025-04-25T07:13:25.489+0000] {spark_submit.py:634} INFO - 25/04/25 07:13:25 INFO SecurityManager: SecurityManager: authentication disabled; ui acls disabled; users with view permissions: ***; groups with view permissions: EMPTY; users with modify permissions: ***; groups with modify permissions: EMPTY
[2025-04-25T07:13:25.672+0000] {spark_submit.py:634} INFO - 25/04/25 07:13:25 INFO Utils: Successfully started service 'sparkDriver' on port 33041.
[2025-04-25T07:13:25.696+0000] {spark_submit.py:634} INFO - 25/04/25 07:13:25 INFO SparkEnv: Registering MapOutputTracker
[2025-04-25T07:13:25.726+0000] {spark_submit.py:634} INFO - 25/04/25 07:13:25 INFO SparkEnv: Registering BlockManagerMaster
[2025-04-25T07:13:25.739+0000] {spark_submit.py:634} INFO - 25/04/25 07:13:25 INFO BlockManagerMasterEndpoint: Using org.apache.spark.storage.DefaultTopologyMapper for getting topology information
[2025-04-25T07:13:25.740+0000] {spark_submit.py:634} INFO - 25/04/25 07:13:25 INFO BlockManagerMasterEndpoint: BlockManagerMasterEndpoint up
[2025-04-25T07:13:25.743+0000] {spark_submit.py:634} INFO - 25/04/25 07:13:25 INFO SparkEnv: Registering BlockManagerMasterHeartbeat
[2025-04-25T07:13:25.761+0000] {spark_submit.py:634} INFO - 25/04/25 07:13:25 INFO DiskBlockManager: Created local directory at /tmp/blockmgr-495967a1-3436-4d18-868f-940fce506d2f
[2025-04-25T07:13:25.775+0000] {spark_submit.py:634} INFO - 25/04/25 07:13:25 INFO MemoryStore: MemoryStore started with capacity 434.4 MiB
[2025-04-25T07:13:25.789+0000] {spark_submit.py:634} INFO - 25/04/25 07:13:25 INFO SparkEnv: Registering OutputCommitCoordinator
[2025-04-25T07:13:25.919+0000] {spark_submit.py:634} INFO - 25/04/25 07:13:25 INFO JettyUtils: Start Jetty 0.0.0.0:4040 for SparkUI
[2025-04-25T07:13:25.970+0000] {spark_submit.py:634} INFO - 25/04/25 07:13:25 INFO Utils: Successfully started service 'SparkUI' on port 4040.
[2025-04-25T07:13:26.079+0000] {spark_submit.py:634} INFO - 25/04/25 07:13:26 INFO StandaloneAppClient$ClientEndpoint: Connecting to master spark://spark-master:7077...
[2025-04-25T07:13:30.064+0000] {spark_submit.py:634} INFO - 25/04/25 07:13:30 WARN TransportClientFactory: DNS resolution failed for spark-master/<unresolved>:7077 took 3969 ms
[2025-04-25T07:13:30.085+0000] {spark_submit.py:634} INFO - 25/04/25 07:13:30 WARN StandaloneAppClient$ClientEndpoint: Failed to connect to master spark-master:7077
[2025-04-25T07:13:30.086+0000] {spark_submit.py:634} INFO - org.apache.spark.SparkException: Exception thrown in awaitResult:
[2025-04-25T07:13:30.086+0000] {spark_submit.py:634} INFO - at org.apache.spark.util.SparkThreadUtils$.awaitResult(SparkThreadUtils.scala:56)
[2025-04-25T07:13:30.086+0000] {spark_submit.py:634} INFO - at org.apache.spark.util.ThreadUtils$.awaitResult(ThreadUtils.scala:310)
[2025-04-25T07:13:30.087+0000] {spark_submit.py:634} INFO - at org.apache.spark.rpc.RpcTimeout.awaitResult(RpcTimeout.scala:75)
[2025-04-25T07:13:30.087+0000] {spark_submit.py:634} INFO - at org.apache.spark.rpc.RpcEnv.setupEndpointRefByURI(RpcEnv.scala:102)
[2025-04-25T07:13:30.087+0000] {spark_submit.py:634} INFO - at org.apache.spark.rpc.RpcEnv.setupEndpointRef(RpcEnv.scala:110)
[2025-04-25T07:13:30.088+0000] {spark_submit.py:634} INFO - at org.apache.spark.deploy.client.StandaloneAppClient$ClientEndpoint$$anon$1.run(StandaloneAppClient.scala:108)
[2025-04-25T07:13:30.088+0000] {spark_submit.py:634} INFO - at java.base/java.util.concurrent.Executors$RunnableAdapter.call(Executors.java:539)
[2025-04-25T07:13:30.088+0000] {spark_submit.py:634} INFO - at java.base/java.util.concurrent.FutureTask.run(FutureTask.java:264)
[2025-04-25T07:13:30.089+0000] {spark_submit.py:634} INFO - at java.base/java.util.concurrent.ThreadPoolExecutor.runWorker(ThreadPoolExecutor.java:1136)
[2025-04-25T07:13:30.089+0000] {spark_submit.py:634} INFO - at java.base/java.util.concurrent.ThreadPoolExecutor$Worker.run(ThreadPoolExecutor.java:635)
[2025-04-25T07:13:30.089+0000] {spark_submit.py:634} INFO - at java.base/java.lang.Thread.run(Thread.java:840)
[2025-04-25T07:13:30.090+0000] {spark_submit.py:634} INFO - Caused by: java.io.IOException: Failed to connect to spark-master/<unresolved>:7077
[2025-04-25T07:13:30.090+0000] {spark_submit.py:634} INFO - at org.apache.spark.network.client.TransportClientFactory.createClient(TransportClientFactory.java:294)
[2025-04-25T07:13:30.090+0000] {spark_submit.py:634} INFO - at org.apache.spark.network.client.TransportClientFactory.createClient(TransportClientFactory.java:214)
[2025-04-25T07:13:30.090+0000] {spark_submit.py:634} INFO - at org.apache.spark.network.client.TransportClientFactory.createClient(TransportClientFactory.java:226)
[2025-04-25T07:13:30.091+0000] {spark_submit.py:634} INFO - at org.apache.spark.rpc.netty.NettyRpcEnv.createClient(NettyRpcEnv.scala:204)
[2025-04-25T07:13:30.091+0000] {spark_submit.py:634} INFO - at org.apache.spark.rpc.netty.Outbox$$anon$1.call(Outbox.scala:202)
[2025-04-25T07:13:30.091+0000] {spark_submit.py:634} INFO - at org.apache.spark.rpc.netty.Outbox$$anon$1.call(Outbox.scala:198)
[2025-04-25T07:13:30.092+0000] {spark_submit.py:634} INFO - ... 4 more
[2025-04-25T07:13:30.092+0000] {spark_submit.py:634} INFO - Caused by: java.net.UnknownHostException: spark-master
[2025-04-25T07:13:30.092+0000] {spark_submit.py:634} INFO - at java.base/java.net.InetAddress$CachedAddresses.get(InetAddress.java:801)
[2025-04-25T07:13:30.092+0000] {spark_submit.py:634} INFO - at java.base/java.net.InetAddress.getAllByName0(InetAddress.java:1533)
[2025-04-25T07:13:30.093+0000] {spark_submit.py:634} INFO - at java.base/java.net.InetAddress.getAllByName(InetAddress.java:1385)
[2025-04-25T07:13:30.093+0000] {spark_submit.py:634} INFO - at java.base/java.net.InetAddress.getAllByName(InetAddress.java:1306)
[2025-04-25T07:13:30.093+0000] {spark_submit.py:634} INFO - at java.base/java.net.InetAddress.getByName(InetAddress.java:1256)
[2025-04-25T07:13:30.094+0000] {spark_submit.py:634} INFO - at io.netty.util.internal.SocketUtils$8.run(SocketUtils.java:156)
[2025-04-25T07:13:30.094+0000] {spark_submit.py:634} INFO - at io.netty.util.internal.SocketUtils$8.run(SocketUtils.java:153)
[2025-04-25T07:13:30.094+0000] {spark_submit.py:634} INFO - at java.base/java.security.AccessController.doPrivileged(AccessController.java:569)
[2025-04-25T07:13:30.094+0000] {spark_submit.py:634} INFO - at io.netty.util.internal.SocketUtils.addressByName(SocketUtils.java:153)
[2025-04-25T07:13:30.095+0000] {spark_submit.py:634} INFO - at io.netty.resolver.DefaultNameResolver.doResolve(DefaultNameResolver.java:41)
[2025-04-25T07:13:30.095+0000] {spark_submit.py:634} INFO - at io.netty.resolver.SimpleNameResolver.resolve(SimpleNameResolver.java:61)
[2025-04-25T07:13:30.095+0000] {spark_submit.py:634} INFO - at io.netty.resolver.SimpleNameResolver.resolve(SimpleNameResolver.java:53)
[2025-04-25T07:13:30.095+0000] {spark_submit.py:634} INFO - at io.netty.resolver.InetSocketAddressResolver.doResolve(InetSocketAddressResolver.java:55)
[2025-04-25T07:13:30.096+0000] {spark_submit.py:634} INFO - at io.netty.resolver.InetSocketAddressResolver.doResolve(InetSocketAddressResolver.java:31)
[2025-04-25T07:13:30.096+0000] {spark_submit.py:634} INFO - at io.netty.resolver.AbstractAddressResolver.resolve(AbstractAddressResolver.java:106)
[2025-04-25T07:13:30.096+0000] {spark_submit.py:634} INFO - at io.netty.bootstrap.Bootstrap.doResolveAndConnect0(Bootstrap.java:220)
[2025-04-25T07:13:30.096+0000] {spark_submit.py:634} INFO - at io.netty.bootstrap.Bootstrap.access$000(Bootstrap.java:46)
[2025-04-25T07:13:30.097+0000] {spark_submit.py:634} INFO - at io.netty.bootstrap.Bootstrap$1.operationComplete(Bootstrap.java:189)
[2025-04-25T07:13:30.097+0000] {spark_submit.py:634} INFO - at io.netty.bootstrap.Bootstrap$1.operationComplete(Bootstrap.java:175)
[2025-04-25T07:13:30.097+0000] {spark_submit.py:634} INFO - at io.netty.util.concurrent.DefaultPromise.notifyListener0(DefaultPromise.java:590)
[2025-04-25T07:13:30.098+0000] {spark_submit.py:634} INFO - at io.netty.util.concurrent.DefaultPromise.notifyListenersNow(DefaultPromise.java:557)
[2025-04-25T07:13:30.098+0000] {spark_submit.py:634} INFO - at io.netty.util.concurrent.DefaultPromise.notifyListeners(DefaultPromise.java:492)
[2025-04-25T07:13:30.098+0000] {spark_submit.py:634} INFO - at io.netty.util.concurrent.DefaultPromise.setValue0(DefaultPromise.java:636)
[2025-04-25T07:13:30.098+0000] {spark_submit.py:634} INFO - at io.netty.util.concurrent.DefaultPromise.setSuccess0(DefaultPromise.java:625)
[2025-04-25T07:13:30.099+0000] {spark_submit.py:634} INFO - at io.netty.util.concurrent.DefaultPromise.trySuccess(DefaultPromise.java:105)
[2025-04-25T07:13:30.099+0000] {spark_submit.py:634} INFO - at io.netty.channel.DefaultChannelPromise.trySuccess(DefaultChannelPromise.java:84)
[2025-04-25T07:13:30.099+0000] {spark_submit.py:634} INFO - at io.netty.channel.AbstractChannel$AbstractUnsafe.safeSetSuccess(AbstractChannel.java:990)
[2025-04-25T07:13:30.099+0000] {spark_submit.py:634} INFO - at io.netty.channel.AbstractChannel$AbstractUnsafe.register0(AbstractChannel.java:516)
[2025-04-25T07:13:30.100+0000] {spark_submit.py:634} INFO - at io.netty.channel.AbstractChannel$AbstractUnsafe.access$200(AbstractChannel.java:429)
[2025-04-25T07:13:30.100+0000] {spark_submit.py:634} INFO - at io.netty.channel.AbstractChannel$AbstractUnsafe$1.run(AbstractChannel.java:486)
[2025-04-25T07:13:30.100+0000] {spark_submit.py:634} INFO - at io.netty.util.concurrent.AbstractEventExecutor.runTask(AbstractEventExecutor.java:174)
[2025-04-25T07:13:30.101+0000] {spark_submit.py:634} INFO - at io.netty.util.concurrent.AbstractEventExecutor.safeExecute(AbstractEventExecutor.java:167)
[2025-04-25T07:13:30.101+0000] {spark_submit.py:634} INFO - at io.netty.util.concurrent.SingleThreadEventExecutor.runAllTasks(SingleThreadEventExecutor.java:470)
[2025-04-25T07:13:30.101+0000] {spark_submit.py:634} INFO - at io.netty.channel.nio.NioEventLoop.run(NioEventLoop.java:569)
[2025-04-25T07:13:30.101+0000] {spark_submit.py:634} INFO - at io.netty.util.concurrent.SingleThreadEventExecutor$4.run(SingleThreadEventExecutor.java:997)
[2025-04-25T07:13:30.102+0000] {spark_submit.py:634} INFO - at io.netty.util.internal.ThreadExecutorMap$2.run(ThreadExecutorMap.java:74)
[2025-04-25T07:13:30.102+0000] {spark_submit.py:634} INFO - at io.netty.util.concurrent.FastThreadLocalRunnable.run(FastThreadLocalRunnable.java:30)
[2025-04-25T07:13:30.102+0000] {spark_submit.py:634} INFO - ... 1 more
[2025-04-25T07:13:46.078+0000] {spark_submit.py:634} INFO - 25/04/25 07:13:46 INFO StandaloneAppClient$ClientEndpoint: Connecting to master spark://spark-master:7077...
[2025-04-25T07:13:50.055+0000] {spark_submit.py:634} INFO - 25/04/25 07:13:50 WARN TransportClientFactory: DNS resolution failed for spark-master/<unresolved>:7077 took 3975 ms
[2025-04-25T07:13:50.058+0000] {spark_submit.py:634} INFO - 25/04/25 07:13:50 WARN StandaloneAppClient$ClientEndpoint: Failed to connect to master spark-master:7077
[2025-04-25T07:13:50.058+0000] {spark_submit.py:634} INFO - org.apache.spark.SparkException: Exception thrown in awaitResult:
[2025-04-25T07:13:50.059+0000] {spark_submit.py:634} INFO - at org.apache.spark.util.SparkThreadUtils$.awaitResult(SparkThreadUtils.scala:56)
[2025-04-25T07:13:50.059+0000] {spark_submit.py:634} INFO - at org.apache.spark.util.ThreadUtils$.awaitResult(ThreadUtils.scala:310)
[2025-04-25T07:13:50.059+0000] {spark_submit.py:634} INFO - at org.apache.spark.rpc.RpcTimeout.awaitResult(RpcTimeout.scala:75)
[2025-04-25T07:13:50.060+0000] {spark_submit.py:634} INFO - at org.apache.spark.rpc.RpcEnv.setupEndpointRefByURI(RpcEnv.scala:102)
[2025-04-25T07:13:50.060+0000] {spark_submit.py:634} INFO - at org.apache.spark.rpc.RpcEnv.setupEndpointRef(RpcEnv.scala:110)
[2025-04-25T07:13:50.060+0000] {spark_submit.py:634} INFO - at org.apache.spark.deploy.client.StandaloneAppClient$ClientEndpoint$$anon$1.run(StandaloneAppClient.scala:108)
[2025-04-25T07:13:50.061+0000] {spark_submit.py:634} INFO - at java.base/java.util.concurrent.Executors$RunnableAdapter.call(Executors.java:539)
[2025-04-25T07:13:50.061+0000] {spark_submit.py:634} INFO - at java.base/java.util.concurrent.FutureTask.run(FutureTask.java:264)
[2025-04-25T07:13:50.061+0000] {spark_submit.py:634} INFO - at java.base/java.util.concurrent.ThreadPoolExecutor.runWorker(ThreadPoolExecutor.java:1136)
[2025-04-25T07:13:50.062+0000] {spark_submit.py:634} INFO - at java.base/java.util.concurrent.ThreadPoolExecutor$Worker.run(ThreadPoolExecutor.java:635)
[2025-04-25T07:13:50.062+0000] {spark_submit.py:634} INFO - at java.base/java.lang.Thread.run(Thread.java:840)
[2025-04-25T07:13:50.062+0000] {spark_submit.py:634} INFO - Caused by: java.io.IOException: Failed to connect to spark-master/<unresolved>:7077
[2025-04-25T07:13:50.062+0000] {spark_submit.py:634} INFO - at org.apache.spark.network.client.TransportClientFactory.createClient(TransportClientFactory.java:294)
[2025-04-25T07:13:50.063+0000] {spark_submit.py:634} INFO - at org.apache.spark.network.client.TransportClientFactory.createClient(TransportClientFactory.java:214)
[2025-04-25T07:13:50.063+0000] {spark_submit.py:634} INFO - at org.apache.spark.network.client.TransportClientFactory.createClient(TransportClientFactory.java:226)
[2025-04-25T07:13:50.063+0000] {spark_submit.py:634} INFO - at org.apache.spark.rpc.netty.NettyRpcEnv.createClient(NettyRpcEnv.scala:204)
[2025-04-25T07:13:50.064+0000] {spark_submit.py:634} INFO - at org.apache.spark.rpc.netty.Outbox$$anon$1.call(Outbox.scala:202)
[2025-04-25T07:13:50.064+0000] {spark_submit.py:634} INFO - at org.apache.spark.rpc.netty.Outbox$$anon$1.call(Outbox.scala:198)
[2025-04-25T07:13:50.064+0000] {spark_submit.py:634} INFO - ... 4 more
[2025-04-25T07:13:50.064+0000] {spark_submit.py:634} INFO - Caused by: java.net.UnknownHostException: spark-master
[2025-04-25T07:13:50.065+0000] {spark_submit.py:634} INFO - at java.base/java.net.InetAddress$CachedAddresses.get(InetAddress.java:801)
[2025-04-25T07:13:50.065+0000] {spark_submit.py:634} INFO - at java.base/java.net.InetAddress.getAllByName0(InetAddress.java:1533)
[2025-04-25T07:13:50.065+0000] {spark_submit.py:634} INFO - at java.base/java.net.InetAddress.getAllByName(InetAddress.java:1385)
[2025-04-25T07:13:50.066+0000] {spark_submit.py:634} INFO - at java.base/java.net.InetAddress.getAllByName(InetAddress.java:1306)
[2025-04-25T07:13:50.066+0000] {spark_submit.py:634} INFO - at java.base/java.net.InetAddress.getByName(InetAddress.java:1256)
[2025-04-25T07:13:50.066+0000] {spark_submit.py:634} INFO - at io.netty.util.internal.SocketUtils$8.run(SocketUtils.java:156)
[2025-04-25T07:13:50.067+0000] {spark_submit.py:634} INFO - at io.netty.util.internal.SocketUtils$8.run(SocketUtils.java:153)
[2025-04-25T07:13:50.067+0000] {spark_submit.py:634} INFO - at java.base/java.security.AccessController.doPrivileged(AccessController.java:569)
[2025-04-25T07:13:50.067+0000] {spark_submit.py:634} INFO - at io.netty.util.internal.SocketUtils.addressByName(SocketUtils.java:153)
[2025-04-25T07:13:50.068+0000] {spark_submit.py:634} INFO - at io.netty.resolver.DefaultNameResolver.doResolve(DefaultNameResolver.java:41)
[2025-04-25T07:13:50.068+0000] {spark_submit.py:634} INFO - at io.netty.resolver.SimpleNameResolver.resolve(SimpleNameResolver.java:61)
[2025-04-25T07:13:50.068+0000] {spark_submit.py:634} INFO - at io.netty.resolver.SimpleNameResolver.resolve(SimpleNameResolver.java:53)
[2025-04-25T07:13:50.068+0000] {spark_submit.py:634} INFO - at io.netty.resolver.InetSocketAddressResolver.doResolve(InetSocketAddressResolver.java:55)
[2025-04-25T07:13:50.069+0000] {spark_submit.py:634} INFO - at io.netty.resolver.InetSocketAddressResolver.doResolve(InetSocketAddressResolver.java:31)
[2025-04-25T07:13:50.069+0000] {spark_submit.py:634} INFO - at io.netty.resolver.AbstractAddressResolver.resolve(AbstractAddressResolver.java:106)
[2025-04-25T07:13:50.069+0000] {spark_submit.py:634} INFO - at io.netty.bootstrap.Bootstrap.doResolveAndConnect0(Bootstrap.java:220)
[2025-04-25T07:13:50.070+0000] {spark_submit.py:634} INFO - at io.netty.bootstrap.Bootstrap.access$000(Bootstrap.java:46)
[2025-04-25T07:13:50.070+0000] {spark_submit.py:634} INFO - at io.netty.bootstrap.Bootstrap$1.operationComplete(Bootstrap.java:189)
[2025-04-25T07:13:50.070+0000] {spark_submit.py:634} INFO - at io.netty.bootstrap.Bootstrap$1.operationComplete(Bootstrap.java:175)
[2025-04-25T07:13:50.070+0000] {spark_submit.py:634} INFO - at io.netty.util.concurrent.DefaultPromise.notifyListener0(DefaultPromise.java:590)
[2025-04-25T07:13:50.071+0000] {spark_submit.py:634} INFO - at io.netty.util.concurrent.DefaultPromise.notifyListenersNow(DefaultPromise.java:557)
[2025-04-25T07:13:50.071+0000] {spark_submit.py:634} INFO - at io.netty.util.concurrent.DefaultPromise.notifyListeners(DefaultPromise.java:492)
[2025-04-25T07:13:50.071+0000] {spark_submit.py:634} INFO - at io.netty.util.concurrent.DefaultPromise.setValue0(DefaultPromise.java:636)
[2025-04-25T07:13:50.072+0000] {spark_submit.py:634} INFO - at io.netty.util.concurrent.DefaultPromise.setSuccess0(DefaultPromise.java:625)
[2025-04-25T07:13:50.072+0000] {spark_submit.py:634} INFO - at io.netty.util.concurrent.DefaultPromise.trySuccess(DefaultPromise.java:105)
[2025-04-25T07:13:50.072+0000] {spark_submit.py:634} INFO - at io.netty.channel.DefaultChannelPromise.trySuccess(DefaultChannelPromise.java:84)
[2025-04-25T07:13:50.073+0000] {spark_submit.py:634} INFO - at io.netty.channel.AbstractChannel$AbstractUnsafe.safeSetSuccess(AbstractChannel.java:990)
[2025-04-25T07:13:50.073+0000] {spark_submit.py:634} INFO - at io.netty.channel.AbstractChannel$AbstractUnsafe.register0(AbstractChannel.java:516)
[2025-04-25T07:13:50.073+0000] {spark_submit.py:634} INFO - at io.netty.channel.AbstractChannel$AbstractUnsafe.access$200(AbstractChannel.java:429)
[2025-04-25T07:13:50.073+0000] {spark_submit.py:634} INFO - at io.netty.channel.AbstractChannel$AbstractUnsafe$1.run(AbstractChannel.java:486)
[2025-04-25T07:13:50.074+0000] {spark_submit.py:634} INFO - at io.netty.util.concurrent.AbstractEventExecutor.runTask(AbstractEventExecutor.java:174)
[2025-04-25T07:13:50.074+0000] {spark_submit.py:634} INFO - at io.netty.util.concurrent.AbstractEventExecutor.safeExecute(AbstractEventExecutor.java:167)
[2025-04-25T07:13:50.074+0000] {spark_submit.py:634} INFO - at io.netty.util.concurrent.SingleThreadEventExecutor.runAllTasks(SingleThreadEventExecutor.java:470)
[2025-04-25T07:13:50.075+0000] {spark_submit.py:634} INFO - at io.netty.channel.nio.NioEventLoop.run(NioEventLoop.java:569)
[2025-04-25T07:13:50.075+0000] {spark_submit.py:634} INFO - at io.netty.util.concurrent.SingleThreadEventExecutor$4.run(SingleThreadEventExecutor.java:997)
[2025-04-25T07:13:50.075+0000] {spark_submit.py:634} INFO - at io.netty.util.internal.ThreadExecutorMap$2.run(ThreadExecutorMap.java:74)
[2025-04-25T07:13:50.076+0000] {spark_submit.py:634} INFO - at io.netty.util.concurrent.FastThreadLocalRunnable.run(FastThreadLocalRunnable.java:30)
[2025-04-25T07:13:50.076+0000] {spark_submit.py:634} INFO - ... 1 more
[2025-04-25T07:14:06.077+0000] {spark_submit.py:634} INFO - 25/04/25 07:14:06 INFO StandaloneAppClient$ClientEndpoint: Connecting to master spark://spark-master:7077...
[2025-04-25T07:14:10.076+0000] {spark_submit.py:634} INFO - 25/04/25 07:14:10 WARN TransportClientFactory: DNS resolution failed for spark-master/<unresolved>:7077 took 3997 ms
[2025-04-25T07:14:10.079+0000] {spark_submit.py:634} INFO - 25/04/25 07:14:10 WARN StandaloneAppClient$ClientEndpoint: Failed to connect to master spark-master:7077
[2025-04-25T07:14:10.080+0000] {spark_submit.py:634} INFO - org.apache.spark.SparkException: Exception thrown in awaitResult:
[2025-04-25T07:14:10.080+0000] {spark_submit.py:634} INFO - at org.apache.spark.util.SparkThreadUtils$.awaitResult(SparkThreadUtils.scala:56)
[2025-04-25T07:14:10.081+0000] {spark_submit.py:634} INFO - at org.apache.spark.util.ThreadUtils$.awaitResult(ThreadUtils.scala:310)
[2025-04-25T07:14:10.081+0000] {spark_submit.py:634} INFO - at org.apache.spark.rpc.RpcTimeout.awaitResult(RpcTimeout.scala:75)
[2025-04-25T07:14:10.081+0000] {spark_submit.py:634} INFO - at org.apache.spark.rpc.RpcEnv.setupEndpointRefByURI(RpcEnv.scala:102)
[2025-04-25T07:14:10.082+0000] {spark_submit.py:634} INFO - at org.apache.spark.rpc.RpcEnv.setupEndpointRef(RpcEnv.scala:110)
[2025-04-25T07:14:10.082+0000] {spark_submit.py:634} INFO - at org.apache.spark.deploy.client.StandaloneAppClient$ClientEndpoint$$anon$1.run(StandaloneAppClient.scala:108)
[2025-04-25T07:14:10.082+0000] {spark_submit.py:634} INFO - at java.base/java.util.concurrent.Executors$RunnableAdapter.call(Executors.java:539)
[2025-04-25T07:14:10.082+0000] {spark_submit.py:634} INFO - at java.base/java.util.concurrent.FutureTask.run(FutureTask.java:264)
[2025-04-25T07:14:10.083+0000] {spark_submit.py:634} INFO - at java.base/java.util.concurrent.ThreadPoolExecutor.runWorker(ThreadPoolExecutor.java:1136)
[2025-04-25T07:14:10.083+0000] {spark_submit.py:634} INFO - at java.base/java.util.concurrent.ThreadPoolExecutor$Worker.run(ThreadPoolExecutor.java:635)
[2025-04-25T07:14:10.083+0000] {spark_submit.py:634} INFO - at java.base/java.lang.Thread.run(Thread.java:840)
[2025-04-25T07:14:10.083+0000] {spark_submit.py:634} INFO - Caused by: java.io.IOException: Failed to connect to spark-master/<unresolved>:7077
[2025-04-25T07:14:10.084+0000] {spark_submit.py:634} INFO - at org.apache.spark.network.client.TransportClientFactory.createClient(TransportClientFactory.java:294)
[2025-04-25T07:14:10.084+0000] {spark_submit.py:634} INFO - at org.apache.spark.network.client.TransportClientFactory.createClient(TransportClientFactory.java:214)
[2025-04-25T07:14:10.084+0000] {spark_submit.py:634} INFO - at org.apache.spark.network.client.TransportClientFactory.createClient(TransportClientFactory.java:226)
[2025-04-25T07:14:10.084+0000] {spark_submit.py:634} INFO - at org.apache.spark.rpc.netty.NettyRpcEnv.createClient(NettyRpcEnv.scala:204)
[2025-04-25T07:14:10.085+0000] {spark_submit.py:634} INFO - at org.apache.spark.rpc.netty.Outbox$$anon$1.call(Outbox.scala:202)
[2025-04-25T07:14:10.085+0000] {spark_submit.py:634} INFO - at org.apache.spark.rpc.netty.Outbox$$anon$1.call(Outbox.scala:198)
[2025-04-25T07:14:10.085+0000] {spark_submit.py:634} INFO - ... 4 more
[2025-04-25T07:14:10.086+0000] {spark_submit.py:634} INFO - Caused by: java.net.UnknownHostException: spark-master
[2025-04-25T07:14:10.086+0000] {spark_submit.py:634} INFO - at java.base/java.net.InetAddress$CachedAddresses.get(InetAddress.java:801)
[2025-04-25T07:14:10.086+0000] {spark_submit.py:634} INFO - at java.base/java.net.InetAddress.getAllByName0(InetAddress.java:1533)
[2025-04-25T07:14:10.086+0000] {spark_submit.py:634} INFO - at java.base/java.net.InetAddress.getAllByName(InetAddress.java:1385)
[2025-04-25T07:14:10.087+0000] {spark_submit.py:634} INFO - at java.base/java.net.InetAddress.getAllByName(InetAddress.java:1306)
[2025-04-25T07:14:10.087+0000] {spark_submit.py:634} INFO - at java.base/java.net.InetAddress.getByName(InetAddress.java:1256)
[2025-04-25T07:14:10.087+0000] {spark_submit.py:634} INFO - at io.netty.util.internal.SocketUtils$8.run(SocketUtils.java:156)
[2025-04-25T07:14:10.087+0000] {spark_submit.py:634} INFO - at io.netty.util.internal.SocketUtils$8.run(SocketUtils.java:153)
[2025-04-25T07:14:10.088+0000] {spark_submit.py:634} INFO - at java.base/java.security.AccessController.doPrivileged(AccessController.java:569)
[2025-04-25T07:14:10.088+0000] {spark_submit.py:634} INFO - at io.netty.util.internal.SocketUtils.addressByName(SocketUtils.java:153)
[2025-04-25T07:14:10.088+0000] {spark_submit.py:634} INFO - at io.netty.resolver.DefaultNameResolver.doResolve(DefaultNameResolver.java:41)
[2025-04-25T07:14:10.088+0000] {spark_submit.py:634} INFO - at io.netty.resolver.SimpleNameResolver.resolve(SimpleNameResolver.java:61)
[2025-04-25T07:14:10.089+0000] {spark_submit.py:634} INFO - at io.netty.resolver.SimpleNameResolver.resolve(SimpleNameResolver.java:53)
[2025-04-25T07:14:10.089+0000] {spark_submit.py:634} INFO - at io.netty.resolver.InetSocketAddressResolver.doResolve(InetSocketAddressResolver.java:55)
[2025-04-25T07:14:10.089+0000] {spark_submit.py:634} INFO - at io.netty.resolver.InetSocketAddressResolver.doResolve(InetSocketAddressResolver.java:31)
[2025-04-25T07:14:10.090+0000] {spark_submit.py:634} INFO - at io.netty.resolver.AbstractAddressResolver.resolve(AbstractAddressResolver.java:106)
[2025-04-25T07:14:10.090+0000] {spark_submit.py:634} INFO - at io.netty.bootstrap.Bootstrap.doResolveAndConnect0(Bootstrap.java:220)
[2025-04-25T07:14:10.090+0000] {spark_submit.py:634} INFO - at io.netty.bootstrap.Bootstrap.access$000(Bootstrap.java:46)
[2025-04-25T07:14:10.090+0000] {spark_submit.py:634} INFO - at io.netty.bootstrap.Bootstrap$1.operationComplete(Bootstrap.java:189)
[2025-04-25T07:14:10.091+0000] {spark_submit.py:634} INFO - at io.netty.bootstrap.Bootstrap$1.operationComplete(Bootstrap.java:175)
[2025-04-25T07:14:10.091+0000] {spark_submit.py:634} INFO - at io.netty.util.concurrent.DefaultPromise.notifyListener0(DefaultPromise.java:590)
[2025-04-25T07:14:10.091+0000] {spark_submit.py:634} INFO - at io.netty.util.concurrent.DefaultPromise.notifyListenersNow(DefaultPromise.java:557)
[2025-04-25T07:14:10.091+0000] {spark_submit.py:634} INFO - at io.netty.util.concurrent.DefaultPromise.notifyListeners(DefaultPromise.java:492)
[2025-04-25T07:14:10.092+0000] {spark_submit.py:634} INFO - at io.netty.util.concurrent.DefaultPromise.setValue0(DefaultPromise.java:636)
[2025-04-25T07:14:10.092+0000] {spark_submit.py:634} INFO - at io.netty.util.concurrent.DefaultPromise.setSuccess0(DefaultPromise.java:625)
[2025-04-25T07:14:10.092+0000] {spark_submit.py:634} INFO - at io.netty.util.concurrent.DefaultPromise.trySuccess(DefaultPromise.java:105)
[2025-04-25T07:14:10.092+0000] {spark_submit.py:634} INFO - at io.netty.channel.DefaultChannelPromise.trySuccess(DefaultChannelPromise.java:84)
[2025-04-25T07:14:10.093+0000] {spark_submit.py:634} INFO - at io.netty.channel.AbstractChannel$AbstractUnsafe.safeSetSuccess(AbstractChannel.java:990)
[2025-04-25T07:14:10.093+0000] {spark_submit.py:634} INFO - at io.netty.channel.AbstractChannel$AbstractUnsafe.register0(AbstractChannel.java:516)
[2025-04-25T07:14:10.093+0000] {spark_submit.py:634} INFO - at io.netty.channel.AbstractChannel$AbstractUnsafe.access$200(AbstractChannel.java:429)
[2025-04-25T07:14:10.094+0000] {spark_submit.py:634} INFO - at io.netty.channel.AbstractChannel$AbstractUnsafe$1.run(AbstractChannel.java:486)
[2025-04-25T07:14:10.094+0000] {spark_submit.py:634} INFO - at io.netty.util.concurrent.AbstractEventExecutor.runTask(AbstractEventExecutor.java:174)
[2025-04-25T07:14:10.094+0000] {spark_submit.py:634} INFO - at io.netty.util.concurrent.AbstractEventExecutor.safeExecute(AbstractEventExecutor.java:167)
[2025-04-25T07:14:10.094+0000] {spark_submit.py:634} INFO - at io.netty.util.concurrent.SingleThreadEventExecutor.runAllTasks(SingleThreadEventExecutor.java:470)
[2025-04-25T07:14:10.095+0000] {spark_submit.py:634} INFO - at io.netty.channel.nio.NioEventLoop.run(NioEventLoop.java:569)
[2025-04-25T07:14:10.095+0000] {spark_submit.py:634} INFO - at io.netty.util.concurrent.SingleThreadEventExecutor$4.run(SingleThreadEventExecutor.java:997)
[2025-04-25T07:14:10.095+0000] {spark_submit.py:634} INFO - at io.netty.util.internal.ThreadExecutorMap$2.run(ThreadExecutorMap.java:74)
[2025-04-25T07:14:10.096+0000] {spark_submit.py:634} INFO - at io.netty.util.concurrent.FastThreadLocalRunnable.run(FastThreadLocalRunnable.java:30)
[2025-04-25T07:14:10.096+0000] {spark_submit.py:634} INFO - ... 1 more
[2025-04-25T07:14:26.078+0000] {spark_submit.py:634} INFO - 25/04/25 07:14:26 WARN StandaloneSchedulerBackend: Application ID is not initialized yet.
[2025-04-25T07:14:26.079+0000] {spark_submit.py:634} INFO - 25/04/25 07:14:26 ERROR StandaloneSchedulerBackend: Application has been killed. Reason: All masters are unresponsive! Giving up.
[2025-04-25T07:14:26.085+0000] {spark_submit.py:634} INFO - 25/04/25 07:14:26 INFO Utils: Successfully started service 'org.apache.spark.network.netty.NettyBlockTransferService' on port 33545.
[2025-04-25T07:14:26.086+0000] {spark_submit.py:634} INFO - 25/04/25 07:14:26 INFO NettyBlockTransferService: Server created on 8f416ae2c250:33545
[2025-04-25T07:14:26.086+0000] {spark_submit.py:634} INFO - 25/04/25 07:14:26 INFO BlockManager: Using org.apache.spark.storage.RandomBlockReplicationPolicy for block replication policy
[2025-04-25T07:14:26.091+0000] {spark_submit.py:634} INFO - 25/04/25 07:14:26 INFO BlockManagerMaster: Registering BlockManager BlockManagerId(driver, 8f416ae2c250, 33545, None)
[2025-04-25T07:14:26.094+0000] {spark_submit.py:634} INFO - 25/04/25 07:14:26 INFO BlockManagerMasterEndpoint: Registering block manager 8f416ae2c250:33545 with 434.4 MiB RAM, BlockManagerId(driver, 8f416ae2c250, 33545, None)
[2025-04-25T07:14:26.096+0000] {spark_submit.py:634} INFO - 25/04/25 07:14:26 INFO BlockManagerMaster: Registered BlockManager BlockManagerId(driver, 8f416ae2c250, 33545, None)
[2025-04-25T07:14:26.096+0000] {spark_submit.py:634} INFO - 25/04/25 07:14:26 INFO BlockManager: Initialized BlockManager: BlockManagerId(driver, 8f416ae2c250, 33545, None)
[2025-04-25T07:14:26.212+0000] {spark_submit.py:634} INFO - 25/04/25 07:14:26 INFO StandaloneSchedulerBackend: SchedulerBackend is ready for scheduling beginning after reached minRegisteredResourcesRatio: 0.0
[2025-04-25T07:14:26.386+0000] {spark_submit.py:634} INFO - 25/04/25 07:14:26 INFO SparkContext: SparkContext is stopping with exitCode 0.
[2025-04-25T07:14:26.395+0000] {spark_submit.py:634} INFO - 25/04/25 07:14:26 INFO SparkUI: Stopped Spark web UI at http://8f416ae2c250:4040
[2025-04-25T07:14:26.399+0000] {spark_submit.py:634} INFO - 25/04/25 07:14:26 INFO StandaloneSchedulerBackend: Shutting down all executors
[2025-04-25T07:14:26.400+0000] {spark_submit.py:634} INFO - 25/04/25 07:14:26 INFO SharedState: Setting hive.metastore.warehouse.dir ('null') to the value of spark.sql.warehouse.dir.
[2025-04-25T07:14:26.401+0000] {spark_submit.py:634} INFO - 25/04/25 07:14:26 INFO StandaloneSchedulerBackend$StandaloneDriverEndpoint: Asking each executor to shut down
[2025-04-25T07:14:26.405+0000] {spark_submit.py:634} INFO - 25/04/25 07:14:26 WARN StandaloneAppClient$ClientEndpoint: Drop UnregisterApplication(null) because has not yet connected to master
[2025-04-25T07:14:26.406+0000] {spark_submit.py:634} INFO - 25/04/25 07:14:26 INFO SharedState: Warehouse path is 'file:/opt/***/spark-warehouse'.
[2025-04-25T07:14:26.411+0000] {spark_submit.py:634} INFO - 25/04/25 07:14:26 INFO MapOutputTrackerMasterEndpoint: MapOutputTrackerMasterEndpoint stopped!
[2025-04-25T07:14:26.422+0000] {spark_submit.py:634} INFO - 25/04/25 07:14:26 INFO MemoryStore: MemoryStore cleared
[2025-04-25T07:14:26.423+0000] {spark_submit.py:634} INFO - 25/04/25 07:14:26 INFO BlockManager: BlockManager stopped
[2025-04-25T07:14:26.428+0000] {spark_submit.py:634} INFO - 25/04/25 07:14:26 INFO BlockManagerMaster: BlockManagerMaster stopped
[2025-04-25T07:14:26.429+0000] {spark_submit.py:634} INFO - 25/04/25 07:14:26 INFO OutputCommitCoordinator$OutputCommitCoordinatorEndpoint: OutputCommitCoordinator stopped!
[2025-04-25T07:14:26.438+0000] {spark_submit.py:634} INFO - 25/04/25 07:14:26 INFO SparkContext: Successfully stopped SparkContext
[2025-04-25T07:14:26.438+0000] {spark_submit.py:634} INFO - Traceback (most recent call last):
[2025-04-25T07:14:26.439+0000] {spark_submit.py:634} INFO - File "/opt/***/include/scripts/read.py", line 14, in <module>
[2025-04-25T07:14:26.441+0000] {spark_submit.py:634} INFO - main()
[2025-04-25T07:14:26.441+0000] {spark_submit.py:634} INFO - File "/opt/***/include/scripts/read.py", line 8, in main
[2025-04-25T07:14:26.443+0000] {spark_submit.py:634} INFO - df = spark.read.csv("./include/data.csv", header="true") # /usr/local/***/include/data.csv that path must exist in your Spark containers
[2025-04-25T07:14:26.443+0000] {spark_submit.py:634} INFO - File "/home/***/.local/lib/python3.9/site-packages/pyspark/python/lib/pyspark.zip/pyspark/sql/session.py", line 1706, in read
[2025-04-25T07:14:26.443+0000] {spark_submit.py:634} INFO - File "/home/***/.local/lib/python3.9/site-packages/pyspark/python/lib/pyspark.zip/pyspark/sql/readwriter.py", line 70, in __init__
[2025-04-25T07:14:26.444+0000] {spark_submit.py:634} INFO - File "/home/***/.local/lib/python3.9/site-packages/pyspark/python/lib/py4j-0.10.9.7-src.zip/py4j/java_gateway.py", line 1322, in __call__
[2025-04-25T07:14:26.445+0000] {spark_submit.py:634} INFO - File "/home/***/.local/lib/python3.9/site-packages/pyspark/python/lib/pyspark.zip/pyspark/errors/exceptions/captured.py", line 179, in deco
[2025-04-25T07:14:26.445+0000] {spark_submit.py:634} INFO - File "/home/***/.local/lib/python3.9/site-packages/pyspark/python/lib/py4j-0.10.9.7-src.zip/py4j/protocol.py", line 326, in get_return_value
[2025-04-25T07:14:26.446+0000] {spark_submit.py:634} INFO - py4j.protocol.Py4JJavaError: An error occurred while calling o24.read.
[2025-04-25T07:14:26.447+0000] {spark_submit.py:634} INFO - : java.lang.IllegalStateException: LiveListenerBus is stopped.
[2025-04-25T07:14:26.447+0000] {spark_submit.py:634} INFO - at org.apache.spark.scheduler.LiveListenerBus.addToQueue(LiveListenerBus.scala:92)
[2025-04-25T07:14:26.447+0000] {spark_submit.py:634} INFO - at org.apache.spark.scheduler.LiveListenerBus.addToStatusQueue(LiveListenerBus.scala:75)
[2025-04-25T07:14:26.447+0000] {spark_submit.py:634} INFO - at org.apache.spark.sql.internal.SharedState.<init>(SharedState.scala:115)
[2025-04-25T07:14:26.448+0000] {spark_submit.py:634} INFO - at org.apache.spark.sql.SparkSession.$anonfun$sharedState$1(SparkSession.scala:143)
[2025-04-25T07:14:26.448+0000] {spark_submit.py:634} INFO - at scala.Option.getOrElse(Option.scala:189)
[2025-04-25T07:14:26.448+0000] {spark_submit.py:634} INFO - at org.apache.spark.sql.SparkSession.sharedState$lzycompute(SparkSession.scala:143)
[2025-04-25T07:14:26.449+0000] {spark_submit.py:634} INFO - at org.apache.spark.sql.SparkSession.sharedState(SparkSession.scala:142)
[2025-04-25T07:14:26.449+0000] {spark_submit.py:634} INFO - at org.apache.spark.sql.SparkSession.$anonfun$sessionState$2(SparkSession.scala:162)
[2025-04-25T07:14:26.449+0000] {spark_submit.py:634} INFO - at scala.Option.getOrElse(Option.scala:189)
[2025-04-25T07:14:26.450+0000] {spark_submit.py:634} INFO - at org.apache.spark.sql.SparkSession.sessionState$lzycompute(SparkSession.scala:160)
[2025-04-25T07:14:26.450+0000] {spark_submit.py:634} INFO - at org.apache.spark.sql.SparkSession.sessionState(SparkSession.scala:157)
[2025-04-25T07:14:26.450+0000] {spark_submit.py:634} INFO - at org.apache.spark.sql.DataFrameReader.<init>(DataFrameReader.scala:699)
[2025-04-25T07:14:26.451+0000] {spark_submit.py:634} INFO - at org.apache.spark.sql.SparkSession.read(SparkSession.scala:783)
[2025-04-25T07:14:26.451+0000] {spark_submit.py:634} INFO - at java.base/jdk.internal.reflect.NativeMethodAccessorImpl.invoke0(Native Method)
[2025-04-25T07:14:26.451+0000] {spark_submit.py:634} INFO - at java.base/jdk.internal.reflect.NativeMethodAccessorImpl.invoke(NativeMethodAccessorImpl.java:77)
[2025-04-25T07:14:26.451+0000] {spark_submit.py:634} INFO - at java.base/jdk.internal.reflect.DelegatingMethodAccessorImpl.invoke(DelegatingMethodAccessorImpl.java:43)
[2025-04-25T07:14:26.452+0000] {spark_submit.py:634} INFO - at java.base/java.lang.reflect.Method.invoke(Method.java:569)
[2025-04-25T07:14:26.452+0000] {spark_submit.py:634} INFO - at py4j.reflection.MethodInvoker.invoke(MethodInvoker.java:244)
[2025-04-25T07:14:26.452+0000] {spark_submit.py:634} INFO - at py4j.reflection.ReflectionEngine.invoke(ReflectionEngine.java:374)
[2025-04-25T07:14:26.453+0000] {spark_submit.py:634} INFO - at py4j.Gateway.invoke(Gateway.java:282)
[2025-04-25T07:14:26.453+0000] {spark_submit.py:634} INFO - at py4j.commands.AbstractCommand.invokeMethod(AbstractCommand.java:132)
[2025-04-25T07:14:26.453+0000] {spark_submit.py:634} INFO - at py4j.commands.CallCommand.execute(CallCommand.java:79)
[2025-04-25T07:14:26.453+0000] {spark_submit.py:634} INFO - at py4j.ClientServerConnection.waitForCommands(ClientServerConnection.java:182)
[2025-04-25T07:14:26.454+0000] {spark_submit.py:634} INFO - at py4j.ClientServerConnection.run(ClientServerConnection.java:106)
[2025-04-25T07:14:26.454+0000] {spark_submit.py:634} INFO - at java.base/java.lang.Thread.run(Thread.java:840)
[2025-04-25T07:14:26.454+0000] {spark_submit.py:634} INFO - 
[2025-04-25T07:14:26.484+0000] {spark_submit.py:634} INFO - 25/04/25 07:14:26 INFO ShutdownHookManager: Shutdown hook called
[2025-04-25T07:14:26.484+0000] {spark_submit.py:634} INFO - 25/04/25 07:14:26 INFO ShutdownHookManager: Deleting directory /tmp/spark-54d81e75-00a3-4f33-a391-f7d2a8f629fd
[2025-04-25T07:14:26.489+0000] {spark_submit.py:634} INFO - 25/04/25 07:14:26 INFO ShutdownHookManager: Deleting directory /tmp/spark-54d81e75-00a3-4f33-a391-f7d2a8f629fd/pyspark-b741642c-d2d2-4726-b8ce-51f9712ee98e
[2025-04-25T07:14:26.492+0000] {spark_submit.py:634} INFO - 25/04/25 07:14:26 INFO ShutdownHookManager: Deleting directory /tmp/spark-23bc6fd8-2461-4d98-863c-eaab04da9adf
[2025-04-25T07:14:26.547+0000] {taskinstance.py:2698} ERROR - Task failed with exception
Traceback (most recent call last):
  File "/home/airflow/.local/lib/python3.9/site-packages/airflow/models/taskinstance.py", line 433, in _execute_task
    result = execute_callable(context=context, **execute_callable_kwargs)
  File "/home/airflow/.local/lib/python3.9/site-packages/airflow/providers/apache/spark/operators/spark_submit.py", line 176, in execute
    self._hook.submit(self.application)
  File "/home/airflow/.local/lib/python3.9/site-packages/airflow/providers/apache/spark/hooks/spark_submit.py", line 560, in submit
    raise AirflowException(
airflow.exceptions.AirflowException: Cannot execute: spark-submit --master spark://spark-master:7077 --principal *** --name arrow-spark --verbose --deploy-mode client ./include/scripts/read.py. Error code is: 1.
[2025-04-25T07:14:26.551+0000] {taskinstance.py:1138} INFO - Marking task as FAILED. dag_id=my_dag, task_id=read_Data, execution_date=20250425T071321, start_date=20250425T071322, end_date=20250425T071426
[2025-04-25T07:14:26.566+0000] {standard_task_runner.py:107} ERROR - Failed to execute job 7 for task read_Data (Cannot execute: spark-submit --master spark://spark-master:7077 --principal *** --name arrow-spark --verbose --deploy-mode client ./include/scripts/read.py. Error code is: 1.; 970)
[2025-04-25T07:14:26.595+0000] {local_task_job_runner.py:234} INFO - Task exited with return code 1
[2025-04-25T07:14:26.609+0000] {taskinstance.py:3280} INFO - 0 downstream tasks scheduled from follow-on schedule check
