[2025-04-25T08:21:12.282+0000] {taskinstance.py:1956} INFO - Dependencies all met for dep_context=non-requeueable deps ti=<TaskInstance: my_dag.read_Data manual__2025-04-25T08:21:10.464424+00:00 [queued]>
[2025-04-25T08:21:12.290+0000] {taskinstance.py:1956} INFO - Dependencies all met for dep_context=requeueable deps ti=<TaskInstance: my_dag.read_Data manual__2025-04-25T08:21:10.464424+00:00 [queued]>
[2025-04-25T08:21:12.291+0000] {taskinstance.py:2170} INFO - Starting attempt 1 of 1
[2025-04-25T08:21:12.304+0000] {taskinstance.py:2191} INFO - Executing <Task(SparkSubmitOperator): read_Data> on 2025-04-25 08:21:10.464424+00:00
[2025-04-25T08:21:12.311+0000] {standard_task_runner.py:60} INFO - Started process 1505 to run task
[2025-04-25T08:21:12.313+0000] {standard_task_runner.py:87} INFO - Running: ['***', 'tasks', 'run', 'my_dag', 'read_Data', 'manual__2025-04-25T08:21:10.464424+00:00', '--job-id', '7', '--raw', '--subdir', 'DAGS_FOLDER/mydag.py', '--cfg-path', '/tmp/tmph90vb_mo']
[2025-04-25T08:21:12.316+0000] {standard_task_runner.py:88} INFO - Job 7: Subtask read_Data
[2025-04-25T08:21:12.357+0000] {task_command.py:423} INFO - Running <TaskInstance: my_dag.read_Data manual__2025-04-25T08:21:10.464424+00:00 [running]> on host faa67a8aa4f8
[2025-04-25T08:21:12.427+0000] {taskinstance.py:2480} INFO - Exporting env vars: AIRFLOW_CTX_DAG_OWNER='***' AIRFLOW_CTX_DAG_ID='my_dag' AIRFLOW_CTX_TASK_ID='read_Data' AIRFLOW_CTX_EXECUTION_DATE='2025-04-25T08:21:10.464424+00:00' AIRFLOW_CTX_TRY_NUMBER='1' AIRFLOW_CTX_DAG_RUN_ID='manual__2025-04-25T08:21:10.464424+00:00'
[2025-04-25T08:21:12.436+0000] {base.py:83} INFO - Using connection ID 'my_spark_conn' for task execution.
[2025-04-25T08:21:12.436+0000] {spark_submit.py:327} ERROR - Failed to decode base64 keytab: Incorrect padding
[2025-04-25T08:21:12.437+0000] {spark_submit.py:304} INFO - Could not load connection string my_spark_conn, defaulting to spark://spark-master:7077
[2025-04-25T08:21:12.438+0000] {spark_submit.py:473} INFO - Spark-Submit cmd: spark-submit --master spark://spark-master:7077 --principal *** --name arrow-spark --verbose --deploy-mode client ./include/scripts/read.py
[2025-04-25T08:21:13.769+0000] {spark_submit.py:634} INFO - Using properties file: null
[2025-04-25T08:21:13.876+0000] {spark_submit.py:634} INFO - Parsed arguments:
[2025-04-25T08:21:13.876+0000] {spark_submit.py:634} INFO - master                  spark://spark-master:7077
[2025-04-25T08:21:13.877+0000] {spark_submit.py:634} INFO - remote                  null
[2025-04-25T08:21:13.877+0000] {spark_submit.py:634} INFO - deployMode              client
[2025-04-25T08:21:13.878+0000] {spark_submit.py:634} INFO - executorMemory          null
[2025-04-25T08:21:13.878+0000] {spark_submit.py:634} INFO - executorCores           null
[2025-04-25T08:21:13.878+0000] {spark_submit.py:634} INFO - totalExecutorCores      null
[2025-04-25T08:21:13.879+0000] {spark_submit.py:634} INFO - propertiesFile          null
[2025-04-25T08:21:13.879+0000] {spark_submit.py:634} INFO - driverMemory            null
[2025-04-25T08:21:13.879+0000] {spark_submit.py:634} INFO - driverCores             null
[2025-04-25T08:21:13.880+0000] {spark_submit.py:634} INFO - driverExtraClassPath    null
[2025-04-25T08:21:13.880+0000] {spark_submit.py:634} INFO - driverExtraLibraryPath  null
[2025-04-25T08:21:13.880+0000] {spark_submit.py:634} INFO - driverExtraJavaOptions  null
[2025-04-25T08:21:13.881+0000] {spark_submit.py:634} INFO - supervise               false
[2025-04-25T08:21:13.881+0000] {spark_submit.py:634} INFO - queue                   null
[2025-04-25T08:21:13.882+0000] {spark_submit.py:634} INFO - numExecutors            null
[2025-04-25T08:21:13.882+0000] {spark_submit.py:634} INFO - files                   null
[2025-04-25T08:21:13.882+0000] {spark_submit.py:634} INFO - pyFiles                 null
[2025-04-25T08:21:13.882+0000] {spark_submit.py:634} INFO - archives                null
[2025-04-25T08:21:13.883+0000] {spark_submit.py:634} INFO - mainClass               null
[2025-04-25T08:21:13.883+0000] {spark_submit.py:634} INFO - primaryResource         file:/opt/***/include/scripts/read.py
[2025-04-25T08:21:13.884+0000] {spark_submit.py:634} INFO - name                    arrow-spark
[2025-04-25T08:21:13.884+0000] {spark_submit.py:634} INFO - childArgs               []
[2025-04-25T08:21:13.885+0000] {spark_submit.py:634} INFO - jars                    null
[2025-04-25T08:21:13.885+0000] {spark_submit.py:634} INFO - packages                null
[2025-04-25T08:21:13.885+0000] {spark_submit.py:634} INFO - packagesExclusions      null
[2025-04-25T08:21:13.886+0000] {spark_submit.py:634} INFO - repositories            null
[2025-04-25T08:21:13.886+0000] {spark_submit.py:634} INFO - verbose                 true
[2025-04-25T08:21:13.886+0000] {spark_submit.py:634} INFO - 
[2025-04-25T08:21:13.887+0000] {spark_submit.py:634} INFO - Spark properties used, including those specified through
[2025-04-25T08:21:13.887+0000] {spark_submit.py:634} INFO - --conf and those from the properties file null:
[2025-04-25T08:21:13.887+0000] {spark_submit.py:634} INFO - 
[2025-04-25T08:21:13.888+0000] {spark_submit.py:634} INFO - 
[2025-04-25T08:21:13.888+0000] {spark_submit.py:634} INFO - 
[2025-04-25T08:21:14.083+0000] {spark_submit.py:634} INFO - Main class:
[2025-04-25T08:21:14.084+0000] {spark_submit.py:634} INFO - org.apache.spark.deploy.PythonRunner
[2025-04-25T08:21:14.085+0000] {spark_submit.py:634} INFO - Arguments:
[2025-04-25T08:21:14.085+0000] {spark_submit.py:634} INFO - file:/opt/***/include/scripts/read.py
[2025-04-25T08:21:14.086+0000] {spark_submit.py:634} INFO - null
[2025-04-25T08:21:14.088+0000] {spark_submit.py:634} INFO - Spark config:
[2025-04-25T08:21:14.088+0000] {spark_submit.py:634} INFO - (spark.app.name,arrow-spark)
[2025-04-25T08:21:14.089+0000] {spark_submit.py:634} INFO - (spark.app.submitTime,1745569274065)
[2025-04-25T08:21:14.089+0000] {spark_submit.py:634} INFO - (spark.kerberos.principal,***)
[2025-04-25T08:21:14.090+0000] {spark_submit.py:634} INFO - (spark.master,spark://spark-master:7077)
[2025-04-25T08:21:14.090+0000] {spark_submit.py:634} INFO - (spark.submit.deployMode,client)
[2025-04-25T08:21:14.091+0000] {spark_submit.py:634} INFO - (spark.submit.pyFiles,)
[2025-04-25T08:21:14.091+0000] {spark_submit.py:634} INFO - Classpath elements:
[2025-04-25T08:21:14.091+0000] {spark_submit.py:634} INFO - 
[2025-04-25T08:21:14.092+0000] {spark_submit.py:634} INFO - 
[2025-04-25T08:21:14.092+0000] {spark_submit.py:634} INFO - 
[2025-04-25T08:21:14.854+0000] {spark_submit.py:634} INFO - 25/04/25 08:21:14 INFO SparkContext: Running Spark version 3.5.5
[2025-04-25T08:21:14.855+0000] {spark_submit.py:634} INFO - 25/04/25 08:21:14 INFO SparkContext: OS info Linux, 5.15.167.4-microsoft-standard-WSL2, amd64
[2025-04-25T08:21:14.856+0000] {spark_submit.py:634} INFO - 25/04/25 08:21:14 INFO SparkContext: Java version 17.0.14
[2025-04-25T08:21:14.897+0000] {spark_submit.py:634} INFO - 25/04/25 08:21:14 WARN NativeCodeLoader: Unable to load native-hadoop library for your platform... using builtin-java classes where applicable
[2025-04-25T08:21:14.978+0000] {spark_submit.py:634} INFO - 25/04/25 08:21:14 INFO ResourceUtils: ==============================================================
[2025-04-25T08:21:14.979+0000] {spark_submit.py:634} INFO - 25/04/25 08:21:14 INFO ResourceUtils: No custom resources configured for spark.driver.
[2025-04-25T08:21:14.979+0000] {spark_submit.py:634} INFO - 25/04/25 08:21:14 INFO ResourceUtils: ==============================================================
[2025-04-25T08:21:14.980+0000] {spark_submit.py:634} INFO - 25/04/25 08:21:14 INFO SparkContext: Submitted application: PySpark Example
[2025-04-25T08:21:15.001+0000] {spark_submit.py:634} INFO - 25/04/25 08:21:15 INFO ResourceProfile: Default ResourceProfile created, executor resources: Map(memory -> name: memory, amount: 1024, script: , vendor: , offHeap -> name: offHeap, amount: 0, script: , vendor: ), task resources: Map(cpus -> name: cpus, amount: 1.0)
[2025-04-25T08:21:15.008+0000] {spark_submit.py:634} INFO - 25/04/25 08:21:15 INFO ResourceProfile: Limiting resource is cpu
[2025-04-25T08:21:15.009+0000] {spark_submit.py:634} INFO - 25/04/25 08:21:15 INFO ResourceProfileManager: Added ResourceProfile id: 0
[2025-04-25T08:21:15.053+0000] {spark_submit.py:634} INFO - 25/04/25 08:21:15 INFO SecurityManager: Changing view acls to: ***
[2025-04-25T08:21:15.053+0000] {spark_submit.py:634} INFO - 25/04/25 08:21:15 INFO SecurityManager: Changing modify acls to: ***
[2025-04-25T08:21:15.054+0000] {spark_submit.py:634} INFO - 25/04/25 08:21:15 INFO SecurityManager: Changing view acls groups to:
[2025-04-25T08:21:15.054+0000] {spark_submit.py:634} INFO - 25/04/25 08:21:15 INFO SecurityManager: Changing modify acls groups to:
[2025-04-25T08:21:15.055+0000] {spark_submit.py:634} INFO - 25/04/25 08:21:15 INFO SecurityManager: SecurityManager: authentication disabled; ui acls disabled; users with view permissions: ***; groups with view permissions: EMPTY; users with modify permissions: ***; groups with modify permissions: EMPTY
[2025-04-25T08:21:15.237+0000] {spark_submit.py:634} INFO - 25/04/25 08:21:15 INFO Utils: Successfully started service 'sparkDriver' on port 39241.
[2025-04-25T08:21:15.260+0000] {spark_submit.py:634} INFO - 25/04/25 08:21:15 INFO SparkEnv: Registering MapOutputTracker
[2025-04-25T08:21:15.289+0000] {spark_submit.py:634} INFO - 25/04/25 08:21:15 INFO SparkEnv: Registering BlockManagerMaster
[2025-04-25T08:21:15.303+0000] {spark_submit.py:634} INFO - 25/04/25 08:21:15 INFO BlockManagerMasterEndpoint: Using org.apache.spark.storage.DefaultTopologyMapper for getting topology information
[2025-04-25T08:21:15.304+0000] {spark_submit.py:634} INFO - 25/04/25 08:21:15 INFO BlockManagerMasterEndpoint: BlockManagerMasterEndpoint up
[2025-04-25T08:21:15.307+0000] {spark_submit.py:634} INFO - 25/04/25 08:21:15 INFO SparkEnv: Registering BlockManagerMasterHeartbeat
[2025-04-25T08:21:15.325+0000] {spark_submit.py:634} INFO - 25/04/25 08:21:15 INFO DiskBlockManager: Created local directory at /tmp/blockmgr-9656c10b-a09f-44e6-8134-3cc43af82aff
[2025-04-25T08:21:15.338+0000] {spark_submit.py:634} INFO - 25/04/25 08:21:15 INFO MemoryStore: MemoryStore started with capacity 434.4 MiB
[2025-04-25T08:21:15.351+0000] {spark_submit.py:634} INFO - 25/04/25 08:21:15 INFO SparkEnv: Registering OutputCommitCoordinator
[2025-04-25T08:21:15.487+0000] {spark_submit.py:634} INFO - 25/04/25 08:21:15 INFO JettyUtils: Start Jetty 0.0.0.0:4040 for SparkUI
[2025-04-25T08:21:15.550+0000] {spark_submit.py:634} INFO - 25/04/25 08:21:15 INFO Utils: Successfully started service 'SparkUI' on port 4040.
[2025-04-25T08:21:15.677+0000] {spark_submit.py:634} INFO - 25/04/25 08:21:15 INFO StandaloneAppClient$ClientEndpoint: Connecting to master spark://spark-master:7077...
[2025-04-25T08:21:15.714+0000] {spark_submit.py:634} INFO - 25/04/25 08:21:15 INFO TransportClientFactory: Successfully created connection to spark-master/172.18.0.4:7077 after 19 ms (0 ms spent in bootstraps)
[2025-04-25T08:21:15.789+0000] {spark_submit.py:634} INFO - 25/04/25 08:21:15 INFO StandaloneSchedulerBackend: Connected to Spark cluster with app ID app-20250425082115-0002
[2025-04-25T08:21:15.792+0000] {spark_submit.py:634} INFO - 25/04/25 08:21:15 INFO StandaloneAppClient$ClientEndpoint: Executor added: app-20250425082115-0002/0 on worker-20250425073233-172.18.0.5-41935 (172.18.0.5:41935) with 2 core(s)
[2025-04-25T08:21:15.796+0000] {spark_submit.py:634} INFO - 25/04/25 08:21:15 INFO StandaloneSchedulerBackend: Granted executor ID app-20250425082115-0002/0 on hostPort 172.18.0.5:41935 with 2 core(s), 1024.0 MiB RAM
[2025-04-25T08:21:15.805+0000] {spark_submit.py:634} INFO - 25/04/25 08:21:15 INFO Utils: Successfully started service 'org.apache.spark.network.netty.NettyBlockTransferService' on port 42129.
[2025-04-25T08:21:15.806+0000] {spark_submit.py:634} INFO - 25/04/25 08:21:15 INFO NettyBlockTransferService: Server created on faa67a8aa4f8:42129
[2025-04-25T08:21:15.807+0000] {spark_submit.py:634} INFO - 25/04/25 08:21:15 INFO BlockManager: Using org.apache.spark.storage.RandomBlockReplicationPolicy for block replication policy
[2025-04-25T08:21:15.815+0000] {spark_submit.py:634} INFO - 25/04/25 08:21:15 INFO BlockManagerMaster: Registering BlockManager BlockManagerId(driver, faa67a8aa4f8, 42129, None)
[2025-04-25T08:21:15.821+0000] {spark_submit.py:634} INFO - 25/04/25 08:21:15 INFO BlockManagerMasterEndpoint: Registering block manager faa67a8aa4f8:42129 with 434.4 MiB RAM, BlockManagerId(driver, faa67a8aa4f8, 42129, None)
[2025-04-25T08:21:15.825+0000] {spark_submit.py:634} INFO - 25/04/25 08:21:15 INFO BlockManagerMaster: Registered BlockManager BlockManagerId(driver, faa67a8aa4f8, 42129, None)
[2025-04-25T08:21:15.827+0000] {spark_submit.py:634} INFO - 25/04/25 08:21:15 INFO BlockManager: Initialized BlockManager: BlockManagerId(driver, faa67a8aa4f8, 42129, None)
[2025-04-25T08:21:15.841+0000] {spark_submit.py:634} INFO - 25/04/25 08:21:15 INFO StandaloneAppClient$ClientEndpoint: Executor updated: app-20250425082115-0002/0 is now RUNNING
[2025-04-25T08:21:16.021+0000] {spark_submit.py:634} INFO - 25/04/25 08:21:16 INFO StandaloneSchedulerBackend: SchedulerBackend is ready for scheduling beginning after reached minRegisteredResourcesRatio: 0.0
[2025-04-25T08:21:16.266+0000] {spark_submit.py:634} INFO - 25/04/25 08:21:16 INFO SharedState: Setting hive.metastore.warehouse.dir ('null') to the value of spark.sql.warehouse.dir.
[2025-04-25T08:21:16.276+0000] {spark_submit.py:634} INFO - 25/04/25 08:21:16 INFO SharedState: Warehouse path is 'file:/opt/***/spark-warehouse'.
[2025-04-25T08:21:17.374+0000] {spark_submit.py:634} INFO - Traceback (most recent call last):
[2025-04-25T08:21:17.375+0000] {spark_submit.py:634} INFO - File "/opt/***/include/scripts/read.py", line 14, in <module>
[2025-04-25T08:21:17.378+0000] {spark_submit.py:634} INFO - main()
[2025-04-25T08:21:17.379+0000] {spark_submit.py:634} INFO - File "/opt/***/include/scripts/read.py", line 8, in main
[2025-04-25T08:21:17.381+0000] {spark_submit.py:634} INFO - df = spark.read.csv("./opt/***/include/data.csv", header="true") # /usr/local/***/include/data.csv that path must exist in your Spark containers
[2025-04-25T08:21:17.381+0000] {spark_submit.py:634} INFO - File "/home/***/.local/lib/python3.9/site-packages/pyspark/python/lib/pyspark.zip/pyspark/sql/readwriter.py", line 740, in csv
[2025-04-25T08:21:17.382+0000] {spark_submit.py:634} INFO - File "/home/***/.local/lib/python3.9/site-packages/pyspark/python/lib/py4j-0.10.9.7-src.zip/py4j/java_gateway.py", line 1322, in __call__
[2025-04-25T08:21:17.382+0000] {spark_submit.py:634} INFO - File "/home/***/.local/lib/python3.9/site-packages/pyspark/python/lib/pyspark.zip/pyspark/errors/exceptions/captured.py", line 185, in deco
[2025-04-25T08:21:17.393+0000] {spark_submit.py:634} INFO - pyspark.errors.exceptions.captured.AnalysisException: [PATH_NOT_FOUND] Path does not exist: file:/opt/***/opt/***/include/data.csv.
[2025-04-25T08:21:17.471+0000] {spark_submit.py:634} INFO - 25/04/25 08:21:17 INFO SparkContext: Invoking stop() from shutdown hook
[2025-04-25T08:21:17.472+0000] {spark_submit.py:634} INFO - 25/04/25 08:21:17 INFO SparkContext: SparkContext is stopping with exitCode 0.
[2025-04-25T08:21:17.484+0000] {spark_submit.py:634} INFO - 25/04/25 08:21:17 INFO SparkUI: Stopped Spark web UI at http://faa67a8aa4f8:4040
[2025-04-25T08:21:17.488+0000] {spark_submit.py:634} INFO - 25/04/25 08:21:17 INFO StandaloneSchedulerBackend: Shutting down all executors
[2025-04-25T08:21:17.491+0000] {spark_submit.py:634} INFO - 25/04/25 08:21:17 INFO StandaloneSchedulerBackend$StandaloneDriverEndpoint: Asking each executor to shut down
[2025-04-25T08:21:17.506+0000] {spark_submit.py:634} INFO - 25/04/25 08:21:17 INFO MapOutputTrackerMasterEndpoint: MapOutputTrackerMasterEndpoint stopped!
[2025-04-25T08:21:17.521+0000] {spark_submit.py:634} INFO - 25/04/25 08:21:17 INFO MemoryStore: MemoryStore cleared
[2025-04-25T08:21:17.522+0000] {spark_submit.py:634} INFO - 25/04/25 08:21:17 INFO BlockManager: BlockManager stopped
[2025-04-25T08:21:17.527+0000] {spark_submit.py:634} INFO - 25/04/25 08:21:17 INFO BlockManagerMaster: BlockManagerMaster stopped
[2025-04-25T08:21:17.529+0000] {spark_submit.py:634} INFO - 25/04/25 08:21:17 INFO OutputCommitCoordinator$OutputCommitCoordinatorEndpoint: OutputCommitCoordinator stopped!
[2025-04-25T08:21:17.539+0000] {spark_submit.py:634} INFO - 25/04/25 08:21:17 INFO SparkContext: Successfully stopped SparkContext
[2025-04-25T08:21:17.540+0000] {spark_submit.py:634} INFO - 25/04/25 08:21:17 INFO ShutdownHookManager: Shutdown hook called
[2025-04-25T08:21:17.541+0000] {spark_submit.py:634} INFO - 25/04/25 08:21:17 INFO ShutdownHookManager: Deleting directory /tmp/spark-ec20050f-25a6-42e9-9ed3-c1ed8cb98a1e
[2025-04-25T08:21:17.544+0000] {spark_submit.py:634} INFO - 25/04/25 08:21:17 INFO ShutdownHookManager: Deleting directory /tmp/spark-46ee4217-c0fc-49f1-a00b-ecb7fd9a5507/pyspark-15fcaf9f-ac15-4cd9-a109-ebd7db20f0a0
[2025-04-25T08:21:17.548+0000] {spark_submit.py:634} INFO - 25/04/25 08:21:17 INFO ShutdownHookManager: Deleting directory /tmp/spark-46ee4217-c0fc-49f1-a00b-ecb7fd9a5507
[2025-04-25T08:21:17.590+0000] {taskinstance.py:2698} ERROR - Task failed with exception
Traceback (most recent call last):
  File "/home/airflow/.local/lib/python3.9/site-packages/airflow/models/taskinstance.py", line 433, in _execute_task
    result = execute_callable(context=context, **execute_callable_kwargs)
  File "/home/airflow/.local/lib/python3.9/site-packages/airflow/providers/apache/spark/operators/spark_submit.py", line 176, in execute
    self._hook.submit(self.application)
  File "/home/airflow/.local/lib/python3.9/site-packages/airflow/providers/apache/spark/hooks/spark_submit.py", line 560, in submit
    raise AirflowException(
airflow.exceptions.AirflowException: Cannot execute: spark-submit --master spark://spark-master:7077 --principal *** --name arrow-spark --verbose --deploy-mode client ./include/scripts/read.py. Error code is: 1.
[2025-04-25T08:21:17.593+0000] {taskinstance.py:1138} INFO - Marking task as FAILED. dag_id=my_dag, task_id=read_Data, execution_date=20250425T082110, start_date=20250425T082112, end_date=20250425T082117
[2025-04-25T08:21:17.605+0000] {standard_task_runner.py:107} ERROR - Failed to execute job 7 for task read_Data (Cannot execute: spark-submit --master spark://spark-master:7077 --principal *** --name arrow-spark --verbose --deploy-mode client ./include/scripts/read.py. Error code is: 1.; 1505)
[2025-04-25T08:21:17.637+0000] {local_task_job_runner.py:234} INFO - Task exited with return code 1
[2025-04-25T08:21:17.651+0000] {taskinstance.py:3280} INFO - 0 downstream tasks scheduled from follow-on schedule check
