[2025-04-25T08:26:46.572+0000] {taskinstance.py:1956} INFO - Dependencies all met for dep_context=non-requeueable deps ti=<TaskInstance: my_dag.read_Data manual__2025-04-25T08:26:44.920195+00:00 [queued]>
[2025-04-25T08:26:46.579+0000] {taskinstance.py:1956} INFO - Dependencies all met for dep_context=requeueable deps ti=<TaskInstance: my_dag.read_Data manual__2025-04-25T08:26:44.920195+00:00 [queued]>
[2025-04-25T08:26:46.580+0000] {taskinstance.py:2170} INFO - Starting attempt 1 of 1
[2025-04-25T08:26:46.601+0000] {taskinstance.py:2191} INFO - Executing <Task(SparkSubmitOperator): read_Data> on 2025-04-25 08:26:44.920195+00:00
[2025-04-25T08:26:46.609+0000] {standard_task_runner.py:60} INFO - Started process 1771 to run task
[2025-04-25T08:26:46.612+0000] {standard_task_runner.py:87} INFO - Running: ['***', 'tasks', 'run', 'my_dag', 'read_Data', 'manual__2025-04-25T08:26:44.920195+00:00', '--job-id', '8', '--raw', '--subdir', 'DAGS_FOLDER/mydag.py', '--cfg-path', '/tmp/tmp29dibw2n']
[2025-04-25T08:26:46.615+0000] {standard_task_runner.py:88} INFO - Job 8: Subtask read_Data
[2025-04-25T08:26:46.662+0000] {task_command.py:423} INFO - Running <TaskInstance: my_dag.read_Data manual__2025-04-25T08:26:44.920195+00:00 [running]> on host faa67a8aa4f8
[2025-04-25T08:26:46.728+0000] {taskinstance.py:2480} INFO - Exporting env vars: AIRFLOW_CTX_DAG_OWNER='***' AIRFLOW_CTX_DAG_ID='my_dag' AIRFLOW_CTX_TASK_ID='read_Data' AIRFLOW_CTX_EXECUTION_DATE='2025-04-25T08:26:44.920195+00:00' AIRFLOW_CTX_TRY_NUMBER='1' AIRFLOW_CTX_DAG_RUN_ID='manual__2025-04-25T08:26:44.920195+00:00'
[2025-04-25T08:26:46.737+0000] {base.py:83} INFO - Using connection ID 'my_spark_conn' for task execution.
[2025-04-25T08:26:46.738+0000] {spark_submit.py:327} ERROR - Failed to decode base64 keytab: Incorrect padding
[2025-04-25T08:26:46.739+0000] {spark_submit.py:304} INFO - Could not load connection string my_spark_conn, defaulting to spark://spark-master:7077
[2025-04-25T08:26:46.740+0000] {spark_submit.py:473} INFO - Spark-Submit cmd: spark-submit --master spark://spark-master:7077 --principal *** --name arrow-spark --verbose --deploy-mode client ./include/scripts/read.py
[2025-04-25T08:26:47.939+0000] {spark_submit.py:634} INFO - Using properties file: null
[2025-04-25T08:26:48.037+0000] {spark_submit.py:634} INFO - Parsed arguments:
[2025-04-25T08:26:48.038+0000] {spark_submit.py:634} INFO - master                  spark://spark-master:7077
[2025-04-25T08:26:48.039+0000] {spark_submit.py:634} INFO - remote                  null
[2025-04-25T08:26:48.039+0000] {spark_submit.py:634} INFO - deployMode              client
[2025-04-25T08:26:48.039+0000] {spark_submit.py:634} INFO - executorMemory          null
[2025-04-25T08:26:48.040+0000] {spark_submit.py:634} INFO - executorCores           null
[2025-04-25T08:26:48.040+0000] {spark_submit.py:634} INFO - totalExecutorCores      null
[2025-04-25T08:26:48.040+0000] {spark_submit.py:634} INFO - propertiesFile          null
[2025-04-25T08:26:48.041+0000] {spark_submit.py:634} INFO - driverMemory            null
[2025-04-25T08:26:48.041+0000] {spark_submit.py:634} INFO - driverCores             null
[2025-04-25T08:26:48.042+0000] {spark_submit.py:634} INFO - driverExtraClassPath    null
[2025-04-25T08:26:48.042+0000] {spark_submit.py:634} INFO - driverExtraLibraryPath  null
[2025-04-25T08:26:48.042+0000] {spark_submit.py:634} INFO - driverExtraJavaOptions  null
[2025-04-25T08:26:48.043+0000] {spark_submit.py:634} INFO - supervise               false
[2025-04-25T08:26:48.043+0000] {spark_submit.py:634} INFO - queue                   null
[2025-04-25T08:26:48.043+0000] {spark_submit.py:634} INFO - numExecutors            null
[2025-04-25T08:26:48.043+0000] {spark_submit.py:634} INFO - files                   null
[2025-04-25T08:26:48.044+0000] {spark_submit.py:634} INFO - pyFiles                 null
[2025-04-25T08:26:48.044+0000] {spark_submit.py:634} INFO - archives                null
[2025-04-25T08:26:48.044+0000] {spark_submit.py:634} INFO - mainClass               null
[2025-04-25T08:26:48.044+0000] {spark_submit.py:634} INFO - primaryResource         file:/opt/***/include/scripts/read.py
[2025-04-25T08:26:48.045+0000] {spark_submit.py:634} INFO - name                    arrow-spark
[2025-04-25T08:26:48.045+0000] {spark_submit.py:634} INFO - childArgs               []
[2025-04-25T08:26:48.046+0000] {spark_submit.py:634} INFO - jars                    null
[2025-04-25T08:26:48.046+0000] {spark_submit.py:634} INFO - packages                null
[2025-04-25T08:26:48.046+0000] {spark_submit.py:634} INFO - packagesExclusions      null
[2025-04-25T08:26:48.047+0000] {spark_submit.py:634} INFO - repositories            null
[2025-04-25T08:26:48.047+0000] {spark_submit.py:634} INFO - verbose                 true
[2025-04-25T08:26:48.047+0000] {spark_submit.py:634} INFO - 
[2025-04-25T08:26:48.048+0000] {spark_submit.py:634} INFO - Spark properties used, including those specified through
[2025-04-25T08:26:48.048+0000] {spark_submit.py:634} INFO - --conf and those from the properties file null:
[2025-04-25T08:26:48.048+0000] {spark_submit.py:634} INFO - 
[2025-04-25T08:26:48.049+0000] {spark_submit.py:634} INFO - 
[2025-04-25T08:26:48.049+0000] {spark_submit.py:634} INFO - 
[2025-04-25T08:26:48.309+0000] {spark_submit.py:634} INFO - Main class:
[2025-04-25T08:26:48.311+0000] {spark_submit.py:634} INFO - org.apache.spark.deploy.PythonRunner
[2025-04-25T08:26:48.312+0000] {spark_submit.py:634} INFO - Arguments:
[2025-04-25T08:26:48.312+0000] {spark_submit.py:634} INFO - file:/opt/***/include/scripts/read.py
[2025-04-25T08:26:48.313+0000] {spark_submit.py:634} INFO - null
[2025-04-25T08:26:48.315+0000] {spark_submit.py:634} INFO - Spark config:
[2025-04-25T08:26:48.316+0000] {spark_submit.py:634} INFO - (spark.app.name,arrow-spark)
[2025-04-25T08:26:48.317+0000] {spark_submit.py:634} INFO - (spark.app.submitTime,1745569608285)
[2025-04-25T08:26:48.317+0000] {spark_submit.py:634} INFO - (spark.kerberos.principal,***)
[2025-04-25T08:26:48.318+0000] {spark_submit.py:634} INFO - (spark.master,spark://spark-master:7077)
[2025-04-25T08:26:48.318+0000] {spark_submit.py:634} INFO - (spark.submit.deployMode,client)
[2025-04-25T08:26:48.319+0000] {spark_submit.py:634} INFO - (spark.submit.pyFiles,)
[2025-04-25T08:26:48.319+0000] {spark_submit.py:634} INFO - Classpath elements:
[2025-04-25T08:26:48.320+0000] {spark_submit.py:634} INFO - 
[2025-04-25T08:26:48.320+0000] {spark_submit.py:634} INFO - 
[2025-04-25T08:26:48.320+0000] {spark_submit.py:634} INFO - 
[2025-04-25T08:26:49.228+0000] {spark_submit.py:634} INFO - 25/04/25 08:26:49 INFO SparkContext: Running Spark version 3.5.5
[2025-04-25T08:26:49.230+0000] {spark_submit.py:634} INFO - 25/04/25 08:26:49 INFO SparkContext: OS info Linux, 5.15.167.4-microsoft-standard-WSL2, amd64
[2025-04-25T08:26:49.231+0000] {spark_submit.py:634} INFO - 25/04/25 08:26:49 INFO SparkContext: Java version 17.0.14
[2025-04-25T08:26:49.281+0000] {spark_submit.py:634} INFO - 25/04/25 08:26:49 WARN NativeCodeLoader: Unable to load native-hadoop library for your platform... using builtin-java classes where applicable
[2025-04-25T08:26:49.358+0000] {spark_submit.py:634} INFO - 25/04/25 08:26:49 INFO ResourceUtils: ==============================================================
[2025-04-25T08:26:49.359+0000] {spark_submit.py:634} INFO - 25/04/25 08:26:49 INFO ResourceUtils: No custom resources configured for spark.driver.
[2025-04-25T08:26:49.359+0000] {spark_submit.py:634} INFO - 25/04/25 08:26:49 INFO ResourceUtils: ==============================================================
[2025-04-25T08:26:49.360+0000] {spark_submit.py:634} INFO - 25/04/25 08:26:49 INFO SparkContext: Submitted application: PySpark Example
[2025-04-25T08:26:49.378+0000] {spark_submit.py:634} INFO - 25/04/25 08:26:49 INFO ResourceProfile: Default ResourceProfile created, executor resources: Map(memory -> name: memory, amount: 1024, script: , vendor: , offHeap -> name: offHeap, amount: 0, script: , vendor: ), task resources: Map(cpus -> name: cpus, amount: 1.0)
[2025-04-25T08:26:49.387+0000] {spark_submit.py:634} INFO - 25/04/25 08:26:49 INFO ResourceProfile: Limiting resource is cpu
[2025-04-25T08:26:49.388+0000] {spark_submit.py:634} INFO - 25/04/25 08:26:49 INFO ResourceProfileManager: Added ResourceProfile id: 0
[2025-04-25T08:26:49.437+0000] {spark_submit.py:634} INFO - 25/04/25 08:26:49 INFO SecurityManager: Changing view acls to: ***
[2025-04-25T08:26:49.438+0000] {spark_submit.py:634} INFO - 25/04/25 08:26:49 INFO SecurityManager: Changing modify acls to: ***
[2025-04-25T08:26:49.438+0000] {spark_submit.py:634} INFO - 25/04/25 08:26:49 INFO SecurityManager: Changing view acls groups to:
[2025-04-25T08:26:49.438+0000] {spark_submit.py:634} INFO - 25/04/25 08:26:49 INFO SecurityManager: Changing modify acls groups to:
[2025-04-25T08:26:49.439+0000] {spark_submit.py:634} INFO - 25/04/25 08:26:49 INFO SecurityManager: SecurityManager: authentication disabled; ui acls disabled; users with view permissions: ***; groups with view permissions: EMPTY; users with modify permissions: ***; groups with modify permissions: EMPTY
[2025-04-25T08:26:49.643+0000] {spark_submit.py:634} INFO - 25/04/25 08:26:49 INFO Utils: Successfully started service 'sparkDriver' on port 35849.
[2025-04-25T08:26:49.669+0000] {spark_submit.py:634} INFO - 25/04/25 08:26:49 INFO SparkEnv: Registering MapOutputTracker
[2025-04-25T08:26:49.710+0000] {spark_submit.py:634} INFO - 25/04/25 08:26:49 INFO SparkEnv: Registering BlockManagerMaster
[2025-04-25T08:26:49.725+0000] {spark_submit.py:634} INFO - 25/04/25 08:26:49 INFO BlockManagerMasterEndpoint: Using org.apache.spark.storage.DefaultTopologyMapper for getting topology information
[2025-04-25T08:26:49.726+0000] {spark_submit.py:634} INFO - 25/04/25 08:26:49 INFO BlockManagerMasterEndpoint: BlockManagerMasterEndpoint up
[2025-04-25T08:26:49.730+0000] {spark_submit.py:634} INFO - 25/04/25 08:26:49 INFO SparkEnv: Registering BlockManagerMasterHeartbeat
[2025-04-25T08:26:49.749+0000] {spark_submit.py:634} INFO - 25/04/25 08:26:49 INFO DiskBlockManager: Created local directory at /tmp/blockmgr-309ccc57-9fba-42e7-a790-19f7709741d0
[2025-04-25T08:26:49.763+0000] {spark_submit.py:634} INFO - 25/04/25 08:26:49 INFO MemoryStore: MemoryStore started with capacity 434.4 MiB
[2025-04-25T08:26:49.780+0000] {spark_submit.py:634} INFO - 25/04/25 08:26:49 INFO SparkEnv: Registering OutputCommitCoordinator
[2025-04-25T08:26:49.895+0000] {spark_submit.py:634} INFO - 25/04/25 08:26:49 INFO JettyUtils: Start Jetty 0.0.0.0:4040 for SparkUI
[2025-04-25T08:26:49.952+0000] {spark_submit.py:634} INFO - 25/04/25 08:26:49 INFO Utils: Successfully started service 'SparkUI' on port 4040.
[2025-04-25T08:26:50.045+0000] {spark_submit.py:634} INFO - 25/04/25 08:26:50 INFO StandaloneAppClient$ClientEndpoint: Connecting to master spark://spark-master:7077...
[2025-04-25T08:26:50.078+0000] {spark_submit.py:634} INFO - 25/04/25 08:26:50 INFO TransportClientFactory: Successfully created connection to spark-master/172.18.0.4:7077 after 17 ms (0 ms spent in bootstraps)
[2025-04-25T08:26:50.166+0000] {spark_submit.py:634} INFO - 25/04/25 08:26:50 INFO StandaloneSchedulerBackend: Connected to Spark cluster with app ID app-20250425082650-0003
[2025-04-25T08:26:50.170+0000] {spark_submit.py:634} INFO - 25/04/25 08:26:50 INFO StandaloneAppClient$ClientEndpoint: Executor added: app-20250425082650-0003/0 on worker-20250425073233-172.18.0.5-41935 (172.18.0.5:41935) with 2 core(s)
[2025-04-25T08:26:50.174+0000] {spark_submit.py:634} INFO - 25/04/25 08:26:50 INFO StandaloneSchedulerBackend: Granted executor ID app-20250425082650-0003/0 on hostPort 172.18.0.5:41935 with 2 core(s), 1024.0 MiB RAM
[2025-04-25T08:26:50.176+0000] {spark_submit.py:634} INFO - 25/04/25 08:26:50 INFO Utils: Successfully started service 'org.apache.spark.network.netty.NettyBlockTransferService' on port 38413.
[2025-04-25T08:26:50.177+0000] {spark_submit.py:634} INFO - 25/04/25 08:26:50 INFO NettyBlockTransferService: Server created on faa67a8aa4f8:38413
[2025-04-25T08:26:50.179+0000] {spark_submit.py:634} INFO - 25/04/25 08:26:50 INFO BlockManager: Using org.apache.spark.storage.RandomBlockReplicationPolicy for block replication policy
[2025-04-25T08:26:50.187+0000] {spark_submit.py:634} INFO - 25/04/25 08:26:50 INFO BlockManagerMaster: Registering BlockManager BlockManagerId(driver, faa67a8aa4f8, 38413, None)
[2025-04-25T08:26:50.192+0000] {spark_submit.py:634} INFO - 25/04/25 08:26:50 INFO BlockManagerMasterEndpoint: Registering block manager faa67a8aa4f8:38413 with 434.4 MiB RAM, BlockManagerId(driver, faa67a8aa4f8, 38413, None)
[2025-04-25T08:26:50.196+0000] {spark_submit.py:634} INFO - 25/04/25 08:26:50 INFO BlockManagerMaster: Registered BlockManager BlockManagerId(driver, faa67a8aa4f8, 38413, None)
[2025-04-25T08:26:50.199+0000] {spark_submit.py:634} INFO - 25/04/25 08:26:50 INFO BlockManager: Initialized BlockManager: BlockManagerId(driver, faa67a8aa4f8, 38413, None)
[2025-04-25T08:26:50.241+0000] {spark_submit.py:634} INFO - 25/04/25 08:26:50 INFO StandaloneAppClient$ClientEndpoint: Executor updated: app-20250425082650-0003/0 is now RUNNING
[2025-04-25T08:26:50.685+0000] {spark_submit.py:634} INFO - 25/04/25 08:26:50 INFO StandaloneSchedulerBackend: SchedulerBackend is ready for scheduling beginning after reached minRegisteredResourcesRatio: 0.0
[2025-04-25T08:26:51.057+0000] {spark_submit.py:634} INFO - 25/04/25 08:26:51 INFO SharedState: Setting hive.metastore.warehouse.dir ('null') to the value of spark.sql.warehouse.dir.
[2025-04-25T08:26:51.071+0000] {spark_submit.py:634} INFO - 25/04/25 08:26:51 INFO SharedState: Warehouse path is 'file:/opt/***/spark-warehouse'.
[2025-04-25T08:26:52.424+0000] {spark_submit.py:634} INFO - Traceback (most recent call last):
[2025-04-25T08:26:52.425+0000] {spark_submit.py:634} INFO - File "/opt/***/include/scripts/read.py", line 17, in <module>
[2025-04-25T08:26:52.427+0000] {spark_submit.py:634} INFO - main()
[2025-04-25T08:26:52.428+0000] {spark_submit.py:634} INFO - File "/opt/***/include/scripts/read.py", line 11, in main
[2025-04-25T08:26:52.430+0000] {spark_submit.py:634} INFO - df = spark.read.csv(p, header="true") # /usr/local/***/include/data.csv that path must exist in your Spark containers
[2025-04-25T08:26:52.430+0000] {spark_submit.py:634} INFO - File "/home/***/.local/lib/python3.9/site-packages/pyspark/python/lib/pyspark.zip/pyspark/sql/readwriter.py", line 740, in csv
[2025-04-25T08:26:52.431+0000] {spark_submit.py:634} INFO - File "/home/***/.local/lib/python3.9/site-packages/pyspark/python/lib/py4j-0.10.9.7-src.zip/py4j/java_gateway.py", line 1322, in __call__
[2025-04-25T08:26:52.431+0000] {spark_submit.py:634} INFO - File "/home/***/.local/lib/python3.9/site-packages/pyspark/python/lib/pyspark.zip/pyspark/errors/exceptions/captured.py", line 185, in deco
[2025-04-25T08:26:52.440+0000] {spark_submit.py:634} INFO - pyspark.errors.exceptions.captured.AnalysisException: [PATH_NOT_FOUND] Path does not exist: file:/***/include/data.csv.
[2025-04-25T08:26:52.522+0000] {spark_submit.py:634} INFO - 25/04/25 08:26:52 INFO SparkContext: Invoking stop() from shutdown hook
[2025-04-25T08:26:52.523+0000] {spark_submit.py:634} INFO - 25/04/25 08:26:52 INFO SparkContext: SparkContext is stopping with exitCode 0.
[2025-04-25T08:26:52.535+0000] {spark_submit.py:634} INFO - 25/04/25 08:26:52 INFO SparkUI: Stopped Spark web UI at http://faa67a8aa4f8:4040
[2025-04-25T08:26:52.539+0000] {spark_submit.py:634} INFO - 25/04/25 08:26:52 INFO StandaloneSchedulerBackend: Shutting down all executors
[2025-04-25T08:26:52.543+0000] {spark_submit.py:634} INFO - 25/04/25 08:26:52 INFO StandaloneSchedulerBackend$StandaloneDriverEndpoint: Asking each executor to shut down
[2025-04-25T08:26:52.559+0000] {spark_submit.py:634} INFO - 25/04/25 08:26:52 INFO MapOutputTrackerMasterEndpoint: MapOutputTrackerMasterEndpoint stopped!
[2025-04-25T08:26:52.572+0000] {spark_submit.py:634} INFO - 25/04/25 08:26:52 INFO MemoryStore: MemoryStore cleared
[2025-04-25T08:26:52.573+0000] {spark_submit.py:634} INFO - 25/04/25 08:26:52 INFO BlockManager: BlockManager stopped
[2025-04-25T08:26:52.578+0000] {spark_submit.py:634} INFO - 25/04/25 08:26:52 INFO BlockManagerMaster: BlockManagerMaster stopped
[2025-04-25T08:26:52.580+0000] {spark_submit.py:634} INFO - 25/04/25 08:26:52 INFO OutputCommitCoordinator$OutputCommitCoordinatorEndpoint: OutputCommitCoordinator stopped!
[2025-04-25T08:26:52.593+0000] {spark_submit.py:634} INFO - 25/04/25 08:26:52 INFO SparkContext: Successfully stopped SparkContext
[2025-04-25T08:26:52.593+0000] {spark_submit.py:634} INFO - 25/04/25 08:26:52 INFO ShutdownHookManager: Shutdown hook called
[2025-04-25T08:26:52.594+0000] {spark_submit.py:634} INFO - 25/04/25 08:26:52 INFO ShutdownHookManager: Deleting directory /tmp/spark-261ff7e3-f137-492a-ae7e-7c7ed6fc3e0d/pyspark-60a01a32-eb08-498e-a27e-307204022160
[2025-04-25T08:26:52.599+0000] {spark_submit.py:634} INFO - 25/04/25 08:26:52 INFO ShutdownHookManager: Deleting directory /tmp/spark-36730619-cc82-4ae8-8dde-128740bfefae
[2025-04-25T08:26:52.605+0000] {spark_submit.py:634} INFO - 25/04/25 08:26:52 INFO ShutdownHookManager: Deleting directory /tmp/spark-261ff7e3-f137-492a-ae7e-7c7ed6fc3e0d
[2025-04-25T08:26:52.655+0000] {taskinstance.py:2698} ERROR - Task failed with exception
Traceback (most recent call last):
  File "/home/airflow/.local/lib/python3.9/site-packages/airflow/models/taskinstance.py", line 433, in _execute_task
    result = execute_callable(context=context, **execute_callable_kwargs)
  File "/home/airflow/.local/lib/python3.9/site-packages/airflow/providers/apache/spark/operators/spark_submit.py", line 176, in execute
    self._hook.submit(self.application)
  File "/home/airflow/.local/lib/python3.9/site-packages/airflow/providers/apache/spark/hooks/spark_submit.py", line 560, in submit
    raise AirflowException(
airflow.exceptions.AirflowException: Cannot execute: spark-submit --master spark://spark-master:7077 --principal *** --name arrow-spark --verbose --deploy-mode client ./include/scripts/read.py. Error code is: 1.
[2025-04-25T08:26:52.659+0000] {taskinstance.py:1138} INFO - Marking task as FAILED. dag_id=my_dag, task_id=read_Data, execution_date=20250425T082644, start_date=20250425T082646, end_date=20250425T082652
[2025-04-25T08:26:52.674+0000] {standard_task_runner.py:107} ERROR - Failed to execute job 8 for task read_Data (Cannot execute: spark-submit --master spark://spark-master:7077 --principal *** --name arrow-spark --verbose --deploy-mode client ./include/scripts/read.py. Error code is: 1.; 1771)
[2025-04-25T08:26:52.700+0000] {local_task_job_runner.py:234} INFO - Task exited with return code 1
[2025-04-25T08:26:52.715+0000] {taskinstance.py:3280} INFO - 0 downstream tasks scheduled from follow-on schedule check
