[2025-04-25T06:41:43.333+0000] {taskinstance.py:1956} INFO - Dependencies all met for dep_context=non-requeueable deps ti=<TaskInstance: my_dag.read_Data manual__2025-04-25T06:41:40.987358+00:00 [queued]>
[2025-04-25T06:41:43.342+0000] {taskinstance.py:1956} INFO - Dependencies all met for dep_context=requeueable deps ti=<TaskInstance: my_dag.read_Data manual__2025-04-25T06:41:40.987358+00:00 [queued]>
[2025-04-25T06:41:43.342+0000] {taskinstance.py:2170} INFO - Starting attempt 1 of 1
[2025-04-25T06:41:43.356+0000] {taskinstance.py:2191} INFO - Executing <Task(SparkSubmitOperator): read_Data> on 2025-04-25 06:41:40.987358+00:00
[2025-04-25T06:41:43.364+0000] {standard_task_runner.py:60} INFO - Started process 167 to run task
[2025-04-25T06:41:43.367+0000] {standard_task_runner.py:87} INFO - Running: ['***', 'tasks', 'run', 'my_dag', 'read_Data', 'manual__2025-04-25T06:41:40.987358+00:00', '--job-id', '9', '--raw', '--subdir', 'DAGS_FOLDER/mydag.py', '--cfg-path', '/tmp/tmpylud9uhr']
[2025-04-25T06:41:43.370+0000] {standard_task_runner.py:88} INFO - Job 9: Subtask read_Data
[2025-04-25T06:41:43.418+0000] {task_command.py:423} INFO - Running <TaskInstance: my_dag.read_Data manual__2025-04-25T06:41:40.987358+00:00 [running]> on host 54912c5939d4
[2025-04-25T06:41:43.490+0000] {taskinstance.py:2480} INFO - Exporting env vars: AIRFLOW_CTX_DAG_OWNER='***' AIRFLOW_CTX_DAG_ID='my_dag' AIRFLOW_CTX_TASK_ID='read_Data' AIRFLOW_CTX_EXECUTION_DATE='2025-04-25T06:41:40.987358+00:00' AIRFLOW_CTX_TRY_NUMBER='1' AIRFLOW_CTX_DAG_RUN_ID='manual__2025-04-25T06:41:40.987358+00:00'
[2025-04-25T06:41:43.500+0000] {base.py:83} INFO - Using connection ID 'my_spark_conn' for task execution.
[2025-04-25T06:41:43.502+0000] {spark_submit.py:327} ERROR - Failed to decode base64 keytab: Incorrect padding
[2025-04-25T06:41:43.503+0000] {spark_submit.py:304} INFO - Could not load connection string my_spark_conn, defaulting to spark://spark-master:7077
[2025-04-25T06:41:43.504+0000] {spark_submit.py:473} INFO - Spark-Submit cmd: spark-submit --master spark://spark-master:7077 --principal *** --name arrow-spark --verbose --deploy-mode client ./include/scripts/read.py
[2025-04-25T06:41:44.761+0000] {spark_submit.py:634} INFO - Using properties file: null
[2025-04-25T06:41:44.883+0000] {spark_submit.py:634} INFO - Parsed arguments:
[2025-04-25T06:41:44.884+0000] {spark_submit.py:634} INFO - master                  spark://spark-master:7077
[2025-04-25T06:41:44.885+0000] {spark_submit.py:634} INFO - remote                  null
[2025-04-25T06:41:44.885+0000] {spark_submit.py:634} INFO - deployMode              client
[2025-04-25T06:41:44.886+0000] {spark_submit.py:634} INFO - executorMemory          null
[2025-04-25T06:41:44.886+0000] {spark_submit.py:634} INFO - executorCores           null
[2025-04-25T06:41:44.887+0000] {spark_submit.py:634} INFO - totalExecutorCores      null
[2025-04-25T06:41:44.887+0000] {spark_submit.py:634} INFO - propertiesFile          null
[2025-04-25T06:41:44.887+0000] {spark_submit.py:634} INFO - driverMemory            null
[2025-04-25T06:41:44.887+0000] {spark_submit.py:634} INFO - driverCores             null
[2025-04-25T06:41:44.888+0000] {spark_submit.py:634} INFO - driverExtraClassPath    null
[2025-04-25T06:41:44.888+0000] {spark_submit.py:634} INFO - driverExtraLibraryPath  null
[2025-04-25T06:41:44.888+0000] {spark_submit.py:634} INFO - driverExtraJavaOptions  null
[2025-04-25T06:41:44.889+0000] {spark_submit.py:634} INFO - supervise               false
[2025-04-25T06:41:44.889+0000] {spark_submit.py:634} INFO - queue                   null
[2025-04-25T06:41:44.889+0000] {spark_submit.py:634} INFO - numExecutors            null
[2025-04-25T06:41:44.889+0000] {spark_submit.py:634} INFO - files                   null
[2025-04-25T06:41:44.890+0000] {spark_submit.py:634} INFO - pyFiles                 null
[2025-04-25T06:41:44.890+0000] {spark_submit.py:634} INFO - archives                null
[2025-04-25T06:41:44.891+0000] {spark_submit.py:634} INFO - mainClass               null
[2025-04-25T06:41:44.891+0000] {spark_submit.py:634} INFO - primaryResource         file:/opt/***/include/scripts/read.py
[2025-04-25T06:41:44.892+0000] {spark_submit.py:634} INFO - name                    arrow-spark
[2025-04-25T06:41:44.892+0000] {spark_submit.py:634} INFO - childArgs               []
[2025-04-25T06:41:44.892+0000] {spark_submit.py:634} INFO - jars                    null
[2025-04-25T06:41:44.892+0000] {spark_submit.py:634} INFO - packages                null
[2025-04-25T06:41:44.893+0000] {spark_submit.py:634} INFO - packagesExclusions      null
[2025-04-25T06:41:44.893+0000] {spark_submit.py:634} INFO - repositories            null
[2025-04-25T06:41:44.894+0000] {spark_submit.py:634} INFO - verbose                 true
[2025-04-25T06:41:44.894+0000] {spark_submit.py:634} INFO - 
[2025-04-25T06:41:44.894+0000] {spark_submit.py:634} INFO - Spark properties used, including those specified through
[2025-04-25T06:41:44.895+0000] {spark_submit.py:634} INFO - --conf and those from the properties file null:
[2025-04-25T06:41:44.895+0000] {spark_submit.py:634} INFO - 
[2025-04-25T06:41:44.896+0000] {spark_submit.py:634} INFO - 
[2025-04-25T06:41:44.896+0000] {spark_submit.py:634} INFO - 
[2025-04-25T06:41:45.105+0000] {spark_submit.py:634} INFO - Main class:
[2025-04-25T06:41:45.106+0000] {spark_submit.py:634} INFO - org.apache.spark.deploy.PythonRunner
[2025-04-25T06:41:45.106+0000] {spark_submit.py:634} INFO - Arguments:
[2025-04-25T06:41:45.107+0000] {spark_submit.py:634} INFO - file:/opt/***/include/scripts/read.py
[2025-04-25T06:41:45.107+0000] {spark_submit.py:634} INFO - null
[2025-04-25T06:41:45.108+0000] {spark_submit.py:634} INFO - Spark config:
[2025-04-25T06:41:45.109+0000] {spark_submit.py:634} INFO - (spark.app.name,arrow-spark)
[2025-04-25T06:41:45.109+0000] {spark_submit.py:634} INFO - (spark.app.submitTime,1745563305089)
[2025-04-25T06:41:45.110+0000] {spark_submit.py:634} INFO - (spark.kerberos.principal,***)
[2025-04-25T06:41:45.110+0000] {spark_submit.py:634} INFO - (spark.master,spark://spark-master:7077)
[2025-04-25T06:41:45.110+0000] {spark_submit.py:634} INFO - (spark.submit.deployMode,client)
[2025-04-25T06:41:45.111+0000] {spark_submit.py:634} INFO - (spark.submit.pyFiles,)
[2025-04-25T06:41:45.111+0000] {spark_submit.py:634} INFO - Classpath elements:
[2025-04-25T06:41:45.111+0000] {spark_submit.py:634} INFO - 
[2025-04-25T06:41:45.112+0000] {spark_submit.py:634} INFO - 
[2025-04-25T06:41:45.112+0000] {spark_submit.py:634} INFO - 
[2025-04-25T06:41:45.207+0000] {spark_submit.py:634} INFO - python3: can't open file '/opt/***/include/scripts/read.py': [Errno 2] No such file or directory
[2025-04-25T06:41:45.219+0000] {spark_submit.py:634} INFO - 25/04/25 06:41:45 INFO ShutdownHookManager: Shutdown hook called
[2025-04-25T06:41:45.221+0000] {spark_submit.py:634} INFO - 25/04/25 06:41:45 INFO ShutdownHookManager: Deleting directory /tmp/spark-e6770cce-e793-4700-8ff1-b30e8df7892a
[2025-04-25T06:41:45.262+0000] {taskinstance.py:2698} ERROR - Task failed with exception
Traceback (most recent call last):
  File "/home/airflow/.local/lib/python3.9/site-packages/airflow/models/taskinstance.py", line 433, in _execute_task
    result = execute_callable(context=context, **execute_callable_kwargs)
  File "/home/airflow/.local/lib/python3.9/site-packages/airflow/providers/apache/spark/operators/spark_submit.py", line 176, in execute
    self._hook.submit(self.application)
  File "/home/airflow/.local/lib/python3.9/site-packages/airflow/providers/apache/spark/hooks/spark_submit.py", line 560, in submit
    raise AirflowException(
airflow.exceptions.AirflowException: Cannot execute: spark-submit --master spark://spark-master:7077 --principal *** --name arrow-spark --verbose --deploy-mode client ./include/scripts/read.py. Error code is: 2.
[2025-04-25T06:41:45.265+0000] {taskinstance.py:1138} INFO - Marking task as FAILED. dag_id=my_dag, task_id=read_Data, execution_date=20250425T064140, start_date=20250425T064143, end_date=20250425T064145
[2025-04-25T06:41:45.278+0000] {standard_task_runner.py:107} ERROR - Failed to execute job 9 for task read_Data (Cannot execute: spark-submit --master spark://spark-master:7077 --principal *** --name arrow-spark --verbose --deploy-mode client ./include/scripts/read.py. Error code is: 2.; 167)
[2025-04-25T06:41:45.306+0000] {local_task_job_runner.py:234} INFO - Task exited with return code 1
[2025-04-25T06:41:45.322+0000] {taskinstance.py:3280} INFO - 0 downstream tasks scheduled from follow-on schedule check
